The system is: Linux - 3.10.0-693.21.1.el7.x86_64 - x86_64
Compiling the C compiler identification source file "CMakeCCompilerId.c" succeeded.
Compiler: /usr/bin/cc 
Build flags: -fPIC
Id flags:  

The output was:
0


Compilation of the C compiler identification source "CMakeCCompilerId.c" produced "a.out"

The C compiler identification is GNU, found in "/blues/gpfs/home/tshu/project/bebop/MPI_in_MPI/bebop-psm2/korvo-build/build_area/atl/linux/CMakeFiles/3.9.4/CompilerIdC/a.out"

Determining if the C compiler works passed with the following output:
Change Dir: /blues/gpfs/home/tshu/project/bebop/MPI_in_MPI/bebop-psm2/korvo-build/build_area/atl/linux/CMakeFiles/CMakeTmp

Run Build Command:"/usr/bin/gmake" "cmTC_57654/fast"
/usr/bin/gmake -f CMakeFiles/cmTC_57654.dir/build.make CMakeFiles/cmTC_57654.dir/build
gmake[1]: Entering directory `/blues/gpfs/home/tshu/project/bebop/MPI_in_MPI/bebop-psm2/korvo-build/build_area/atl/linux/CMakeFiles/CMakeTmp'
Building C object CMakeFiles/cmTC_57654.dir/testCCompiler.c.o
/usr/bin/cc   -fPIC    -o CMakeFiles/cmTC_57654.dir/testCCompiler.c.o   -c /blues/gpfs/home/tshu/project/bebop/MPI_in_MPI/bebop-psm2/korvo-build/build_area/atl/linux/CMakeFiles/CMakeTmp/testCCompiler.c
Linking C executable cmTC_57654
/blues/gpfs/home/software/spack-0.10.1/opt/spack/linux-centos7-x86_64/intel-17.0.4/cmake-3.9.4-3tixtqtbd65zi6w4277fjte3z4vjpv4t/bin/cmake -E cmake_link_script CMakeFiles/cmTC_57654.dir/link.txt --verbose=1
/usr/bin/cc -fPIC     -rdynamic CMakeFiles/cmTC_57654.dir/testCCompiler.c.o  -o cmTC_57654 
gmake[1]: Leaving directory `/blues/gpfs/home/tshu/project/bebop/MPI_in_MPI/bebop-psm2/korvo-build/build_area/atl/linux/CMakeFiles/CMakeTmp'


Detecting C compiler ABI info compiled with the following output:
Change Dir: /blues/gpfs/home/tshu/project/bebop/MPI_in_MPI/bebop-psm2/korvo-build/build_area/atl/linux/CMakeFiles/CMakeTmp

Run Build Command:"/usr/bin/gmake" "cmTC_e4fb8/fast"
/usr/bin/gmake -f CMakeFiles/cmTC_e4fb8.dir/build.make CMakeFiles/cmTC_e4fb8.dir/build
gmake[1]: Entering directory `/blues/gpfs/home/tshu/project/bebop/MPI_in_MPI/bebop-psm2/korvo-build/build_area/atl/linux/CMakeFiles/CMakeTmp'
Building C object CMakeFiles/cmTC_e4fb8.dir/CMakeCCompilerABI.c.o
/usr/bin/cc   -fPIC    -o CMakeFiles/cmTC_e4fb8.dir/CMakeCCompilerABI.c.o   -c /blues/gpfs/home/software/spack-0.10.1/opt/spack/linux-centos7-x86_64/intel-17.0.4/cmake-3.9.4-3tixtqtbd65zi6w4277fjte3z4vjpv4t/share/cmake-3.9/Modules/CMakeCCompilerABI.c
Linking C executable cmTC_e4fb8
/blues/gpfs/home/software/spack-0.10.1/opt/spack/linux-centos7-x86_64/intel-17.0.4/cmake-3.9.4-3tixtqtbd65zi6w4277fjte3z4vjpv4t/bin/cmake -E cmake_link_script CMakeFiles/cmTC_e4fb8.dir/link.txt --verbose=1
/usr/bin/cc -fPIC    -v -rdynamic CMakeFiles/cmTC_e4fb8.dir/CMakeCCompilerABI.c.o  -o cmTC_e4fb8 
Using built-in specs.
COLLECT_GCC=/usr/bin/cc
COLLECT_LTO_WRAPPER=/usr/libexec/gcc/x86_64-redhat-linux/4.8.5/lto-wrapper
Target: x86_64-redhat-linux
Configured with: ../configure --prefix=/usr --mandir=/usr/share/man --infodir=/usr/share/info --with-bugurl=http://bugzilla.redhat.com/bugzilla --enable-bootstrap --enable-shared --enable-threads=posix --enable-checking=release --with-system-zlib --enable-__cxa_atexit --disable-libunwind-exceptions --enable-gnu-unique-object --enable-linker-build-id --with-linker-hash-style=gnu --enable-languages=c,c++,objc,obj-c++,java,fortran,ada,go,lto --enable-plugin --enable-initfini-array --disable-libgcj --with-isl=/builddir/build/BUILD/gcc-4.8.5-20150702/obj-x86_64-redhat-linux/isl-install --with-cloog=/builddir/build/BUILD/gcc-4.8.5-20150702/obj-x86_64-redhat-linux/cloog-install --enable-gnu-indirect-function --with-tune=generic --with-arch_32=x86-64 --build=x86_64-redhat-linux
Thread model: posix
gcc version 4.8.5 20150623 (Red Hat 4.8.5-16) (GCC) 
COMPILER_PATH=/usr/libexec/gcc/x86_64-redhat-linux/4.8.5/:/usr/libexec/gcc/x86_64-redhat-linux/4.8.5/:/usr/libexec/gcc/x86_64-redhat-linux/:/usr/lib/gcc/x86_64-redhat-linux/4.8.5/:/usr/lib/gcc/x86_64-redhat-linux/
LIBRARY_PATH=/blues/gpfs/home/software/spack-0.10.1/opt/spack/linux-centos7-x86_64/gcc-4.8.5/gcc-7.1.0-4bgguypumyezlt6vfhha3ukntrlrx7fq/lib64/../lib64/:/blues/gpfs/home/software/spack-0.10.1/opt/spack/linux-centos7-x86_64/gcc-4.8.5/gcc-7.1.0-4bgguypumyezlt6vfhha3ukntrlrx7fq/lib/../lib64/:/usr/lib/gcc/x86_64-redhat-linux/4.8.5/:/usr/lib/gcc/x86_64-redhat-linux/4.8.5/../../../../lib64/:/lib/../lib64/:/usr/lib/../lib64/:/blues/gpfs/home/software/spack-0.10.1/opt/spack/linux-centos7-x86_64/gcc-4.8.5/gcc-7.1.0-4bgguypumyezlt6vfhha3ukntrlrx7fq/lib64/:/blues/gpfs/home/software/spack-0.10.1/opt/spack/linux-centos7-x86_64/gcc-4.8.5/gcc-7.1.0-4bgguypumyezlt6vfhha3ukntrlrx7fq/lib/:/blues/gpfs/home/software/spack-0.10.1/opt/spack/linux-centos7-x86_64/gcc-4.8.5/intel-17.0.4-74uvhjiulyqgvsmywifbbuo46v5n42xc/tbb/lib/intel64/gcc4.4/:/blues/gpfs/home/software/spack-0.10.1/opt/spack/linux-centos7-x86_64/gcc-4.8.5/intel-17.0.4-74uvhjiulyqgvsmywifbbuo46v5n42xc/lib/intel64/:/usr/lib/gcc/x86_64-redhat-linux/4.8.5/../../../:/lib/:/usr/lib/
COLLECT_GCC_OPTIONS='-fPIC' '-v' '-rdynamic' '-o' 'cmTC_e4fb8' '-mtune=generic' '-march=x86-64'
 /usr/libexec/gcc/x86_64-redhat-linux/4.8.5/collect2 --build-id --no-add-needed --eh-frame-hdr --hash-style=gnu -m elf_x86_64 -export-dynamic -dynamic-linker /lib64/ld-linux-x86-64.so.2 -o cmTC_e4fb8 /usr/lib/gcc/x86_64-redhat-linux/4.8.5/../../../../lib64/crt1.o /usr/lib/gcc/x86_64-redhat-linux/4.8.5/../../../../lib64/crti.o /usr/lib/gcc/x86_64-redhat-linux/4.8.5/crtbegin.o -L/blues/gpfs/home/software/spack-0.10.1/opt/spack/linux-centos7-x86_64/gcc-4.8.5/gcc-7.1.0-4bgguypumyezlt6vfhha3ukntrlrx7fq/lib64/../lib64 -L/blues/gpfs/home/software/spack-0.10.1/opt/spack/linux-centos7-x86_64/gcc-4.8.5/gcc-7.1.0-4bgguypumyezlt6vfhha3ukntrlrx7fq/lib/../lib64 -L/usr/lib/gcc/x86_64-redhat-linux/4.8.5 -L/usr/lib/gcc/x86_64-redhat-linux/4.8.5/../../../../lib64 -L/lib/../lib64 -L/usr/lib/../lib64 -L/blues/gpfs/home/software/spack-0.10.1/opt/spack/linux-centos7-x86_64/gcc-4.8.5/gcc-7.1.0-4bgguypumyezlt6vfhha3ukntrlrx7fq/lib64 -L/blues/gpfs/home/software/spack-0.10.1/opt/spack/linux-centos7-x86_64/gcc-4.8.5/gcc-7.1.0-4bgguypumyezlt6vfhha3ukntrlrx7fq/lib -L/blues/gpfs/home/software/spack-0.10.1/opt/spack/linux-centos7-x86_64/gcc-4.8.5/intel-17.0.4-74uvhjiulyqgvsmywifbbuo46v5n42xc/tbb/lib/intel64/gcc4.4 -L/blues/gpfs/home/software/spack-0.10.1/opt/spack/linux-centos7-x86_64/gcc-4.8.5/intel-17.0.4-74uvhjiulyqgvsmywifbbuo46v5n42xc/lib/intel64 -L/usr/lib/gcc/x86_64-redhat-linux/4.8.5/../../.. CMakeFiles/cmTC_e4fb8.dir/CMakeCCompilerABI.c.o -lgcc --as-needed -lgcc_s --no-as-needed -lc -lgcc --as-needed -lgcc_s --no-as-needed /usr/lib/gcc/x86_64-redhat-linux/4.8.5/crtend.o /usr/lib/gcc/x86_64-redhat-linux/4.8.5/../../../../lib64/crtn.o
gmake[1]: Leaving directory `/blues/gpfs/home/tshu/project/bebop/MPI_in_MPI/bebop-psm2/korvo-build/build_area/atl/linux/CMakeFiles/CMakeTmp'


Parsed C implicit link information from above output:
  link line regex: [^( *|.*[/\])(ld|CMAKE_LINK_STARTFILE-NOTFOUND|([^/\]+-)?ld|collect2)[^/\]*( |$)]
  ignore line: [Change Dir: /blues/gpfs/home/tshu/project/bebop/MPI_in_MPI/bebop-psm2/korvo-build/build_area/atl/linux/CMakeFiles/CMakeTmp]
  ignore line: []
  ignore line: [Run Build Command:"/usr/bin/gmake" "cmTC_e4fb8/fast"]
  ignore line: [/usr/bin/gmake -f CMakeFiles/cmTC_e4fb8.dir/build.make CMakeFiles/cmTC_e4fb8.dir/build]
  ignore line: [gmake[1]: Entering directory `/blues/gpfs/home/tshu/project/bebop/MPI_in_MPI/bebop-psm2/korvo-build/build_area/atl/linux/CMakeFiles/CMakeTmp']
  ignore line: [Building C object CMakeFiles/cmTC_e4fb8.dir/CMakeCCompilerABI.c.o]
  ignore line: [/usr/bin/cc   -fPIC    -o CMakeFiles/cmTC_e4fb8.dir/CMakeCCompilerABI.c.o   -c /blues/gpfs/home/software/spack-0.10.1/opt/spack/linux-centos7-x86_64/intel-17.0.4/cmake-3.9.4-3tixtqtbd65zi6w4277fjte3z4vjpv4t/share/cmake-3.9/Modules/CMakeCCompilerABI.c]
  ignore line: [Linking C executable cmTC_e4fb8]
  ignore line: [/blues/gpfs/home/software/spack-0.10.1/opt/spack/linux-centos7-x86_64/intel-17.0.4/cmake-3.9.4-3tixtqtbd65zi6w4277fjte3z4vjpv4t/bin/cmake -E cmake_link_script CMakeFiles/cmTC_e4fb8.dir/link.txt --verbose=1]
  ignore line: [/usr/bin/cc -fPIC    -v -rdynamic CMakeFiles/cmTC_e4fb8.dir/CMakeCCompilerABI.c.o  -o cmTC_e4fb8 ]
  ignore line: [Using built-in specs.]
  ignore line: [COLLECT_GCC=/usr/bin/cc]
  ignore line: [COLLECT_LTO_WRAPPER=/usr/libexec/gcc/x86_64-redhat-linux/4.8.5/lto-wrapper]
  ignore line: [Target: x86_64-redhat-linux]
  ignore line: [Configured with: ../configure --prefix=/usr --mandir=/usr/share/man --infodir=/usr/share/info --with-bugurl=http://bugzilla.redhat.com/bugzilla --enable-bootstrap --enable-shared --enable-threads=posix --enable-checking=release --with-system-zlib --enable-__cxa_atexit --disable-libunwind-exceptions --enable-gnu-unique-object --enable-linker-build-id --with-linker-hash-style=gnu --enable-languages=c,c++,objc,obj-c++,java,fortran,ada,go,lto --enable-plugin --enable-initfini-array --disable-libgcj --with-isl=/builddir/build/BUILD/gcc-4.8.5-20150702/obj-x86_64-redhat-linux/isl-install --with-cloog=/builddir/build/BUILD/gcc-4.8.5-20150702/obj-x86_64-redhat-linux/cloog-install --enable-gnu-indirect-function --with-tune=generic --with-arch_32=x86-64 --build=x86_64-redhat-linux]
  ignore line: [Thread model: posix]
  ignore line: [gcc version 4.8.5 20150623 (Red Hat 4.8.5-16) (GCC) ]
  ignore line: [COMPILER_PATH=/usr/libexec/gcc/x86_64-redhat-linux/4.8.5/:/usr/libexec/gcc/x86_64-redhat-linux/4.8.5/:/usr/libexec/gcc/x86_64-redhat-linux/:/usr/lib/gcc/x86_64-redhat-linux/4.8.5/:/usr/lib/gcc/x86_64-redhat-linux/]
  ignore line: [LIBRARY_PATH=/blues/gpfs/home/software/spack-0.10.1/opt/spack/linux-centos7-x86_64/gcc-4.8.5/gcc-7.1.0-4bgguypumyezlt6vfhha3ukntrlrx7fq/lib64/../lib64/:/blues/gpfs/home/software/spack-0.10.1/opt/spack/linux-centos7-x86_64/gcc-4.8.5/gcc-7.1.0-4bgguypumyezlt6vfhha3ukntrlrx7fq/lib/../lib64/:/usr/lib/gcc/x86_64-redhat-linux/4.8.5/:/usr/lib/gcc/x86_64-redhat-linux/4.8.5/../../../../lib64/:/lib/../lib64/:/usr/lib/../lib64/:/blues/gpfs/home/software/spack-0.10.1/opt/spack/linux-centos7-x86_64/gcc-4.8.5/gcc-7.1.0-4bgguypumyezlt6vfhha3ukntrlrx7fq/lib64/:/blues/gpfs/home/software/spack-0.10.1/opt/spack/linux-centos7-x86_64/gcc-4.8.5/gcc-7.1.0-4bgguypumyezlt6vfhha3ukntrlrx7fq/lib/:/blues/gpfs/home/software/spack-0.10.1/opt/spack/linux-centos7-x86_64/gcc-4.8.5/intel-17.0.4-74uvhjiulyqgvsmywifbbuo46v5n42xc/tbb/lib/intel64/gcc4.4/:/blues/gpfs/home/software/spack-0.10.1/opt/spack/linux-centos7-x86_64/gcc-4.8.5/intel-17.0.4-74uvhjiulyqgvsmywifbbuo46v5n42xc/lib/intel64/:/usr/lib/gcc/x86_64-redhat-linux/4.8.5/../../../:/lib/:/usr/lib/]
  ignore line: [COLLECT_GCC_OPTIONS='-fPIC' '-v' '-rdynamic' '-o' 'cmTC_e4fb8' '-mtune=generic' '-march=x86-64']
  link line: [ /usr/libexec/gcc/x86_64-redhat-linux/4.8.5/collect2 --build-id --no-add-needed --eh-frame-hdr --hash-style=gnu -m elf_x86_64 -export-dynamic -dynamic-linker /lib64/ld-linux-x86-64.so.2 -o cmTC_e4fb8 /usr/lib/gcc/x86_64-redhat-linux/4.8.5/../../../../lib64/crt1.o /usr/lib/gcc/x86_64-redhat-linux/4.8.5/../../../../lib64/crti.o /usr/lib/gcc/x86_64-redhat-linux/4.8.5/crtbegin.o -L/blues/gpfs/home/software/spack-0.10.1/opt/spack/linux-centos7-x86_64/gcc-4.8.5/gcc-7.1.0-4bgguypumyezlt6vfhha3ukntrlrx7fq/lib64/../lib64 -L/blues/gpfs/home/software/spack-0.10.1/opt/spack/linux-centos7-x86_64/gcc-4.8.5/gcc-7.1.0-4bgguypumyezlt6vfhha3ukntrlrx7fq/lib/../lib64 -L/usr/lib/gcc/x86_64-redhat-linux/4.8.5 -L/usr/lib/gcc/x86_64-redhat-linux/4.8.5/../../../../lib64 -L/lib/../lib64 -L/usr/lib/../lib64 -L/blues/gpfs/home/software/spack-0.10.1/opt/spack/linux-centos7-x86_64/gcc-4.8.5/gcc-7.1.0-4bgguypumyezlt6vfhha3ukntrlrx7fq/lib64 -L/blues/gpfs/home/software/spack-0.10.1/opt/spack/linux-centos7-x86_64/gcc-4.8.5/gcc-7.1.0-4bgguypumyezlt6vfhha3ukntrlrx7fq/lib -L/blues/gpfs/home/software/spack-0.10.1/opt/spack/linux-centos7-x86_64/gcc-4.8.5/intel-17.0.4-74uvhjiulyqgvsmywifbbuo46v5n42xc/tbb/lib/intel64/gcc4.4 -L/blues/gpfs/home/software/spack-0.10.1/opt/spack/linux-centos7-x86_64/gcc-4.8.5/intel-17.0.4-74uvhjiulyqgvsmywifbbuo46v5n42xc/lib/intel64 -L/usr/lib/gcc/x86_64-redhat-linux/4.8.5/../../.. CMakeFiles/cmTC_e4fb8.dir/CMakeCCompilerABI.c.o -lgcc --as-needed -lgcc_s --no-as-needed -lc -lgcc --as-needed -lgcc_s --no-as-needed /usr/lib/gcc/x86_64-redhat-linux/4.8.5/crtend.o /usr/lib/gcc/x86_64-redhat-linux/4.8.5/../../../../lib64/crtn.o]
    arg [/usr/libexec/gcc/x86_64-redhat-linux/4.8.5/collect2] ==> ignore
    arg [--build-id] ==> ignore
    arg [--no-add-needed] ==> ignore
    arg [--eh-frame-hdr] ==> ignore
    arg [--hash-style=gnu] ==> ignore
    arg [-m] ==> ignore
    arg [elf_x86_64] ==> ignore
    arg [-export-dynamic] ==> ignore
    arg [-dynamic-linker] ==> ignore
    arg [/lib64/ld-linux-x86-64.so.2] ==> ignore
    arg [-o] ==> ignore
    arg [cmTC_e4fb8] ==> ignore
    arg [/usr/lib/gcc/x86_64-redhat-linux/4.8.5/../../../../lib64/crt1.o] ==> ignore
    arg [/usr/lib/gcc/x86_64-redhat-linux/4.8.5/../../../../lib64/crti.o] ==> ignore
    arg [/usr/lib/gcc/x86_64-redhat-linux/4.8.5/crtbegin.o] ==> ignore
    arg [-L/blues/gpfs/home/software/spack-0.10.1/opt/spack/linux-centos7-x86_64/gcc-4.8.5/gcc-7.1.0-4bgguypumyezlt6vfhha3ukntrlrx7fq/lib64/../lib64] ==> dir [/blues/gpfs/home/software/spack-0.10.1/opt/spack/linux-centos7-x86_64/gcc-4.8.5/gcc-7.1.0-4bgguypumyezlt6vfhha3ukntrlrx7fq/lib64/../lib64]
    arg [-L/blues/gpfs/home/software/spack-0.10.1/opt/spack/linux-centos7-x86_64/gcc-4.8.5/gcc-7.1.0-4bgguypumyezlt6vfhha3ukntrlrx7fq/lib/../lib64] ==> dir [/blues/gpfs/home/software/spack-0.10.1/opt/spack/linux-centos7-x86_64/gcc-4.8.5/gcc-7.1.0-4bgguypumyezlt6vfhha3ukntrlrx7fq/lib/../lib64]
    arg [-L/usr/lib/gcc/x86_64-redhat-linux/4.8.5] ==> dir [/usr/lib/gcc/x86_64-redhat-linux/4.8.5]
    arg [-L/usr/lib/gcc/x86_64-redhat-linux/4.8.5/../../../../lib64] ==> dir [/usr/lib/gcc/x86_64-redhat-linux/4.8.5/../../../../lib64]
    arg [-L/lib/../lib64] ==> dir [/lib/../lib64]
    arg [-L/usr/lib/../lib64] ==> dir [/usr/lib/../lib64]
    arg [-L/blues/gpfs/home/software/spack-0.10.1/opt/spack/linux-centos7-x86_64/gcc-4.8.5/gcc-7.1.0-4bgguypumyezlt6vfhha3ukntrlrx7fq/lib64] ==> dir [/blues/gpfs/home/software/spack-0.10.1/opt/spack/linux-centos7-x86_64/gcc-4.8.5/gcc-7.1.0-4bgguypumyezlt6vfhha3ukntrlrx7fq/lib64]
    arg [-L/blues/gpfs/home/software/spack-0.10.1/opt/spack/linux-centos7-x86_64/gcc-4.8.5/gcc-7.1.0-4bgguypumyezlt6vfhha3ukntrlrx7fq/lib] ==> dir [/blues/gpfs/home/software/spack-0.10.1/opt/spack/linux-centos7-x86_64/gcc-4.8.5/gcc-7.1.0-4bgguypumyezlt6vfhha3ukntrlrx7fq/lib]
    arg [-L/blues/gpfs/home/software/spack-0.10.1/opt/spack/linux-centos7-x86_64/gcc-4.8.5/intel-17.0.4-74uvhjiulyqgvsmywifbbuo46v5n42xc/tbb/lib/intel64/gcc4.4] ==> dir [/blues/gpfs/home/software/spack-0.10.1/opt/spack/linux-centos7-x86_64/gcc-4.8.5/intel-17.0.4-74uvhjiulyqgvsmywifbbuo46v5n42xc/tbb/lib/intel64/gcc4.4]
    arg [-L/blues/gpfs/home/software/spack-0.10.1/opt/spack/linux-centos7-x86_64/gcc-4.8.5/intel-17.0.4-74uvhjiulyqgvsmywifbbuo46v5n42xc/lib/intel64] ==> dir [/blues/gpfs/home/software/spack-0.10.1/opt/spack/linux-centos7-x86_64/gcc-4.8.5/intel-17.0.4-74uvhjiulyqgvsmywifbbuo46v5n42xc/lib/intel64]
    arg [-L/usr/lib/gcc/x86_64-redhat-linux/4.8.5/../../..] ==> dir [/usr/lib/gcc/x86_64-redhat-linux/4.8.5/../../..]
    arg [CMakeFiles/cmTC_e4fb8.dir/CMakeCCompilerABI.c.o] ==> ignore
    arg [-lgcc] ==> lib [gcc]
    arg [--as-needed] ==> ignore
    arg [-lgcc_s] ==> lib [gcc_s]
    arg [--no-as-needed] ==> ignore
    arg [-lc] ==> lib [c]
    arg [-lgcc] ==> lib [gcc]
    arg [--as-needed] ==> ignore
    arg [-lgcc_s] ==> lib [gcc_s]
    arg [--no-as-needed] ==> ignore
    arg [/usr/lib/gcc/x86_64-redhat-linux/4.8.5/crtend.o] ==> ignore
    arg [/usr/lib/gcc/x86_64-redhat-linux/4.8.5/../../../../lib64/crtn.o] ==> ignore
  collapse library dir [/blues/gpfs/home/software/spack-0.10.1/opt/spack/linux-centos7-x86_64/gcc-4.8.5/gcc-7.1.0-4bgguypumyezlt6vfhha3ukntrlrx7fq/lib64/../lib64] ==> [/blues/gpfs/home/software/spack-0.10.1/opt/spack/linux-centos7-x86_64/gcc-4.8.5/gcc-7.1.0-4bgguypumyezlt6vfhha3ukntrlrx7fq/lib64]
  collapse library dir [/blues/gpfs/home/software/spack-0.10.1/opt/spack/linux-centos7-x86_64/gcc-4.8.5/gcc-7.1.0-4bgguypumyezlt6vfhha3ukntrlrx7fq/lib/../lib64] ==> [/blues/gpfs/home/software/spack-0.10.1/opt/spack/linux-centos7-x86_64/gcc-4.8.5/gcc-7.1.0-4bgguypumyezlt6vfhha3ukntrlrx7fq/lib64]
  collapse library dir [/usr/lib/gcc/x86_64-redhat-linux/4.8.5] ==> [/usr/lib/gcc/x86_64-redhat-linux/4.8.5]
  collapse library dir [/usr/lib/gcc/x86_64-redhat-linux/4.8.5/../../../../lib64] ==> [/usr/lib64]
  collapse library dir [/lib/../lib64] ==> [/lib64]
  collapse library dir [/usr/lib/../lib64] ==> [/usr/lib64]
  collapse library dir [/blues/gpfs/home/software/spack-0.10.1/opt/spack/linux-centos7-x86_64/gcc-4.8.5/gcc-7.1.0-4bgguypumyezlt6vfhha3ukntrlrx7fq/lib64] ==> [/blues/gpfs/home/software/spack-0.10.1/opt/spack/linux-centos7-x86_64/gcc-4.8.5/gcc-7.1.0-4bgguypumyezlt6vfhha3ukntrlrx7fq/lib64]
  collapse library dir [/blues/gpfs/home/software/spack-0.10.1/opt/spack/linux-centos7-x86_64/gcc-4.8.5/gcc-7.1.0-4bgguypumyezlt6vfhha3ukntrlrx7fq/lib] ==> [/blues/gpfs/home/software/spack-0.10.1/opt/spack/linux-centos7-x86_64/gcc-4.8.5/gcc-7.1.0-4bgguypumyezlt6vfhha3ukntrlrx7fq/lib]
  collapse library dir [/blues/gpfs/home/software/spack-0.10.1/opt/spack/linux-centos7-x86_64/gcc-4.8.5/intel-17.0.4-74uvhjiulyqgvsmywifbbuo46v5n42xc/tbb/lib/intel64/gcc4.4] ==> [/blues/gpfs/home/software/spack-0.10.1/opt/spack/linux-centos7-x86_64/gcc-4.8.5/intel-17.0.4-74uvhjiulyqgvsmywifbbuo46v5n42xc/tbb/lib/intel64/gcc4.4]
  collapse library dir [/blues/gpfs/home/software/spack-0.10.1/opt/spack/linux-centos7-x86_64/gcc-4.8.5/intel-17.0.4-74uvhjiulyqgvsmywifbbuo46v5n42xc/lib/intel64] ==> [/blues/gpfs/home/software/spack-0.10.1/opt/spack/linux-centos7-x86_64/gcc-4.8.5/intel-17.0.4-74uvhjiulyqgvsmywifbbuo46v5n42xc/lib/intel64]
  collapse library dir [/usr/lib/gcc/x86_64-redhat-linux/4.8.5/../../..] ==> [/usr/lib]
  implicit libs: [gcc;gcc_s;c;gcc;gcc_s]
  implicit dirs: [/blues/gpfs/home/software/spack-0.10.1/opt/spack/linux-centos7-x86_64/gcc-4.8.5/gcc-7.1.0-4bgguypumyezlt6vfhha3ukntrlrx7fq/lib64;/usr/lib/gcc/x86_64-redhat-linux/4.8.5;/usr/lib64;/lib64;/blues/gpfs/home/software/spack-0.10.1/opt/spack/linux-centos7-x86_64/gcc-4.8.5/gcc-7.1.0-4bgguypumyezlt6vfhha3ukntrlrx7fq/lib;/blues/gpfs/home/software/spack-0.10.1/opt/spack/linux-centos7-x86_64/gcc-4.8.5/intel-17.0.4-74uvhjiulyqgvsmywifbbuo46v5n42xc/tbb/lib/intel64/gcc4.4;/blues/gpfs/home/software/spack-0.10.1/opt/spack/linux-centos7-x86_64/gcc-4.8.5/intel-17.0.4-74uvhjiulyqgvsmywifbbuo46v5n42xc/lib/intel64;/usr/lib]
  implicit fwks: []




Detecting C [-std=c11] compiler features compiled with the following output:
Change Dir: /blues/gpfs/home/tshu/project/bebop/MPI_in_MPI/bebop-psm2/korvo-build/build_area/atl/linux/CMakeFiles/CMakeTmp

Run Build Command:"/usr/bin/gmake" "cmTC_4e1bc/fast"
/usr/bin/gmake -f CMakeFiles/cmTC_4e1bc.dir/build.make CMakeFiles/cmTC_4e1bc.dir/build
gmake[1]: Entering directory `/blues/gpfs/home/tshu/project/bebop/MPI_in_MPI/bebop-psm2/korvo-build/build_area/atl/linux/CMakeFiles/CMakeTmp'
Building C object CMakeFiles/cmTC_4e1bc.dir/feature_tests.c.o
/usr/bin/cc   -fPIC    -std=c11 -o CMakeFiles/cmTC_4e1bc.dir/feature_tests.c.o   -c /blues/gpfs/home/tshu/project/bebop/MPI_in_MPI/bebop-psm2/korvo-build/build_area/atl/linux/CMakeFiles/feature_tests.c
Linking C executable cmTC_4e1bc
/blues/gpfs/home/software/spack-0.10.1/opt/spack/linux-centos7-x86_64/intel-17.0.4/cmake-3.9.4-3tixtqtbd65zi6w4277fjte3z4vjpv4t/bin/cmake -E cmake_link_script CMakeFiles/cmTC_4e1bc.dir/link.txt --verbose=1
/usr/bin/cc -fPIC     -rdynamic CMakeFiles/cmTC_4e1bc.dir/feature_tests.c.o  -o cmTC_4e1bc 
gmake[1]: Leaving directory `/blues/gpfs/home/tshu/project/bebop/MPI_in_MPI/bebop-psm2/korvo-build/build_area/atl/linux/CMakeFiles/CMakeTmp'


    Feature record: C_FEATURE:1c_function_prototypes
    Feature record: C_FEATURE:1c_restrict
    Feature record: C_FEATURE:1c_static_assert
    Feature record: C_FEATURE:1c_variadic_macros


Detecting C [-std=c99] compiler features compiled with the following output:
Change Dir: /blues/gpfs/home/tshu/project/bebop/MPI_in_MPI/bebop-psm2/korvo-build/build_area/atl/linux/CMakeFiles/CMakeTmp

Run Build Command:"/usr/bin/gmake" "cmTC_b0d43/fast"
/usr/bin/gmake -f CMakeFiles/cmTC_b0d43.dir/build.make CMakeFiles/cmTC_b0d43.dir/build
gmake[1]: Entering directory `/blues/gpfs/home/tshu/project/bebop/MPI_in_MPI/bebop-psm2/korvo-build/build_area/atl/linux/CMakeFiles/CMakeTmp'
Building C object CMakeFiles/cmTC_b0d43.dir/feature_tests.c.o
/usr/bin/cc   -fPIC    -std=c99 -o CMakeFiles/cmTC_b0d43.dir/feature_tests.c.o   -c /blues/gpfs/home/tshu/project/bebop/MPI_in_MPI/bebop-psm2/korvo-build/build_area/atl/linux/CMakeFiles/feature_tests.c
Linking C executable cmTC_b0d43
/blues/gpfs/home/software/spack-0.10.1/opt/spack/linux-centos7-x86_64/intel-17.0.4/cmake-3.9.4-3tixtqtbd65zi6w4277fjte3z4vjpv4t/bin/cmake -E cmake_link_script CMakeFiles/cmTC_b0d43.dir/link.txt --verbose=1
/usr/bin/cc -fPIC     -rdynamic CMakeFiles/cmTC_b0d43.dir/feature_tests.c.o  -o cmTC_b0d43 
gmake[1]: Leaving directory `/blues/gpfs/home/tshu/project/bebop/MPI_in_MPI/bebop-psm2/korvo-build/build_area/atl/linux/CMakeFiles/CMakeTmp'


    Feature record: C_FEATURE:1c_function_prototypes
    Feature record: C_FEATURE:1c_restrict
    Feature record: C_FEATURE:0c_static_assert
    Feature record: C_FEATURE:1c_variadic_macros


Detecting C [-std=c90] compiler features compiled with the following output:
Change Dir: /blues/gpfs/home/tshu/project/bebop/MPI_in_MPI/bebop-psm2/korvo-build/build_area/atl/linux/CMakeFiles/CMakeTmp

Run Build Command:"/usr/bin/gmake" "cmTC_e40cd/fast"
/usr/bin/gmake -f CMakeFiles/cmTC_e40cd.dir/build.make CMakeFiles/cmTC_e40cd.dir/build
gmake[1]: Entering directory `/blues/gpfs/home/tshu/project/bebop/MPI_in_MPI/bebop-psm2/korvo-build/build_area/atl/linux/CMakeFiles/CMakeTmp'
Building C object CMakeFiles/cmTC_e40cd.dir/feature_tests.c.o
/usr/bin/cc   -fPIC    -std=c90 -o CMakeFiles/cmTC_e40cd.dir/feature_tests.c.o   -c /blues/gpfs/home/tshu/project/bebop/MPI_in_MPI/bebop-psm2/korvo-build/build_area/atl/linux/CMakeFiles/feature_tests.c
Linking C executable cmTC_e40cd
/blues/gpfs/home/software/spack-0.10.1/opt/spack/linux-centos7-x86_64/intel-17.0.4/cmake-3.9.4-3tixtqtbd65zi6w4277fjte3z4vjpv4t/bin/cmake -E cmake_link_script CMakeFiles/cmTC_e40cd.dir/link.txt --verbose=1
/usr/bin/cc -fPIC     -rdynamic CMakeFiles/cmTC_e40cd.dir/feature_tests.c.o  -o cmTC_e40cd 
gmake[1]: Leaving directory `/blues/gpfs/home/tshu/project/bebop/MPI_in_MPI/bebop-psm2/korvo-build/build_area/atl/linux/CMakeFiles/CMakeTmp'


    Feature record: C_FEATURE:1c_function_prototypes
    Feature record: C_FEATURE:0c_restrict
    Feature record: C_FEATURE:0c_static_assert
    Feature record: C_FEATURE:0c_variadic_macros
Determining if the include file sys/types.h exists passed with the following output:
Change Dir: /blues/gpfs/home/tshu/project/bebop/MPI_in_MPI/bebop-psm2/korvo-build/build_area/atl/linux/CMakeFiles/CMakeTmp

Run Build Command:"/usr/bin/gmake" "cmTC_2dce2/fast"
/usr/bin/gmake -f CMakeFiles/cmTC_2dce2.dir/build.make CMakeFiles/cmTC_2dce2.dir/build
gmake[1]: Entering directory `/blues/gpfs/home/tshu/project/bebop/MPI_in_MPI/bebop-psm2/korvo-build/build_area/atl/linux/CMakeFiles/CMakeTmp'
Building C object CMakeFiles/cmTC_2dce2.dir/CheckIncludeFile.c.o
/usr/bin/cc   -fPIC  -fPIE   -o CMakeFiles/cmTC_2dce2.dir/CheckIncludeFile.c.o   -c /blues/gpfs/home/tshu/project/bebop/MPI_in_MPI/bebop-psm2/korvo-build/build_area/atl/linux/CMakeFiles/CMakeTmp/CheckIncludeFile.c
Linking C executable cmTC_2dce2
/blues/gpfs/home/software/spack-0.10.1/opt/spack/linux-centos7-x86_64/intel-17.0.4/cmake-3.9.4-3tixtqtbd65zi6w4277fjte3z4vjpv4t/bin/cmake -E cmake_link_script CMakeFiles/cmTC_2dce2.dir/link.txt --verbose=1
/usr/bin/cc -fPIC     -rdynamic CMakeFiles/cmTC_2dce2.dir/CheckIncludeFile.c.o  -o cmTC_2dce2 
gmake[1]: Leaving directory `/blues/gpfs/home/tshu/project/bebop/MPI_in_MPI/bebop-psm2/korvo-build/build_area/atl/linux/CMakeFiles/CMakeTmp'


Determining if the include file stdint.h exists passed with the following output:
Change Dir: /blues/gpfs/home/tshu/project/bebop/MPI_in_MPI/bebop-psm2/korvo-build/build_area/atl/linux/CMakeFiles/CMakeTmp

Run Build Command:"/usr/bin/gmake" "cmTC_8de42/fast"
/usr/bin/gmake -f CMakeFiles/cmTC_8de42.dir/build.make CMakeFiles/cmTC_8de42.dir/build
gmake[1]: Entering directory `/blues/gpfs/home/tshu/project/bebop/MPI_in_MPI/bebop-psm2/korvo-build/build_area/atl/linux/CMakeFiles/CMakeTmp'
Building C object CMakeFiles/cmTC_8de42.dir/CheckIncludeFile.c.o
/usr/bin/cc   -fPIC  -fPIE   -o CMakeFiles/cmTC_8de42.dir/CheckIncludeFile.c.o   -c /blues/gpfs/home/tshu/project/bebop/MPI_in_MPI/bebop-psm2/korvo-build/build_area/atl/linux/CMakeFiles/CMakeTmp/CheckIncludeFile.c
Linking C executable cmTC_8de42
/blues/gpfs/home/software/spack-0.10.1/opt/spack/linux-centos7-x86_64/intel-17.0.4/cmake-3.9.4-3tixtqtbd65zi6w4277fjte3z4vjpv4t/bin/cmake -E cmake_link_script CMakeFiles/cmTC_8de42.dir/link.txt --verbose=1
/usr/bin/cc -fPIC     -rdynamic CMakeFiles/cmTC_8de42.dir/CheckIncludeFile.c.o  -o cmTC_8de42 
gmake[1]: Leaving directory `/blues/gpfs/home/tshu/project/bebop/MPI_in_MPI/bebop-psm2/korvo-build/build_area/atl/linux/CMakeFiles/CMakeTmp'


Determining if the include file stddef.h exists passed with the following output:
Change Dir: /blues/gpfs/home/tshu/project/bebop/MPI_in_MPI/bebop-psm2/korvo-build/build_area/atl/linux/CMakeFiles/CMakeTmp

Run Build Command:"/usr/bin/gmake" "cmTC_351aa/fast"
/usr/bin/gmake -f CMakeFiles/cmTC_351aa.dir/build.make CMakeFiles/cmTC_351aa.dir/build
gmake[1]: Entering directory `/blues/gpfs/home/tshu/project/bebop/MPI_in_MPI/bebop-psm2/korvo-build/build_area/atl/linux/CMakeFiles/CMakeTmp'
Building C object CMakeFiles/cmTC_351aa.dir/CheckIncludeFile.c.o
/usr/bin/cc   -fPIC  -fPIE   -o CMakeFiles/cmTC_351aa.dir/CheckIncludeFile.c.o   -c /blues/gpfs/home/tshu/project/bebop/MPI_in_MPI/bebop-psm2/korvo-build/build_area/atl/linux/CMakeFiles/CMakeTmp/CheckIncludeFile.c
Linking C executable cmTC_351aa
/blues/gpfs/home/software/spack-0.10.1/opt/spack/linux-centos7-x86_64/intel-17.0.4/cmake-3.9.4-3tixtqtbd65zi6w4277fjte3z4vjpv4t/bin/cmake -E cmake_link_script CMakeFiles/cmTC_351aa.dir/link.txt --verbose=1
/usr/bin/cc -fPIC     -rdynamic CMakeFiles/cmTC_351aa.dir/CheckIncludeFile.c.o  -o cmTC_351aa 
gmake[1]: Leaving directory `/blues/gpfs/home/tshu/project/bebop/MPI_in_MPI/bebop-psm2/korvo-build/build_area/atl/linux/CMakeFiles/CMakeTmp'


Determining size of double passed with the following output:
Change Dir: /blues/gpfs/home/tshu/project/bebop/MPI_in_MPI/bebop-psm2/korvo-build/build_area/atl/linux/CMakeFiles/CMakeTmp

Run Build Command:"/usr/bin/gmake" "cmTC_74fda/fast"
/usr/bin/gmake -f CMakeFiles/cmTC_74fda.dir/build.make CMakeFiles/cmTC_74fda.dir/build
gmake[1]: Entering directory `/blues/gpfs/home/tshu/project/bebop/MPI_in_MPI/bebop-psm2/korvo-build/build_area/atl/linux/CMakeFiles/CMakeTmp'
Building C object CMakeFiles/cmTC_74fda.dir/SIZEOF_DOUBLE.c.o
/usr/bin/cc   -fPIC  -fPIE   -o CMakeFiles/cmTC_74fda.dir/SIZEOF_DOUBLE.c.o   -c /blues/gpfs/home/tshu/project/bebop/MPI_in_MPI/bebop-psm2/korvo-build/build_area/atl/linux/CMakeFiles/CheckTypeSize/SIZEOF_DOUBLE.c
Linking C executable cmTC_74fda
/blues/gpfs/home/software/spack-0.10.1/opt/spack/linux-centos7-x86_64/intel-17.0.4/cmake-3.9.4-3tixtqtbd65zi6w4277fjte3z4vjpv4t/bin/cmake -E cmake_link_script CMakeFiles/cmTC_74fda.dir/link.txt --verbose=1
/usr/bin/cc -fPIC     -rdynamic CMakeFiles/cmTC_74fda.dir/SIZEOF_DOUBLE.c.o  -o cmTC_74fda 
gmake[1]: Leaving directory `/blues/gpfs/home/tshu/project/bebop/MPI_in_MPI/bebop-psm2/korvo-build/build_area/atl/linux/CMakeFiles/CMakeTmp'


Determining size of float passed with the following output:
Change Dir: /blues/gpfs/home/tshu/project/bebop/MPI_in_MPI/bebop-psm2/korvo-build/build_area/atl/linux/CMakeFiles/CMakeTmp

Run Build Command:"/usr/bin/gmake" "cmTC_302fd/fast"
/usr/bin/gmake -f CMakeFiles/cmTC_302fd.dir/build.make CMakeFiles/cmTC_302fd.dir/build
gmake[1]: Entering directory `/blues/gpfs/home/tshu/project/bebop/MPI_in_MPI/bebop-psm2/korvo-build/build_area/atl/linux/CMakeFiles/CMakeTmp'
Building C object CMakeFiles/cmTC_302fd.dir/SIZEOF_FLOAT.c.o
/usr/bin/cc   -fPIC  -fPIE   -o CMakeFiles/cmTC_302fd.dir/SIZEOF_FLOAT.c.o   -c /blues/gpfs/home/tshu/project/bebop/MPI_in_MPI/bebop-psm2/korvo-build/build_area/atl/linux/CMakeFiles/CheckTypeSize/SIZEOF_FLOAT.c
Linking C executable cmTC_302fd
/blues/gpfs/home/software/spack-0.10.1/opt/spack/linux-centos7-x86_64/intel-17.0.4/cmake-3.9.4-3tixtqtbd65zi6w4277fjte3z4vjpv4t/bin/cmake -E cmake_link_script CMakeFiles/cmTC_302fd.dir/link.txt --verbose=1
/usr/bin/cc -fPIC     -rdynamic CMakeFiles/cmTC_302fd.dir/SIZEOF_FLOAT.c.o  -o cmTC_302fd 
gmake[1]: Leaving directory `/blues/gpfs/home/tshu/project/bebop/MPI_in_MPI/bebop-psm2/korvo-build/build_area/atl/linux/CMakeFiles/CMakeTmp'


Determining size of int passed with the following output:
Change Dir: /blues/gpfs/home/tshu/project/bebop/MPI_in_MPI/bebop-psm2/korvo-build/build_area/atl/linux/CMakeFiles/CMakeTmp

Run Build Command:"/usr/bin/gmake" "cmTC_7dd0c/fast"
/usr/bin/gmake -f CMakeFiles/cmTC_7dd0c.dir/build.make CMakeFiles/cmTC_7dd0c.dir/build
gmake[1]: Entering directory `/blues/gpfs/home/tshu/project/bebop/MPI_in_MPI/bebop-psm2/korvo-build/build_area/atl/linux/CMakeFiles/CMakeTmp'
Building C object CMakeFiles/cmTC_7dd0c.dir/SIZEOF_INT.c.o
/usr/bin/cc   -fPIC  -fPIE   -o CMakeFiles/cmTC_7dd0c.dir/SIZEOF_INT.c.o   -c /blues/gpfs/home/tshu/project/bebop/MPI_in_MPI/bebop-psm2/korvo-build/build_area/atl/linux/CMakeFiles/CheckTypeSize/SIZEOF_INT.c
Linking C executable cmTC_7dd0c
/blues/gpfs/home/software/spack-0.10.1/opt/spack/linux-centos7-x86_64/intel-17.0.4/cmake-3.9.4-3tixtqtbd65zi6w4277fjte3z4vjpv4t/bin/cmake -E cmake_link_script CMakeFiles/cmTC_7dd0c.dir/link.txt --verbose=1
/usr/bin/cc -fPIC     -rdynamic CMakeFiles/cmTC_7dd0c.dir/SIZEOF_INT.c.o  -o cmTC_7dd0c 
gmake[1]: Leaving directory `/blues/gpfs/home/tshu/project/bebop/MPI_in_MPI/bebop-psm2/korvo-build/build_area/atl/linux/CMakeFiles/CMakeTmp'


Determining size of short passed with the following output:
Change Dir: /blues/gpfs/home/tshu/project/bebop/MPI_in_MPI/bebop-psm2/korvo-build/build_area/atl/linux/CMakeFiles/CMakeTmp

Run Build Command:"/usr/bin/gmake" "cmTC_3bce0/fast"
/usr/bin/gmake -f CMakeFiles/cmTC_3bce0.dir/build.make CMakeFiles/cmTC_3bce0.dir/build
gmake[1]: Entering directory `/blues/gpfs/home/tshu/project/bebop/MPI_in_MPI/bebop-psm2/korvo-build/build_area/atl/linux/CMakeFiles/CMakeTmp'
Building C object CMakeFiles/cmTC_3bce0.dir/SIZEOF_SHORT.c.o
/usr/bin/cc   -fPIC  -fPIE   -o CMakeFiles/cmTC_3bce0.dir/SIZEOF_SHORT.c.o   -c /blues/gpfs/home/tshu/project/bebop/MPI_in_MPI/bebop-psm2/korvo-build/build_area/atl/linux/CMakeFiles/CheckTypeSize/SIZEOF_SHORT.c
Linking C executable cmTC_3bce0
/blues/gpfs/home/software/spack-0.10.1/opt/spack/linux-centos7-x86_64/intel-17.0.4/cmake-3.9.4-3tixtqtbd65zi6w4277fjte3z4vjpv4t/bin/cmake -E cmake_link_script CMakeFiles/cmTC_3bce0.dir/link.txt --verbose=1
/usr/bin/cc -fPIC     -rdynamic CMakeFiles/cmTC_3bce0.dir/SIZEOF_SHORT.c.o  -o cmTC_3bce0 
gmake[1]: Leaving directory `/blues/gpfs/home/tshu/project/bebop/MPI_in_MPI/bebop-psm2/korvo-build/build_area/atl/linux/CMakeFiles/CMakeTmp'


Determining if files malloc.h exist passed with the following output:
Change Dir: /blues/gpfs/home/tshu/project/bebop/MPI_in_MPI/bebop-psm2/korvo-build/build_area/atl/linux/CMakeFiles/CMakeTmp

Run Build Command:"/usr/bin/gmake" "cmTC_8c692/fast"
/usr/bin/gmake -f CMakeFiles/cmTC_8c692.dir/build.make CMakeFiles/cmTC_8c692.dir/build
gmake[1]: Entering directory `/blues/gpfs/home/tshu/project/bebop/MPI_in_MPI/bebop-psm2/korvo-build/build_area/atl/linux/CMakeFiles/CMakeTmp'
Building C object CMakeFiles/cmTC_8c692.dir/CheckIncludeFiles.c.o
/usr/bin/cc   -fPIC  -fPIE   -o CMakeFiles/cmTC_8c692.dir/CheckIncludeFiles.c.o   -c /blues/gpfs/home/tshu/project/bebop/MPI_in_MPI/bebop-psm2/korvo-build/build_area/atl/linux/CMakeFiles/CMakeTmp/CheckIncludeFiles.c
Linking C executable cmTC_8c692
/blues/gpfs/home/software/spack-0.10.1/opt/spack/linux-centos7-x86_64/intel-17.0.4/cmake-3.9.4-3tixtqtbd65zi6w4277fjte3z4vjpv4t/bin/cmake -E cmake_link_script CMakeFiles/cmTC_8c692.dir/link.txt --verbose=1
/usr/bin/cc -fPIC     -rdynamic CMakeFiles/cmTC_8c692.dir/CheckIncludeFiles.c.o  -o cmTC_8c692 
gmake[1]: Leaving directory `/blues/gpfs/home/tshu/project/bebop/MPI_in_MPI/bebop-psm2/korvo-build/build_area/atl/linux/CMakeFiles/CMakeTmp'


Determining if files unistd.h exist passed with the following output:
Change Dir: /blues/gpfs/home/tshu/project/bebop/MPI_in_MPI/bebop-psm2/korvo-build/build_area/atl/linux/CMakeFiles/CMakeTmp

Run Build Command:"/usr/bin/gmake" "cmTC_4a3c5/fast"
/usr/bin/gmake -f CMakeFiles/cmTC_4a3c5.dir/build.make CMakeFiles/cmTC_4a3c5.dir/build
gmake[1]: Entering directory `/blues/gpfs/home/tshu/project/bebop/MPI_in_MPI/bebop-psm2/korvo-build/build_area/atl/linux/CMakeFiles/CMakeTmp'
Building C object CMakeFiles/cmTC_4a3c5.dir/CheckIncludeFiles.c.o
/usr/bin/cc   -fPIC  -fPIE   -o CMakeFiles/cmTC_4a3c5.dir/CheckIncludeFiles.c.o   -c /blues/gpfs/home/tshu/project/bebop/MPI_in_MPI/bebop-psm2/korvo-build/build_area/atl/linux/CMakeFiles/CMakeTmp/CheckIncludeFiles.c
Linking C executable cmTC_4a3c5
/blues/gpfs/home/software/spack-0.10.1/opt/spack/linux-centos7-x86_64/intel-17.0.4/cmake-3.9.4-3tixtqtbd65zi6w4277fjte3z4vjpv4t/bin/cmake -E cmake_link_script CMakeFiles/cmTC_4a3c5.dir/link.txt --verbose=1
/usr/bin/cc -fPIC     -rdynamic CMakeFiles/cmTC_4a3c5.dir/CheckIncludeFiles.c.o  -o cmTC_4a3c5 
gmake[1]: Leaving directory `/blues/gpfs/home/tshu/project/bebop/MPI_in_MPI/bebop-psm2/korvo-build/build_area/atl/linux/CMakeFiles/CMakeTmp'


Determining if files stdlib.h exist passed with the following output:
Change Dir: /blues/gpfs/home/tshu/project/bebop/MPI_in_MPI/bebop-psm2/korvo-build/build_area/atl/linux/CMakeFiles/CMakeTmp

Run Build Command:"/usr/bin/gmake" "cmTC_a8dab/fast"
/usr/bin/gmake -f CMakeFiles/cmTC_a8dab.dir/build.make CMakeFiles/cmTC_a8dab.dir/build
gmake[1]: Entering directory `/blues/gpfs/home/tshu/project/bebop/MPI_in_MPI/bebop-psm2/korvo-build/build_area/atl/linux/CMakeFiles/CMakeTmp'
Building C object CMakeFiles/cmTC_a8dab.dir/CheckIncludeFiles.c.o
/usr/bin/cc   -fPIC  -fPIE   -o CMakeFiles/cmTC_a8dab.dir/CheckIncludeFiles.c.o   -c /blues/gpfs/home/tshu/project/bebop/MPI_in_MPI/bebop-psm2/korvo-build/build_area/atl/linux/CMakeFiles/CMakeTmp/CheckIncludeFiles.c
Linking C executable cmTC_a8dab
/blues/gpfs/home/software/spack-0.10.1/opt/spack/linux-centos7-x86_64/intel-17.0.4/cmake-3.9.4-3tixtqtbd65zi6w4277fjte3z4vjpv4t/bin/cmake -E cmake_link_script CMakeFiles/cmTC_a8dab.dir/link.txt --verbose=1
/usr/bin/cc -fPIC     -rdynamic CMakeFiles/cmTC_a8dab.dir/CheckIncludeFiles.c.o  -o cmTC_a8dab 
gmake[1]: Leaving directory `/blues/gpfs/home/tshu/project/bebop/MPI_in_MPI/bebop-psm2/korvo-build/build_area/atl/linux/CMakeFiles/CMakeTmp'


Determining if files string.h exist passed with the following output:
Change Dir: /blues/gpfs/home/tshu/project/bebop/MPI_in_MPI/bebop-psm2/korvo-build/build_area/atl/linux/CMakeFiles/CMakeTmp

Run Build Command:"/usr/bin/gmake" "cmTC_a34c4/fast"
/usr/bin/gmake -f CMakeFiles/cmTC_a34c4.dir/build.make CMakeFiles/cmTC_a34c4.dir/build
gmake[1]: Entering directory `/blues/gpfs/home/tshu/project/bebop/MPI_in_MPI/bebop-psm2/korvo-build/build_area/atl/linux/CMakeFiles/CMakeTmp'
Building C object CMakeFiles/cmTC_a34c4.dir/CheckIncludeFiles.c.o
/usr/bin/cc   -fPIC  -fPIE   -o CMakeFiles/cmTC_a34c4.dir/CheckIncludeFiles.c.o   -c /blues/gpfs/home/tshu/project/bebop/MPI_in_MPI/bebop-psm2/korvo-build/build_area/atl/linux/CMakeFiles/CMakeTmp/CheckIncludeFiles.c
Linking C executable cmTC_a34c4
/blues/gpfs/home/software/spack-0.10.1/opt/spack/linux-centos7-x86_64/intel-17.0.4/cmake-3.9.4-3tixtqtbd65zi6w4277fjte3z4vjpv4t/bin/cmake -E cmake_link_script CMakeFiles/cmTC_a34c4.dir/link.txt --verbose=1
/usr/bin/cc -fPIC     -rdynamic CMakeFiles/cmTC_a34c4.dir/CheckIncludeFiles.c.o  -o cmTC_a34c4 
gmake[1]: Leaving directory `/blues/gpfs/home/tshu/project/bebop/MPI_in_MPI/bebop-psm2/korvo-build/build_area/atl/linux/CMakeFiles/CMakeTmp'


Determining if files sys/time.h exist passed with the following output:
Change Dir: /blues/gpfs/home/tshu/project/bebop/MPI_in_MPI/bebop-psm2/korvo-build/build_area/atl/linux/CMakeFiles/CMakeTmp

Run Build Command:"/usr/bin/gmake" "cmTC_60e71/fast"
/usr/bin/gmake -f CMakeFiles/cmTC_60e71.dir/build.make CMakeFiles/cmTC_60e71.dir/build
gmake[1]: Entering directory `/blues/gpfs/home/tshu/project/bebop/MPI_in_MPI/bebop-psm2/korvo-build/build_area/atl/linux/CMakeFiles/CMakeTmp'
Building C object CMakeFiles/cmTC_60e71.dir/CheckIncludeFiles.c.o
/usr/bin/cc   -fPIC  -fPIE   -o CMakeFiles/cmTC_60e71.dir/CheckIncludeFiles.c.o   -c /blues/gpfs/home/tshu/project/bebop/MPI_in_MPI/bebop-psm2/korvo-build/build_area/atl/linux/CMakeFiles/CMakeTmp/CheckIncludeFiles.c
Linking C executable cmTC_60e71
/blues/gpfs/home/software/spack-0.10.1/opt/spack/linux-centos7-x86_64/intel-17.0.4/cmake-3.9.4-3tixtqtbd65zi6w4277fjte3z4vjpv4t/bin/cmake -E cmake_link_script CMakeFiles/cmTC_60e71.dir/link.txt --verbose=1
/usr/bin/cc -fPIC     -rdynamic CMakeFiles/cmTC_60e71.dir/CheckIncludeFiles.c.o  -o cmTC_60e71 
gmake[1]: Leaving directory `/blues/gpfs/home/tshu/project/bebop/MPI_in_MPI/bebop-psm2/korvo-build/build_area/atl/linux/CMakeFiles/CMakeTmp'


Determining if the fork exist passed with the following output:
Change Dir: /blues/gpfs/home/tshu/project/bebop/MPI_in_MPI/bebop-psm2/korvo-build/build_area/atl/linux/CMakeFiles/CMakeTmp

Run Build Command:"/usr/bin/gmake" "cmTC_4d5e9/fast"
/usr/bin/gmake -f CMakeFiles/cmTC_4d5e9.dir/build.make CMakeFiles/cmTC_4d5e9.dir/build
gmake[1]: Entering directory `/blues/gpfs/home/tshu/project/bebop/MPI_in_MPI/bebop-psm2/korvo-build/build_area/atl/linux/CMakeFiles/CMakeTmp'
Building C object CMakeFiles/cmTC_4d5e9.dir/CheckSymbolExists.c.o
/usr/bin/cc   -fPIC  -fPIE   -o CMakeFiles/cmTC_4d5e9.dir/CheckSymbolExists.c.o   -c /blues/gpfs/home/tshu/project/bebop/MPI_in_MPI/bebop-psm2/korvo-build/build_area/atl/linux/CMakeFiles/CMakeTmp/CheckSymbolExists.c
Linking C executable cmTC_4d5e9
/blues/gpfs/home/software/spack-0.10.1/opt/spack/linux-centos7-x86_64/intel-17.0.4/cmake-3.9.4-3tixtqtbd65zi6w4277fjte3z4vjpv4t/bin/cmake -E cmake_link_script CMakeFiles/cmTC_4d5e9.dir/link.txt --verbose=1
/usr/bin/cc -fPIC     -rdynamic CMakeFiles/cmTC_4d5e9.dir/CheckSymbolExists.c.o  -o cmTC_4d5e9 
gmake[1]: Leaving directory `/blues/gpfs/home/tshu/project/bebop/MPI_in_MPI/bebop-psm2/korvo-build/build_area/atl/linux/CMakeFiles/CMakeTmp'

File /blues/gpfs/home/tshu/project/bebop/MPI_in_MPI/bebop-psm2/korvo-build/build_area/atl/linux/CMakeFiles/CMakeTmp/CheckSymbolExists.c:
/* */
#include <unistd.h>

int main(int argc, char** argv)
{
  (void)argv;
#ifndef fork
  return ((int*)(&fork))[argc];
#else
  (void)argc;
  return 0;
#endif
}

Determining if the include file pthread.h exists passed with the following output:
Change Dir: /blues/gpfs/home/tshu/project/bebop/MPI_in_MPI/bebop-psm2/korvo-build/build_area/atl/linux/CMakeFiles/CMakeTmp

Run Build Command:"/usr/bin/gmake" "cmTC_bde91/fast"
/usr/bin/gmake -f CMakeFiles/cmTC_bde91.dir/build.make CMakeFiles/cmTC_bde91.dir/build
gmake[1]: Entering directory `/blues/gpfs/home/tshu/project/bebop/MPI_in_MPI/bebop-psm2/korvo-build/build_area/atl/linux/CMakeFiles/CMakeTmp'
Building C object CMakeFiles/cmTC_bde91.dir/CheckIncludeFile.c.o
/usr/bin/cc   -fPIC  -fPIE   -o CMakeFiles/cmTC_bde91.dir/CheckIncludeFile.c.o   -c /blues/gpfs/home/tshu/project/bebop/MPI_in_MPI/bebop-psm2/korvo-build/build_area/atl/linux/CMakeFiles/CMakeTmp/CheckIncludeFile.c
Linking C executable cmTC_bde91
/blues/gpfs/home/software/spack-0.10.1/opt/spack/linux-centos7-x86_64/intel-17.0.4/cmake-3.9.4-3tixtqtbd65zi6w4277fjte3z4vjpv4t/bin/cmake -E cmake_link_script CMakeFiles/cmTC_bde91.dir/link.txt --verbose=1
/usr/bin/cc -fPIC     -rdynamic CMakeFiles/cmTC_bde91.dir/CheckIncludeFile.c.o  -o cmTC_bde91 
gmake[1]: Leaving directory `/blues/gpfs/home/tshu/project/bebop/MPI_in_MPI/bebop-psm2/korvo-build/build_area/atl/linux/CMakeFiles/CMakeTmp'


Determining if the function pthread_create exists in the pthread passed with the following output:
Change Dir: /blues/gpfs/home/tshu/project/bebop/MPI_in_MPI/bebop-psm2/korvo-build/build_area/atl/linux/CMakeFiles/CMakeTmp

Run Build Command:"/usr/bin/gmake" "cmTC_33ece/fast"
/usr/bin/gmake -f CMakeFiles/cmTC_33ece.dir/build.make CMakeFiles/cmTC_33ece.dir/build
gmake[1]: Entering directory `/blues/gpfs/home/tshu/project/bebop/MPI_in_MPI/bebop-psm2/korvo-build/build_area/atl/linux/CMakeFiles/CMakeTmp'
Building C object CMakeFiles/cmTC_33ece.dir/CheckFunctionExists.c.o
/usr/bin/cc   -fPIC -DCHECK_FUNCTION_EXISTS=pthread_create -fPIE   -o CMakeFiles/cmTC_33ece.dir/CheckFunctionExists.c.o   -c /blues/gpfs/home/software/spack-0.10.1/opt/spack/linux-centos7-x86_64/intel-17.0.4/cmake-3.9.4-3tixtqtbd65zi6w4277fjte3z4vjpv4t/share/cmake-3.9/Modules/CheckFunctionExists.c
Linking C executable cmTC_33ece
/blues/gpfs/home/software/spack-0.10.1/opt/spack/linux-centos7-x86_64/intel-17.0.4/cmake-3.9.4-3tixtqtbd65zi6w4277fjte3z4vjpv4t/bin/cmake -E cmake_link_script CMakeFiles/cmTC_33ece.dir/link.txt --verbose=1
/usr/bin/cc -fPIC -DCHECK_FUNCTION_EXISTS=pthread_create    -rdynamic CMakeFiles/cmTC_33ece.dir/CheckFunctionExists.c.o  -o cmTC_33ece -lpthread 
gmake[1]: Leaving directory `/blues/gpfs/home/tshu/project/bebop/MPI_in_MPI/bebop-psm2/korvo-build/build_area/atl/linux/CMakeFiles/CMakeTmp'


