The system is: Linux - 3.10.0-693.21.1.el7.x86_64 - x86_64
Compiling the C compiler identification source file "CMakeCCompilerId.c" succeeded.
Compiler: /usr/bin/cc 
Build flags: -fPIC
Id flags:  

The output was:
0


Compilation of the C compiler identification source "CMakeCCompilerId.c" produced "a.out"

The C compiler identification is GNU, found in "/blues/gpfs/home/tshu/project/bebop/MPI_in_MPI/bebop-psm2/korvo-build/build_area/enet/linux/CMakeFiles/3.9.4/CompilerIdC/a.out"

Determining if the C compiler works passed with the following output:
Change Dir: /blues/gpfs/home/tshu/project/bebop/MPI_in_MPI/bebop-psm2/korvo-build/build_area/enet/linux/CMakeFiles/CMakeTmp

Run Build Command:"/usr/bin/gmake" "cmTC_54b21/fast"
/usr/bin/gmake -f CMakeFiles/cmTC_54b21.dir/build.make CMakeFiles/cmTC_54b21.dir/build
gmake[1]: Entering directory `/blues/gpfs/home/tshu/project/bebop/MPI_in_MPI/bebop-psm2/korvo-build/build_area/enet/linux/CMakeFiles/CMakeTmp'
Building C object CMakeFiles/cmTC_54b21.dir/testCCompiler.c.o
/usr/bin/cc   -fPIC    -o CMakeFiles/cmTC_54b21.dir/testCCompiler.c.o   -c /blues/gpfs/home/tshu/project/bebop/MPI_in_MPI/bebop-psm2/korvo-build/build_area/enet/linux/CMakeFiles/CMakeTmp/testCCompiler.c
Linking C executable cmTC_54b21
/blues/gpfs/home/software/spack-0.10.1/opt/spack/linux-centos7-x86_64/intel-17.0.4/cmake-3.9.4-3tixtqtbd65zi6w4277fjte3z4vjpv4t/bin/cmake -E cmake_link_script CMakeFiles/cmTC_54b21.dir/link.txt --verbose=1
/usr/bin/cc -fPIC     -rdynamic CMakeFiles/cmTC_54b21.dir/testCCompiler.c.o  -o cmTC_54b21 
gmake[1]: Leaving directory `/blues/gpfs/home/tshu/project/bebop/MPI_in_MPI/bebop-psm2/korvo-build/build_area/enet/linux/CMakeFiles/CMakeTmp'


Detecting C compiler ABI info compiled with the following output:
Change Dir: /blues/gpfs/home/tshu/project/bebop/MPI_in_MPI/bebop-psm2/korvo-build/build_area/enet/linux/CMakeFiles/CMakeTmp

Run Build Command:"/usr/bin/gmake" "cmTC_3cb87/fast"
/usr/bin/gmake -f CMakeFiles/cmTC_3cb87.dir/build.make CMakeFiles/cmTC_3cb87.dir/build
gmake[1]: Entering directory `/blues/gpfs/home/tshu/project/bebop/MPI_in_MPI/bebop-psm2/korvo-build/build_area/enet/linux/CMakeFiles/CMakeTmp'
Building C object CMakeFiles/cmTC_3cb87.dir/CMakeCCompilerABI.c.o
/usr/bin/cc   -fPIC    -o CMakeFiles/cmTC_3cb87.dir/CMakeCCompilerABI.c.o   -c /blues/gpfs/home/software/spack-0.10.1/opt/spack/linux-centos7-x86_64/intel-17.0.4/cmake-3.9.4-3tixtqtbd65zi6w4277fjte3z4vjpv4t/share/cmake-3.9/Modules/CMakeCCompilerABI.c
Linking C executable cmTC_3cb87
/blues/gpfs/home/software/spack-0.10.1/opt/spack/linux-centos7-x86_64/intel-17.0.4/cmake-3.9.4-3tixtqtbd65zi6w4277fjte3z4vjpv4t/bin/cmake -E cmake_link_script CMakeFiles/cmTC_3cb87.dir/link.txt --verbose=1
/usr/bin/cc -fPIC    -v -rdynamic CMakeFiles/cmTC_3cb87.dir/CMakeCCompilerABI.c.o  -o cmTC_3cb87 
Using built-in specs.
COLLECT_GCC=/usr/bin/cc
COLLECT_LTO_WRAPPER=/usr/libexec/gcc/x86_64-redhat-linux/4.8.5/lto-wrapper
Target: x86_64-redhat-linux
Configured with: ../configure --prefix=/usr --mandir=/usr/share/man --infodir=/usr/share/info --with-bugurl=http://bugzilla.redhat.com/bugzilla --enable-bootstrap --enable-shared --enable-threads=posix --enable-checking=release --with-system-zlib --enable-__cxa_atexit --disable-libunwind-exceptions --enable-gnu-unique-object --enable-linker-build-id --with-linker-hash-style=gnu --enable-languages=c,c++,objc,obj-c++,java,fortran,ada,go,lto --enable-plugin --enable-initfini-array --disable-libgcj --with-isl=/builddir/build/BUILD/gcc-4.8.5-20150702/obj-x86_64-redhat-linux/isl-install --with-cloog=/builddir/build/BUILD/gcc-4.8.5-20150702/obj-x86_64-redhat-linux/cloog-install --enable-gnu-indirect-function --with-tune=generic --with-arch_32=x86-64 --build=x86_64-redhat-linux
Thread model: posix
gcc version 4.8.5 20150623 (Red Hat 4.8.5-16) (GCC) 
COMPILER_PATH=/usr/libexec/gcc/x86_64-redhat-linux/4.8.5/:/usr/libexec/gcc/x86_64-redhat-linux/4.8.5/:/usr/libexec/gcc/x86_64-redhat-linux/:/usr/lib/gcc/x86_64-redhat-linux/4.8.5/:/usr/lib/gcc/x86_64-redhat-linux/
LIBRARY_PATH=/blues/gpfs/home/software/spack-0.10.1/opt/spack/linux-centos7-x86_64/gcc-4.8.5/gcc-7.1.0-4bgguypumyezlt6vfhha3ukntrlrx7fq/lib64/../lib64/:/blues/gpfs/home/software/spack-0.10.1/opt/spack/linux-centos7-x86_64/gcc-4.8.5/gcc-7.1.0-4bgguypumyezlt6vfhha3ukntrlrx7fq/lib/../lib64/:/usr/lib/gcc/x86_64-redhat-linux/4.8.5/:/usr/lib/gcc/x86_64-redhat-linux/4.8.5/../../../../lib64/:/lib/../lib64/:/usr/lib/../lib64/:/blues/gpfs/home/software/spack-0.10.1/opt/spack/linux-centos7-x86_64/gcc-4.8.5/gcc-7.1.0-4bgguypumyezlt6vfhha3ukntrlrx7fq/lib64/:/blues/gpfs/home/software/spack-0.10.1/opt/spack/linux-centos7-x86_64/gcc-4.8.5/gcc-7.1.0-4bgguypumyezlt6vfhha3ukntrlrx7fq/lib/:/blues/gpfs/home/software/spack-0.10.1/opt/spack/linux-centos7-x86_64/gcc-4.8.5/intel-17.0.4-74uvhjiulyqgvsmywifbbuo46v5n42xc/tbb/lib/intel64/gcc4.4/:/blues/gpfs/home/software/spack-0.10.1/opt/spack/linux-centos7-x86_64/gcc-4.8.5/intel-17.0.4-74uvhjiulyqgvsmywifbbuo46v5n42xc/lib/intel64/:/usr/lib/gcc/x86_64-redhat-linux/4.8.5/../../../:/lib/:/usr/lib/
COLLECT_GCC_OPTIONS='-fPIC' '-v' '-rdynamic' '-o' 'cmTC_3cb87' '-mtune=generic' '-march=x86-64'
 /usr/libexec/gcc/x86_64-redhat-linux/4.8.5/collect2 --build-id --no-add-needed --eh-frame-hdr --hash-style=gnu -m elf_x86_64 -export-dynamic -dynamic-linker /lib64/ld-linux-x86-64.so.2 -o cmTC_3cb87 /usr/lib/gcc/x86_64-redhat-linux/4.8.5/../../../../lib64/crt1.o /usr/lib/gcc/x86_64-redhat-linux/4.8.5/../../../../lib64/crti.o /usr/lib/gcc/x86_64-redhat-linux/4.8.5/crtbegin.o -L/blues/gpfs/home/software/spack-0.10.1/opt/spack/linux-centos7-x86_64/gcc-4.8.5/gcc-7.1.0-4bgguypumyezlt6vfhha3ukntrlrx7fq/lib64/../lib64 -L/blues/gpfs/home/software/spack-0.10.1/opt/spack/linux-centos7-x86_64/gcc-4.8.5/gcc-7.1.0-4bgguypumyezlt6vfhha3ukntrlrx7fq/lib/../lib64 -L/usr/lib/gcc/x86_64-redhat-linux/4.8.5 -L/usr/lib/gcc/x86_64-redhat-linux/4.8.5/../../../../lib64 -L/lib/../lib64 -L/usr/lib/../lib64 -L/blues/gpfs/home/software/spack-0.10.1/opt/spack/linux-centos7-x86_64/gcc-4.8.5/gcc-7.1.0-4bgguypumyezlt6vfhha3ukntrlrx7fq/lib64 -L/blues/gpfs/home/software/spack-0.10.1/opt/spack/linux-centos7-x86_64/gcc-4.8.5/gcc-7.1.0-4bgguypumyezlt6vfhha3ukntrlrx7fq/lib -L/blues/gpfs/home/software/spack-0.10.1/opt/spack/linux-centos7-x86_64/gcc-4.8.5/intel-17.0.4-74uvhjiulyqgvsmywifbbuo46v5n42xc/tbb/lib/intel64/gcc4.4 -L/blues/gpfs/home/software/spack-0.10.1/opt/spack/linux-centos7-x86_64/gcc-4.8.5/intel-17.0.4-74uvhjiulyqgvsmywifbbuo46v5n42xc/lib/intel64 -L/usr/lib/gcc/x86_64-redhat-linux/4.8.5/../../.. CMakeFiles/cmTC_3cb87.dir/CMakeCCompilerABI.c.o -lgcc --as-needed -lgcc_s --no-as-needed -lc -lgcc --as-needed -lgcc_s --no-as-needed /usr/lib/gcc/x86_64-redhat-linux/4.8.5/crtend.o /usr/lib/gcc/x86_64-redhat-linux/4.8.5/../../../../lib64/crtn.o
gmake[1]: Leaving directory `/blues/gpfs/home/tshu/project/bebop/MPI_in_MPI/bebop-psm2/korvo-build/build_area/enet/linux/CMakeFiles/CMakeTmp'


Parsed C implicit link information from above output:
  link line regex: [^( *|.*[/\])(ld|CMAKE_LINK_STARTFILE-NOTFOUND|([^/\]+-)?ld|collect2)[^/\]*( |$)]
  ignore line: [Change Dir: /blues/gpfs/home/tshu/project/bebop/MPI_in_MPI/bebop-psm2/korvo-build/build_area/enet/linux/CMakeFiles/CMakeTmp]
  ignore line: []
  ignore line: [Run Build Command:"/usr/bin/gmake" "cmTC_3cb87/fast"]
  ignore line: [/usr/bin/gmake -f CMakeFiles/cmTC_3cb87.dir/build.make CMakeFiles/cmTC_3cb87.dir/build]
  ignore line: [gmake[1]: Entering directory `/blues/gpfs/home/tshu/project/bebop/MPI_in_MPI/bebop-psm2/korvo-build/build_area/enet/linux/CMakeFiles/CMakeTmp']
  ignore line: [Building C object CMakeFiles/cmTC_3cb87.dir/CMakeCCompilerABI.c.o]
  ignore line: [/usr/bin/cc   -fPIC    -o CMakeFiles/cmTC_3cb87.dir/CMakeCCompilerABI.c.o   -c /blues/gpfs/home/software/spack-0.10.1/opt/spack/linux-centos7-x86_64/intel-17.0.4/cmake-3.9.4-3tixtqtbd65zi6w4277fjte3z4vjpv4t/share/cmake-3.9/Modules/CMakeCCompilerABI.c]
  ignore line: [Linking C executable cmTC_3cb87]
  ignore line: [/blues/gpfs/home/software/spack-0.10.1/opt/spack/linux-centos7-x86_64/intel-17.0.4/cmake-3.9.4-3tixtqtbd65zi6w4277fjte3z4vjpv4t/bin/cmake -E cmake_link_script CMakeFiles/cmTC_3cb87.dir/link.txt --verbose=1]
  ignore line: [/usr/bin/cc -fPIC    -v -rdynamic CMakeFiles/cmTC_3cb87.dir/CMakeCCompilerABI.c.o  -o cmTC_3cb87 ]
  ignore line: [Using built-in specs.]
  ignore line: [COLLECT_GCC=/usr/bin/cc]
  ignore line: [COLLECT_LTO_WRAPPER=/usr/libexec/gcc/x86_64-redhat-linux/4.8.5/lto-wrapper]
  ignore line: [Target: x86_64-redhat-linux]
  ignore line: [Configured with: ../configure --prefix=/usr --mandir=/usr/share/man --infodir=/usr/share/info --with-bugurl=http://bugzilla.redhat.com/bugzilla --enable-bootstrap --enable-shared --enable-threads=posix --enable-checking=release --with-system-zlib --enable-__cxa_atexit --disable-libunwind-exceptions --enable-gnu-unique-object --enable-linker-build-id --with-linker-hash-style=gnu --enable-languages=c,c++,objc,obj-c++,java,fortran,ada,go,lto --enable-plugin --enable-initfini-array --disable-libgcj --with-isl=/builddir/build/BUILD/gcc-4.8.5-20150702/obj-x86_64-redhat-linux/isl-install --with-cloog=/builddir/build/BUILD/gcc-4.8.5-20150702/obj-x86_64-redhat-linux/cloog-install --enable-gnu-indirect-function --with-tune=generic --with-arch_32=x86-64 --build=x86_64-redhat-linux]
  ignore line: [Thread model: posix]
  ignore line: [gcc version 4.8.5 20150623 (Red Hat 4.8.5-16) (GCC) ]
  ignore line: [COMPILER_PATH=/usr/libexec/gcc/x86_64-redhat-linux/4.8.5/:/usr/libexec/gcc/x86_64-redhat-linux/4.8.5/:/usr/libexec/gcc/x86_64-redhat-linux/:/usr/lib/gcc/x86_64-redhat-linux/4.8.5/:/usr/lib/gcc/x86_64-redhat-linux/]
  ignore line: [LIBRARY_PATH=/blues/gpfs/home/software/spack-0.10.1/opt/spack/linux-centos7-x86_64/gcc-4.8.5/gcc-7.1.0-4bgguypumyezlt6vfhha3ukntrlrx7fq/lib64/../lib64/:/blues/gpfs/home/software/spack-0.10.1/opt/spack/linux-centos7-x86_64/gcc-4.8.5/gcc-7.1.0-4bgguypumyezlt6vfhha3ukntrlrx7fq/lib/../lib64/:/usr/lib/gcc/x86_64-redhat-linux/4.8.5/:/usr/lib/gcc/x86_64-redhat-linux/4.8.5/../../../../lib64/:/lib/../lib64/:/usr/lib/../lib64/:/blues/gpfs/home/software/spack-0.10.1/opt/spack/linux-centos7-x86_64/gcc-4.8.5/gcc-7.1.0-4bgguypumyezlt6vfhha3ukntrlrx7fq/lib64/:/blues/gpfs/home/software/spack-0.10.1/opt/spack/linux-centos7-x86_64/gcc-4.8.5/gcc-7.1.0-4bgguypumyezlt6vfhha3ukntrlrx7fq/lib/:/blues/gpfs/home/software/spack-0.10.1/opt/spack/linux-centos7-x86_64/gcc-4.8.5/intel-17.0.4-74uvhjiulyqgvsmywifbbuo46v5n42xc/tbb/lib/intel64/gcc4.4/:/blues/gpfs/home/software/spack-0.10.1/opt/spack/linux-centos7-x86_64/gcc-4.8.5/intel-17.0.4-74uvhjiulyqgvsmywifbbuo46v5n42xc/lib/intel64/:/usr/lib/gcc/x86_64-redhat-linux/4.8.5/../../../:/lib/:/usr/lib/]
  ignore line: [COLLECT_GCC_OPTIONS='-fPIC' '-v' '-rdynamic' '-o' 'cmTC_3cb87' '-mtune=generic' '-march=x86-64']
  link line: [ /usr/libexec/gcc/x86_64-redhat-linux/4.8.5/collect2 --build-id --no-add-needed --eh-frame-hdr --hash-style=gnu -m elf_x86_64 -export-dynamic -dynamic-linker /lib64/ld-linux-x86-64.so.2 -o cmTC_3cb87 /usr/lib/gcc/x86_64-redhat-linux/4.8.5/../../../../lib64/crt1.o /usr/lib/gcc/x86_64-redhat-linux/4.8.5/../../../../lib64/crti.o /usr/lib/gcc/x86_64-redhat-linux/4.8.5/crtbegin.o -L/blues/gpfs/home/software/spack-0.10.1/opt/spack/linux-centos7-x86_64/gcc-4.8.5/gcc-7.1.0-4bgguypumyezlt6vfhha3ukntrlrx7fq/lib64/../lib64 -L/blues/gpfs/home/software/spack-0.10.1/opt/spack/linux-centos7-x86_64/gcc-4.8.5/gcc-7.1.0-4bgguypumyezlt6vfhha3ukntrlrx7fq/lib/../lib64 -L/usr/lib/gcc/x86_64-redhat-linux/4.8.5 -L/usr/lib/gcc/x86_64-redhat-linux/4.8.5/../../../../lib64 -L/lib/../lib64 -L/usr/lib/../lib64 -L/blues/gpfs/home/software/spack-0.10.1/opt/spack/linux-centos7-x86_64/gcc-4.8.5/gcc-7.1.0-4bgguypumyezlt6vfhha3ukntrlrx7fq/lib64 -L/blues/gpfs/home/software/spack-0.10.1/opt/spack/linux-centos7-x86_64/gcc-4.8.5/gcc-7.1.0-4bgguypumyezlt6vfhha3ukntrlrx7fq/lib -L/blues/gpfs/home/software/spack-0.10.1/opt/spack/linux-centos7-x86_64/gcc-4.8.5/intel-17.0.4-74uvhjiulyqgvsmywifbbuo46v5n42xc/tbb/lib/intel64/gcc4.4 -L/blues/gpfs/home/software/spack-0.10.1/opt/spack/linux-centos7-x86_64/gcc-4.8.5/intel-17.0.4-74uvhjiulyqgvsmywifbbuo46v5n42xc/lib/intel64 -L/usr/lib/gcc/x86_64-redhat-linux/4.8.5/../../.. CMakeFiles/cmTC_3cb87.dir/CMakeCCompilerABI.c.o -lgcc --as-needed -lgcc_s --no-as-needed -lc -lgcc --as-needed -lgcc_s --no-as-needed /usr/lib/gcc/x86_64-redhat-linux/4.8.5/crtend.o /usr/lib/gcc/x86_64-redhat-linux/4.8.5/../../../../lib64/crtn.o]
    arg [/usr/libexec/gcc/x86_64-redhat-linux/4.8.5/collect2] ==> ignore
    arg [--build-id] ==> ignore
    arg [--no-add-needed] ==> ignore
    arg [--eh-frame-hdr] ==> ignore
    arg [--hash-style=gnu] ==> ignore
    arg [-m] ==> ignore
    arg [elf_x86_64] ==> ignore
    arg [-export-dynamic] ==> ignore
    arg [-dynamic-linker] ==> ignore
    arg [/lib64/ld-linux-x86-64.so.2] ==> ignore
    arg [-o] ==> ignore
    arg [cmTC_3cb87] ==> ignore
    arg [/usr/lib/gcc/x86_64-redhat-linux/4.8.5/../../../../lib64/crt1.o] ==> ignore
    arg [/usr/lib/gcc/x86_64-redhat-linux/4.8.5/../../../../lib64/crti.o] ==> ignore
    arg [/usr/lib/gcc/x86_64-redhat-linux/4.8.5/crtbegin.o] ==> ignore
    arg [-L/blues/gpfs/home/software/spack-0.10.1/opt/spack/linux-centos7-x86_64/gcc-4.8.5/gcc-7.1.0-4bgguypumyezlt6vfhha3ukntrlrx7fq/lib64/../lib64] ==> dir [/blues/gpfs/home/software/spack-0.10.1/opt/spack/linux-centos7-x86_64/gcc-4.8.5/gcc-7.1.0-4bgguypumyezlt6vfhha3ukntrlrx7fq/lib64/../lib64]
    arg [-L/blues/gpfs/home/software/spack-0.10.1/opt/spack/linux-centos7-x86_64/gcc-4.8.5/gcc-7.1.0-4bgguypumyezlt6vfhha3ukntrlrx7fq/lib/../lib64] ==> dir [/blues/gpfs/home/software/spack-0.10.1/opt/spack/linux-centos7-x86_64/gcc-4.8.5/gcc-7.1.0-4bgguypumyezlt6vfhha3ukntrlrx7fq/lib/../lib64]
    arg [-L/usr/lib/gcc/x86_64-redhat-linux/4.8.5] ==> dir [/usr/lib/gcc/x86_64-redhat-linux/4.8.5]
    arg [-L/usr/lib/gcc/x86_64-redhat-linux/4.8.5/../../../../lib64] ==> dir [/usr/lib/gcc/x86_64-redhat-linux/4.8.5/../../../../lib64]
    arg [-L/lib/../lib64] ==> dir [/lib/../lib64]
    arg [-L/usr/lib/../lib64] ==> dir [/usr/lib/../lib64]
    arg [-L/blues/gpfs/home/software/spack-0.10.1/opt/spack/linux-centos7-x86_64/gcc-4.8.5/gcc-7.1.0-4bgguypumyezlt6vfhha3ukntrlrx7fq/lib64] ==> dir [/blues/gpfs/home/software/spack-0.10.1/opt/spack/linux-centos7-x86_64/gcc-4.8.5/gcc-7.1.0-4bgguypumyezlt6vfhha3ukntrlrx7fq/lib64]
    arg [-L/blues/gpfs/home/software/spack-0.10.1/opt/spack/linux-centos7-x86_64/gcc-4.8.5/gcc-7.1.0-4bgguypumyezlt6vfhha3ukntrlrx7fq/lib] ==> dir [/blues/gpfs/home/software/spack-0.10.1/opt/spack/linux-centos7-x86_64/gcc-4.8.5/gcc-7.1.0-4bgguypumyezlt6vfhha3ukntrlrx7fq/lib]
    arg [-L/blues/gpfs/home/software/spack-0.10.1/opt/spack/linux-centos7-x86_64/gcc-4.8.5/intel-17.0.4-74uvhjiulyqgvsmywifbbuo46v5n42xc/tbb/lib/intel64/gcc4.4] ==> dir [/blues/gpfs/home/software/spack-0.10.1/opt/spack/linux-centos7-x86_64/gcc-4.8.5/intel-17.0.4-74uvhjiulyqgvsmywifbbuo46v5n42xc/tbb/lib/intel64/gcc4.4]
    arg [-L/blues/gpfs/home/software/spack-0.10.1/opt/spack/linux-centos7-x86_64/gcc-4.8.5/intel-17.0.4-74uvhjiulyqgvsmywifbbuo46v5n42xc/lib/intel64] ==> dir [/blues/gpfs/home/software/spack-0.10.1/opt/spack/linux-centos7-x86_64/gcc-4.8.5/intel-17.0.4-74uvhjiulyqgvsmywifbbuo46v5n42xc/lib/intel64]
    arg [-L/usr/lib/gcc/x86_64-redhat-linux/4.8.5/../../..] ==> dir [/usr/lib/gcc/x86_64-redhat-linux/4.8.5/../../..]
    arg [CMakeFiles/cmTC_3cb87.dir/CMakeCCompilerABI.c.o] ==> ignore
    arg [-lgcc] ==> lib [gcc]
    arg [--as-needed] ==> ignore
    arg [-lgcc_s] ==> lib [gcc_s]
    arg [--no-as-needed] ==> ignore
    arg [-lc] ==> lib [c]
    arg [-lgcc] ==> lib [gcc]
    arg [--as-needed] ==> ignore
    arg [-lgcc_s] ==> lib [gcc_s]
    arg [--no-as-needed] ==> ignore
    arg [/usr/lib/gcc/x86_64-redhat-linux/4.8.5/crtend.o] ==> ignore
    arg [/usr/lib/gcc/x86_64-redhat-linux/4.8.5/../../../../lib64/crtn.o] ==> ignore
  collapse library dir [/blues/gpfs/home/software/spack-0.10.1/opt/spack/linux-centos7-x86_64/gcc-4.8.5/gcc-7.1.0-4bgguypumyezlt6vfhha3ukntrlrx7fq/lib64/../lib64] ==> [/blues/gpfs/home/software/spack-0.10.1/opt/spack/linux-centos7-x86_64/gcc-4.8.5/gcc-7.1.0-4bgguypumyezlt6vfhha3ukntrlrx7fq/lib64]
  collapse library dir [/blues/gpfs/home/software/spack-0.10.1/opt/spack/linux-centos7-x86_64/gcc-4.8.5/gcc-7.1.0-4bgguypumyezlt6vfhha3ukntrlrx7fq/lib/../lib64] ==> [/blues/gpfs/home/software/spack-0.10.1/opt/spack/linux-centos7-x86_64/gcc-4.8.5/gcc-7.1.0-4bgguypumyezlt6vfhha3ukntrlrx7fq/lib64]
  collapse library dir [/usr/lib/gcc/x86_64-redhat-linux/4.8.5] ==> [/usr/lib/gcc/x86_64-redhat-linux/4.8.5]
  collapse library dir [/usr/lib/gcc/x86_64-redhat-linux/4.8.5/../../../../lib64] ==> [/usr/lib64]
  collapse library dir [/lib/../lib64] ==> [/lib64]
  collapse library dir [/usr/lib/../lib64] ==> [/usr/lib64]
  collapse library dir [/blues/gpfs/home/software/spack-0.10.1/opt/spack/linux-centos7-x86_64/gcc-4.8.5/gcc-7.1.0-4bgguypumyezlt6vfhha3ukntrlrx7fq/lib64] ==> [/blues/gpfs/home/software/spack-0.10.1/opt/spack/linux-centos7-x86_64/gcc-4.8.5/gcc-7.1.0-4bgguypumyezlt6vfhha3ukntrlrx7fq/lib64]
  collapse library dir [/blues/gpfs/home/software/spack-0.10.1/opt/spack/linux-centos7-x86_64/gcc-4.8.5/gcc-7.1.0-4bgguypumyezlt6vfhha3ukntrlrx7fq/lib] ==> [/blues/gpfs/home/software/spack-0.10.1/opt/spack/linux-centos7-x86_64/gcc-4.8.5/gcc-7.1.0-4bgguypumyezlt6vfhha3ukntrlrx7fq/lib]
  collapse library dir [/blues/gpfs/home/software/spack-0.10.1/opt/spack/linux-centos7-x86_64/gcc-4.8.5/intel-17.0.4-74uvhjiulyqgvsmywifbbuo46v5n42xc/tbb/lib/intel64/gcc4.4] ==> [/blues/gpfs/home/software/spack-0.10.1/opt/spack/linux-centos7-x86_64/gcc-4.8.5/intel-17.0.4-74uvhjiulyqgvsmywifbbuo46v5n42xc/tbb/lib/intel64/gcc4.4]
  collapse library dir [/blues/gpfs/home/software/spack-0.10.1/opt/spack/linux-centos7-x86_64/gcc-4.8.5/intel-17.0.4-74uvhjiulyqgvsmywifbbuo46v5n42xc/lib/intel64] ==> [/blues/gpfs/home/software/spack-0.10.1/opt/spack/linux-centos7-x86_64/gcc-4.8.5/intel-17.0.4-74uvhjiulyqgvsmywifbbuo46v5n42xc/lib/intel64]
  collapse library dir [/usr/lib/gcc/x86_64-redhat-linux/4.8.5/../../..] ==> [/usr/lib]
  implicit libs: [gcc;gcc_s;c;gcc;gcc_s]
  implicit dirs: [/blues/gpfs/home/software/spack-0.10.1/opt/spack/linux-centos7-x86_64/gcc-4.8.5/gcc-7.1.0-4bgguypumyezlt6vfhha3ukntrlrx7fq/lib64;/usr/lib/gcc/x86_64-redhat-linux/4.8.5;/usr/lib64;/lib64;/blues/gpfs/home/software/spack-0.10.1/opt/spack/linux-centos7-x86_64/gcc-4.8.5/gcc-7.1.0-4bgguypumyezlt6vfhha3ukntrlrx7fq/lib;/blues/gpfs/home/software/spack-0.10.1/opt/spack/linux-centos7-x86_64/gcc-4.8.5/intel-17.0.4-74uvhjiulyqgvsmywifbbuo46v5n42xc/tbb/lib/intel64/gcc4.4;/blues/gpfs/home/software/spack-0.10.1/opt/spack/linux-centos7-x86_64/gcc-4.8.5/intel-17.0.4-74uvhjiulyqgvsmywifbbuo46v5n42xc/lib/intel64;/usr/lib]
  implicit fwks: []




Detecting C [-std=c11] compiler features compiled with the following output:
Change Dir: /blues/gpfs/home/tshu/project/bebop/MPI_in_MPI/bebop-psm2/korvo-build/build_area/enet/linux/CMakeFiles/CMakeTmp

Run Build Command:"/usr/bin/gmake" "cmTC_037d7/fast"
/usr/bin/gmake -f CMakeFiles/cmTC_037d7.dir/build.make CMakeFiles/cmTC_037d7.dir/build
gmake[1]: Entering directory `/blues/gpfs/home/tshu/project/bebop/MPI_in_MPI/bebop-psm2/korvo-build/build_area/enet/linux/CMakeFiles/CMakeTmp'
Building C object CMakeFiles/cmTC_037d7.dir/feature_tests.c.o
/usr/bin/cc   -fPIC    -std=c11 -o CMakeFiles/cmTC_037d7.dir/feature_tests.c.o   -c /blues/gpfs/home/tshu/project/bebop/MPI_in_MPI/bebop-psm2/korvo-build/build_area/enet/linux/CMakeFiles/feature_tests.c
Linking C executable cmTC_037d7
/blues/gpfs/home/software/spack-0.10.1/opt/spack/linux-centos7-x86_64/intel-17.0.4/cmake-3.9.4-3tixtqtbd65zi6w4277fjte3z4vjpv4t/bin/cmake -E cmake_link_script CMakeFiles/cmTC_037d7.dir/link.txt --verbose=1
/usr/bin/cc -fPIC     -rdynamic CMakeFiles/cmTC_037d7.dir/feature_tests.c.o  -o cmTC_037d7 
gmake[1]: Leaving directory `/blues/gpfs/home/tshu/project/bebop/MPI_in_MPI/bebop-psm2/korvo-build/build_area/enet/linux/CMakeFiles/CMakeTmp'


    Feature record: C_FEATURE:1c_function_prototypes
    Feature record: C_FEATURE:1c_restrict
    Feature record: C_FEATURE:1c_static_assert
    Feature record: C_FEATURE:1c_variadic_macros


Detecting C [-std=c99] compiler features compiled with the following output:
Change Dir: /blues/gpfs/home/tshu/project/bebop/MPI_in_MPI/bebop-psm2/korvo-build/build_area/enet/linux/CMakeFiles/CMakeTmp

Run Build Command:"/usr/bin/gmake" "cmTC_77b70/fast"
/usr/bin/gmake -f CMakeFiles/cmTC_77b70.dir/build.make CMakeFiles/cmTC_77b70.dir/build
gmake[1]: Entering directory `/blues/gpfs/home/tshu/project/bebop/MPI_in_MPI/bebop-psm2/korvo-build/build_area/enet/linux/CMakeFiles/CMakeTmp'
Building C object CMakeFiles/cmTC_77b70.dir/feature_tests.c.o
/usr/bin/cc   -fPIC    -std=c99 -o CMakeFiles/cmTC_77b70.dir/feature_tests.c.o   -c /blues/gpfs/home/tshu/project/bebop/MPI_in_MPI/bebop-psm2/korvo-build/build_area/enet/linux/CMakeFiles/feature_tests.c
Linking C executable cmTC_77b70
/blues/gpfs/home/software/spack-0.10.1/opt/spack/linux-centos7-x86_64/intel-17.0.4/cmake-3.9.4-3tixtqtbd65zi6w4277fjte3z4vjpv4t/bin/cmake -E cmake_link_script CMakeFiles/cmTC_77b70.dir/link.txt --verbose=1
/usr/bin/cc -fPIC     -rdynamic CMakeFiles/cmTC_77b70.dir/feature_tests.c.o  -o cmTC_77b70 
gmake[1]: Leaving directory `/blues/gpfs/home/tshu/project/bebop/MPI_in_MPI/bebop-psm2/korvo-build/build_area/enet/linux/CMakeFiles/CMakeTmp'


    Feature record: C_FEATURE:1c_function_prototypes
    Feature record: C_FEATURE:1c_restrict
    Feature record: C_FEATURE:0c_static_assert
    Feature record: C_FEATURE:1c_variadic_macros


Detecting C [-std=c90] compiler features compiled with the following output:
Change Dir: /blues/gpfs/home/tshu/project/bebop/MPI_in_MPI/bebop-psm2/korvo-build/build_area/enet/linux/CMakeFiles/CMakeTmp

Run Build Command:"/usr/bin/gmake" "cmTC_7f29a/fast"
/usr/bin/gmake -f CMakeFiles/cmTC_7f29a.dir/build.make CMakeFiles/cmTC_7f29a.dir/build
gmake[1]: Entering directory `/blues/gpfs/home/tshu/project/bebop/MPI_in_MPI/bebop-psm2/korvo-build/build_area/enet/linux/CMakeFiles/CMakeTmp'
Building C object CMakeFiles/cmTC_7f29a.dir/feature_tests.c.o
/usr/bin/cc   -fPIC    -std=c90 -o CMakeFiles/cmTC_7f29a.dir/feature_tests.c.o   -c /blues/gpfs/home/tshu/project/bebop/MPI_in_MPI/bebop-psm2/korvo-build/build_area/enet/linux/CMakeFiles/feature_tests.c
Linking C executable cmTC_7f29a
/blues/gpfs/home/software/spack-0.10.1/opt/spack/linux-centos7-x86_64/intel-17.0.4/cmake-3.9.4-3tixtqtbd65zi6w4277fjte3z4vjpv4t/bin/cmake -E cmake_link_script CMakeFiles/cmTC_7f29a.dir/link.txt --verbose=1
/usr/bin/cc -fPIC     -rdynamic CMakeFiles/cmTC_7f29a.dir/feature_tests.c.o  -o cmTC_7f29a 
gmake[1]: Leaving directory `/blues/gpfs/home/tshu/project/bebop/MPI_in_MPI/bebop-psm2/korvo-build/build_area/enet/linux/CMakeFiles/CMakeTmp'


    Feature record: C_FEATURE:1c_function_prototypes
    Feature record: C_FEATURE:0c_restrict
    Feature record: C_FEATURE:0c_static_assert
    Feature record: C_FEATURE:0c_variadic_macros
Determining if the function getaddrinfo exists passed with the following output:
Change Dir: /blues/gpfs/home/tshu/project/bebop/MPI_in_MPI/bebop-psm2/korvo-build/build_area/enet/linux/CMakeFiles/CMakeTmp

Run Build Command:"/usr/bin/gmake" "cmTC_26d60/fast"
/usr/bin/gmake -f CMakeFiles/cmTC_26d60.dir/build.make CMakeFiles/cmTC_26d60.dir/build
gmake[1]: Entering directory `/blues/gpfs/home/tshu/project/bebop/MPI_in_MPI/bebop-psm2/korvo-build/build_area/enet/linux/CMakeFiles/CMakeTmp'
Building C object CMakeFiles/cmTC_26d60.dir/CheckFunctionExists.c.o
/usr/bin/cc   -fPIC -DCHECK_FUNCTION_EXISTS=getaddrinfo -fPIE   -o CMakeFiles/cmTC_26d60.dir/CheckFunctionExists.c.o   -c /blues/gpfs/home/software/spack-0.10.1/opt/spack/linux-centos7-x86_64/intel-17.0.4/cmake-3.9.4-3tixtqtbd65zi6w4277fjte3z4vjpv4t/share/cmake-3.9/Modules/CheckFunctionExists.c
Linking C executable cmTC_26d60
/blues/gpfs/home/software/spack-0.10.1/opt/spack/linux-centos7-x86_64/intel-17.0.4/cmake-3.9.4-3tixtqtbd65zi6w4277fjte3z4vjpv4t/bin/cmake -E cmake_link_script CMakeFiles/cmTC_26d60.dir/link.txt --verbose=1
/usr/bin/cc -fPIC -DCHECK_FUNCTION_EXISTS=getaddrinfo    -rdynamic CMakeFiles/cmTC_26d60.dir/CheckFunctionExists.c.o  -o cmTC_26d60 
gmake[1]: Leaving directory `/blues/gpfs/home/tshu/project/bebop/MPI_in_MPI/bebop-psm2/korvo-build/build_area/enet/linux/CMakeFiles/CMakeTmp'


Determining if the function getnameinfo exists passed with the following output:
Change Dir: /blues/gpfs/home/tshu/project/bebop/MPI_in_MPI/bebop-psm2/korvo-build/build_area/enet/linux/CMakeFiles/CMakeTmp

Run Build Command:"/usr/bin/gmake" "cmTC_b62f8/fast"
/usr/bin/gmake -f CMakeFiles/cmTC_b62f8.dir/build.make CMakeFiles/cmTC_b62f8.dir/build
gmake[1]: Entering directory `/blues/gpfs/home/tshu/project/bebop/MPI_in_MPI/bebop-psm2/korvo-build/build_area/enet/linux/CMakeFiles/CMakeTmp'
Building C object CMakeFiles/cmTC_b62f8.dir/CheckFunctionExists.c.o
/usr/bin/cc   -fPIC -DCHECK_FUNCTION_EXISTS=getnameinfo -fPIE   -o CMakeFiles/cmTC_b62f8.dir/CheckFunctionExists.c.o   -c /blues/gpfs/home/software/spack-0.10.1/opt/spack/linux-centos7-x86_64/intel-17.0.4/cmake-3.9.4-3tixtqtbd65zi6w4277fjte3z4vjpv4t/share/cmake-3.9/Modules/CheckFunctionExists.c
Linking C executable cmTC_b62f8
/blues/gpfs/home/software/spack-0.10.1/opt/spack/linux-centos7-x86_64/intel-17.0.4/cmake-3.9.4-3tixtqtbd65zi6w4277fjte3z4vjpv4t/bin/cmake -E cmake_link_script CMakeFiles/cmTC_b62f8.dir/link.txt --verbose=1
/usr/bin/cc -fPIC -DCHECK_FUNCTION_EXISTS=getnameinfo    -rdynamic CMakeFiles/cmTC_b62f8.dir/CheckFunctionExists.c.o  -o cmTC_b62f8 
gmake[1]: Leaving directory `/blues/gpfs/home/tshu/project/bebop/MPI_in_MPI/bebop-psm2/korvo-build/build_area/enet/linux/CMakeFiles/CMakeTmp'


Determining if the function gethostbyaddr_r exists passed with the following output:
Change Dir: /blues/gpfs/home/tshu/project/bebop/MPI_in_MPI/bebop-psm2/korvo-build/build_area/enet/linux/CMakeFiles/CMakeTmp

Run Build Command:"/usr/bin/gmake" "cmTC_9b701/fast"
/usr/bin/gmake -f CMakeFiles/cmTC_9b701.dir/build.make CMakeFiles/cmTC_9b701.dir/build
gmake[1]: Entering directory `/blues/gpfs/home/tshu/project/bebop/MPI_in_MPI/bebop-psm2/korvo-build/build_area/enet/linux/CMakeFiles/CMakeTmp'
Building C object CMakeFiles/cmTC_9b701.dir/CheckFunctionExists.c.o
/usr/bin/cc   -fPIC -DCHECK_FUNCTION_EXISTS=gethostbyaddr_r -fPIE   -o CMakeFiles/cmTC_9b701.dir/CheckFunctionExists.c.o   -c /blues/gpfs/home/software/spack-0.10.1/opt/spack/linux-centos7-x86_64/intel-17.0.4/cmake-3.9.4-3tixtqtbd65zi6w4277fjte3z4vjpv4t/share/cmake-3.9/Modules/CheckFunctionExists.c
Linking C executable cmTC_9b701
/blues/gpfs/home/software/spack-0.10.1/opt/spack/linux-centos7-x86_64/intel-17.0.4/cmake-3.9.4-3tixtqtbd65zi6w4277fjte3z4vjpv4t/bin/cmake -E cmake_link_script CMakeFiles/cmTC_9b701.dir/link.txt --verbose=1
/usr/bin/cc -fPIC -DCHECK_FUNCTION_EXISTS=gethostbyaddr_r    -rdynamic CMakeFiles/cmTC_9b701.dir/CheckFunctionExists.c.o  -o cmTC_9b701 
gmake[1]: Leaving directory `/blues/gpfs/home/tshu/project/bebop/MPI_in_MPI/bebop-psm2/korvo-build/build_area/enet/linux/CMakeFiles/CMakeTmp'


Determining if the function gethostbyname_r exists passed with the following output:
Change Dir: /blues/gpfs/home/tshu/project/bebop/MPI_in_MPI/bebop-psm2/korvo-build/build_area/enet/linux/CMakeFiles/CMakeTmp

Run Build Command:"/usr/bin/gmake" "cmTC_b70f6/fast"
/usr/bin/gmake -f CMakeFiles/cmTC_b70f6.dir/build.make CMakeFiles/cmTC_b70f6.dir/build
gmake[1]: Entering directory `/blues/gpfs/home/tshu/project/bebop/MPI_in_MPI/bebop-psm2/korvo-build/build_area/enet/linux/CMakeFiles/CMakeTmp'
Building C object CMakeFiles/cmTC_b70f6.dir/CheckFunctionExists.c.o
/usr/bin/cc   -fPIC -DCHECK_FUNCTION_EXISTS=gethostbyname_r -fPIE   -o CMakeFiles/cmTC_b70f6.dir/CheckFunctionExists.c.o   -c /blues/gpfs/home/software/spack-0.10.1/opt/spack/linux-centos7-x86_64/intel-17.0.4/cmake-3.9.4-3tixtqtbd65zi6w4277fjte3z4vjpv4t/share/cmake-3.9/Modules/CheckFunctionExists.c
Linking C executable cmTC_b70f6
/blues/gpfs/home/software/spack-0.10.1/opt/spack/linux-centos7-x86_64/intel-17.0.4/cmake-3.9.4-3tixtqtbd65zi6w4277fjte3z4vjpv4t/bin/cmake -E cmake_link_script CMakeFiles/cmTC_b70f6.dir/link.txt --verbose=1
/usr/bin/cc -fPIC -DCHECK_FUNCTION_EXISTS=gethostbyname_r    -rdynamic CMakeFiles/cmTC_b70f6.dir/CheckFunctionExists.c.o  -o cmTC_b70f6 
gmake[1]: Leaving directory `/blues/gpfs/home/tshu/project/bebop/MPI_in_MPI/bebop-psm2/korvo-build/build_area/enet/linux/CMakeFiles/CMakeTmp'


Determining if the function poll exists passed with the following output:
Change Dir: /blues/gpfs/home/tshu/project/bebop/MPI_in_MPI/bebop-psm2/korvo-build/build_area/enet/linux/CMakeFiles/CMakeTmp

Run Build Command:"/usr/bin/gmake" "cmTC_112ad/fast"
/usr/bin/gmake -f CMakeFiles/cmTC_112ad.dir/build.make CMakeFiles/cmTC_112ad.dir/build
gmake[1]: Entering directory `/blues/gpfs/home/tshu/project/bebop/MPI_in_MPI/bebop-psm2/korvo-build/build_area/enet/linux/CMakeFiles/CMakeTmp'
Building C object CMakeFiles/cmTC_112ad.dir/CheckFunctionExists.c.o
/usr/bin/cc   -fPIC -DCHECK_FUNCTION_EXISTS=poll -fPIE   -o CMakeFiles/cmTC_112ad.dir/CheckFunctionExists.c.o   -c /blues/gpfs/home/software/spack-0.10.1/opt/spack/linux-centos7-x86_64/intel-17.0.4/cmake-3.9.4-3tixtqtbd65zi6w4277fjte3z4vjpv4t/share/cmake-3.9/Modules/CheckFunctionExists.c
Linking C executable cmTC_112ad
/blues/gpfs/home/software/spack-0.10.1/opt/spack/linux-centos7-x86_64/intel-17.0.4/cmake-3.9.4-3tixtqtbd65zi6w4277fjte3z4vjpv4t/bin/cmake -E cmake_link_script CMakeFiles/cmTC_112ad.dir/link.txt --verbose=1
/usr/bin/cc -fPIC -DCHECK_FUNCTION_EXISTS=poll    -rdynamic CMakeFiles/cmTC_112ad.dir/CheckFunctionExists.c.o  -o cmTC_112ad 
gmake[1]: Leaving directory `/blues/gpfs/home/tshu/project/bebop/MPI_in_MPI/bebop-psm2/korvo-build/build_area/enet/linux/CMakeFiles/CMakeTmp'


Determining if the function fcntl exists passed with the following output:
Change Dir: /blues/gpfs/home/tshu/project/bebop/MPI_in_MPI/bebop-psm2/korvo-build/build_area/enet/linux/CMakeFiles/CMakeTmp

Run Build Command:"/usr/bin/gmake" "cmTC_ec2bd/fast"
/usr/bin/gmake -f CMakeFiles/cmTC_ec2bd.dir/build.make CMakeFiles/cmTC_ec2bd.dir/build
gmake[1]: Entering directory `/blues/gpfs/home/tshu/project/bebop/MPI_in_MPI/bebop-psm2/korvo-build/build_area/enet/linux/CMakeFiles/CMakeTmp'
Building C object CMakeFiles/cmTC_ec2bd.dir/CheckFunctionExists.c.o
/usr/bin/cc   -fPIC -DCHECK_FUNCTION_EXISTS=fcntl -fPIE   -o CMakeFiles/cmTC_ec2bd.dir/CheckFunctionExists.c.o   -c /blues/gpfs/home/software/spack-0.10.1/opt/spack/linux-centos7-x86_64/intel-17.0.4/cmake-3.9.4-3tixtqtbd65zi6w4277fjte3z4vjpv4t/share/cmake-3.9/Modules/CheckFunctionExists.c
Linking C executable cmTC_ec2bd
/blues/gpfs/home/software/spack-0.10.1/opt/spack/linux-centos7-x86_64/intel-17.0.4/cmake-3.9.4-3tixtqtbd65zi6w4277fjte3z4vjpv4t/bin/cmake -E cmake_link_script CMakeFiles/cmTC_ec2bd.dir/link.txt --verbose=1
/usr/bin/cc -fPIC -DCHECK_FUNCTION_EXISTS=fcntl    -rdynamic CMakeFiles/cmTC_ec2bd.dir/CheckFunctionExists.c.o  -o cmTC_ec2bd 
gmake[1]: Leaving directory `/blues/gpfs/home/tshu/project/bebop/MPI_in_MPI/bebop-psm2/korvo-build/build_area/enet/linux/CMakeFiles/CMakeTmp'


Determining if the function inet_pton exists passed with the following output:
Change Dir: /blues/gpfs/home/tshu/project/bebop/MPI_in_MPI/bebop-psm2/korvo-build/build_area/enet/linux/CMakeFiles/CMakeTmp

Run Build Command:"/usr/bin/gmake" "cmTC_246b8/fast"
/usr/bin/gmake -f CMakeFiles/cmTC_246b8.dir/build.make CMakeFiles/cmTC_246b8.dir/build
gmake[1]: Entering directory `/blues/gpfs/home/tshu/project/bebop/MPI_in_MPI/bebop-psm2/korvo-build/build_area/enet/linux/CMakeFiles/CMakeTmp'
Building C object CMakeFiles/cmTC_246b8.dir/CheckFunctionExists.c.o
/usr/bin/cc   -fPIC -DCHECK_FUNCTION_EXISTS=inet_pton -fPIE   -o CMakeFiles/cmTC_246b8.dir/CheckFunctionExists.c.o   -c /blues/gpfs/home/software/spack-0.10.1/opt/spack/linux-centos7-x86_64/intel-17.0.4/cmake-3.9.4-3tixtqtbd65zi6w4277fjte3z4vjpv4t/share/cmake-3.9/Modules/CheckFunctionExists.c
Linking C executable cmTC_246b8
/blues/gpfs/home/software/spack-0.10.1/opt/spack/linux-centos7-x86_64/intel-17.0.4/cmake-3.9.4-3tixtqtbd65zi6w4277fjte3z4vjpv4t/bin/cmake -E cmake_link_script CMakeFiles/cmTC_246b8.dir/link.txt --verbose=1
/usr/bin/cc -fPIC -DCHECK_FUNCTION_EXISTS=inet_pton    -rdynamic CMakeFiles/cmTC_246b8.dir/CheckFunctionExists.c.o  -o cmTC_246b8 
gmake[1]: Leaving directory `/blues/gpfs/home/tshu/project/bebop/MPI_in_MPI/bebop-psm2/korvo-build/build_area/enet/linux/CMakeFiles/CMakeTmp'


Determining if the function inet_ntop exists passed with the following output:
Change Dir: /blues/gpfs/home/tshu/project/bebop/MPI_in_MPI/bebop-psm2/korvo-build/build_area/enet/linux/CMakeFiles/CMakeTmp

Run Build Command:"/usr/bin/gmake" "cmTC_c7399/fast"
/usr/bin/gmake -f CMakeFiles/cmTC_c7399.dir/build.make CMakeFiles/cmTC_c7399.dir/build
gmake[1]: Entering directory `/blues/gpfs/home/tshu/project/bebop/MPI_in_MPI/bebop-psm2/korvo-build/build_area/enet/linux/CMakeFiles/CMakeTmp'
Building C object CMakeFiles/cmTC_c7399.dir/CheckFunctionExists.c.o
/usr/bin/cc   -fPIC -DCHECK_FUNCTION_EXISTS=inet_ntop -fPIE   -o CMakeFiles/cmTC_c7399.dir/CheckFunctionExists.c.o   -c /blues/gpfs/home/software/spack-0.10.1/opt/spack/linux-centos7-x86_64/intel-17.0.4/cmake-3.9.4-3tixtqtbd65zi6w4277fjte3z4vjpv4t/share/cmake-3.9/Modules/CheckFunctionExists.c
Linking C executable cmTC_c7399
/blues/gpfs/home/software/spack-0.10.1/opt/spack/linux-centos7-x86_64/intel-17.0.4/cmake-3.9.4-3tixtqtbd65zi6w4277fjte3z4vjpv4t/bin/cmake -E cmake_link_script CMakeFiles/cmTC_c7399.dir/link.txt --verbose=1
/usr/bin/cc -fPIC -DCHECK_FUNCTION_EXISTS=inet_ntop    -rdynamic CMakeFiles/cmTC_c7399.dir/CheckFunctionExists.c.o  -o cmTC_c7399 
gmake[1]: Leaving directory `/blues/gpfs/home/tshu/project/bebop/MPI_in_MPI/bebop-psm2/korvo-build/build_area/enet/linux/CMakeFiles/CMakeTmp'


Performing C SOURCE FILE Test HAS_MSGHDR_FLAGS succeeded with the following output:
Change Dir: /blues/gpfs/home/tshu/project/bebop/MPI_in_MPI/bebop-psm2/korvo-build/build_area/enet/linux/CMakeFiles/CMakeTmp

Run Build Command:"/usr/bin/gmake" "cmTC_75538/fast"
/usr/bin/gmake -f CMakeFiles/cmTC_75538.dir/build.make CMakeFiles/cmTC_75538.dir/build
gmake[1]: Entering directory `/blues/gpfs/home/tshu/project/bebop/MPI_in_MPI/bebop-psm2/korvo-build/build_area/enet/linux/CMakeFiles/CMakeTmp'
Building C object CMakeFiles/cmTC_75538.dir/src.c.o
/usr/bin/cc   -fPIC -DHAS_MSGHDR_FLAGS -fPIE   -o CMakeFiles/cmTC_75538.dir/src.c.o   -c /blues/gpfs/home/tshu/project/bebop/MPI_in_MPI/bebop-psm2/korvo-build/build_area/enet/linux/CMakeFiles/CMakeTmp/src.c
Linking C executable cmTC_75538
/blues/gpfs/home/software/spack-0.10.1/opt/spack/linux-centos7-x86_64/intel-17.0.4/cmake-3.9.4-3tixtqtbd65zi6w4277fjte3z4vjpv4t/bin/cmake -E cmake_link_script CMakeFiles/cmTC_75538.dir/link.txt --verbose=1
/usr/bin/cc -fPIC -DHAS_MSGHDR_FLAGS    -rdynamic CMakeFiles/cmTC_75538.dir/src.c.o  -o cmTC_75538 
gmake[1]: Leaving directory `/blues/gpfs/home/tshu/project/bebop/MPI_in_MPI/bebop-psm2/korvo-build/build_area/enet/linux/CMakeFiles/CMakeTmp'

Source file was:

#include <sys/socket.h>

int main()
{
   (void)sizeof(((struct msghdr *)0)->msg_flags);
   return 0;
}

Performing C SOURCE FILE Test HAS_SOCKLEN_T succeeded with the following output:
Change Dir: /blues/gpfs/home/tshu/project/bebop/MPI_in_MPI/bebop-psm2/korvo-build/build_area/enet/linux/CMakeFiles/CMakeTmp

Run Build Command:"/usr/bin/gmake" "cmTC_cd554/fast"
/usr/bin/gmake -f CMakeFiles/cmTC_cd554.dir/build.make CMakeFiles/cmTC_cd554.dir/build
gmake[1]: Entering directory `/blues/gpfs/home/tshu/project/bebop/MPI_in_MPI/bebop-psm2/korvo-build/build_area/enet/linux/CMakeFiles/CMakeTmp'
Building C object CMakeFiles/cmTC_cd554.dir/src.c.o
/usr/bin/cc   -fPIC -DHAS_SOCKLEN_T -fPIE   -o CMakeFiles/cmTC_cd554.dir/src.c.o   -c /blues/gpfs/home/tshu/project/bebop/MPI_in_MPI/bebop-psm2/korvo-build/build_area/enet/linux/CMakeFiles/CMakeTmp/src.c
Linking C executable cmTC_cd554
/blues/gpfs/home/software/spack-0.10.1/opt/spack/linux-centos7-x86_64/intel-17.0.4/cmake-3.9.4-3tixtqtbd65zi6w4277fjte3z4vjpv4t/bin/cmake -E cmake_link_script CMakeFiles/cmTC_cd554.dir/link.txt --verbose=1
/usr/bin/cc -fPIC -DHAS_SOCKLEN_T    -rdynamic CMakeFiles/cmTC_cd554.dir/src.c.o  -o cmTC_cd554 
gmake[1]: Leaving directory `/blues/gpfs/home/tshu/project/bebop/MPI_in_MPI/bebop-psm2/korvo-build/build_area/enet/linux/CMakeFiles/CMakeTmp'

Source file was:
#include <sys/socket.h>
int main() { return sizeof(socklen_t); } 
