The system is: Linux - 3.10.0-693.21.1.el7.x86_64 - x86_64
Compiling the C compiler identification source file "CMakeCCompilerId.c" succeeded.
Compiler: /usr/bin/cc 
Build flags: -fPIC
Id flags:  

The output was:
0


Compilation of the C compiler identification source "CMakeCCompilerId.c" produced "a.out"

The C compiler identification is GNU, found in "/blues/gpfs/home/tshu/project/bebop/MPI_in_MPI/bebop-psm2/korvo-build/build_area/evpath/linux/CMakeFiles/3.9.4/CompilerIdC/a.out"

Determining if the C compiler works passed with the following output:
Change Dir: /blues/gpfs/home/tshu/project/bebop/MPI_in_MPI/bebop-psm2/korvo-build/build_area/evpath/linux/CMakeFiles/CMakeTmp

Run Build Command:"/usr/bin/gmake" "cmTC_53b9c/fast"
/usr/bin/gmake -f CMakeFiles/cmTC_53b9c.dir/build.make CMakeFiles/cmTC_53b9c.dir/build
gmake[1]: Entering directory `/blues/gpfs/home/tshu/project/bebop/MPI_in_MPI/bebop-psm2/korvo-build/build_area/evpath/linux/CMakeFiles/CMakeTmp'
Building C object CMakeFiles/cmTC_53b9c.dir/testCCompiler.c.o
/usr/bin/cc   -fPIC    -o CMakeFiles/cmTC_53b9c.dir/testCCompiler.c.o   -c /blues/gpfs/home/tshu/project/bebop/MPI_in_MPI/bebop-psm2/korvo-build/build_area/evpath/linux/CMakeFiles/CMakeTmp/testCCompiler.c
Linking C executable cmTC_53b9c
/blues/gpfs/home/software/spack-0.10.1/opt/spack/linux-centos7-x86_64/intel-17.0.4/cmake-3.9.4-3tixtqtbd65zi6w4277fjte3z4vjpv4t/bin/cmake -E cmake_link_script CMakeFiles/cmTC_53b9c.dir/link.txt --verbose=1
/usr/bin/cc -fPIC     -rdynamic CMakeFiles/cmTC_53b9c.dir/testCCompiler.c.o  -o cmTC_53b9c 
gmake[1]: Leaving directory `/blues/gpfs/home/tshu/project/bebop/MPI_in_MPI/bebop-psm2/korvo-build/build_area/evpath/linux/CMakeFiles/CMakeTmp'


Detecting C compiler ABI info compiled with the following output:
Change Dir: /blues/gpfs/home/tshu/project/bebop/MPI_in_MPI/bebop-psm2/korvo-build/build_area/evpath/linux/CMakeFiles/CMakeTmp

Run Build Command:"/usr/bin/gmake" "cmTC_abb3a/fast"
/usr/bin/gmake -f CMakeFiles/cmTC_abb3a.dir/build.make CMakeFiles/cmTC_abb3a.dir/build
gmake[1]: Entering directory `/blues/gpfs/home/tshu/project/bebop/MPI_in_MPI/bebop-psm2/korvo-build/build_area/evpath/linux/CMakeFiles/CMakeTmp'
Building C object CMakeFiles/cmTC_abb3a.dir/CMakeCCompilerABI.c.o
/usr/bin/cc   -fPIC    -o CMakeFiles/cmTC_abb3a.dir/CMakeCCompilerABI.c.o   -c /blues/gpfs/home/software/spack-0.10.1/opt/spack/linux-centos7-x86_64/intel-17.0.4/cmake-3.9.4-3tixtqtbd65zi6w4277fjte3z4vjpv4t/share/cmake-3.9/Modules/CMakeCCompilerABI.c
Linking C executable cmTC_abb3a
/blues/gpfs/home/software/spack-0.10.1/opt/spack/linux-centos7-x86_64/intel-17.0.4/cmake-3.9.4-3tixtqtbd65zi6w4277fjte3z4vjpv4t/bin/cmake -E cmake_link_script CMakeFiles/cmTC_abb3a.dir/link.txt --verbose=1
/usr/bin/cc -fPIC    -v -rdynamic CMakeFiles/cmTC_abb3a.dir/CMakeCCompilerABI.c.o  -o cmTC_abb3a 
Using built-in specs.
COLLECT_GCC=/usr/bin/cc
COLLECT_LTO_WRAPPER=/usr/libexec/gcc/x86_64-redhat-linux/4.8.5/lto-wrapper
Target: x86_64-redhat-linux
Configured with: ../configure --prefix=/usr --mandir=/usr/share/man --infodir=/usr/share/info --with-bugurl=http://bugzilla.redhat.com/bugzilla --enable-bootstrap --enable-shared --enable-threads=posix --enable-checking=release --with-system-zlib --enable-__cxa_atexit --disable-libunwind-exceptions --enable-gnu-unique-object --enable-linker-build-id --with-linker-hash-style=gnu --enable-languages=c,c++,objc,obj-c++,java,fortran,ada,go,lto --enable-plugin --enable-initfini-array --disable-libgcj --with-isl=/builddir/build/BUILD/gcc-4.8.5-20150702/obj-x86_64-redhat-linux/isl-install --with-cloog=/builddir/build/BUILD/gcc-4.8.5-20150702/obj-x86_64-redhat-linux/cloog-install --enable-gnu-indirect-function --with-tune=generic --with-arch_32=x86-64 --build=x86_64-redhat-linux
Thread model: posix
gcc version 4.8.5 20150623 (Red Hat 4.8.5-16) (GCC) 
COMPILER_PATH=/usr/libexec/gcc/x86_64-redhat-linux/4.8.5/:/usr/libexec/gcc/x86_64-redhat-linux/4.8.5/:/usr/libexec/gcc/x86_64-redhat-linux/:/usr/lib/gcc/x86_64-redhat-linux/4.8.5/:/usr/lib/gcc/x86_64-redhat-linux/
LIBRARY_PATH=/blues/gpfs/home/software/spack-0.10.1/opt/spack/linux-centos7-x86_64/gcc-4.8.5/gcc-7.1.0-4bgguypumyezlt6vfhha3ukntrlrx7fq/lib64/../lib64/:/blues/gpfs/home/software/spack-0.10.1/opt/spack/linux-centos7-x86_64/gcc-4.8.5/gcc-7.1.0-4bgguypumyezlt6vfhha3ukntrlrx7fq/lib/../lib64/:/usr/lib/gcc/x86_64-redhat-linux/4.8.5/:/usr/lib/gcc/x86_64-redhat-linux/4.8.5/../../../../lib64/:/lib/../lib64/:/usr/lib/../lib64/:/blues/gpfs/home/software/spack-0.10.1/opt/spack/linux-centos7-x86_64/gcc-4.8.5/gcc-7.1.0-4bgguypumyezlt6vfhha3ukntrlrx7fq/lib64/:/blues/gpfs/home/software/spack-0.10.1/opt/spack/linux-centos7-x86_64/gcc-4.8.5/gcc-7.1.0-4bgguypumyezlt6vfhha3ukntrlrx7fq/lib/:/blues/gpfs/home/software/spack-0.10.1/opt/spack/linux-centos7-x86_64/gcc-4.8.5/intel-17.0.4-74uvhjiulyqgvsmywifbbuo46v5n42xc/tbb/lib/intel64/gcc4.4/:/blues/gpfs/home/software/spack-0.10.1/opt/spack/linux-centos7-x86_64/gcc-4.8.5/intel-17.0.4-74uvhjiulyqgvsmywifbbuo46v5n42xc/lib/intel64/:/usr/lib/gcc/x86_64-redhat-linux/4.8.5/../../../:/lib/:/usr/lib/
COLLECT_GCC_OPTIONS='-fPIC' '-v' '-rdynamic' '-o' 'cmTC_abb3a' '-mtune=generic' '-march=x86-64'
 /usr/libexec/gcc/x86_64-redhat-linux/4.8.5/collect2 --build-id --no-add-needed --eh-frame-hdr --hash-style=gnu -m elf_x86_64 -export-dynamic -dynamic-linker /lib64/ld-linux-x86-64.so.2 -o cmTC_abb3a /usr/lib/gcc/x86_64-redhat-linux/4.8.5/../../../../lib64/crt1.o /usr/lib/gcc/x86_64-redhat-linux/4.8.5/../../../../lib64/crti.o /usr/lib/gcc/x86_64-redhat-linux/4.8.5/crtbegin.o -L/blues/gpfs/home/software/spack-0.10.1/opt/spack/linux-centos7-x86_64/gcc-4.8.5/gcc-7.1.0-4bgguypumyezlt6vfhha3ukntrlrx7fq/lib64/../lib64 -L/blues/gpfs/home/software/spack-0.10.1/opt/spack/linux-centos7-x86_64/gcc-4.8.5/gcc-7.1.0-4bgguypumyezlt6vfhha3ukntrlrx7fq/lib/../lib64 -L/usr/lib/gcc/x86_64-redhat-linux/4.8.5 -L/usr/lib/gcc/x86_64-redhat-linux/4.8.5/../../../../lib64 -L/lib/../lib64 -L/usr/lib/../lib64 -L/blues/gpfs/home/software/spack-0.10.1/opt/spack/linux-centos7-x86_64/gcc-4.8.5/gcc-7.1.0-4bgguypumyezlt6vfhha3ukntrlrx7fq/lib64 -L/blues/gpfs/home/software/spack-0.10.1/opt/spack/linux-centos7-x86_64/gcc-4.8.5/gcc-7.1.0-4bgguypumyezlt6vfhha3ukntrlrx7fq/lib -L/blues/gpfs/home/software/spack-0.10.1/opt/spack/linux-centos7-x86_64/gcc-4.8.5/intel-17.0.4-74uvhjiulyqgvsmywifbbuo46v5n42xc/tbb/lib/intel64/gcc4.4 -L/blues/gpfs/home/software/spack-0.10.1/opt/spack/linux-centos7-x86_64/gcc-4.8.5/intel-17.0.4-74uvhjiulyqgvsmywifbbuo46v5n42xc/lib/intel64 -L/usr/lib/gcc/x86_64-redhat-linux/4.8.5/../../.. CMakeFiles/cmTC_abb3a.dir/CMakeCCompilerABI.c.o -lgcc --as-needed -lgcc_s --no-as-needed -lc -lgcc --as-needed -lgcc_s --no-as-needed /usr/lib/gcc/x86_64-redhat-linux/4.8.5/crtend.o /usr/lib/gcc/x86_64-redhat-linux/4.8.5/../../../../lib64/crtn.o
gmake[1]: Leaving directory `/blues/gpfs/home/tshu/project/bebop/MPI_in_MPI/bebop-psm2/korvo-build/build_area/evpath/linux/CMakeFiles/CMakeTmp'


Parsed C implicit link information from above output:
  link line regex: [^( *|.*[/\])(ld|CMAKE_LINK_STARTFILE-NOTFOUND|([^/\]+-)?ld|collect2)[^/\]*( |$)]
  ignore line: [Change Dir: /blues/gpfs/home/tshu/project/bebop/MPI_in_MPI/bebop-psm2/korvo-build/build_area/evpath/linux/CMakeFiles/CMakeTmp]
  ignore line: []
  ignore line: [Run Build Command:"/usr/bin/gmake" "cmTC_abb3a/fast"]
  ignore line: [/usr/bin/gmake -f CMakeFiles/cmTC_abb3a.dir/build.make CMakeFiles/cmTC_abb3a.dir/build]
  ignore line: [gmake[1]: Entering directory `/blues/gpfs/home/tshu/project/bebop/MPI_in_MPI/bebop-psm2/korvo-build/build_area/evpath/linux/CMakeFiles/CMakeTmp']
  ignore line: [Building C object CMakeFiles/cmTC_abb3a.dir/CMakeCCompilerABI.c.o]
  ignore line: [/usr/bin/cc   -fPIC    -o CMakeFiles/cmTC_abb3a.dir/CMakeCCompilerABI.c.o   -c /blues/gpfs/home/software/spack-0.10.1/opt/spack/linux-centos7-x86_64/intel-17.0.4/cmake-3.9.4-3tixtqtbd65zi6w4277fjte3z4vjpv4t/share/cmake-3.9/Modules/CMakeCCompilerABI.c]
  ignore line: [Linking C executable cmTC_abb3a]
  ignore line: [/blues/gpfs/home/software/spack-0.10.1/opt/spack/linux-centos7-x86_64/intel-17.0.4/cmake-3.9.4-3tixtqtbd65zi6w4277fjte3z4vjpv4t/bin/cmake -E cmake_link_script CMakeFiles/cmTC_abb3a.dir/link.txt --verbose=1]
  ignore line: [/usr/bin/cc -fPIC    -v -rdynamic CMakeFiles/cmTC_abb3a.dir/CMakeCCompilerABI.c.o  -o cmTC_abb3a ]
  ignore line: [Using built-in specs.]
  ignore line: [COLLECT_GCC=/usr/bin/cc]
  ignore line: [COLLECT_LTO_WRAPPER=/usr/libexec/gcc/x86_64-redhat-linux/4.8.5/lto-wrapper]
  ignore line: [Target: x86_64-redhat-linux]
  ignore line: [Configured with: ../configure --prefix=/usr --mandir=/usr/share/man --infodir=/usr/share/info --with-bugurl=http://bugzilla.redhat.com/bugzilla --enable-bootstrap --enable-shared --enable-threads=posix --enable-checking=release --with-system-zlib --enable-__cxa_atexit --disable-libunwind-exceptions --enable-gnu-unique-object --enable-linker-build-id --with-linker-hash-style=gnu --enable-languages=c,c++,objc,obj-c++,java,fortran,ada,go,lto --enable-plugin --enable-initfini-array --disable-libgcj --with-isl=/builddir/build/BUILD/gcc-4.8.5-20150702/obj-x86_64-redhat-linux/isl-install --with-cloog=/builddir/build/BUILD/gcc-4.8.5-20150702/obj-x86_64-redhat-linux/cloog-install --enable-gnu-indirect-function --with-tune=generic --with-arch_32=x86-64 --build=x86_64-redhat-linux]
  ignore line: [Thread model: posix]
  ignore line: [gcc version 4.8.5 20150623 (Red Hat 4.8.5-16) (GCC) ]
  ignore line: [COMPILER_PATH=/usr/libexec/gcc/x86_64-redhat-linux/4.8.5/:/usr/libexec/gcc/x86_64-redhat-linux/4.8.5/:/usr/libexec/gcc/x86_64-redhat-linux/:/usr/lib/gcc/x86_64-redhat-linux/4.8.5/:/usr/lib/gcc/x86_64-redhat-linux/]
  ignore line: [LIBRARY_PATH=/blues/gpfs/home/software/spack-0.10.1/opt/spack/linux-centos7-x86_64/gcc-4.8.5/gcc-7.1.0-4bgguypumyezlt6vfhha3ukntrlrx7fq/lib64/../lib64/:/blues/gpfs/home/software/spack-0.10.1/opt/spack/linux-centos7-x86_64/gcc-4.8.5/gcc-7.1.0-4bgguypumyezlt6vfhha3ukntrlrx7fq/lib/../lib64/:/usr/lib/gcc/x86_64-redhat-linux/4.8.5/:/usr/lib/gcc/x86_64-redhat-linux/4.8.5/../../../../lib64/:/lib/../lib64/:/usr/lib/../lib64/:/blues/gpfs/home/software/spack-0.10.1/opt/spack/linux-centos7-x86_64/gcc-4.8.5/gcc-7.1.0-4bgguypumyezlt6vfhha3ukntrlrx7fq/lib64/:/blues/gpfs/home/software/spack-0.10.1/opt/spack/linux-centos7-x86_64/gcc-4.8.5/gcc-7.1.0-4bgguypumyezlt6vfhha3ukntrlrx7fq/lib/:/blues/gpfs/home/software/spack-0.10.1/opt/spack/linux-centos7-x86_64/gcc-4.8.5/intel-17.0.4-74uvhjiulyqgvsmywifbbuo46v5n42xc/tbb/lib/intel64/gcc4.4/:/blues/gpfs/home/software/spack-0.10.1/opt/spack/linux-centos7-x86_64/gcc-4.8.5/intel-17.0.4-74uvhjiulyqgvsmywifbbuo46v5n42xc/lib/intel64/:/usr/lib/gcc/x86_64-redhat-linux/4.8.5/../../../:/lib/:/usr/lib/]
  ignore line: [COLLECT_GCC_OPTIONS='-fPIC' '-v' '-rdynamic' '-o' 'cmTC_abb3a' '-mtune=generic' '-march=x86-64']
  link line: [ /usr/libexec/gcc/x86_64-redhat-linux/4.8.5/collect2 --build-id --no-add-needed --eh-frame-hdr --hash-style=gnu -m elf_x86_64 -export-dynamic -dynamic-linker /lib64/ld-linux-x86-64.so.2 -o cmTC_abb3a /usr/lib/gcc/x86_64-redhat-linux/4.8.5/../../../../lib64/crt1.o /usr/lib/gcc/x86_64-redhat-linux/4.8.5/../../../../lib64/crti.o /usr/lib/gcc/x86_64-redhat-linux/4.8.5/crtbegin.o -L/blues/gpfs/home/software/spack-0.10.1/opt/spack/linux-centos7-x86_64/gcc-4.8.5/gcc-7.1.0-4bgguypumyezlt6vfhha3ukntrlrx7fq/lib64/../lib64 -L/blues/gpfs/home/software/spack-0.10.1/opt/spack/linux-centos7-x86_64/gcc-4.8.5/gcc-7.1.0-4bgguypumyezlt6vfhha3ukntrlrx7fq/lib/../lib64 -L/usr/lib/gcc/x86_64-redhat-linux/4.8.5 -L/usr/lib/gcc/x86_64-redhat-linux/4.8.5/../../../../lib64 -L/lib/../lib64 -L/usr/lib/../lib64 -L/blues/gpfs/home/software/spack-0.10.1/opt/spack/linux-centos7-x86_64/gcc-4.8.5/gcc-7.1.0-4bgguypumyezlt6vfhha3ukntrlrx7fq/lib64 -L/blues/gpfs/home/software/spack-0.10.1/opt/spack/linux-centos7-x86_64/gcc-4.8.5/gcc-7.1.0-4bgguypumyezlt6vfhha3ukntrlrx7fq/lib -L/blues/gpfs/home/software/spack-0.10.1/opt/spack/linux-centos7-x86_64/gcc-4.8.5/intel-17.0.4-74uvhjiulyqgvsmywifbbuo46v5n42xc/tbb/lib/intel64/gcc4.4 -L/blues/gpfs/home/software/spack-0.10.1/opt/spack/linux-centos7-x86_64/gcc-4.8.5/intel-17.0.4-74uvhjiulyqgvsmywifbbuo46v5n42xc/lib/intel64 -L/usr/lib/gcc/x86_64-redhat-linux/4.8.5/../../.. CMakeFiles/cmTC_abb3a.dir/CMakeCCompilerABI.c.o -lgcc --as-needed -lgcc_s --no-as-needed -lc -lgcc --as-needed -lgcc_s --no-as-needed /usr/lib/gcc/x86_64-redhat-linux/4.8.5/crtend.o /usr/lib/gcc/x86_64-redhat-linux/4.8.5/../../../../lib64/crtn.o]
    arg [/usr/libexec/gcc/x86_64-redhat-linux/4.8.5/collect2] ==> ignore
    arg [--build-id] ==> ignore
    arg [--no-add-needed] ==> ignore
    arg [--eh-frame-hdr] ==> ignore
    arg [--hash-style=gnu] ==> ignore
    arg [-m] ==> ignore
    arg [elf_x86_64] ==> ignore
    arg [-export-dynamic] ==> ignore
    arg [-dynamic-linker] ==> ignore
    arg [/lib64/ld-linux-x86-64.so.2] ==> ignore
    arg [-o] ==> ignore
    arg [cmTC_abb3a] ==> ignore
    arg [/usr/lib/gcc/x86_64-redhat-linux/4.8.5/../../../../lib64/crt1.o] ==> ignore
    arg [/usr/lib/gcc/x86_64-redhat-linux/4.8.5/../../../../lib64/crti.o] ==> ignore
    arg [/usr/lib/gcc/x86_64-redhat-linux/4.8.5/crtbegin.o] ==> ignore
    arg [-L/blues/gpfs/home/software/spack-0.10.1/opt/spack/linux-centos7-x86_64/gcc-4.8.5/gcc-7.1.0-4bgguypumyezlt6vfhha3ukntrlrx7fq/lib64/../lib64] ==> dir [/blues/gpfs/home/software/spack-0.10.1/opt/spack/linux-centos7-x86_64/gcc-4.8.5/gcc-7.1.0-4bgguypumyezlt6vfhha3ukntrlrx7fq/lib64/../lib64]
    arg [-L/blues/gpfs/home/software/spack-0.10.1/opt/spack/linux-centos7-x86_64/gcc-4.8.5/gcc-7.1.0-4bgguypumyezlt6vfhha3ukntrlrx7fq/lib/../lib64] ==> dir [/blues/gpfs/home/software/spack-0.10.1/opt/spack/linux-centos7-x86_64/gcc-4.8.5/gcc-7.1.0-4bgguypumyezlt6vfhha3ukntrlrx7fq/lib/../lib64]
    arg [-L/usr/lib/gcc/x86_64-redhat-linux/4.8.5] ==> dir [/usr/lib/gcc/x86_64-redhat-linux/4.8.5]
    arg [-L/usr/lib/gcc/x86_64-redhat-linux/4.8.5/../../../../lib64] ==> dir [/usr/lib/gcc/x86_64-redhat-linux/4.8.5/../../../../lib64]
    arg [-L/lib/../lib64] ==> dir [/lib/../lib64]
    arg [-L/usr/lib/../lib64] ==> dir [/usr/lib/../lib64]
    arg [-L/blues/gpfs/home/software/spack-0.10.1/opt/spack/linux-centos7-x86_64/gcc-4.8.5/gcc-7.1.0-4bgguypumyezlt6vfhha3ukntrlrx7fq/lib64] ==> dir [/blues/gpfs/home/software/spack-0.10.1/opt/spack/linux-centos7-x86_64/gcc-4.8.5/gcc-7.1.0-4bgguypumyezlt6vfhha3ukntrlrx7fq/lib64]
    arg [-L/blues/gpfs/home/software/spack-0.10.1/opt/spack/linux-centos7-x86_64/gcc-4.8.5/gcc-7.1.0-4bgguypumyezlt6vfhha3ukntrlrx7fq/lib] ==> dir [/blues/gpfs/home/software/spack-0.10.1/opt/spack/linux-centos7-x86_64/gcc-4.8.5/gcc-7.1.0-4bgguypumyezlt6vfhha3ukntrlrx7fq/lib]
    arg [-L/blues/gpfs/home/software/spack-0.10.1/opt/spack/linux-centos7-x86_64/gcc-4.8.5/intel-17.0.4-74uvhjiulyqgvsmywifbbuo46v5n42xc/tbb/lib/intel64/gcc4.4] ==> dir [/blues/gpfs/home/software/spack-0.10.1/opt/spack/linux-centos7-x86_64/gcc-4.8.5/intel-17.0.4-74uvhjiulyqgvsmywifbbuo46v5n42xc/tbb/lib/intel64/gcc4.4]
    arg [-L/blues/gpfs/home/software/spack-0.10.1/opt/spack/linux-centos7-x86_64/gcc-4.8.5/intel-17.0.4-74uvhjiulyqgvsmywifbbuo46v5n42xc/lib/intel64] ==> dir [/blues/gpfs/home/software/spack-0.10.1/opt/spack/linux-centos7-x86_64/gcc-4.8.5/intel-17.0.4-74uvhjiulyqgvsmywifbbuo46v5n42xc/lib/intel64]
    arg [-L/usr/lib/gcc/x86_64-redhat-linux/4.8.5/../../..] ==> dir [/usr/lib/gcc/x86_64-redhat-linux/4.8.5/../../..]
    arg [CMakeFiles/cmTC_abb3a.dir/CMakeCCompilerABI.c.o] ==> ignore
    arg [-lgcc] ==> lib [gcc]
    arg [--as-needed] ==> ignore
    arg [-lgcc_s] ==> lib [gcc_s]
    arg [--no-as-needed] ==> ignore
    arg [-lc] ==> lib [c]
    arg [-lgcc] ==> lib [gcc]
    arg [--as-needed] ==> ignore
    arg [-lgcc_s] ==> lib [gcc_s]
    arg [--no-as-needed] ==> ignore
    arg [/usr/lib/gcc/x86_64-redhat-linux/4.8.5/crtend.o] ==> ignore
    arg [/usr/lib/gcc/x86_64-redhat-linux/4.8.5/../../../../lib64/crtn.o] ==> ignore
  collapse library dir [/blues/gpfs/home/software/spack-0.10.1/opt/spack/linux-centos7-x86_64/gcc-4.8.5/gcc-7.1.0-4bgguypumyezlt6vfhha3ukntrlrx7fq/lib64/../lib64] ==> [/blues/gpfs/home/software/spack-0.10.1/opt/spack/linux-centos7-x86_64/gcc-4.8.5/gcc-7.1.0-4bgguypumyezlt6vfhha3ukntrlrx7fq/lib64]
  collapse library dir [/blues/gpfs/home/software/spack-0.10.1/opt/spack/linux-centos7-x86_64/gcc-4.8.5/gcc-7.1.0-4bgguypumyezlt6vfhha3ukntrlrx7fq/lib/../lib64] ==> [/blues/gpfs/home/software/spack-0.10.1/opt/spack/linux-centos7-x86_64/gcc-4.8.5/gcc-7.1.0-4bgguypumyezlt6vfhha3ukntrlrx7fq/lib64]
  collapse library dir [/usr/lib/gcc/x86_64-redhat-linux/4.8.5] ==> [/usr/lib/gcc/x86_64-redhat-linux/4.8.5]
  collapse library dir [/usr/lib/gcc/x86_64-redhat-linux/4.8.5/../../../../lib64] ==> [/usr/lib64]
  collapse library dir [/lib/../lib64] ==> [/lib64]
  collapse library dir [/usr/lib/../lib64] ==> [/usr/lib64]
  collapse library dir [/blues/gpfs/home/software/spack-0.10.1/opt/spack/linux-centos7-x86_64/gcc-4.8.5/gcc-7.1.0-4bgguypumyezlt6vfhha3ukntrlrx7fq/lib64] ==> [/blues/gpfs/home/software/spack-0.10.1/opt/spack/linux-centos7-x86_64/gcc-4.8.5/gcc-7.1.0-4bgguypumyezlt6vfhha3ukntrlrx7fq/lib64]
  collapse library dir [/blues/gpfs/home/software/spack-0.10.1/opt/spack/linux-centos7-x86_64/gcc-4.8.5/gcc-7.1.0-4bgguypumyezlt6vfhha3ukntrlrx7fq/lib] ==> [/blues/gpfs/home/software/spack-0.10.1/opt/spack/linux-centos7-x86_64/gcc-4.8.5/gcc-7.1.0-4bgguypumyezlt6vfhha3ukntrlrx7fq/lib]
  collapse library dir [/blues/gpfs/home/software/spack-0.10.1/opt/spack/linux-centos7-x86_64/gcc-4.8.5/intel-17.0.4-74uvhjiulyqgvsmywifbbuo46v5n42xc/tbb/lib/intel64/gcc4.4] ==> [/blues/gpfs/home/software/spack-0.10.1/opt/spack/linux-centos7-x86_64/gcc-4.8.5/intel-17.0.4-74uvhjiulyqgvsmywifbbuo46v5n42xc/tbb/lib/intel64/gcc4.4]
  collapse library dir [/blues/gpfs/home/software/spack-0.10.1/opt/spack/linux-centos7-x86_64/gcc-4.8.5/intel-17.0.4-74uvhjiulyqgvsmywifbbuo46v5n42xc/lib/intel64] ==> [/blues/gpfs/home/software/spack-0.10.1/opt/spack/linux-centos7-x86_64/gcc-4.8.5/intel-17.0.4-74uvhjiulyqgvsmywifbbuo46v5n42xc/lib/intel64]
  collapse library dir [/usr/lib/gcc/x86_64-redhat-linux/4.8.5/../../..] ==> [/usr/lib]
  implicit libs: [gcc;gcc_s;c;gcc;gcc_s]
  implicit dirs: [/blues/gpfs/home/software/spack-0.10.1/opt/spack/linux-centos7-x86_64/gcc-4.8.5/gcc-7.1.0-4bgguypumyezlt6vfhha3ukntrlrx7fq/lib64;/usr/lib/gcc/x86_64-redhat-linux/4.8.5;/usr/lib64;/lib64;/blues/gpfs/home/software/spack-0.10.1/opt/spack/linux-centos7-x86_64/gcc-4.8.5/gcc-7.1.0-4bgguypumyezlt6vfhha3ukntrlrx7fq/lib;/blues/gpfs/home/software/spack-0.10.1/opt/spack/linux-centos7-x86_64/gcc-4.8.5/intel-17.0.4-74uvhjiulyqgvsmywifbbuo46v5n42xc/tbb/lib/intel64/gcc4.4;/blues/gpfs/home/software/spack-0.10.1/opt/spack/linux-centos7-x86_64/gcc-4.8.5/intel-17.0.4-74uvhjiulyqgvsmywifbbuo46v5n42xc/lib/intel64;/usr/lib]
  implicit fwks: []




Detecting C [-std=c11] compiler features compiled with the following output:
Change Dir: /blues/gpfs/home/tshu/project/bebop/MPI_in_MPI/bebop-psm2/korvo-build/build_area/evpath/linux/CMakeFiles/CMakeTmp

Run Build Command:"/usr/bin/gmake" "cmTC_1bef2/fast"
/usr/bin/gmake -f CMakeFiles/cmTC_1bef2.dir/build.make CMakeFiles/cmTC_1bef2.dir/build
gmake[1]: Entering directory `/blues/gpfs/home/tshu/project/bebop/MPI_in_MPI/bebop-psm2/korvo-build/build_area/evpath/linux/CMakeFiles/CMakeTmp'
Building C object CMakeFiles/cmTC_1bef2.dir/feature_tests.c.o
/usr/bin/cc   -fPIC    -std=c11 -o CMakeFiles/cmTC_1bef2.dir/feature_tests.c.o   -c /blues/gpfs/home/tshu/project/bebop/MPI_in_MPI/bebop-psm2/korvo-build/build_area/evpath/linux/CMakeFiles/feature_tests.c
Linking C executable cmTC_1bef2
/blues/gpfs/home/software/spack-0.10.1/opt/spack/linux-centos7-x86_64/intel-17.0.4/cmake-3.9.4-3tixtqtbd65zi6w4277fjte3z4vjpv4t/bin/cmake -E cmake_link_script CMakeFiles/cmTC_1bef2.dir/link.txt --verbose=1
/usr/bin/cc -fPIC     -rdynamic CMakeFiles/cmTC_1bef2.dir/feature_tests.c.o  -o cmTC_1bef2 
gmake[1]: Leaving directory `/blues/gpfs/home/tshu/project/bebop/MPI_in_MPI/bebop-psm2/korvo-build/build_area/evpath/linux/CMakeFiles/CMakeTmp'


    Feature record: C_FEATURE:1c_function_prototypes
    Feature record: C_FEATURE:1c_restrict
    Feature record: C_FEATURE:1c_static_assert
    Feature record: C_FEATURE:1c_variadic_macros


Detecting C [-std=c99] compiler features compiled with the following output:
Change Dir: /blues/gpfs/home/tshu/project/bebop/MPI_in_MPI/bebop-psm2/korvo-build/build_area/evpath/linux/CMakeFiles/CMakeTmp

Run Build Command:"/usr/bin/gmake" "cmTC_0b24c/fast"
/usr/bin/gmake -f CMakeFiles/cmTC_0b24c.dir/build.make CMakeFiles/cmTC_0b24c.dir/build
gmake[1]: Entering directory `/blues/gpfs/home/tshu/project/bebop/MPI_in_MPI/bebop-psm2/korvo-build/build_area/evpath/linux/CMakeFiles/CMakeTmp'
Building C object CMakeFiles/cmTC_0b24c.dir/feature_tests.c.o
/usr/bin/cc   -fPIC    -std=c99 -o CMakeFiles/cmTC_0b24c.dir/feature_tests.c.o   -c /blues/gpfs/home/tshu/project/bebop/MPI_in_MPI/bebop-psm2/korvo-build/build_area/evpath/linux/CMakeFiles/feature_tests.c
Linking C executable cmTC_0b24c
/blues/gpfs/home/software/spack-0.10.1/opt/spack/linux-centos7-x86_64/intel-17.0.4/cmake-3.9.4-3tixtqtbd65zi6w4277fjte3z4vjpv4t/bin/cmake -E cmake_link_script CMakeFiles/cmTC_0b24c.dir/link.txt --verbose=1
/usr/bin/cc -fPIC     -rdynamic CMakeFiles/cmTC_0b24c.dir/feature_tests.c.o  -o cmTC_0b24c 
gmake[1]: Leaving directory `/blues/gpfs/home/tshu/project/bebop/MPI_in_MPI/bebop-psm2/korvo-build/build_area/evpath/linux/CMakeFiles/CMakeTmp'


    Feature record: C_FEATURE:1c_function_prototypes
    Feature record: C_FEATURE:1c_restrict
    Feature record: C_FEATURE:0c_static_assert
    Feature record: C_FEATURE:1c_variadic_macros


Detecting C [-std=c90] compiler features compiled with the following output:
Change Dir: /blues/gpfs/home/tshu/project/bebop/MPI_in_MPI/bebop-psm2/korvo-build/build_area/evpath/linux/CMakeFiles/CMakeTmp

Run Build Command:"/usr/bin/gmake" "cmTC_bb189/fast"
/usr/bin/gmake -f CMakeFiles/cmTC_bb189.dir/build.make CMakeFiles/cmTC_bb189.dir/build
gmake[1]: Entering directory `/blues/gpfs/home/tshu/project/bebop/MPI_in_MPI/bebop-psm2/korvo-build/build_area/evpath/linux/CMakeFiles/CMakeTmp'
Building C object CMakeFiles/cmTC_bb189.dir/feature_tests.c.o
/usr/bin/cc   -fPIC    -std=c90 -o CMakeFiles/cmTC_bb189.dir/feature_tests.c.o   -c /blues/gpfs/home/tshu/project/bebop/MPI_in_MPI/bebop-psm2/korvo-build/build_area/evpath/linux/CMakeFiles/feature_tests.c
Linking C executable cmTC_bb189
/blues/gpfs/home/software/spack-0.10.1/opt/spack/linux-centos7-x86_64/intel-17.0.4/cmake-3.9.4-3tixtqtbd65zi6w4277fjte3z4vjpv4t/bin/cmake -E cmake_link_script CMakeFiles/cmTC_bb189.dir/link.txt --verbose=1
/usr/bin/cc -fPIC     -rdynamic CMakeFiles/cmTC_bb189.dir/feature_tests.c.o  -o cmTC_bb189 
gmake[1]: Leaving directory `/blues/gpfs/home/tshu/project/bebop/MPI_in_MPI/bebop-psm2/korvo-build/build_area/evpath/linux/CMakeFiles/CMakeTmp'


    Feature record: C_FEATURE:1c_function_prototypes
    Feature record: C_FEATURE:0c_restrict
    Feature record: C_FEATURE:0c_static_assert
    Feature record: C_FEATURE:0c_variadic_macros
Performing C SOURCE FILE Test HAVE_LIBM_MATH succeeded with the following output:
Change Dir: /blues/gpfs/home/tshu/project/bebop/MPI_in_MPI/bebop-psm2/korvo-build/build_area/evpath/linux/CMakeFiles/CMakeTmp

Run Build Command:"/usr/bin/gmake" "cmTC_7229c/fast"
/usr/bin/gmake -f CMakeFiles/cmTC_7229c.dir/build.make CMakeFiles/cmTC_7229c.dir/build
gmake[1]: Entering directory `/blues/gpfs/home/tshu/project/bebop/MPI_in_MPI/bebop-psm2/korvo-build/build_area/evpath/linux/CMakeFiles/CMakeTmp'
Building C object CMakeFiles/cmTC_7229c.dir/src.c.o
/usr/bin/cc   -fPIC -Wall  -DHAVE_LIBM_MATH -fPIE   -o CMakeFiles/cmTC_7229c.dir/src.c.o   -c /blues/gpfs/home/tshu/project/bebop/MPI_in_MPI/bebop-psm2/korvo-build/build_area/evpath/linux/CMakeFiles/CMakeTmp/src.c
Linking C executable cmTC_7229c
/blues/gpfs/home/software/spack-0.10.1/opt/spack/linux-centos7-x86_64/intel-17.0.4/cmake-3.9.4-3tixtqtbd65zi6w4277fjte3z4vjpv4t/bin/cmake -E cmake_link_script CMakeFiles/cmTC_7229c.dir/link.txt --verbose=1
/usr/bin/cc -fPIC -Wall  -DHAVE_LIBM_MATH    -rdynamic CMakeFiles/cmTC_7229c.dir/src.c.o  -o cmTC_7229c -lm 
gmake[1]: Leaving directory `/blues/gpfs/home/tshu/project/bebop/MPI_in_MPI/bebop-psm2/korvo-build/build_area/evpath/linux/CMakeFiles/CMakeTmp'

Source file was:
#include<math.h>
float f; int main(){sqrt(f);return 0;}
Determining if the include file pthread.h exists passed with the following output:
Change Dir: /blues/gpfs/home/tshu/project/bebop/MPI_in_MPI/bebop-psm2/korvo-build/build_area/evpath/linux/CMakeFiles/CMakeTmp

Run Build Command:"/usr/bin/gmake" "cmTC_1a034/fast"
/usr/bin/gmake -f CMakeFiles/cmTC_1a034.dir/build.make CMakeFiles/cmTC_1a034.dir/build
gmake[1]: Entering directory `/blues/gpfs/home/tshu/project/bebop/MPI_in_MPI/bebop-psm2/korvo-build/build_area/evpath/linux/CMakeFiles/CMakeTmp'
Building C object CMakeFiles/cmTC_1a034.dir/CheckIncludeFile.c.o
/usr/bin/cc   -fPIC -Wall   -fPIE   -o CMakeFiles/cmTC_1a034.dir/CheckIncludeFile.c.o   -c /blues/gpfs/home/tshu/project/bebop/MPI_in_MPI/bebop-psm2/korvo-build/build_area/evpath/linux/CMakeFiles/CMakeTmp/CheckIncludeFile.c
Linking C executable cmTC_1a034
/blues/gpfs/home/software/spack-0.10.1/opt/spack/linux-centos7-x86_64/intel-17.0.4/cmake-3.9.4-3tixtqtbd65zi6w4277fjte3z4vjpv4t/bin/cmake -E cmake_link_script CMakeFiles/cmTC_1a034.dir/link.txt --verbose=1
/usr/bin/cc -fPIC -Wall      -rdynamic CMakeFiles/cmTC_1a034.dir/CheckIncludeFile.c.o  -o cmTC_1a034 
gmake[1]: Leaving directory `/blues/gpfs/home/tshu/project/bebop/MPI_in_MPI/bebop-psm2/korvo-build/build_area/evpath/linux/CMakeFiles/CMakeTmp'


Determining if the function pthread_create exists in the pthread passed with the following output:
Change Dir: /blues/gpfs/home/tshu/project/bebop/MPI_in_MPI/bebop-psm2/korvo-build/build_area/evpath/linux/CMakeFiles/CMakeTmp

Run Build Command:"/usr/bin/gmake" "cmTC_ceaa5/fast"
/usr/bin/gmake -f CMakeFiles/cmTC_ceaa5.dir/build.make CMakeFiles/cmTC_ceaa5.dir/build
gmake[1]: Entering directory `/blues/gpfs/home/tshu/project/bebop/MPI_in_MPI/bebop-psm2/korvo-build/build_area/evpath/linux/CMakeFiles/CMakeTmp'
Building C object CMakeFiles/cmTC_ceaa5.dir/CheckFunctionExists.c.o
/usr/bin/cc   -fPIC -Wall  -DCHECK_FUNCTION_EXISTS=pthread_create -fPIE   -o CMakeFiles/cmTC_ceaa5.dir/CheckFunctionExists.c.o   -c /blues/gpfs/home/software/spack-0.10.1/opt/spack/linux-centos7-x86_64/intel-17.0.4/cmake-3.9.4-3tixtqtbd65zi6w4277fjte3z4vjpv4t/share/cmake-3.9/Modules/CheckFunctionExists.c
Linking C executable cmTC_ceaa5
/blues/gpfs/home/software/spack-0.10.1/opt/spack/linux-centos7-x86_64/intel-17.0.4/cmake-3.9.4-3tixtqtbd65zi6w4277fjte3z4vjpv4t/bin/cmake -E cmake_link_script CMakeFiles/cmTC_ceaa5.dir/link.txt --verbose=1
/usr/bin/cc -fPIC -Wall  -DCHECK_FUNCTION_EXISTS=pthread_create    -rdynamic CMakeFiles/cmTC_ceaa5.dir/CheckFunctionExists.c.o  -o cmTC_ceaa5 -lpthread 
gmake[1]: Leaving directory `/blues/gpfs/home/tshu/project/bebop/MPI_in_MPI/bebop-psm2/korvo-build/build_area/evpath/linux/CMakeFiles/CMakeTmp'


Determining if the clock_gettime exist passed with the following output:
Change Dir: /blues/gpfs/home/tshu/project/bebop/MPI_in_MPI/bebop-psm2/korvo-build/build_area/evpath/linux/CMakeFiles/CMakeTmp

Run Build Command:"/usr/bin/gmake" "cmTC_6fdf3/fast"
/usr/bin/gmake -f CMakeFiles/cmTC_6fdf3.dir/build.make CMakeFiles/cmTC_6fdf3.dir/build
gmake[1]: Entering directory `/blues/gpfs/home/tshu/project/bebop/MPI_in_MPI/bebop-psm2/korvo-build/build_area/evpath/linux/CMakeFiles/CMakeTmp'
Building C object CMakeFiles/cmTC_6fdf3.dir/CheckSymbolExists.c.o
/usr/bin/cc   -fPIC -Wall   -fPIE   -o CMakeFiles/cmTC_6fdf3.dir/CheckSymbolExists.c.o   -c /blues/gpfs/home/tshu/project/bebop/MPI_in_MPI/bebop-psm2/korvo-build/build_area/evpath/linux/CMakeFiles/CMakeTmp/CheckSymbolExists.c
Linking C executable cmTC_6fdf3
/blues/gpfs/home/software/spack-0.10.1/opt/spack/linux-centos7-x86_64/intel-17.0.4/cmake-3.9.4-3tixtqtbd65zi6w4277fjte3z4vjpv4t/bin/cmake -E cmake_link_script CMakeFiles/cmTC_6fdf3.dir/link.txt --verbose=1
/usr/bin/cc -fPIC -Wall      -rdynamic CMakeFiles/cmTC_6fdf3.dir/CheckSymbolExists.c.o  -o cmTC_6fdf3 
gmake[1]: Leaving directory `/blues/gpfs/home/tshu/project/bebop/MPI_in_MPI/bebop-psm2/korvo-build/build_area/evpath/linux/CMakeFiles/CMakeTmp'

File /blues/gpfs/home/tshu/project/bebop/MPI_in_MPI/bebop-psm2/korvo-build/build_area/evpath/linux/CMakeFiles/CMakeTmp/CheckSymbolExists.c:
/* */
#include <time.h>

int main(int argc, char** argv)
{
  (void)argv;
#ifndef clock_gettime
  return ((int*)(&clock_gettime))[argc];
#else
  (void)argc;
  return 0;
#endif
}

Determining if the function ibv_create_qp exists in the ibverbs passed with the following output:
Change Dir: /blues/gpfs/home/tshu/project/bebop/MPI_in_MPI/bebop-psm2/korvo-build/build_area/evpath/linux/CMakeFiles/CMakeTmp

Run Build Command:"/usr/bin/gmake" "cmTC_a5c00/fast"
/usr/bin/gmake -f CMakeFiles/cmTC_a5c00.dir/build.make CMakeFiles/cmTC_a5c00.dir/build
gmake[1]: Entering directory `/blues/gpfs/home/tshu/project/bebop/MPI_in_MPI/bebop-psm2/korvo-build/build_area/evpath/linux/CMakeFiles/CMakeTmp'
Building C object CMakeFiles/cmTC_a5c00.dir/CheckFunctionExists.c.o
/usr/bin/cc   -fPIC -Wall  -DCHECK_FUNCTION_EXISTS=ibv_create_qp -fPIE   -o CMakeFiles/cmTC_a5c00.dir/CheckFunctionExists.c.o   -c /blues/gpfs/home/software/spack-0.10.1/opt/spack/linux-centos7-x86_64/intel-17.0.4/cmake-3.9.4-3tixtqtbd65zi6w4277fjte3z4vjpv4t/share/cmake-3.9/Modules/CheckFunctionExists.c
Linking C executable cmTC_a5c00
/blues/gpfs/home/software/spack-0.10.1/opt/spack/linux-centos7-x86_64/intel-17.0.4/cmake-3.9.4-3tixtqtbd65zi6w4277fjte3z4vjpv4t/bin/cmake -E cmake_link_script CMakeFiles/cmTC_a5c00.dir/link.txt --verbose=1
/usr/bin/cc -fPIC -Wall  -DCHECK_FUNCTION_EXISTS=ibv_create_qp    -rdynamic CMakeFiles/cmTC_a5c00.dir/CheckFunctionExists.c.o  -o cmTC_a5c00 -libverbs 
gmake[1]: Leaving directory `/blues/gpfs/home/tshu/project/bebop/MPI_in_MPI/bebop-psm2/korvo-build/build_area/evpath/linux/CMakeFiles/CMakeTmp'


Performing C SOURCE FILE Test GOOD_MEMLOCK_LIMIT succeeded with the following output:
Change Dir: /blues/gpfs/home/tshu/project/bebop/MPI_in_MPI/bebop-psm2/korvo-build/build_area/evpath/linux/CMakeFiles/CMakeTmp

Run Build Command:"/usr/bin/gmake" "cmTC_c28a7/fast"
/usr/bin/gmake -f CMakeFiles/cmTC_c28a7.dir/build.make CMakeFiles/cmTC_c28a7.dir/build
gmake[1]: Entering directory `/blues/gpfs/home/tshu/project/bebop/MPI_in_MPI/bebop-psm2/korvo-build/build_area/evpath/linux/CMakeFiles/CMakeTmp'
Building C object CMakeFiles/cmTC_c28a7.dir/src.c.o
/usr/bin/cc   -fPIC -Wall  -DGOOD_MEMLOCK_LIMIT -fPIE   -o CMakeFiles/cmTC_c28a7.dir/src.c.o   -c /blues/gpfs/home/tshu/project/bebop/MPI_in_MPI/bebop-psm2/korvo-build/build_area/evpath/linux/CMakeFiles/CMakeTmp/src.c
/blues/gpfs/home/tshu/project/bebop/MPI_in_MPI/bebop-psm2/korvo-build/build_area/evpath/linux/CMakeFiles/CMakeTmp/src.c: In function 'main':
/blues/gpfs/home/tshu/project/bebop/MPI_in_MPI/bebop-psm2/korvo-build/build_area/evpath/linux/CMakeFiles/CMakeTmp/src.c:6:9: warning: unused variable 'ret' [-Wunused-variable]
     int ret = getrlimit(RLIMIT_MEMLOCK, &rlim);
         ^
Linking C executable cmTC_c28a7
/blues/gpfs/home/software/spack-0.10.1/opt/spack/linux-centos7-x86_64/intel-17.0.4/cmake-3.9.4-3tixtqtbd65zi6w4277fjte3z4vjpv4t/bin/cmake -E cmake_link_script CMakeFiles/cmTC_c28a7.dir/link.txt --verbose=1
/usr/bin/cc -fPIC -Wall  -DGOOD_MEMLOCK_LIMIT    -rdynamic CMakeFiles/cmTC_c28a7.dir/src.c.o  -o cmTC_c28a7 
gmake[1]: Leaving directory `/blues/gpfs/home/tshu/project/bebop/MPI_in_MPI/bebop-psm2/korvo-build/build_area/evpath/linux/CMakeFiles/CMakeTmp'

Return value: 1
Source file was:
#include <sys/time.h>
#include <sys/resource.h>
int main(int argc, char** argv)
{
    struct rlimit rlim;
    int ret = getrlimit(RLIMIT_MEMLOCK, &rlim);
    return (rlim.rlim_max < 102400);
}

Determining if the include file malloc.h exists passed with the following output:
Change Dir: /blues/gpfs/home/tshu/project/bebop/MPI_in_MPI/bebop-psm2/korvo-build/build_area/evpath/linux/CMakeFiles/CMakeTmp

Run Build Command:"/usr/bin/gmake" "cmTC_18f47/fast"
/usr/bin/gmake -f CMakeFiles/cmTC_18f47.dir/build.make CMakeFiles/cmTC_18f47.dir/build
gmake[1]: Entering directory `/blues/gpfs/home/tshu/project/bebop/MPI_in_MPI/bebop-psm2/korvo-build/build_area/evpath/linux/CMakeFiles/CMakeTmp'
Building C object CMakeFiles/cmTC_18f47.dir/CheckIncludeFile.c.o
/usr/bin/cc   -fPIC -Wall   -fPIE   -o CMakeFiles/cmTC_18f47.dir/CheckIncludeFile.c.o   -c /blues/gpfs/home/tshu/project/bebop/MPI_in_MPI/bebop-psm2/korvo-build/build_area/evpath/linux/CMakeFiles/CMakeTmp/CheckIncludeFile.c
Linking C executable cmTC_18f47
/blues/gpfs/home/software/spack-0.10.1/opt/spack/linux-centos7-x86_64/intel-17.0.4/cmake-3.9.4-3tixtqtbd65zi6w4277fjte3z4vjpv4t/bin/cmake -E cmake_link_script CMakeFiles/cmTC_18f47.dir/link.txt --verbose=1
/usr/bin/cc -fPIC -Wall      -rdynamic CMakeFiles/cmTC_18f47.dir/CheckIncludeFile.c.o  -o cmTC_18f47 
gmake[1]: Leaving directory `/blues/gpfs/home/tshu/project/bebop/MPI_in_MPI/bebop-psm2/korvo-build/build_area/evpath/linux/CMakeFiles/CMakeTmp'


Determining if the include file memory.h exists passed with the following output:
Change Dir: /blues/gpfs/home/tshu/project/bebop/MPI_in_MPI/bebop-psm2/korvo-build/build_area/evpath/linux/CMakeFiles/CMakeTmp

Run Build Command:"/usr/bin/gmake" "cmTC_d9288/fast"
/usr/bin/gmake -f CMakeFiles/cmTC_d9288.dir/build.make CMakeFiles/cmTC_d9288.dir/build
gmake[1]: Entering directory `/blues/gpfs/home/tshu/project/bebop/MPI_in_MPI/bebop-psm2/korvo-build/build_area/evpath/linux/CMakeFiles/CMakeTmp'
Building C object CMakeFiles/cmTC_d9288.dir/CheckIncludeFile.c.o
/usr/bin/cc   -fPIC -Wall   -fPIE   -o CMakeFiles/cmTC_d9288.dir/CheckIncludeFile.c.o   -c /blues/gpfs/home/tshu/project/bebop/MPI_in_MPI/bebop-psm2/korvo-build/build_area/evpath/linux/CMakeFiles/CMakeTmp/CheckIncludeFile.c
Linking C executable cmTC_d9288
/blues/gpfs/home/software/spack-0.10.1/opt/spack/linux-centos7-x86_64/intel-17.0.4/cmake-3.9.4-3tixtqtbd65zi6w4277fjte3z4vjpv4t/bin/cmake -E cmake_link_script CMakeFiles/cmTC_d9288.dir/link.txt --verbose=1
/usr/bin/cc -fPIC -Wall      -rdynamic CMakeFiles/cmTC_d9288.dir/CheckIncludeFile.c.o  -o cmTC_d9288 
gmake[1]: Leaving directory `/blues/gpfs/home/tshu/project/bebop/MPI_in_MPI/bebop-psm2/korvo-build/build_area/evpath/linux/CMakeFiles/CMakeTmp'


Determining if the include file netdb.h exists passed with the following output:
Change Dir: /blues/gpfs/home/tshu/project/bebop/MPI_in_MPI/bebop-psm2/korvo-build/build_area/evpath/linux/CMakeFiles/CMakeTmp

Run Build Command:"/usr/bin/gmake" "cmTC_34228/fast"
/usr/bin/gmake -f CMakeFiles/cmTC_34228.dir/build.make CMakeFiles/cmTC_34228.dir/build
gmake[1]: Entering directory `/blues/gpfs/home/tshu/project/bebop/MPI_in_MPI/bebop-psm2/korvo-build/build_area/evpath/linux/CMakeFiles/CMakeTmp'
Building C object CMakeFiles/cmTC_34228.dir/CheckIncludeFile.c.o
/usr/bin/cc   -fPIC -Wall   -fPIE   -o CMakeFiles/cmTC_34228.dir/CheckIncludeFile.c.o   -c /blues/gpfs/home/tshu/project/bebop/MPI_in_MPI/bebop-psm2/korvo-build/build_area/evpath/linux/CMakeFiles/CMakeTmp/CheckIncludeFile.c
Linking C executable cmTC_34228
/blues/gpfs/home/software/spack-0.10.1/opt/spack/linux-centos7-x86_64/intel-17.0.4/cmake-3.9.4-3tixtqtbd65zi6w4277fjte3z4vjpv4t/bin/cmake -E cmake_link_script CMakeFiles/cmTC_34228.dir/link.txt --verbose=1
/usr/bin/cc -fPIC -Wall      -rdynamic CMakeFiles/cmTC_34228.dir/CheckIncludeFile.c.o  -o cmTC_34228 
gmake[1]: Leaving directory `/blues/gpfs/home/tshu/project/bebop/MPI_in_MPI/bebop-psm2/korvo-build/build_area/evpath/linux/CMakeFiles/CMakeTmp'


Determining if the include file stdarg.h exists passed with the following output:
Change Dir: /blues/gpfs/home/tshu/project/bebop/MPI_in_MPI/bebop-psm2/korvo-build/build_area/evpath/linux/CMakeFiles/CMakeTmp

Run Build Command:"/usr/bin/gmake" "cmTC_975c0/fast"
/usr/bin/gmake -f CMakeFiles/cmTC_975c0.dir/build.make CMakeFiles/cmTC_975c0.dir/build
gmake[1]: Entering directory `/blues/gpfs/home/tshu/project/bebop/MPI_in_MPI/bebop-psm2/korvo-build/build_area/evpath/linux/CMakeFiles/CMakeTmp'
Building C object CMakeFiles/cmTC_975c0.dir/CheckIncludeFile.c.o
/usr/bin/cc   -fPIC -Wall   -fPIE   -o CMakeFiles/cmTC_975c0.dir/CheckIncludeFile.c.o   -c /blues/gpfs/home/tshu/project/bebop/MPI_in_MPI/bebop-psm2/korvo-build/build_area/evpath/linux/CMakeFiles/CMakeTmp/CheckIncludeFile.c
Linking C executable cmTC_975c0
/blues/gpfs/home/software/spack-0.10.1/opt/spack/linux-centos7-x86_64/intel-17.0.4/cmake-3.9.4-3tixtqtbd65zi6w4277fjte3z4vjpv4t/bin/cmake -E cmake_link_script CMakeFiles/cmTC_975c0.dir/link.txt --verbose=1
/usr/bin/cc -fPIC -Wall      -rdynamic CMakeFiles/cmTC_975c0.dir/CheckIncludeFile.c.o  -o cmTC_975c0 
gmake[1]: Leaving directory `/blues/gpfs/home/tshu/project/bebop/MPI_in_MPI/bebop-psm2/korvo-build/build_area/evpath/linux/CMakeFiles/CMakeTmp'


Determining if the include file stdint.h exists passed with the following output:
Change Dir: /blues/gpfs/home/tshu/project/bebop/MPI_in_MPI/bebop-psm2/korvo-build/build_area/evpath/linux/CMakeFiles/CMakeTmp

Run Build Command:"/usr/bin/gmake" "cmTC_2cc81/fast"
/usr/bin/gmake -f CMakeFiles/cmTC_2cc81.dir/build.make CMakeFiles/cmTC_2cc81.dir/build
gmake[1]: Entering directory `/blues/gpfs/home/tshu/project/bebop/MPI_in_MPI/bebop-psm2/korvo-build/build_area/evpath/linux/CMakeFiles/CMakeTmp'
Building C object CMakeFiles/cmTC_2cc81.dir/CheckIncludeFile.c.o
/usr/bin/cc   -fPIC -Wall   -fPIE   -o CMakeFiles/cmTC_2cc81.dir/CheckIncludeFile.c.o   -c /blues/gpfs/home/tshu/project/bebop/MPI_in_MPI/bebop-psm2/korvo-build/build_area/evpath/linux/CMakeFiles/CMakeTmp/CheckIncludeFile.c
Linking C executable cmTC_2cc81
/blues/gpfs/home/software/spack-0.10.1/opt/spack/linux-centos7-x86_64/intel-17.0.4/cmake-3.9.4-3tixtqtbd65zi6w4277fjte3z4vjpv4t/bin/cmake -E cmake_link_script CMakeFiles/cmTC_2cc81.dir/link.txt --verbose=1
/usr/bin/cc -fPIC -Wall      -rdynamic CMakeFiles/cmTC_2cc81.dir/CheckIncludeFile.c.o  -o cmTC_2cc81 
gmake[1]: Leaving directory `/blues/gpfs/home/tshu/project/bebop/MPI_in_MPI/bebop-psm2/korvo-build/build_area/evpath/linux/CMakeFiles/CMakeTmp'


Determining if the include file stdlib.h exists passed with the following output:
Change Dir: /blues/gpfs/home/tshu/project/bebop/MPI_in_MPI/bebop-psm2/korvo-build/build_area/evpath/linux/CMakeFiles/CMakeTmp

Run Build Command:"/usr/bin/gmake" "cmTC_5743c/fast"
/usr/bin/gmake -f CMakeFiles/cmTC_5743c.dir/build.make CMakeFiles/cmTC_5743c.dir/build
gmake[1]: Entering directory `/blues/gpfs/home/tshu/project/bebop/MPI_in_MPI/bebop-psm2/korvo-build/build_area/evpath/linux/CMakeFiles/CMakeTmp'
Building C object CMakeFiles/cmTC_5743c.dir/CheckIncludeFile.c.o
/usr/bin/cc   -fPIC -Wall   -fPIE   -o CMakeFiles/cmTC_5743c.dir/CheckIncludeFile.c.o   -c /blues/gpfs/home/tshu/project/bebop/MPI_in_MPI/bebop-psm2/korvo-build/build_area/evpath/linux/CMakeFiles/CMakeTmp/CheckIncludeFile.c
Linking C executable cmTC_5743c
/blues/gpfs/home/software/spack-0.10.1/opt/spack/linux-centos7-x86_64/intel-17.0.4/cmake-3.9.4-3tixtqtbd65zi6w4277fjte3z4vjpv4t/bin/cmake -E cmake_link_script CMakeFiles/cmTC_5743c.dir/link.txt --verbose=1
/usr/bin/cc -fPIC -Wall      -rdynamic CMakeFiles/cmTC_5743c.dir/CheckIncludeFile.c.o  -o cmTC_5743c 
gmake[1]: Leaving directory `/blues/gpfs/home/tshu/project/bebop/MPI_in_MPI/bebop-psm2/korvo-build/build_area/evpath/linux/CMakeFiles/CMakeTmp'


Determining if the include file string.h exists passed with the following output:
Change Dir: /blues/gpfs/home/tshu/project/bebop/MPI_in_MPI/bebop-psm2/korvo-build/build_area/evpath/linux/CMakeFiles/CMakeTmp

Run Build Command:"/usr/bin/gmake" "cmTC_d9846/fast"
/usr/bin/gmake -f CMakeFiles/cmTC_d9846.dir/build.make CMakeFiles/cmTC_d9846.dir/build
gmake[1]: Entering directory `/blues/gpfs/home/tshu/project/bebop/MPI_in_MPI/bebop-psm2/korvo-build/build_area/evpath/linux/CMakeFiles/CMakeTmp'
Building C object CMakeFiles/cmTC_d9846.dir/CheckIncludeFile.c.o
/usr/bin/cc   -fPIC -Wall   -fPIE   -o CMakeFiles/cmTC_d9846.dir/CheckIncludeFile.c.o   -c /blues/gpfs/home/tshu/project/bebop/MPI_in_MPI/bebop-psm2/korvo-build/build_area/evpath/linux/CMakeFiles/CMakeTmp/CheckIncludeFile.c
Linking C executable cmTC_d9846
/blues/gpfs/home/software/spack-0.10.1/opt/spack/linux-centos7-x86_64/intel-17.0.4/cmake-3.9.4-3tixtqtbd65zi6w4277fjte3z4vjpv4t/bin/cmake -E cmake_link_script CMakeFiles/cmTC_d9846.dir/link.txt --verbose=1
/usr/bin/cc -fPIC -Wall      -rdynamic CMakeFiles/cmTC_d9846.dir/CheckIncludeFile.c.o  -o cmTC_d9846 
gmake[1]: Leaving directory `/blues/gpfs/home/tshu/project/bebop/MPI_in_MPI/bebop-psm2/korvo-build/build_area/evpath/linux/CMakeFiles/CMakeTmp'


Determining if the include file sys/select.h exists passed with the following output:
Change Dir: /blues/gpfs/home/tshu/project/bebop/MPI_in_MPI/bebop-psm2/korvo-build/build_area/evpath/linux/CMakeFiles/CMakeTmp

Run Build Command:"/usr/bin/gmake" "cmTC_c3e4b/fast"
/usr/bin/gmake -f CMakeFiles/cmTC_c3e4b.dir/build.make CMakeFiles/cmTC_c3e4b.dir/build
gmake[1]: Entering directory `/blues/gpfs/home/tshu/project/bebop/MPI_in_MPI/bebop-psm2/korvo-build/build_area/evpath/linux/CMakeFiles/CMakeTmp'
Building C object CMakeFiles/cmTC_c3e4b.dir/CheckIncludeFile.c.o
/usr/bin/cc   -fPIC -Wall   -fPIE   -o CMakeFiles/cmTC_c3e4b.dir/CheckIncludeFile.c.o   -c /blues/gpfs/home/tshu/project/bebop/MPI_in_MPI/bebop-psm2/korvo-build/build_area/evpath/linux/CMakeFiles/CMakeTmp/CheckIncludeFile.c
Linking C executable cmTC_c3e4b
/blues/gpfs/home/software/spack-0.10.1/opt/spack/linux-centos7-x86_64/intel-17.0.4/cmake-3.9.4-3tixtqtbd65zi6w4277fjte3z4vjpv4t/bin/cmake -E cmake_link_script CMakeFiles/cmTC_c3e4b.dir/link.txt --verbose=1
/usr/bin/cc -fPIC -Wall      -rdynamic CMakeFiles/cmTC_c3e4b.dir/CheckIncludeFile.c.o  -o cmTC_c3e4b 
gmake[1]: Leaving directory `/blues/gpfs/home/tshu/project/bebop/MPI_in_MPI/bebop-psm2/korvo-build/build_area/evpath/linux/CMakeFiles/CMakeTmp'


Determining if the include file sys/socket.h exists passed with the following output:
Change Dir: /blues/gpfs/home/tshu/project/bebop/MPI_in_MPI/bebop-psm2/korvo-build/build_area/evpath/linux/CMakeFiles/CMakeTmp

Run Build Command:"/usr/bin/gmake" "cmTC_223c9/fast"
/usr/bin/gmake -f CMakeFiles/cmTC_223c9.dir/build.make CMakeFiles/cmTC_223c9.dir/build
gmake[1]: Entering directory `/blues/gpfs/home/tshu/project/bebop/MPI_in_MPI/bebop-psm2/korvo-build/build_area/evpath/linux/CMakeFiles/CMakeTmp'
Building C object CMakeFiles/cmTC_223c9.dir/CheckIncludeFile.c.o
/usr/bin/cc   -fPIC -Wall   -fPIE   -o CMakeFiles/cmTC_223c9.dir/CheckIncludeFile.c.o   -c /blues/gpfs/home/tshu/project/bebop/MPI_in_MPI/bebop-psm2/korvo-build/build_area/evpath/linux/CMakeFiles/CMakeTmp/CheckIncludeFile.c
Linking C executable cmTC_223c9
/blues/gpfs/home/software/spack-0.10.1/opt/spack/linux-centos7-x86_64/intel-17.0.4/cmake-3.9.4-3tixtqtbd65zi6w4277fjte3z4vjpv4t/bin/cmake -E cmake_link_script CMakeFiles/cmTC_223c9.dir/link.txt --verbose=1
/usr/bin/cc -fPIC -Wall      -rdynamic CMakeFiles/cmTC_223c9.dir/CheckIncludeFile.c.o  -o cmTC_223c9 
gmake[1]: Leaving directory `/blues/gpfs/home/tshu/project/bebop/MPI_in_MPI/bebop-psm2/korvo-build/build_area/evpath/linux/CMakeFiles/CMakeTmp'


Determining if the include file sys/time.h exists passed with the following output:
Change Dir: /blues/gpfs/home/tshu/project/bebop/MPI_in_MPI/bebop-psm2/korvo-build/build_area/evpath/linux/CMakeFiles/CMakeTmp

Run Build Command:"/usr/bin/gmake" "cmTC_ef38e/fast"
/usr/bin/gmake -f CMakeFiles/cmTC_ef38e.dir/build.make CMakeFiles/cmTC_ef38e.dir/build
gmake[1]: Entering directory `/blues/gpfs/home/tshu/project/bebop/MPI_in_MPI/bebop-psm2/korvo-build/build_area/evpath/linux/CMakeFiles/CMakeTmp'
Building C object CMakeFiles/cmTC_ef38e.dir/CheckIncludeFile.c.o
/usr/bin/cc   -fPIC -Wall   -fPIE   -o CMakeFiles/cmTC_ef38e.dir/CheckIncludeFile.c.o   -c /blues/gpfs/home/tshu/project/bebop/MPI_in_MPI/bebop-psm2/korvo-build/build_area/evpath/linux/CMakeFiles/CMakeTmp/CheckIncludeFile.c
Linking C executable cmTC_ef38e
/blues/gpfs/home/software/spack-0.10.1/opt/spack/linux-centos7-x86_64/intel-17.0.4/cmake-3.9.4-3tixtqtbd65zi6w4277fjte3z4vjpv4t/bin/cmake -E cmake_link_script CMakeFiles/cmTC_ef38e.dir/link.txt --verbose=1
/usr/bin/cc -fPIC -Wall      -rdynamic CMakeFiles/cmTC_ef38e.dir/CheckIncludeFile.c.o  -o cmTC_ef38e 
gmake[1]: Leaving directory `/blues/gpfs/home/tshu/project/bebop/MPI_in_MPI/bebop-psm2/korvo-build/build_area/evpath/linux/CMakeFiles/CMakeTmp'


Determining if the include file sys/times.h exists passed with the following output:
Change Dir: /blues/gpfs/home/tshu/project/bebop/MPI_in_MPI/bebop-psm2/korvo-build/build_area/evpath/linux/CMakeFiles/CMakeTmp

Run Build Command:"/usr/bin/gmake" "cmTC_51c86/fast"
/usr/bin/gmake -f CMakeFiles/cmTC_51c86.dir/build.make CMakeFiles/cmTC_51c86.dir/build
gmake[1]: Entering directory `/blues/gpfs/home/tshu/project/bebop/MPI_in_MPI/bebop-psm2/korvo-build/build_area/evpath/linux/CMakeFiles/CMakeTmp'
Building C object CMakeFiles/cmTC_51c86.dir/CheckIncludeFile.c.o
/usr/bin/cc   -fPIC -Wall   -fPIE   -o CMakeFiles/cmTC_51c86.dir/CheckIncludeFile.c.o   -c /blues/gpfs/home/tshu/project/bebop/MPI_in_MPI/bebop-psm2/korvo-build/build_area/evpath/linux/CMakeFiles/CMakeTmp/CheckIncludeFile.c
Linking C executable cmTC_51c86
/blues/gpfs/home/software/spack-0.10.1/opt/spack/linux-centos7-x86_64/intel-17.0.4/cmake-3.9.4-3tixtqtbd65zi6w4277fjte3z4vjpv4t/bin/cmake -E cmake_link_script CMakeFiles/cmTC_51c86.dir/link.txt --verbose=1
/usr/bin/cc -fPIC -Wall      -rdynamic CMakeFiles/cmTC_51c86.dir/CheckIncludeFile.c.o  -o cmTC_51c86 
gmake[1]: Leaving directory `/blues/gpfs/home/tshu/project/bebop/MPI_in_MPI/bebop-psm2/korvo-build/build_area/evpath/linux/CMakeFiles/CMakeTmp'


Determining if the include file sys/uio.h exists passed with the following output:
Change Dir: /blues/gpfs/home/tshu/project/bebop/MPI_in_MPI/bebop-psm2/korvo-build/build_area/evpath/linux/CMakeFiles/CMakeTmp

Run Build Command:"/usr/bin/gmake" "cmTC_aea9f/fast"
/usr/bin/gmake -f CMakeFiles/cmTC_aea9f.dir/build.make CMakeFiles/cmTC_aea9f.dir/build
gmake[1]: Entering directory `/blues/gpfs/home/tshu/project/bebop/MPI_in_MPI/bebop-psm2/korvo-build/build_area/evpath/linux/CMakeFiles/CMakeTmp'
Building C object CMakeFiles/cmTC_aea9f.dir/CheckIncludeFile.c.o
/usr/bin/cc   -fPIC -Wall   -fPIE   -o CMakeFiles/cmTC_aea9f.dir/CheckIncludeFile.c.o   -c /blues/gpfs/home/tshu/project/bebop/MPI_in_MPI/bebop-psm2/korvo-build/build_area/evpath/linux/CMakeFiles/CMakeTmp/CheckIncludeFile.c
Linking C executable cmTC_aea9f
/blues/gpfs/home/software/spack-0.10.1/opt/spack/linux-centos7-x86_64/intel-17.0.4/cmake-3.9.4-3tixtqtbd65zi6w4277fjte3z4vjpv4t/bin/cmake -E cmake_link_script CMakeFiles/cmTC_aea9f.dir/link.txt --verbose=1
/usr/bin/cc -fPIC -Wall      -rdynamic CMakeFiles/cmTC_aea9f.dir/CheckIncludeFile.c.o  -o cmTC_aea9f 
gmake[1]: Leaving directory `/blues/gpfs/home/tshu/project/bebop/MPI_in_MPI/bebop-psm2/korvo-build/build_area/evpath/linux/CMakeFiles/CMakeTmp'


Determining if the include file sys/un.h exists passed with the following output:
Change Dir: /blues/gpfs/home/tshu/project/bebop/MPI_in_MPI/bebop-psm2/korvo-build/build_area/evpath/linux/CMakeFiles/CMakeTmp

Run Build Command:"/usr/bin/gmake" "cmTC_01676/fast"
/usr/bin/gmake -f CMakeFiles/cmTC_01676.dir/build.make CMakeFiles/cmTC_01676.dir/build
gmake[1]: Entering directory `/blues/gpfs/home/tshu/project/bebop/MPI_in_MPI/bebop-psm2/korvo-build/build_area/evpath/linux/CMakeFiles/CMakeTmp'
Building C object CMakeFiles/cmTC_01676.dir/CheckIncludeFile.c.o
/usr/bin/cc   -fPIC -Wall   -fPIE   -o CMakeFiles/cmTC_01676.dir/CheckIncludeFile.c.o   -c /blues/gpfs/home/tshu/project/bebop/MPI_in_MPI/bebop-psm2/korvo-build/build_area/evpath/linux/CMakeFiles/CMakeTmp/CheckIncludeFile.c
Linking C executable cmTC_01676
/blues/gpfs/home/software/spack-0.10.1/opt/spack/linux-centos7-x86_64/intel-17.0.4/cmake-3.9.4-3tixtqtbd65zi6w4277fjte3z4vjpv4t/bin/cmake -E cmake_link_script CMakeFiles/cmTC_01676.dir/link.txt --verbose=1
/usr/bin/cc -fPIC -Wall      -rdynamic CMakeFiles/cmTC_01676.dir/CheckIncludeFile.c.o  -o cmTC_01676 
gmake[1]: Leaving directory `/blues/gpfs/home/tshu/project/bebop/MPI_in_MPI/bebop-psm2/korvo-build/build_area/evpath/linux/CMakeFiles/CMakeTmp'


Determining if the include file unistd.h exists passed with the following output:
Change Dir: /blues/gpfs/home/tshu/project/bebop/MPI_in_MPI/bebop-psm2/korvo-build/build_area/evpath/linux/CMakeFiles/CMakeTmp

Run Build Command:"/usr/bin/gmake" "cmTC_ff1d4/fast"
/usr/bin/gmake -f CMakeFiles/cmTC_ff1d4.dir/build.make CMakeFiles/cmTC_ff1d4.dir/build
gmake[1]: Entering directory `/blues/gpfs/home/tshu/project/bebop/MPI_in_MPI/bebop-psm2/korvo-build/build_area/evpath/linux/CMakeFiles/CMakeTmp'
Building C object CMakeFiles/cmTC_ff1d4.dir/CheckIncludeFile.c.o
/usr/bin/cc   -fPIC -Wall   -fPIE   -o CMakeFiles/cmTC_ff1d4.dir/CheckIncludeFile.c.o   -c /blues/gpfs/home/tshu/project/bebop/MPI_in_MPI/bebop-psm2/korvo-build/build_area/evpath/linux/CMakeFiles/CMakeTmp/CheckIncludeFile.c
Linking C executable cmTC_ff1d4
/blues/gpfs/home/software/spack-0.10.1/opt/spack/linux-centos7-x86_64/intel-17.0.4/cmake-3.9.4-3tixtqtbd65zi6w4277fjte3z4vjpv4t/bin/cmake -E cmake_link_script CMakeFiles/cmTC_ff1d4.dir/link.txt --verbose=1
/usr/bin/cc -fPIC -Wall      -rdynamic CMakeFiles/cmTC_ff1d4.dir/CheckIncludeFile.c.o  -o cmTC_ff1d4 
gmake[1]: Leaving directory `/blues/gpfs/home/tshu/project/bebop/MPI_in_MPI/bebop-psm2/korvo-build/build_area/evpath/linux/CMakeFiles/CMakeTmp'


Determining if the include file sys/types.h exists passed with the following output:
Change Dir: /blues/gpfs/home/tshu/project/bebop/MPI_in_MPI/bebop-psm2/korvo-build/build_area/evpath/linux/CMakeFiles/CMakeTmp

Run Build Command:"/usr/bin/gmake" "cmTC_45644/fast"
/usr/bin/gmake -f CMakeFiles/cmTC_45644.dir/build.make CMakeFiles/cmTC_45644.dir/build
gmake[1]: Entering directory `/blues/gpfs/home/tshu/project/bebop/MPI_in_MPI/bebop-psm2/korvo-build/build_area/evpath/linux/CMakeFiles/CMakeTmp'
Building C object CMakeFiles/cmTC_45644.dir/CheckIncludeFile.c.o
/usr/bin/cc   -fPIC -Wall   -fPIE   -o CMakeFiles/cmTC_45644.dir/CheckIncludeFile.c.o   -c /blues/gpfs/home/tshu/project/bebop/MPI_in_MPI/bebop-psm2/korvo-build/build_area/evpath/linux/CMakeFiles/CMakeTmp/CheckIncludeFile.c
Linking C executable cmTC_45644
/blues/gpfs/home/software/spack-0.10.1/opt/spack/linux-centos7-x86_64/intel-17.0.4/cmake-3.9.4-3tixtqtbd65zi6w4277fjte3z4vjpv4t/bin/cmake -E cmake_link_script CMakeFiles/cmTC_45644.dir/link.txt --verbose=1
/usr/bin/cc -fPIC -Wall      -rdynamic CMakeFiles/cmTC_45644.dir/CheckIncludeFile.c.o  -o cmTC_45644 
gmake[1]: Leaving directory `/blues/gpfs/home/tshu/project/bebop/MPI_in_MPI/bebop-psm2/korvo-build/build_area/evpath/linux/CMakeFiles/CMakeTmp'


Determining if the include file stddef.h exists passed with the following output:
Change Dir: /blues/gpfs/home/tshu/project/bebop/MPI_in_MPI/bebop-psm2/korvo-build/build_area/evpath/linux/CMakeFiles/CMakeTmp

Run Build Command:"/usr/bin/gmake" "cmTC_a0a43/fast"
/usr/bin/gmake -f CMakeFiles/cmTC_a0a43.dir/build.make CMakeFiles/cmTC_a0a43.dir/build
gmake[1]: Entering directory `/blues/gpfs/home/tshu/project/bebop/MPI_in_MPI/bebop-psm2/korvo-build/build_area/evpath/linux/CMakeFiles/CMakeTmp'
Building C object CMakeFiles/cmTC_a0a43.dir/CheckIncludeFile.c.o
/usr/bin/cc   -fPIC -Wall   -fPIE   -o CMakeFiles/cmTC_a0a43.dir/CheckIncludeFile.c.o   -c /blues/gpfs/home/tshu/project/bebop/MPI_in_MPI/bebop-psm2/korvo-build/build_area/evpath/linux/CMakeFiles/CMakeTmp/CheckIncludeFile.c
Linking C executable cmTC_a0a43
/blues/gpfs/home/software/spack-0.10.1/opt/spack/linux-centos7-x86_64/intel-17.0.4/cmake-3.9.4-3tixtqtbd65zi6w4277fjte3z4vjpv4t/bin/cmake -E cmake_link_script CMakeFiles/cmTC_a0a43.dir/link.txt --verbose=1
/usr/bin/cc -fPIC -Wall      -rdynamic CMakeFiles/cmTC_a0a43.dir/CheckIncludeFile.c.o  -o cmTC_a0a43 
gmake[1]: Leaving directory `/blues/gpfs/home/tshu/project/bebop/MPI_in_MPI/bebop-psm2/korvo-build/build_area/evpath/linux/CMakeFiles/CMakeTmp'


Determining size of int passed with the following output:
Change Dir: /blues/gpfs/home/tshu/project/bebop/MPI_in_MPI/bebop-psm2/korvo-build/build_area/evpath/linux/CMakeFiles/CMakeTmp

Run Build Command:"/usr/bin/gmake" "cmTC_30d0f/fast"
/usr/bin/gmake -f CMakeFiles/cmTC_30d0f.dir/build.make CMakeFiles/cmTC_30d0f.dir/build
gmake[1]: Entering directory `/blues/gpfs/home/tshu/project/bebop/MPI_in_MPI/bebop-psm2/korvo-build/build_area/evpath/linux/CMakeFiles/CMakeTmp'
Building C object CMakeFiles/cmTC_30d0f.dir/SIZEOF_INT.c.o
/usr/bin/cc   -fPIC -Wall   -fPIE   -o CMakeFiles/cmTC_30d0f.dir/SIZEOF_INT.c.o   -c /blues/gpfs/home/tshu/project/bebop/MPI_in_MPI/bebop-psm2/korvo-build/build_area/evpath/linux/CMakeFiles/CheckTypeSize/SIZEOF_INT.c
Linking C executable cmTC_30d0f
/blues/gpfs/home/software/spack-0.10.1/opt/spack/linux-centos7-x86_64/intel-17.0.4/cmake-3.9.4-3tixtqtbd65zi6w4277fjte3z4vjpv4t/bin/cmake -E cmake_link_script CMakeFiles/cmTC_30d0f.dir/link.txt --verbose=1
/usr/bin/cc -fPIC -Wall      -rdynamic CMakeFiles/cmTC_30d0f.dir/SIZEOF_INT.c.o  -o cmTC_30d0f 
gmake[1]: Leaving directory `/blues/gpfs/home/tshu/project/bebop/MPI_in_MPI/bebop-psm2/korvo-build/build_area/evpath/linux/CMakeFiles/CMakeTmp'


Determining size of long passed with the following output:
Change Dir: /blues/gpfs/home/tshu/project/bebop/MPI_in_MPI/bebop-psm2/korvo-build/build_area/evpath/linux/CMakeFiles/CMakeTmp

Run Build Command:"/usr/bin/gmake" "cmTC_90dff/fast"
/usr/bin/gmake -f CMakeFiles/cmTC_90dff.dir/build.make CMakeFiles/cmTC_90dff.dir/build
gmake[1]: Entering directory `/blues/gpfs/home/tshu/project/bebop/MPI_in_MPI/bebop-psm2/korvo-build/build_area/evpath/linux/CMakeFiles/CMakeTmp'
Building C object CMakeFiles/cmTC_90dff.dir/SIZEOF_LONG.c.o
/usr/bin/cc   -fPIC -Wall   -fPIE   -o CMakeFiles/cmTC_90dff.dir/SIZEOF_LONG.c.o   -c /blues/gpfs/home/tshu/project/bebop/MPI_in_MPI/bebop-psm2/korvo-build/build_area/evpath/linux/CMakeFiles/CheckTypeSize/SIZEOF_LONG.c
Linking C executable cmTC_90dff
/blues/gpfs/home/software/spack-0.10.1/opt/spack/linux-centos7-x86_64/intel-17.0.4/cmake-3.9.4-3tixtqtbd65zi6w4277fjte3z4vjpv4t/bin/cmake -E cmake_link_script CMakeFiles/cmTC_90dff.dir/link.txt --verbose=1
/usr/bin/cc -fPIC -Wall      -rdynamic CMakeFiles/cmTC_90dff.dir/SIZEOF_LONG.c.o  -o cmTC_90dff 
gmake[1]: Leaving directory `/blues/gpfs/home/tshu/project/bebop/MPI_in_MPI/bebop-psm2/korvo-build/build_area/evpath/linux/CMakeFiles/CMakeTmp'


Determining size of unsigned short passed with the following output:
Change Dir: /blues/gpfs/home/tshu/project/bebop/MPI_in_MPI/bebop-psm2/korvo-build/build_area/evpath/linux/CMakeFiles/CMakeTmp

Run Build Command:"/usr/bin/gmake" "cmTC_3fb69/fast"
/usr/bin/gmake -f CMakeFiles/cmTC_3fb69.dir/build.make CMakeFiles/cmTC_3fb69.dir/build
gmake[1]: Entering directory `/blues/gpfs/home/tshu/project/bebop/MPI_in_MPI/bebop-psm2/korvo-build/build_area/evpath/linux/CMakeFiles/CMakeTmp'
Building C object CMakeFiles/cmTC_3fb69.dir/CMAKE_SIZEOF_UNSIGNED_SHORT.c.o
/usr/bin/cc   -fPIC -Wall   -fPIE   -o CMakeFiles/cmTC_3fb69.dir/CMAKE_SIZEOF_UNSIGNED_SHORT.c.o   -c /blues/gpfs/home/tshu/project/bebop/MPI_in_MPI/bebop-psm2/korvo-build/build_area/evpath/linux/CMakeFiles/CheckTypeSize/CMAKE_SIZEOF_UNSIGNED_SHORT.c
Linking C executable cmTC_3fb69
/blues/gpfs/home/software/spack-0.10.1/opt/spack/linux-centos7-x86_64/intel-17.0.4/cmake-3.9.4-3tixtqtbd65zi6w4277fjte3z4vjpv4t/bin/cmake -E cmake_link_script CMakeFiles/cmTC_3fb69.dir/link.txt --verbose=1
/usr/bin/cc -fPIC -Wall      -rdynamic CMakeFiles/cmTC_3fb69.dir/CMAKE_SIZEOF_UNSIGNED_SHORT.c.o  -o cmTC_3fb69 
gmake[1]: Leaving directory `/blues/gpfs/home/tshu/project/bebop/MPI_in_MPI/bebop-psm2/korvo-build/build_area/evpath/linux/CMakeFiles/CMakeTmp'


Determining if the system is big endian passed with the following output:
Change Dir: /blues/gpfs/home/tshu/project/bebop/MPI_in_MPI/bebop-psm2/korvo-build/build_area/evpath/linux/CMakeFiles/CMakeTmp

Run Build Command:"/usr/bin/gmake" "cmTC_d80ed/fast"
/usr/bin/gmake -f CMakeFiles/cmTC_d80ed.dir/build.make CMakeFiles/cmTC_d80ed.dir/build
gmake[1]: Entering directory `/blues/gpfs/home/tshu/project/bebop/MPI_in_MPI/bebop-psm2/korvo-build/build_area/evpath/linux/CMakeFiles/CMakeTmp'
Building C object CMakeFiles/cmTC_d80ed.dir/TestEndianess.c.o
/usr/bin/cc   -fPIC -Wall   -fPIE   -o CMakeFiles/cmTC_d80ed.dir/TestEndianess.c.o   -c /blues/gpfs/home/tshu/project/bebop/MPI_in_MPI/bebop-psm2/korvo-build/build_area/evpath/linux/CMakeFiles/CMakeTmp/TestEndianess.c
Linking C executable cmTC_d80ed
/blues/gpfs/home/software/spack-0.10.1/opt/spack/linux-centos7-x86_64/intel-17.0.4/cmake-3.9.4-3tixtqtbd65zi6w4277fjte3z4vjpv4t/bin/cmake -E cmake_link_script CMakeFiles/cmTC_d80ed.dir/link.txt --verbose=1
/usr/bin/cc -fPIC -Wall      -rdynamic CMakeFiles/cmTC_d80ed.dir/TestEndianess.c.o  -o cmTC_d80ed 
gmake[1]: Leaving directory `/blues/gpfs/home/tshu/project/bebop/MPI_in_MPI/bebop-psm2/korvo-build/build_area/evpath/linux/CMakeFiles/CMakeTmp'

TestEndianess.c:
/* A 16 bit integer is required. */
typedef unsigned short cmakeint16;

/* On a little endian machine, these 16bit ints will give "THIS IS LITTLE ENDIAN."
   On a big endian machine the characters will be exchanged pairwise. */
const cmakeint16 info_little[] =  {0x4854, 0x5349, 0x4920, 0x2053, 0x494c, 0x5454, 0x454c, 0x4520, 0x444e, 0x4149, 0x2e4e, 0x0000};

/* on a big endian machine, these 16bit ints will give "THIS IS BIG ENDIAN."
   On a little endian machine the characters will be exchanged pairwise. */
const cmakeint16 info_big[] =     {0x5448, 0x4953, 0x2049, 0x5320, 0x4249, 0x4720, 0x454e, 0x4449, 0x414e, 0x2e2e, 0x0000};

#ifdef __CLASSIC_C__
int main(argc, argv) int argc; char *argv[];
#else
int main(int argc, char *argv[])
#endif
{
  int require = 0;
  require += info_little[argc];
  require += info_big[argc];
  (void)argv;
  return require;
}


Determining if the function writev exists passed with the following output:
Change Dir: /blues/gpfs/home/tshu/project/bebop/MPI_in_MPI/bebop-psm2/korvo-build/build_area/evpath/linux/CMakeFiles/CMakeTmp

Run Build Command:"/usr/bin/gmake" "cmTC_fccd1/fast"
/usr/bin/gmake -f CMakeFiles/cmTC_fccd1.dir/build.make CMakeFiles/cmTC_fccd1.dir/build
gmake[1]: Entering directory `/blues/gpfs/home/tshu/project/bebop/MPI_in_MPI/bebop-psm2/korvo-build/build_area/evpath/linux/CMakeFiles/CMakeTmp'
Building C object CMakeFiles/cmTC_fccd1.dir/CheckFunctionExists.c.o
/usr/bin/cc   -fPIC -Wall  -DCHECK_FUNCTION_EXISTS=writev -fPIE   -o CMakeFiles/cmTC_fccd1.dir/CheckFunctionExists.c.o   -c /blues/gpfs/home/software/spack-0.10.1/opt/spack/linux-centos7-x86_64/intel-17.0.4/cmake-3.9.4-3tixtqtbd65zi6w4277fjte3z4vjpv4t/share/cmake-3.9/Modules/CheckFunctionExists.c
Linking C executable cmTC_fccd1
/blues/gpfs/home/software/spack-0.10.1/opt/spack/linux-centos7-x86_64/intel-17.0.4/cmake-3.9.4-3tixtqtbd65zi6w4277fjte3z4vjpv4t/bin/cmake -E cmake_link_script CMakeFiles/cmTC_fccd1.dir/link.txt --verbose=1
/usr/bin/cc -fPIC -Wall  -DCHECK_FUNCTION_EXISTS=writev    -rdynamic CMakeFiles/cmTC_fccd1.dir/CheckFunctionExists.c.o  -o cmTC_fccd1 
gmake[1]: Leaving directory `/blues/gpfs/home/tshu/project/bebop/MPI_in_MPI/bebop-psm2/korvo-build/build_area/evpath/linux/CMakeFiles/CMakeTmp'


Determining if the function uname exists passed with the following output:
Change Dir: /blues/gpfs/home/tshu/project/bebop/MPI_in_MPI/bebop-psm2/korvo-build/build_area/evpath/linux/CMakeFiles/CMakeTmp

Run Build Command:"/usr/bin/gmake" "cmTC_8b09f/fast"
/usr/bin/gmake -f CMakeFiles/cmTC_8b09f.dir/build.make CMakeFiles/cmTC_8b09f.dir/build
gmake[1]: Entering directory `/blues/gpfs/home/tshu/project/bebop/MPI_in_MPI/bebop-psm2/korvo-build/build_area/evpath/linux/CMakeFiles/CMakeTmp'
Building C object CMakeFiles/cmTC_8b09f.dir/CheckFunctionExists.c.o
/usr/bin/cc   -fPIC -Wall  -DCHECK_FUNCTION_EXISTS=uname -fPIE   -o CMakeFiles/cmTC_8b09f.dir/CheckFunctionExists.c.o   -c /blues/gpfs/home/software/spack-0.10.1/opt/spack/linux-centos7-x86_64/intel-17.0.4/cmake-3.9.4-3tixtqtbd65zi6w4277fjte3z4vjpv4t/share/cmake-3.9/Modules/CheckFunctionExists.c
Linking C executable cmTC_8b09f
/blues/gpfs/home/software/spack-0.10.1/opt/spack/linux-centos7-x86_64/intel-17.0.4/cmake-3.9.4-3tixtqtbd65zi6w4277fjte3z4vjpv4t/bin/cmake -E cmake_link_script CMakeFiles/cmTC_8b09f.dir/link.txt --verbose=1
/usr/bin/cc -fPIC -Wall  -DCHECK_FUNCTION_EXISTS=uname    -rdynamic CMakeFiles/cmTC_8b09f.dir/CheckFunctionExists.c.o  -o cmTC_8b09f 
gmake[1]: Leaving directory `/blues/gpfs/home/tshu/project/bebop/MPI_in_MPI/bebop-psm2/korvo-build/build_area/evpath/linux/CMakeFiles/CMakeTmp'


Determining if the function getdomainname exists passed with the following output:
Change Dir: /blues/gpfs/home/tshu/project/bebop/MPI_in_MPI/bebop-psm2/korvo-build/build_area/evpath/linux/CMakeFiles/CMakeTmp

Run Build Command:"/usr/bin/gmake" "cmTC_ae508/fast"
/usr/bin/gmake -f CMakeFiles/cmTC_ae508.dir/build.make CMakeFiles/cmTC_ae508.dir/build
gmake[1]: Entering directory `/blues/gpfs/home/tshu/project/bebop/MPI_in_MPI/bebop-psm2/korvo-build/build_area/evpath/linux/CMakeFiles/CMakeTmp'
Building C object CMakeFiles/cmTC_ae508.dir/CheckFunctionExists.c.o
/usr/bin/cc   -fPIC -Wall  -DCHECK_FUNCTION_EXISTS=getdomainname -fPIE   -o CMakeFiles/cmTC_ae508.dir/CheckFunctionExists.c.o   -c /blues/gpfs/home/software/spack-0.10.1/opt/spack/linux-centos7-x86_64/intel-17.0.4/cmake-3.9.4-3tixtqtbd65zi6w4277fjte3z4vjpv4t/share/cmake-3.9/Modules/CheckFunctionExists.c
Linking C executable cmTC_ae508
/blues/gpfs/home/software/spack-0.10.1/opt/spack/linux-centos7-x86_64/intel-17.0.4/cmake-3.9.4-3tixtqtbd65zi6w4277fjte3z4vjpv4t/bin/cmake -E cmake_link_script CMakeFiles/cmTC_ae508.dir/link.txt --verbose=1
/usr/bin/cc -fPIC -Wall  -DCHECK_FUNCTION_EXISTS=getdomainname    -rdynamic CMakeFiles/cmTC_ae508.dir/CheckFunctionExists.c.o  -o cmTC_ae508 
gmake[1]: Leaving directory `/blues/gpfs/home/tshu/project/bebop/MPI_in_MPI/bebop-psm2/korvo-build/build_area/evpath/linux/CMakeFiles/CMakeTmp'


Determining if the function getloadavg exists passed with the following output:
Change Dir: /blues/gpfs/home/tshu/project/bebop/MPI_in_MPI/bebop-psm2/korvo-build/build_area/evpath/linux/CMakeFiles/CMakeTmp

Run Build Command:"/usr/bin/gmake" "cmTC_a842b/fast"
/usr/bin/gmake -f CMakeFiles/cmTC_a842b.dir/build.make CMakeFiles/cmTC_a842b.dir/build
gmake[1]: Entering directory `/blues/gpfs/home/tshu/project/bebop/MPI_in_MPI/bebop-psm2/korvo-build/build_area/evpath/linux/CMakeFiles/CMakeTmp'
Building C object CMakeFiles/cmTC_a842b.dir/CheckFunctionExists.c.o
/usr/bin/cc   -fPIC -Wall  -DCHECK_FUNCTION_EXISTS=getloadavg -fPIE   -o CMakeFiles/cmTC_a842b.dir/CheckFunctionExists.c.o   -c /blues/gpfs/home/software/spack-0.10.1/opt/spack/linux-centos7-x86_64/intel-17.0.4/cmake-3.9.4-3tixtqtbd65zi6w4277fjte3z4vjpv4t/share/cmake-3.9/Modules/CheckFunctionExists.c
Linking C executable cmTC_a842b
/blues/gpfs/home/software/spack-0.10.1/opt/spack/linux-centos7-x86_64/intel-17.0.4/cmake-3.9.4-3tixtqtbd65zi6w4277fjte3z4vjpv4t/bin/cmake -E cmake_link_script CMakeFiles/cmTC_a842b.dir/link.txt --verbose=1
/usr/bin/cc -fPIC -Wall  -DCHECK_FUNCTION_EXISTS=getloadavg    -rdynamic CMakeFiles/cmTC_a842b.dir/CheckFunctionExists.c.o  -o cmTC_a842b 
gmake[1]: Leaving directory `/blues/gpfs/home/tshu/project/bebop/MPI_in_MPI/bebop-psm2/korvo-build/build_area/evpath/linux/CMakeFiles/CMakeTmp'


Determining if the function gettimeofday exists passed with the following output:
Change Dir: /blues/gpfs/home/tshu/project/bebop/MPI_in_MPI/bebop-psm2/korvo-build/build_area/evpath/linux/CMakeFiles/CMakeTmp

Run Build Command:"/usr/bin/gmake" "cmTC_c6287/fast"
/usr/bin/gmake -f CMakeFiles/cmTC_c6287.dir/build.make CMakeFiles/cmTC_c6287.dir/build
gmake[1]: Entering directory `/blues/gpfs/home/tshu/project/bebop/MPI_in_MPI/bebop-psm2/korvo-build/build_area/evpath/linux/CMakeFiles/CMakeTmp'
Building C object CMakeFiles/cmTC_c6287.dir/CheckFunctionExists.c.o
/usr/bin/cc   -fPIC -Wall  -DCHECK_FUNCTION_EXISTS=gettimeofday -fPIE   -o CMakeFiles/cmTC_c6287.dir/CheckFunctionExists.c.o   -c /blues/gpfs/home/software/spack-0.10.1/opt/spack/linux-centos7-x86_64/intel-17.0.4/cmake-3.9.4-3tixtqtbd65zi6w4277fjte3z4vjpv4t/share/cmake-3.9/Modules/CheckFunctionExists.c
Linking C executable cmTC_c6287
/blues/gpfs/home/software/spack-0.10.1/opt/spack/linux-centos7-x86_64/intel-17.0.4/cmake-3.9.4-3tixtqtbd65zi6w4277fjte3z4vjpv4t/bin/cmake -E cmake_link_script CMakeFiles/cmTC_c6287.dir/link.txt --verbose=1
/usr/bin/cc -fPIC -Wall  -DCHECK_FUNCTION_EXISTS=gettimeofday    -rdynamic CMakeFiles/cmTC_c6287.dir/CheckFunctionExists.c.o  -o cmTC_c6287 
gmake[1]: Leaving directory `/blues/gpfs/home/tshu/project/bebop/MPI_in_MPI/bebop-psm2/korvo-build/build_area/evpath/linux/CMakeFiles/CMakeTmp'


Determining if the function getifaddrs exists passed with the following output:
Change Dir: /blues/gpfs/home/tshu/project/bebop/MPI_in_MPI/bebop-psm2/korvo-build/build_area/evpath/linux/CMakeFiles/CMakeTmp

Run Build Command:"/usr/bin/gmake" "cmTC_90290/fast"
/usr/bin/gmake -f CMakeFiles/cmTC_90290.dir/build.make CMakeFiles/cmTC_90290.dir/build
gmake[1]: Entering directory `/blues/gpfs/home/tshu/project/bebop/MPI_in_MPI/bebop-psm2/korvo-build/build_area/evpath/linux/CMakeFiles/CMakeTmp'
Building C object CMakeFiles/cmTC_90290.dir/CheckFunctionExists.c.o
/usr/bin/cc   -fPIC -Wall  -DCHECK_FUNCTION_EXISTS=getifaddrs -fPIE   -o CMakeFiles/cmTC_90290.dir/CheckFunctionExists.c.o   -c /blues/gpfs/home/software/spack-0.10.1/opt/spack/linux-centos7-x86_64/intel-17.0.4/cmake-3.9.4-3tixtqtbd65zi6w4277fjte3z4vjpv4t/share/cmake-3.9/Modules/CheckFunctionExists.c
Linking C executable cmTC_90290
/blues/gpfs/home/software/spack-0.10.1/opt/spack/linux-centos7-x86_64/intel-17.0.4/cmake-3.9.4-3tixtqtbd65zi6w4277fjte3z4vjpv4t/bin/cmake -E cmake_link_script CMakeFiles/cmTC_90290.dir/link.txt --verbose=1
/usr/bin/cc -fPIC -Wall  -DCHECK_FUNCTION_EXISTS=getifaddrs    -rdynamic CMakeFiles/cmTC_90290.dir/CheckFunctionExists.c.o  -o cmTC_90290 
gmake[1]: Leaving directory `/blues/gpfs/home/tshu/project/bebop/MPI_in_MPI/bebop-psm2/korvo-build/build_area/evpath/linux/CMakeFiles/CMakeTmp'


