Performing C SOURCE FILE Test HAVE_MATH failed with the following output:
Change Dir: /blues/gpfs/home/tshu/project/bebop/MPI_in_MPI/bebop-psm2/korvo-build/build_area/evpath/linux/CMakeFiles/CMakeTmp

Run Build Command:"/usr/bin/gmake" "cmTC_bfcf2/fast"
/usr/bin/gmake -f CMakeFiles/cmTC_bfcf2.dir/build.make CMakeFiles/cmTC_bfcf2.dir/build
gmake[1]: Entering directory `/blues/gpfs/home/tshu/project/bebop/MPI_in_MPI/bebop-psm2/korvo-build/build_area/evpath/linux/CMakeFiles/CMakeTmp'
Building C object CMakeFiles/cmTC_bfcf2.dir/src.c.o
/usr/bin/cc   -fPIC -Wall  -DHAVE_MATH -fPIE   -o CMakeFiles/cmTC_bfcf2.dir/src.c.o   -c /blues/gpfs/home/tshu/project/bebop/MPI_in_MPI/bebop-psm2/korvo-build/build_area/evpath/linux/CMakeFiles/CMakeTmp/src.c
Linking C executable cmTC_bfcf2
/blues/gpfs/home/software/spack-0.10.1/opt/spack/linux-centos7-x86_64/intel-17.0.4/cmake-3.9.4-3tixtqtbd65zi6w4277fjte3z4vjpv4t/bin/cmake -E cmake_link_script CMakeFiles/cmTC_bfcf2.dir/link.txt --verbose=1
/usr/bin/cc -fPIC -Wall  -DHAVE_MATH    -rdynamic CMakeFiles/cmTC_bfcf2.dir/src.c.o  -o cmTC_bfcf2 
CMakeFiles/cmTC_bfcf2.dir/src.c.o: In function `main':
src.c:(.text+0x16): undefined reference to `sqrt'
collect2: error: ld returned 1 exit status
gmake[1]: *** [cmTC_bfcf2] Error 1
gmake[1]: Leaving directory `/blues/gpfs/home/tshu/project/bebop/MPI_in_MPI/bebop-psm2/korvo-build/build_area/evpath/linux/CMakeFiles/CMakeTmp'
gmake: *** [cmTC_bfcf2/fast] Error 2

Source file was:
#include<math.h>
float f; int main(){sqrt(f);return 0;}
Determining if the pthread_create exist failed with the following output:
Change Dir: /blues/gpfs/home/tshu/project/bebop/MPI_in_MPI/bebop-psm2/korvo-build/build_area/evpath/linux/CMakeFiles/CMakeTmp

Run Build Command:"/usr/bin/gmake" "cmTC_a936a/fast"
/usr/bin/gmake -f CMakeFiles/cmTC_a936a.dir/build.make CMakeFiles/cmTC_a936a.dir/build
gmake[1]: Entering directory `/blues/gpfs/home/tshu/project/bebop/MPI_in_MPI/bebop-psm2/korvo-build/build_area/evpath/linux/CMakeFiles/CMakeTmp'
Building C object CMakeFiles/cmTC_a936a.dir/CheckSymbolExists.c.o
/usr/bin/cc   -fPIC -Wall   -fPIE   -o CMakeFiles/cmTC_a936a.dir/CheckSymbolExists.c.o   -c /blues/gpfs/home/tshu/project/bebop/MPI_in_MPI/bebop-psm2/korvo-build/build_area/evpath/linux/CMakeFiles/CMakeTmp/CheckSymbolExists.c
Linking C executable cmTC_a936a
/blues/gpfs/home/software/spack-0.10.1/opt/spack/linux-centos7-x86_64/intel-17.0.4/cmake-3.9.4-3tixtqtbd65zi6w4277fjte3z4vjpv4t/bin/cmake -E cmake_link_script CMakeFiles/cmTC_a936a.dir/link.txt --verbose=1
/usr/bin/cc -fPIC -Wall      -rdynamic CMakeFiles/cmTC_a936a.dir/CheckSymbolExists.c.o  -o cmTC_a936a 
CMakeFiles/cmTC_a936a.dir/CheckSymbolExists.c.o: In function `main':
CheckSymbolExists.c:(.text+0x1b): undefined reference to `pthread_create'
collect2: error: ld returned 1 exit status
gmake[1]: *** [cmTC_a936a] Error 1
gmake[1]: Leaving directory `/blues/gpfs/home/tshu/project/bebop/MPI_in_MPI/bebop-psm2/korvo-build/build_area/evpath/linux/CMakeFiles/CMakeTmp'
gmake: *** [cmTC_a936a/fast] Error 2

File /blues/gpfs/home/tshu/project/bebop/MPI_in_MPI/bebop-psm2/korvo-build/build_area/evpath/linux/CMakeFiles/CMakeTmp/CheckSymbolExists.c:
/* */
#include <pthread.h>

int main(int argc, char** argv)
{
  (void)argv;
#ifndef pthread_create
  return ((int*)(&pthread_create))[argc];
#else
  (void)argc;
  return 0;
#endif
}

Determining if the function pthread_create exists in the pthreads failed with the following output:
Change Dir: /blues/gpfs/home/tshu/project/bebop/MPI_in_MPI/bebop-psm2/korvo-build/build_area/evpath/linux/CMakeFiles/CMakeTmp

Run Build Command:"/usr/bin/gmake" "cmTC_bea7d/fast"
/usr/bin/gmake -f CMakeFiles/cmTC_bea7d.dir/build.make CMakeFiles/cmTC_bea7d.dir/build
gmake[1]: Entering directory `/blues/gpfs/home/tshu/project/bebop/MPI_in_MPI/bebop-psm2/korvo-build/build_area/evpath/linux/CMakeFiles/CMakeTmp'
Building C object CMakeFiles/cmTC_bea7d.dir/CheckFunctionExists.c.o
/usr/bin/cc   -fPIC -Wall  -DCHECK_FUNCTION_EXISTS=pthread_create -fPIE   -o CMakeFiles/cmTC_bea7d.dir/CheckFunctionExists.c.o   -c /blues/gpfs/home/software/spack-0.10.1/opt/spack/linux-centos7-x86_64/intel-17.0.4/cmake-3.9.4-3tixtqtbd65zi6w4277fjte3z4vjpv4t/share/cmake-3.9/Modules/CheckFunctionExists.c
Linking C executable cmTC_bea7d
/blues/gpfs/home/software/spack-0.10.1/opt/spack/linux-centos7-x86_64/intel-17.0.4/cmake-3.9.4-3tixtqtbd65zi6w4277fjte3z4vjpv4t/bin/cmake -E cmake_link_script CMakeFiles/cmTC_bea7d.dir/link.txt --verbose=1
/usr/bin/cc -fPIC -Wall  -DCHECK_FUNCTION_EXISTS=pthread_create    -rdynamic CMakeFiles/cmTC_bea7d.dir/CheckFunctionExists.c.o  -o cmTC_bea7d -lpthreads 
/usr/bin/ld: cannot find -lpthreads
collect2: error: ld returned 1 exit status
gmake[1]: *** [cmTC_bea7d] Error 1
gmake[1]: Leaving directory `/blues/gpfs/home/tshu/project/bebop/MPI_in_MPI/bebop-psm2/korvo-build/build_area/evpath/linux/CMakeFiles/CMakeTmp'
gmake: *** [cmTC_bea7d/fast] Error 2


Determining if the function ibv_create_qp exists failed with the following output:
Change Dir: /blues/gpfs/home/tshu/project/bebop/MPI_in_MPI/bebop-psm2/korvo-build/build_area/evpath/linux/CMakeFiles/CMakeTmp

Run Build Command:"/usr/bin/gmake" "cmTC_8859f/fast"
/usr/bin/gmake -f CMakeFiles/cmTC_8859f.dir/build.make CMakeFiles/cmTC_8859f.dir/build
gmake[1]: Entering directory `/blues/gpfs/home/tshu/project/bebop/MPI_in_MPI/bebop-psm2/korvo-build/build_area/evpath/linux/CMakeFiles/CMakeTmp'
Building C object CMakeFiles/cmTC_8859f.dir/CheckFunctionExists.c.o
/usr/bin/cc   -fPIC -Wall  -DCHECK_FUNCTION_EXISTS=ibv_create_qp -fPIE   -o CMakeFiles/cmTC_8859f.dir/CheckFunctionExists.c.o   -c /blues/gpfs/home/software/spack-0.10.1/opt/spack/linux-centos7-x86_64/intel-17.0.4/cmake-3.9.4-3tixtqtbd65zi6w4277fjte3z4vjpv4t/share/cmake-3.9/Modules/CheckFunctionExists.c
Linking C executable cmTC_8859f
/blues/gpfs/home/software/spack-0.10.1/opt/spack/linux-centos7-x86_64/intel-17.0.4/cmake-3.9.4-3tixtqtbd65zi6w4277fjte3z4vjpv4t/bin/cmake -E cmake_link_script CMakeFiles/cmTC_8859f.dir/link.txt --verbose=1
/usr/bin/cc -fPIC -Wall  -DCHECK_FUNCTION_EXISTS=ibv_create_qp    -rdynamic CMakeFiles/cmTC_8859f.dir/CheckFunctionExists.c.o  -o cmTC_8859f 
CMakeFiles/cmTC_8859f.dir/CheckFunctionExists.c.o: In function `main':
CheckFunctionExists.c:(.text+0x10): undefined reference to `ibv_create_qp'
collect2: error: ld returned 1 exit status
gmake[1]: *** [cmTC_8859f] Error 1
gmake[1]: Leaving directory `/blues/gpfs/home/tshu/project/bebop/MPI_in_MPI/bebop-psm2/korvo-build/build_area/evpath/linux/CMakeFiles/CMakeTmp'
gmake: *** [cmTC_8859f/fast] Error 2


Determining if the include file hostlib.h exists failed with the following output:
Change Dir: /blues/gpfs/home/tshu/project/bebop/MPI_in_MPI/bebop-psm2/korvo-build/build_area/evpath/linux/CMakeFiles/CMakeTmp

Run Build Command:"/usr/bin/gmake" "cmTC_1b17f/fast"
/usr/bin/gmake -f CMakeFiles/cmTC_1b17f.dir/build.make CMakeFiles/cmTC_1b17f.dir/build
gmake[1]: Entering directory `/blues/gpfs/home/tshu/project/bebop/MPI_in_MPI/bebop-psm2/korvo-build/build_area/evpath/linux/CMakeFiles/CMakeTmp'
Building C object CMakeFiles/cmTC_1b17f.dir/CheckIncludeFile.c.o
/usr/bin/cc   -fPIC -Wall   -fPIE   -o CMakeFiles/cmTC_1b17f.dir/CheckIncludeFile.c.o   -c /blues/gpfs/home/tshu/project/bebop/MPI_in_MPI/bebop-psm2/korvo-build/build_area/evpath/linux/CMakeFiles/CMakeTmp/CheckIncludeFile.c
/blues/gpfs/home/tshu/project/bebop/MPI_in_MPI/bebop-psm2/korvo-build/build_area/evpath/linux/CMakeFiles/CMakeTmp/CheckIncludeFile.c:1:21: fatal error: hostlib.h: No such file or directory
 #include <hostlib.h>
                     ^
compilation terminated.
gmake[1]: *** [CMakeFiles/cmTC_1b17f.dir/CheckIncludeFile.c.o] Error 1
gmake[1]: Leaving directory `/blues/gpfs/home/tshu/project/bebop/MPI_in_MPI/bebop-psm2/korvo-build/build_area/evpath/linux/CMakeFiles/CMakeTmp'
gmake: *** [cmTC_1b17f/fast] Error 2


Determining if the include file sockLib.h exists failed with the following output:
Change Dir: /blues/gpfs/home/tshu/project/bebop/MPI_in_MPI/bebop-psm2/korvo-build/build_area/evpath/linux/CMakeFiles/CMakeTmp

Run Build Command:"/usr/bin/gmake" "cmTC_46c87/fast"
/usr/bin/gmake -f CMakeFiles/cmTC_46c87.dir/build.make CMakeFiles/cmTC_46c87.dir/build
gmake[1]: Entering directory `/blues/gpfs/home/tshu/project/bebop/MPI_in_MPI/bebop-psm2/korvo-build/build_area/evpath/linux/CMakeFiles/CMakeTmp'
Building C object CMakeFiles/cmTC_46c87.dir/CheckIncludeFile.c.o
/usr/bin/cc   -fPIC -Wall   -fPIE   -o CMakeFiles/cmTC_46c87.dir/CheckIncludeFile.c.o   -c /blues/gpfs/home/tshu/project/bebop/MPI_in_MPI/bebop-psm2/korvo-build/build_area/evpath/linux/CMakeFiles/CMakeTmp/CheckIncludeFile.c
/blues/gpfs/home/tshu/project/bebop/MPI_in_MPI/bebop-psm2/korvo-build/build_area/evpath/linux/CMakeFiles/CMakeTmp/CheckIncludeFile.c:1:21: fatal error: sockLib.h: No such file or directory
 #include <sockLib.h>
                     ^
compilation terminated.
gmake[1]: *** [CMakeFiles/cmTC_46c87.dir/CheckIncludeFile.c.o] Error 1
gmake[1]: Leaving directory `/blues/gpfs/home/tshu/project/bebop/MPI_in_MPI/bebop-psm2/korvo-build/build_area/evpath/linux/CMakeFiles/CMakeTmp'
gmake: *** [cmTC_46c87/fast] Error 2


Determining if the include file sys/sockio.h exists failed with the following output:
Change Dir: /blues/gpfs/home/tshu/project/bebop/MPI_in_MPI/bebop-psm2/korvo-build/build_area/evpath/linux/CMakeFiles/CMakeTmp

Run Build Command:"/usr/bin/gmake" "cmTC_8a80f/fast"
/usr/bin/gmake -f CMakeFiles/cmTC_8a80f.dir/build.make CMakeFiles/cmTC_8a80f.dir/build
gmake[1]: Entering directory `/blues/gpfs/home/tshu/project/bebop/MPI_in_MPI/bebop-psm2/korvo-build/build_area/evpath/linux/CMakeFiles/CMakeTmp'
Building C object CMakeFiles/cmTC_8a80f.dir/CheckIncludeFile.c.o
/usr/bin/cc   -fPIC -Wall   -fPIE   -o CMakeFiles/cmTC_8a80f.dir/CheckIncludeFile.c.o   -c /blues/gpfs/home/tshu/project/bebop/MPI_in_MPI/bebop-psm2/korvo-build/build_area/evpath/linux/CMakeFiles/CMakeTmp/CheckIncludeFile.c
/blues/gpfs/home/tshu/project/bebop/MPI_in_MPI/bebop-psm2/korvo-build/build_area/evpath/linux/CMakeFiles/CMakeTmp/CheckIncludeFile.c:1:24: fatal error: sys/sockio.h: No such file or directory
 #include <sys/sockio.h>
                        ^
compilation terminated.
gmake[1]: *** [CMakeFiles/cmTC_8a80f.dir/CheckIncludeFile.c.o] Error 1
gmake[1]: Leaving directory `/blues/gpfs/home/tshu/project/bebop/MPI_in_MPI/bebop-psm2/korvo-build/build_area/evpath/linux/CMakeFiles/CMakeTmp'
gmake: *** [cmTC_8a80f/fast] Error 2


Determining if the include file windows.h exists failed with the following output:
Change Dir: /blues/gpfs/home/tshu/project/bebop/MPI_in_MPI/bebop-psm2/korvo-build/build_area/evpath/linux/CMakeFiles/CMakeTmp

Run Build Command:"/usr/bin/gmake" "cmTC_bd04e/fast"
/usr/bin/gmake -f CMakeFiles/cmTC_bd04e.dir/build.make CMakeFiles/cmTC_bd04e.dir/build
gmake[1]: Entering directory `/blues/gpfs/home/tshu/project/bebop/MPI_in_MPI/bebop-psm2/korvo-build/build_area/evpath/linux/CMakeFiles/CMakeTmp'
Building C object CMakeFiles/cmTC_bd04e.dir/CheckIncludeFile.c.o
/usr/bin/cc   -fPIC -Wall   -fPIE   -o CMakeFiles/cmTC_bd04e.dir/CheckIncludeFile.c.o   -c /blues/gpfs/home/tshu/project/bebop/MPI_in_MPI/bebop-psm2/korvo-build/build_area/evpath/linux/CMakeFiles/CMakeTmp/CheckIncludeFile.c
/blues/gpfs/home/tshu/project/bebop/MPI_in_MPI/bebop-psm2/korvo-build/build_area/evpath/linux/CMakeFiles/CMakeTmp/CheckIncludeFile.c:1:21: fatal error: windows.h: No such file or directory
 #include <windows.h>
                     ^
compilation terminated.
gmake[1]: *** [CMakeFiles/cmTC_bd04e.dir/CheckIncludeFile.c.o] Error 1
gmake[1]: Leaving directory `/blues/gpfs/home/tshu/project/bebop/MPI_in_MPI/bebop-psm2/korvo-build/build_area/evpath/linux/CMakeFiles/CMakeTmp'
gmake: *** [cmTC_bd04e/fast] Error 2


Determining if the include file winsock.h exists failed with the following output:
Change Dir: /blues/gpfs/home/tshu/project/bebop/MPI_in_MPI/bebop-psm2/korvo-build/build_area/evpath/linux/CMakeFiles/CMakeTmp

Run Build Command:"/usr/bin/gmake" "cmTC_5d7b5/fast"
/usr/bin/gmake -f CMakeFiles/cmTC_5d7b5.dir/build.make CMakeFiles/cmTC_5d7b5.dir/build
gmake[1]: Entering directory `/blues/gpfs/home/tshu/project/bebop/MPI_in_MPI/bebop-psm2/korvo-build/build_area/evpath/linux/CMakeFiles/CMakeTmp'
Building C object CMakeFiles/cmTC_5d7b5.dir/CheckIncludeFile.c.o
/usr/bin/cc   -fPIC -Wall   -fPIE   -o CMakeFiles/cmTC_5d7b5.dir/CheckIncludeFile.c.o   -c /blues/gpfs/home/tshu/project/bebop/MPI_in_MPI/bebop-psm2/korvo-build/build_area/evpath/linux/CMakeFiles/CMakeTmp/CheckIncludeFile.c
/blues/gpfs/home/tshu/project/bebop/MPI_in_MPI/bebop-psm2/korvo-build/build_area/evpath/linux/CMakeFiles/CMakeTmp/CheckIncludeFile.c:1:21: fatal error: winsock.h: No such file or directory
 #include <winsock.h>
                     ^
compilation terminated.
gmake[1]: *** [CMakeFiles/cmTC_5d7b5.dir/CheckIncludeFile.c.o] Error 1
gmake[1]: Leaving directory `/blues/gpfs/home/tshu/project/bebop/MPI_in_MPI/bebop-psm2/korvo-build/build_area/evpath/linux/CMakeFiles/CMakeTmp'
gmake: *** [cmTC_5d7b5/fast] Error 2


Performing C SOURCE FILE Test HAVE_FDS_BITS failed with the following output:
Change Dir: /blues/gpfs/home/tshu/project/bebop/MPI_in_MPI/bebop-psm2/korvo-build/build_area/evpath/linux/CMakeFiles/CMakeTmp

Run Build Command:"/usr/bin/gmake" "cmTC_c1612/fast"
/usr/bin/gmake -f CMakeFiles/cmTC_c1612.dir/build.make CMakeFiles/cmTC_c1612.dir/build
gmake[1]: Entering directory `/blues/gpfs/home/tshu/project/bebop/MPI_in_MPI/bebop-psm2/korvo-build/build_area/evpath/linux/CMakeFiles/CMakeTmp'
Building C object CMakeFiles/cmTC_c1612.dir/src.c.o
/usr/bin/cc   -fPIC -Wall  -DHAVE_FDS_BITS -fPIE   -o CMakeFiles/cmTC_c1612.dir/src.c.o   -c /blues/gpfs/home/tshu/project/bebop/MPI_in_MPI/bebop-psm2/korvo-build/build_area/evpath/linux/CMakeFiles/CMakeTmp/src.c
/blues/gpfs/home/tshu/project/bebop/MPI_in_MPI/bebop-psm2/korvo-build/build_area/evpath/linux/CMakeFiles/CMakeTmp/src.c: In function 'main':
/blues/gpfs/home/tshu/project/bebop/MPI_in_MPI/bebop-psm2/korvo-build/build_area/evpath/linux/CMakeFiles/CMakeTmp/src.c:6:37: error: dereferencing pointer to incomplete type
    (void)sizeof(((struct fd_set *)0)->fds_bits);
                                     ^
gmake[1]: *** [CMakeFiles/cmTC_c1612.dir/src.c.o] Error 1
gmake[1]: Leaving directory `/blues/gpfs/home/tshu/project/bebop/MPI_in_MPI/bebop-psm2/korvo-build/build_area/evpath/linux/CMakeFiles/CMakeTmp'
gmake: *** [cmTC_c1612/fast] Error 2

Source file was:

#include <sys/select.h>

int main()
{
   (void)sizeof(((struct fd_set *)0)->fds_bits);
   return 0;
}

