Determining if the include file sockLib.h exists failed with the following output:
Change Dir: /blues/gpfs/home/tshu/project/bebop/MPI_in_MPI/bebop-psm2/korvo-build/build_area/ffs/linux/CMakeFiles/CMakeTmp

Run Build Command:"/usr/bin/gmake" "cmTC_25e6b/fast"
/usr/bin/gmake -f CMakeFiles/cmTC_25e6b.dir/build.make CMakeFiles/cmTC_25e6b.dir/build
gmake[1]: Entering directory `/blues/gpfs/home/tshu/project/bebop/MPI_in_MPI/bebop-psm2/korvo-build/build_area/ffs/linux/CMakeFiles/CMakeTmp'
Building C object CMakeFiles/cmTC_25e6b.dir/CheckIncludeFile.c.o
/usr/bin/cc   -fPIC  -fPIE   -o CMakeFiles/cmTC_25e6b.dir/CheckIncludeFile.c.o   -c /blues/gpfs/home/tshu/project/bebop/MPI_in_MPI/bebop-psm2/korvo-build/build_area/ffs/linux/CMakeFiles/CMakeTmp/CheckIncludeFile.c
/blues/gpfs/home/tshu/project/bebop/MPI_in_MPI/bebop-psm2/korvo-build/build_area/ffs/linux/CMakeFiles/CMakeTmp/CheckIncludeFile.c:1:21: fatal error: sockLib.h: No such file or directory
 #include <sockLib.h>
                     ^
compilation terminated.
gmake[1]: *** [CMakeFiles/cmTC_25e6b.dir/CheckIncludeFile.c.o] Error 1
gmake[1]: Leaving directory `/blues/gpfs/home/tshu/project/bebop/MPI_in_MPI/bebop-psm2/korvo-build/build_area/ffs/linux/CMakeFiles/CMakeTmp'
gmake: *** [cmTC_25e6b/fast] Error 2


Determining if the include file windows.h exists failed with the following output:
Change Dir: /blues/gpfs/home/tshu/project/bebop/MPI_in_MPI/bebop-psm2/korvo-build/build_area/ffs/linux/CMakeFiles/CMakeTmp

Run Build Command:"/usr/bin/gmake" "cmTC_2ea6d/fast"
/usr/bin/gmake -f CMakeFiles/cmTC_2ea6d.dir/build.make CMakeFiles/cmTC_2ea6d.dir/build
gmake[1]: Entering directory `/blues/gpfs/home/tshu/project/bebop/MPI_in_MPI/bebop-psm2/korvo-build/build_area/ffs/linux/CMakeFiles/CMakeTmp'
Building C object CMakeFiles/cmTC_2ea6d.dir/CheckIncludeFile.c.o
/usr/bin/cc   -fPIC  -fPIE   -o CMakeFiles/cmTC_2ea6d.dir/CheckIncludeFile.c.o   -c /blues/gpfs/home/tshu/project/bebop/MPI_in_MPI/bebop-psm2/korvo-build/build_area/ffs/linux/CMakeFiles/CMakeTmp/CheckIncludeFile.c
/blues/gpfs/home/tshu/project/bebop/MPI_in_MPI/bebop-psm2/korvo-build/build_area/ffs/linux/CMakeFiles/CMakeTmp/CheckIncludeFile.c:1:21: fatal error: windows.h: No such file or directory
 #include <windows.h>
                     ^
compilation terminated.
gmake[1]: *** [CMakeFiles/cmTC_2ea6d.dir/CheckIncludeFile.c.o] Error 1
gmake[1]: Leaving directory `/blues/gpfs/home/tshu/project/bebop/MPI_in_MPI/bebop-psm2/korvo-build/build_area/ffs/linux/CMakeFiles/CMakeTmp'
gmake: *** [cmTC_2ea6d/fast] Error 2


Determining if the include file winsock.h exists failed with the following output:
Change Dir: /blues/gpfs/home/tshu/project/bebop/MPI_in_MPI/bebop-psm2/korvo-build/build_area/ffs/linux/CMakeFiles/CMakeTmp

Run Build Command:"/usr/bin/gmake" "cmTC_026ac/fast"
/usr/bin/gmake -f CMakeFiles/cmTC_026ac.dir/build.make CMakeFiles/cmTC_026ac.dir/build
gmake[1]: Entering directory `/blues/gpfs/home/tshu/project/bebop/MPI_in_MPI/bebop-psm2/korvo-build/build_area/ffs/linux/CMakeFiles/CMakeTmp'
Building C object CMakeFiles/cmTC_026ac.dir/CheckIncludeFile.c.o
/usr/bin/cc   -fPIC  -fPIE   -o CMakeFiles/cmTC_026ac.dir/CheckIncludeFile.c.o   -c /blues/gpfs/home/tshu/project/bebop/MPI_in_MPI/bebop-psm2/korvo-build/build_area/ffs/linux/CMakeFiles/CMakeTmp/CheckIncludeFile.c
/blues/gpfs/home/tshu/project/bebop/MPI_in_MPI/bebop-psm2/korvo-build/build_area/ffs/linux/CMakeFiles/CMakeTmp/CheckIncludeFile.c:1:21: fatal error: winsock.h: No such file or directory
 #include <winsock.h>
                     ^
compilation terminated.
gmake[1]: *** [CMakeFiles/cmTC_026ac.dir/CheckIncludeFile.c.o] Error 1
gmake[1]: Leaving directory `/blues/gpfs/home/tshu/project/bebop/MPI_in_MPI/bebop-psm2/korvo-build/build_area/ffs/linux/CMakeFiles/CMakeTmp'
gmake: *** [cmTC_026ac/fast] Error 2


Determining if the pthread_create exist failed with the following output:
Change Dir: /blues/gpfs/home/tshu/project/bebop/MPI_in_MPI/bebop-psm2/korvo-build/build_area/ffs/linux/CMakeFiles/CMakeTmp

Run Build Command:"/usr/bin/gmake" "cmTC_2ca30/fast"
/usr/bin/gmake -f CMakeFiles/cmTC_2ca30.dir/build.make CMakeFiles/cmTC_2ca30.dir/build
gmake[1]: Entering directory `/blues/gpfs/home/tshu/project/bebop/MPI_in_MPI/bebop-psm2/korvo-build/build_area/ffs/linux/CMakeFiles/CMakeTmp'
Building C object CMakeFiles/cmTC_2ca30.dir/CheckSymbolExists.c.o
/usr/bin/cc   -fPIC  -fPIE   -o CMakeFiles/cmTC_2ca30.dir/CheckSymbolExists.c.o   -c /blues/gpfs/home/tshu/project/bebop/MPI_in_MPI/bebop-psm2/korvo-build/build_area/ffs/linux/CMakeFiles/CMakeTmp/CheckSymbolExists.c
Linking C executable cmTC_2ca30
/blues/gpfs/home/software/spack-0.10.1/opt/spack/linux-centos7-x86_64/intel-17.0.4/cmake-3.9.4-3tixtqtbd65zi6w4277fjte3z4vjpv4t/bin/cmake -E cmake_link_script CMakeFiles/cmTC_2ca30.dir/link.txt --verbose=1
/usr/bin/cc -fPIC     -rdynamic CMakeFiles/cmTC_2ca30.dir/CheckSymbolExists.c.o  -o cmTC_2ca30 
CMakeFiles/cmTC_2ca30.dir/CheckSymbolExists.c.o: In function `main':
CheckSymbolExists.c:(.text+0x1b): undefined reference to `pthread_create'
collect2: error: ld returned 1 exit status
gmake[1]: *** [cmTC_2ca30] Error 1
gmake[1]: Leaving directory `/blues/gpfs/home/tshu/project/bebop/MPI_in_MPI/bebop-psm2/korvo-build/build_area/ffs/linux/CMakeFiles/CMakeTmp'
gmake: *** [cmTC_2ca30/fast] Error 2

File /blues/gpfs/home/tshu/project/bebop/MPI_in_MPI/bebop-psm2/korvo-build/build_area/ffs/linux/CMakeFiles/CMakeTmp/CheckSymbolExists.c:
/* */
#include <pthread.h>

int main(int argc, char** argv)
{
  (void)argv;
#ifndef pthread_create
  return ((int*)(&pthread_create))[argc];
#else
  (void)argc;
  return 0;
#endif
}

Determining if the function pthread_create exists in the pthreads failed with the following output:
Change Dir: /blues/gpfs/home/tshu/project/bebop/MPI_in_MPI/bebop-psm2/korvo-build/build_area/ffs/linux/CMakeFiles/CMakeTmp

Run Build Command:"/usr/bin/gmake" "cmTC_569ee/fast"
/usr/bin/gmake -f CMakeFiles/cmTC_569ee.dir/build.make CMakeFiles/cmTC_569ee.dir/build
gmake[1]: Entering directory `/blues/gpfs/home/tshu/project/bebop/MPI_in_MPI/bebop-psm2/korvo-build/build_area/ffs/linux/CMakeFiles/CMakeTmp'
Building C object CMakeFiles/cmTC_569ee.dir/CheckFunctionExists.c.o
/usr/bin/cc   -fPIC -DCHECK_FUNCTION_EXISTS=pthread_create -fPIE   -o CMakeFiles/cmTC_569ee.dir/CheckFunctionExists.c.o   -c /blues/gpfs/home/software/spack-0.10.1/opt/spack/linux-centos7-x86_64/intel-17.0.4/cmake-3.9.4-3tixtqtbd65zi6w4277fjte3z4vjpv4t/share/cmake-3.9/Modules/CheckFunctionExists.c
Linking C executable cmTC_569ee
/blues/gpfs/home/software/spack-0.10.1/opt/spack/linux-centos7-x86_64/intel-17.0.4/cmake-3.9.4-3tixtqtbd65zi6w4277fjte3z4vjpv4t/bin/cmake -E cmake_link_script CMakeFiles/cmTC_569ee.dir/link.txt --verbose=1
/usr/bin/cc -fPIC -DCHECK_FUNCTION_EXISTS=pthread_create    -rdynamic CMakeFiles/cmTC_569ee.dir/CheckFunctionExists.c.o  -o cmTC_569ee -lpthreads 
/usr/bin/ld: cannot find -lpthreads
collect2: error: ld returned 1 exit status
gmake[1]: *** [cmTC_569ee] Error 1
gmake[1]: Leaving directory `/blues/gpfs/home/tshu/project/bebop/MPI_in_MPI/bebop-psm2/korvo-build/build_area/ffs/linux/CMakeFiles/CMakeTmp'
gmake: *** [cmTC_569ee/fast] Error 2


