The system is: Linux - 3.10.0-693.21.1.el7.x86_64 - x86_64
Compiling the C compiler identification source file "CMakeCCompilerId.c" succeeded.
Compiler: /usr/bin/cc 
Build flags: -fPIC
Id flags:  

The output was:
0


Compilation of the C compiler identification source "CMakeCCompilerId.c" produced "a.out"

The C compiler identification is GNU, found in "/blues/gpfs/home/tshu/project/bebop/MPI_in_MPI/bebop-psm2/korvo-build/build_area/ffs/linux/CMakeFiles/3.9.4/CompilerIdC/a.out"

Compiling the CXX compiler identification source file "CMakeCXXCompilerId.cpp" succeeded.
Compiler: /usr/bin/c++ 
Build flags: -fPIC
Id flags:  

The output was:
0


Compilation of the CXX compiler identification source "CMakeCXXCompilerId.cpp" produced "a.out"

The CXX compiler identification is GNU, found in "/blues/gpfs/home/tshu/project/bebop/MPI_in_MPI/bebop-psm2/korvo-build/build_area/ffs/linux/CMakeFiles/3.9.4/CompilerIdCXX/a.out"

Determining if the C compiler works passed with the following output:
Change Dir: /blues/gpfs/home/tshu/project/bebop/MPI_in_MPI/bebop-psm2/korvo-build/build_area/ffs/linux/CMakeFiles/CMakeTmp

Run Build Command:"/usr/bin/gmake" "cmTC_5324b/fast"
/usr/bin/gmake -f CMakeFiles/cmTC_5324b.dir/build.make CMakeFiles/cmTC_5324b.dir/build
gmake[1]: Entering directory `/blues/gpfs/home/tshu/project/bebop/MPI_in_MPI/bebop-psm2/korvo-build/build_area/ffs/linux/CMakeFiles/CMakeTmp'
Building C object CMakeFiles/cmTC_5324b.dir/testCCompiler.c.o
/usr/bin/cc   -fPIC    -o CMakeFiles/cmTC_5324b.dir/testCCompiler.c.o   -c /blues/gpfs/home/tshu/project/bebop/MPI_in_MPI/bebop-psm2/korvo-build/build_area/ffs/linux/CMakeFiles/CMakeTmp/testCCompiler.c
Linking C executable cmTC_5324b
/blues/gpfs/home/software/spack-0.10.1/opt/spack/linux-centos7-x86_64/intel-17.0.4/cmake-3.9.4-3tixtqtbd65zi6w4277fjte3z4vjpv4t/bin/cmake -E cmake_link_script CMakeFiles/cmTC_5324b.dir/link.txt --verbose=1
/usr/bin/cc -fPIC     -rdynamic CMakeFiles/cmTC_5324b.dir/testCCompiler.c.o  -o cmTC_5324b 
gmake[1]: Leaving directory `/blues/gpfs/home/tshu/project/bebop/MPI_in_MPI/bebop-psm2/korvo-build/build_area/ffs/linux/CMakeFiles/CMakeTmp'


Detecting C compiler ABI info compiled with the following output:
Change Dir: /blues/gpfs/home/tshu/project/bebop/MPI_in_MPI/bebop-psm2/korvo-build/build_area/ffs/linux/CMakeFiles/CMakeTmp

Run Build Command:"/usr/bin/gmake" "cmTC_bd655/fast"
/usr/bin/gmake -f CMakeFiles/cmTC_bd655.dir/build.make CMakeFiles/cmTC_bd655.dir/build
gmake[1]: Entering directory `/blues/gpfs/home/tshu/project/bebop/MPI_in_MPI/bebop-psm2/korvo-build/build_area/ffs/linux/CMakeFiles/CMakeTmp'
Building C object CMakeFiles/cmTC_bd655.dir/CMakeCCompilerABI.c.o
/usr/bin/cc   -fPIC    -o CMakeFiles/cmTC_bd655.dir/CMakeCCompilerABI.c.o   -c /blues/gpfs/home/software/spack-0.10.1/opt/spack/linux-centos7-x86_64/intel-17.0.4/cmake-3.9.4-3tixtqtbd65zi6w4277fjte3z4vjpv4t/share/cmake-3.9/Modules/CMakeCCompilerABI.c
Linking C executable cmTC_bd655
/blues/gpfs/home/software/spack-0.10.1/opt/spack/linux-centos7-x86_64/intel-17.0.4/cmake-3.9.4-3tixtqtbd65zi6w4277fjte3z4vjpv4t/bin/cmake -E cmake_link_script CMakeFiles/cmTC_bd655.dir/link.txt --verbose=1
/usr/bin/cc -fPIC    -v -rdynamic CMakeFiles/cmTC_bd655.dir/CMakeCCompilerABI.c.o  -o cmTC_bd655 
Using built-in specs.
COLLECT_GCC=/usr/bin/cc
COLLECT_LTO_WRAPPER=/usr/libexec/gcc/x86_64-redhat-linux/4.8.5/lto-wrapper
Target: x86_64-redhat-linux
Configured with: ../configure --prefix=/usr --mandir=/usr/share/man --infodir=/usr/share/info --with-bugurl=http://bugzilla.redhat.com/bugzilla --enable-bootstrap --enable-shared --enable-threads=posix --enable-checking=release --with-system-zlib --enable-__cxa_atexit --disable-libunwind-exceptions --enable-gnu-unique-object --enable-linker-build-id --with-linker-hash-style=gnu --enable-languages=c,c++,objc,obj-c++,java,fortran,ada,go,lto --enable-plugin --enable-initfini-array --disable-libgcj --with-isl=/builddir/build/BUILD/gcc-4.8.5-20150702/obj-x86_64-redhat-linux/isl-install --with-cloog=/builddir/build/BUILD/gcc-4.8.5-20150702/obj-x86_64-redhat-linux/cloog-install --enable-gnu-indirect-function --with-tune=generic --with-arch_32=x86-64 --build=x86_64-redhat-linux
Thread model: posix
gcc version 4.8.5 20150623 (Red Hat 4.8.5-16) (GCC) 
COMPILER_PATH=/usr/libexec/gcc/x86_64-redhat-linux/4.8.5/:/usr/libexec/gcc/x86_64-redhat-linux/4.8.5/:/usr/libexec/gcc/x86_64-redhat-linux/:/usr/lib/gcc/x86_64-redhat-linux/4.8.5/:/usr/lib/gcc/x86_64-redhat-linux/
LIBRARY_PATH=/blues/gpfs/home/software/spack-0.10.1/opt/spack/linux-centos7-x86_64/gcc-4.8.5/gcc-7.1.0-4bgguypumyezlt6vfhha3ukntrlrx7fq/lib64/../lib64/:/blues/gpfs/home/software/spack-0.10.1/opt/spack/linux-centos7-x86_64/gcc-4.8.5/gcc-7.1.0-4bgguypumyezlt6vfhha3ukntrlrx7fq/lib/../lib64/:/usr/lib/gcc/x86_64-redhat-linux/4.8.5/:/usr/lib/gcc/x86_64-redhat-linux/4.8.5/../../../../lib64/:/lib/../lib64/:/usr/lib/../lib64/:/blues/gpfs/home/software/spack-0.10.1/opt/spack/linux-centos7-x86_64/gcc-4.8.5/gcc-7.1.0-4bgguypumyezlt6vfhha3ukntrlrx7fq/lib64/:/blues/gpfs/home/software/spack-0.10.1/opt/spack/linux-centos7-x86_64/gcc-4.8.5/gcc-7.1.0-4bgguypumyezlt6vfhha3ukntrlrx7fq/lib/:/blues/gpfs/home/software/spack-0.10.1/opt/spack/linux-centos7-x86_64/gcc-4.8.5/intel-17.0.4-74uvhjiulyqgvsmywifbbuo46v5n42xc/tbb/lib/intel64/gcc4.4/:/blues/gpfs/home/software/spack-0.10.1/opt/spack/linux-centos7-x86_64/gcc-4.8.5/intel-17.0.4-74uvhjiulyqgvsmywifbbuo46v5n42xc/lib/intel64/:/usr/lib/gcc/x86_64-redhat-linux/4.8.5/../../../:/lib/:/usr/lib/
COLLECT_GCC_OPTIONS='-fPIC' '-v' '-rdynamic' '-o' 'cmTC_bd655' '-mtune=generic' '-march=x86-64'
 /usr/libexec/gcc/x86_64-redhat-linux/4.8.5/collect2 --build-id --no-add-needed --eh-frame-hdr --hash-style=gnu -m elf_x86_64 -export-dynamic -dynamic-linker /lib64/ld-linux-x86-64.so.2 -o cmTC_bd655 /usr/lib/gcc/x86_64-redhat-linux/4.8.5/../../../../lib64/crt1.o /usr/lib/gcc/x86_64-redhat-linux/4.8.5/../../../../lib64/crti.o /usr/lib/gcc/x86_64-redhat-linux/4.8.5/crtbegin.o -L/blues/gpfs/home/software/spack-0.10.1/opt/spack/linux-centos7-x86_64/gcc-4.8.5/gcc-7.1.0-4bgguypumyezlt6vfhha3ukntrlrx7fq/lib64/../lib64 -L/blues/gpfs/home/software/spack-0.10.1/opt/spack/linux-centos7-x86_64/gcc-4.8.5/gcc-7.1.0-4bgguypumyezlt6vfhha3ukntrlrx7fq/lib/../lib64 -L/usr/lib/gcc/x86_64-redhat-linux/4.8.5 -L/usr/lib/gcc/x86_64-redhat-linux/4.8.5/../../../../lib64 -L/lib/../lib64 -L/usr/lib/../lib64 -L/blues/gpfs/home/software/spack-0.10.1/opt/spack/linux-centos7-x86_64/gcc-4.8.5/gcc-7.1.0-4bgguypumyezlt6vfhha3ukntrlrx7fq/lib64 -L/blues/gpfs/home/software/spack-0.10.1/opt/spack/linux-centos7-x86_64/gcc-4.8.5/gcc-7.1.0-4bgguypumyezlt6vfhha3ukntrlrx7fq/lib -L/blues/gpfs/home/software/spack-0.10.1/opt/spack/linux-centos7-x86_64/gcc-4.8.5/intel-17.0.4-74uvhjiulyqgvsmywifbbuo46v5n42xc/tbb/lib/intel64/gcc4.4 -L/blues/gpfs/home/software/spack-0.10.1/opt/spack/linux-centos7-x86_64/gcc-4.8.5/intel-17.0.4-74uvhjiulyqgvsmywifbbuo46v5n42xc/lib/intel64 -L/usr/lib/gcc/x86_64-redhat-linux/4.8.5/../../.. CMakeFiles/cmTC_bd655.dir/CMakeCCompilerABI.c.o -lgcc --as-needed -lgcc_s --no-as-needed -lc -lgcc --as-needed -lgcc_s --no-as-needed /usr/lib/gcc/x86_64-redhat-linux/4.8.5/crtend.o /usr/lib/gcc/x86_64-redhat-linux/4.8.5/../../../../lib64/crtn.o
gmake[1]: Leaving directory `/blues/gpfs/home/tshu/project/bebop/MPI_in_MPI/bebop-psm2/korvo-build/build_area/ffs/linux/CMakeFiles/CMakeTmp'


Parsed C implicit link information from above output:
  link line regex: [^( *|.*[/\])(ld|CMAKE_LINK_STARTFILE-NOTFOUND|([^/\]+-)?ld|collect2)[^/\]*( |$)]
  ignore line: [Change Dir: /blues/gpfs/home/tshu/project/bebop/MPI_in_MPI/bebop-psm2/korvo-build/build_area/ffs/linux/CMakeFiles/CMakeTmp]
  ignore line: []
  ignore line: [Run Build Command:"/usr/bin/gmake" "cmTC_bd655/fast"]
  ignore line: [/usr/bin/gmake -f CMakeFiles/cmTC_bd655.dir/build.make CMakeFiles/cmTC_bd655.dir/build]
  ignore line: [gmake[1]: Entering directory `/blues/gpfs/home/tshu/project/bebop/MPI_in_MPI/bebop-psm2/korvo-build/build_area/ffs/linux/CMakeFiles/CMakeTmp']
  ignore line: [Building C object CMakeFiles/cmTC_bd655.dir/CMakeCCompilerABI.c.o]
  ignore line: [/usr/bin/cc   -fPIC    -o CMakeFiles/cmTC_bd655.dir/CMakeCCompilerABI.c.o   -c /blues/gpfs/home/software/spack-0.10.1/opt/spack/linux-centos7-x86_64/intel-17.0.4/cmake-3.9.4-3tixtqtbd65zi6w4277fjte3z4vjpv4t/share/cmake-3.9/Modules/CMakeCCompilerABI.c]
  ignore line: [Linking C executable cmTC_bd655]
  ignore line: [/blues/gpfs/home/software/spack-0.10.1/opt/spack/linux-centos7-x86_64/intel-17.0.4/cmake-3.9.4-3tixtqtbd65zi6w4277fjte3z4vjpv4t/bin/cmake -E cmake_link_script CMakeFiles/cmTC_bd655.dir/link.txt --verbose=1]
  ignore line: [/usr/bin/cc -fPIC    -v -rdynamic CMakeFiles/cmTC_bd655.dir/CMakeCCompilerABI.c.o  -o cmTC_bd655 ]
  ignore line: [Using built-in specs.]
  ignore line: [COLLECT_GCC=/usr/bin/cc]
  ignore line: [COLLECT_LTO_WRAPPER=/usr/libexec/gcc/x86_64-redhat-linux/4.8.5/lto-wrapper]
  ignore line: [Target: x86_64-redhat-linux]
  ignore line: [Configured with: ../configure --prefix=/usr --mandir=/usr/share/man --infodir=/usr/share/info --with-bugurl=http://bugzilla.redhat.com/bugzilla --enable-bootstrap --enable-shared --enable-threads=posix --enable-checking=release --with-system-zlib --enable-__cxa_atexit --disable-libunwind-exceptions --enable-gnu-unique-object --enable-linker-build-id --with-linker-hash-style=gnu --enable-languages=c,c++,objc,obj-c++,java,fortran,ada,go,lto --enable-plugin --enable-initfini-array --disable-libgcj --with-isl=/builddir/build/BUILD/gcc-4.8.5-20150702/obj-x86_64-redhat-linux/isl-install --with-cloog=/builddir/build/BUILD/gcc-4.8.5-20150702/obj-x86_64-redhat-linux/cloog-install --enable-gnu-indirect-function --with-tune=generic --with-arch_32=x86-64 --build=x86_64-redhat-linux]
  ignore line: [Thread model: posix]
  ignore line: [gcc version 4.8.5 20150623 (Red Hat 4.8.5-16) (GCC) ]
  ignore line: [COMPILER_PATH=/usr/libexec/gcc/x86_64-redhat-linux/4.8.5/:/usr/libexec/gcc/x86_64-redhat-linux/4.8.5/:/usr/libexec/gcc/x86_64-redhat-linux/:/usr/lib/gcc/x86_64-redhat-linux/4.8.5/:/usr/lib/gcc/x86_64-redhat-linux/]
  ignore line: [LIBRARY_PATH=/blues/gpfs/home/software/spack-0.10.1/opt/spack/linux-centos7-x86_64/gcc-4.8.5/gcc-7.1.0-4bgguypumyezlt6vfhha3ukntrlrx7fq/lib64/../lib64/:/blues/gpfs/home/software/spack-0.10.1/opt/spack/linux-centos7-x86_64/gcc-4.8.5/gcc-7.1.0-4bgguypumyezlt6vfhha3ukntrlrx7fq/lib/../lib64/:/usr/lib/gcc/x86_64-redhat-linux/4.8.5/:/usr/lib/gcc/x86_64-redhat-linux/4.8.5/../../../../lib64/:/lib/../lib64/:/usr/lib/../lib64/:/blues/gpfs/home/software/spack-0.10.1/opt/spack/linux-centos7-x86_64/gcc-4.8.5/gcc-7.1.0-4bgguypumyezlt6vfhha3ukntrlrx7fq/lib64/:/blues/gpfs/home/software/spack-0.10.1/opt/spack/linux-centos7-x86_64/gcc-4.8.5/gcc-7.1.0-4bgguypumyezlt6vfhha3ukntrlrx7fq/lib/:/blues/gpfs/home/software/spack-0.10.1/opt/spack/linux-centos7-x86_64/gcc-4.8.5/intel-17.0.4-74uvhjiulyqgvsmywifbbuo46v5n42xc/tbb/lib/intel64/gcc4.4/:/blues/gpfs/home/software/spack-0.10.1/opt/spack/linux-centos7-x86_64/gcc-4.8.5/intel-17.0.4-74uvhjiulyqgvsmywifbbuo46v5n42xc/lib/intel64/:/usr/lib/gcc/x86_64-redhat-linux/4.8.5/../../../:/lib/:/usr/lib/]
  ignore line: [COLLECT_GCC_OPTIONS='-fPIC' '-v' '-rdynamic' '-o' 'cmTC_bd655' '-mtune=generic' '-march=x86-64']
  link line: [ /usr/libexec/gcc/x86_64-redhat-linux/4.8.5/collect2 --build-id --no-add-needed --eh-frame-hdr --hash-style=gnu -m elf_x86_64 -export-dynamic -dynamic-linker /lib64/ld-linux-x86-64.so.2 -o cmTC_bd655 /usr/lib/gcc/x86_64-redhat-linux/4.8.5/../../../../lib64/crt1.o /usr/lib/gcc/x86_64-redhat-linux/4.8.5/../../../../lib64/crti.o /usr/lib/gcc/x86_64-redhat-linux/4.8.5/crtbegin.o -L/blues/gpfs/home/software/spack-0.10.1/opt/spack/linux-centos7-x86_64/gcc-4.8.5/gcc-7.1.0-4bgguypumyezlt6vfhha3ukntrlrx7fq/lib64/../lib64 -L/blues/gpfs/home/software/spack-0.10.1/opt/spack/linux-centos7-x86_64/gcc-4.8.5/gcc-7.1.0-4bgguypumyezlt6vfhha3ukntrlrx7fq/lib/../lib64 -L/usr/lib/gcc/x86_64-redhat-linux/4.8.5 -L/usr/lib/gcc/x86_64-redhat-linux/4.8.5/../../../../lib64 -L/lib/../lib64 -L/usr/lib/../lib64 -L/blues/gpfs/home/software/spack-0.10.1/opt/spack/linux-centos7-x86_64/gcc-4.8.5/gcc-7.1.0-4bgguypumyezlt6vfhha3ukntrlrx7fq/lib64 -L/blues/gpfs/home/software/spack-0.10.1/opt/spack/linux-centos7-x86_64/gcc-4.8.5/gcc-7.1.0-4bgguypumyezlt6vfhha3ukntrlrx7fq/lib -L/blues/gpfs/home/software/spack-0.10.1/opt/spack/linux-centos7-x86_64/gcc-4.8.5/intel-17.0.4-74uvhjiulyqgvsmywifbbuo46v5n42xc/tbb/lib/intel64/gcc4.4 -L/blues/gpfs/home/software/spack-0.10.1/opt/spack/linux-centos7-x86_64/gcc-4.8.5/intel-17.0.4-74uvhjiulyqgvsmywifbbuo46v5n42xc/lib/intel64 -L/usr/lib/gcc/x86_64-redhat-linux/4.8.5/../../.. CMakeFiles/cmTC_bd655.dir/CMakeCCompilerABI.c.o -lgcc --as-needed -lgcc_s --no-as-needed -lc -lgcc --as-needed -lgcc_s --no-as-needed /usr/lib/gcc/x86_64-redhat-linux/4.8.5/crtend.o /usr/lib/gcc/x86_64-redhat-linux/4.8.5/../../../../lib64/crtn.o]
    arg [/usr/libexec/gcc/x86_64-redhat-linux/4.8.5/collect2] ==> ignore
    arg [--build-id] ==> ignore
    arg [--no-add-needed] ==> ignore
    arg [--eh-frame-hdr] ==> ignore
    arg [--hash-style=gnu] ==> ignore
    arg [-m] ==> ignore
    arg [elf_x86_64] ==> ignore
    arg [-export-dynamic] ==> ignore
    arg [-dynamic-linker] ==> ignore
    arg [/lib64/ld-linux-x86-64.so.2] ==> ignore
    arg [-o] ==> ignore
    arg [cmTC_bd655] ==> ignore
    arg [/usr/lib/gcc/x86_64-redhat-linux/4.8.5/../../../../lib64/crt1.o] ==> ignore
    arg [/usr/lib/gcc/x86_64-redhat-linux/4.8.5/../../../../lib64/crti.o] ==> ignore
    arg [/usr/lib/gcc/x86_64-redhat-linux/4.8.5/crtbegin.o] ==> ignore
    arg [-L/blues/gpfs/home/software/spack-0.10.1/opt/spack/linux-centos7-x86_64/gcc-4.8.5/gcc-7.1.0-4bgguypumyezlt6vfhha3ukntrlrx7fq/lib64/../lib64] ==> dir [/blues/gpfs/home/software/spack-0.10.1/opt/spack/linux-centos7-x86_64/gcc-4.8.5/gcc-7.1.0-4bgguypumyezlt6vfhha3ukntrlrx7fq/lib64/../lib64]
    arg [-L/blues/gpfs/home/software/spack-0.10.1/opt/spack/linux-centos7-x86_64/gcc-4.8.5/gcc-7.1.0-4bgguypumyezlt6vfhha3ukntrlrx7fq/lib/../lib64] ==> dir [/blues/gpfs/home/software/spack-0.10.1/opt/spack/linux-centos7-x86_64/gcc-4.8.5/gcc-7.1.0-4bgguypumyezlt6vfhha3ukntrlrx7fq/lib/../lib64]
    arg [-L/usr/lib/gcc/x86_64-redhat-linux/4.8.5] ==> dir [/usr/lib/gcc/x86_64-redhat-linux/4.8.5]
    arg [-L/usr/lib/gcc/x86_64-redhat-linux/4.8.5/../../../../lib64] ==> dir [/usr/lib/gcc/x86_64-redhat-linux/4.8.5/../../../../lib64]
    arg [-L/lib/../lib64] ==> dir [/lib/../lib64]
    arg [-L/usr/lib/../lib64] ==> dir [/usr/lib/../lib64]
    arg [-L/blues/gpfs/home/software/spack-0.10.1/opt/spack/linux-centos7-x86_64/gcc-4.8.5/gcc-7.1.0-4bgguypumyezlt6vfhha3ukntrlrx7fq/lib64] ==> dir [/blues/gpfs/home/software/spack-0.10.1/opt/spack/linux-centos7-x86_64/gcc-4.8.5/gcc-7.1.0-4bgguypumyezlt6vfhha3ukntrlrx7fq/lib64]
    arg [-L/blues/gpfs/home/software/spack-0.10.1/opt/spack/linux-centos7-x86_64/gcc-4.8.5/gcc-7.1.0-4bgguypumyezlt6vfhha3ukntrlrx7fq/lib] ==> dir [/blues/gpfs/home/software/spack-0.10.1/opt/spack/linux-centos7-x86_64/gcc-4.8.5/gcc-7.1.0-4bgguypumyezlt6vfhha3ukntrlrx7fq/lib]
    arg [-L/blues/gpfs/home/software/spack-0.10.1/opt/spack/linux-centos7-x86_64/gcc-4.8.5/intel-17.0.4-74uvhjiulyqgvsmywifbbuo46v5n42xc/tbb/lib/intel64/gcc4.4] ==> dir [/blues/gpfs/home/software/spack-0.10.1/opt/spack/linux-centos7-x86_64/gcc-4.8.5/intel-17.0.4-74uvhjiulyqgvsmywifbbuo46v5n42xc/tbb/lib/intel64/gcc4.4]
    arg [-L/blues/gpfs/home/software/spack-0.10.1/opt/spack/linux-centos7-x86_64/gcc-4.8.5/intel-17.0.4-74uvhjiulyqgvsmywifbbuo46v5n42xc/lib/intel64] ==> dir [/blues/gpfs/home/software/spack-0.10.1/opt/spack/linux-centos7-x86_64/gcc-4.8.5/intel-17.0.4-74uvhjiulyqgvsmywifbbuo46v5n42xc/lib/intel64]
    arg [-L/usr/lib/gcc/x86_64-redhat-linux/4.8.5/../../..] ==> dir [/usr/lib/gcc/x86_64-redhat-linux/4.8.5/../../..]
    arg [CMakeFiles/cmTC_bd655.dir/CMakeCCompilerABI.c.o] ==> ignore
    arg [-lgcc] ==> lib [gcc]
    arg [--as-needed] ==> ignore
    arg [-lgcc_s] ==> lib [gcc_s]
    arg [--no-as-needed] ==> ignore
    arg [-lc] ==> lib [c]
    arg [-lgcc] ==> lib [gcc]
    arg [--as-needed] ==> ignore
    arg [-lgcc_s] ==> lib [gcc_s]
    arg [--no-as-needed] ==> ignore
    arg [/usr/lib/gcc/x86_64-redhat-linux/4.8.5/crtend.o] ==> ignore
    arg [/usr/lib/gcc/x86_64-redhat-linux/4.8.5/../../../../lib64/crtn.o] ==> ignore
  collapse library dir [/blues/gpfs/home/software/spack-0.10.1/opt/spack/linux-centos7-x86_64/gcc-4.8.5/gcc-7.1.0-4bgguypumyezlt6vfhha3ukntrlrx7fq/lib64/../lib64] ==> [/blues/gpfs/home/software/spack-0.10.1/opt/spack/linux-centos7-x86_64/gcc-4.8.5/gcc-7.1.0-4bgguypumyezlt6vfhha3ukntrlrx7fq/lib64]
  collapse library dir [/blues/gpfs/home/software/spack-0.10.1/opt/spack/linux-centos7-x86_64/gcc-4.8.5/gcc-7.1.0-4bgguypumyezlt6vfhha3ukntrlrx7fq/lib/../lib64] ==> [/blues/gpfs/home/software/spack-0.10.1/opt/spack/linux-centos7-x86_64/gcc-4.8.5/gcc-7.1.0-4bgguypumyezlt6vfhha3ukntrlrx7fq/lib64]
  collapse library dir [/usr/lib/gcc/x86_64-redhat-linux/4.8.5] ==> [/usr/lib/gcc/x86_64-redhat-linux/4.8.5]
  collapse library dir [/usr/lib/gcc/x86_64-redhat-linux/4.8.5/../../../../lib64] ==> [/usr/lib64]
  collapse library dir [/lib/../lib64] ==> [/lib64]
  collapse library dir [/usr/lib/../lib64] ==> [/usr/lib64]
  collapse library dir [/blues/gpfs/home/software/spack-0.10.1/opt/spack/linux-centos7-x86_64/gcc-4.8.5/gcc-7.1.0-4bgguypumyezlt6vfhha3ukntrlrx7fq/lib64] ==> [/blues/gpfs/home/software/spack-0.10.1/opt/spack/linux-centos7-x86_64/gcc-4.8.5/gcc-7.1.0-4bgguypumyezlt6vfhha3ukntrlrx7fq/lib64]
  collapse library dir [/blues/gpfs/home/software/spack-0.10.1/opt/spack/linux-centos7-x86_64/gcc-4.8.5/gcc-7.1.0-4bgguypumyezlt6vfhha3ukntrlrx7fq/lib] ==> [/blues/gpfs/home/software/spack-0.10.1/opt/spack/linux-centos7-x86_64/gcc-4.8.5/gcc-7.1.0-4bgguypumyezlt6vfhha3ukntrlrx7fq/lib]
  collapse library dir [/blues/gpfs/home/software/spack-0.10.1/opt/spack/linux-centos7-x86_64/gcc-4.8.5/intel-17.0.4-74uvhjiulyqgvsmywifbbuo46v5n42xc/tbb/lib/intel64/gcc4.4] ==> [/blues/gpfs/home/software/spack-0.10.1/opt/spack/linux-centos7-x86_64/gcc-4.8.5/intel-17.0.4-74uvhjiulyqgvsmywifbbuo46v5n42xc/tbb/lib/intel64/gcc4.4]
  collapse library dir [/blues/gpfs/home/software/spack-0.10.1/opt/spack/linux-centos7-x86_64/gcc-4.8.5/intel-17.0.4-74uvhjiulyqgvsmywifbbuo46v5n42xc/lib/intel64] ==> [/blues/gpfs/home/software/spack-0.10.1/opt/spack/linux-centos7-x86_64/gcc-4.8.5/intel-17.0.4-74uvhjiulyqgvsmywifbbuo46v5n42xc/lib/intel64]
  collapse library dir [/usr/lib/gcc/x86_64-redhat-linux/4.8.5/../../..] ==> [/usr/lib]
  implicit libs: [gcc;gcc_s;c;gcc;gcc_s]
  implicit dirs: [/blues/gpfs/home/software/spack-0.10.1/opt/spack/linux-centos7-x86_64/gcc-4.8.5/gcc-7.1.0-4bgguypumyezlt6vfhha3ukntrlrx7fq/lib64;/usr/lib/gcc/x86_64-redhat-linux/4.8.5;/usr/lib64;/lib64;/blues/gpfs/home/software/spack-0.10.1/opt/spack/linux-centos7-x86_64/gcc-4.8.5/gcc-7.1.0-4bgguypumyezlt6vfhha3ukntrlrx7fq/lib;/blues/gpfs/home/software/spack-0.10.1/opt/spack/linux-centos7-x86_64/gcc-4.8.5/intel-17.0.4-74uvhjiulyqgvsmywifbbuo46v5n42xc/tbb/lib/intel64/gcc4.4;/blues/gpfs/home/software/spack-0.10.1/opt/spack/linux-centos7-x86_64/gcc-4.8.5/intel-17.0.4-74uvhjiulyqgvsmywifbbuo46v5n42xc/lib/intel64;/usr/lib]
  implicit fwks: []




Detecting C [-std=c11] compiler features compiled with the following output:
Change Dir: /blues/gpfs/home/tshu/project/bebop/MPI_in_MPI/bebop-psm2/korvo-build/build_area/ffs/linux/CMakeFiles/CMakeTmp

Run Build Command:"/usr/bin/gmake" "cmTC_6824a/fast"
/usr/bin/gmake -f CMakeFiles/cmTC_6824a.dir/build.make CMakeFiles/cmTC_6824a.dir/build
gmake[1]: Entering directory `/blues/gpfs/home/tshu/project/bebop/MPI_in_MPI/bebop-psm2/korvo-build/build_area/ffs/linux/CMakeFiles/CMakeTmp'
Building C object CMakeFiles/cmTC_6824a.dir/feature_tests.c.o
/usr/bin/cc   -fPIC    -std=c11 -o CMakeFiles/cmTC_6824a.dir/feature_tests.c.o   -c /blues/gpfs/home/tshu/project/bebop/MPI_in_MPI/bebop-psm2/korvo-build/build_area/ffs/linux/CMakeFiles/feature_tests.c
Linking C executable cmTC_6824a
/blues/gpfs/home/software/spack-0.10.1/opt/spack/linux-centos7-x86_64/intel-17.0.4/cmake-3.9.4-3tixtqtbd65zi6w4277fjte3z4vjpv4t/bin/cmake -E cmake_link_script CMakeFiles/cmTC_6824a.dir/link.txt --verbose=1
/usr/bin/cc -fPIC     -rdynamic CMakeFiles/cmTC_6824a.dir/feature_tests.c.o  -o cmTC_6824a 
gmake[1]: Leaving directory `/blues/gpfs/home/tshu/project/bebop/MPI_in_MPI/bebop-psm2/korvo-build/build_area/ffs/linux/CMakeFiles/CMakeTmp'


    Feature record: C_FEATURE:1c_function_prototypes
    Feature record: C_FEATURE:1c_restrict
    Feature record: C_FEATURE:1c_static_assert
    Feature record: C_FEATURE:1c_variadic_macros


Detecting C [-std=c99] compiler features compiled with the following output:
Change Dir: /blues/gpfs/home/tshu/project/bebop/MPI_in_MPI/bebop-psm2/korvo-build/build_area/ffs/linux/CMakeFiles/CMakeTmp

Run Build Command:"/usr/bin/gmake" "cmTC_0c36d/fast"
/usr/bin/gmake -f CMakeFiles/cmTC_0c36d.dir/build.make CMakeFiles/cmTC_0c36d.dir/build
gmake[1]: Entering directory `/blues/gpfs/home/tshu/project/bebop/MPI_in_MPI/bebop-psm2/korvo-build/build_area/ffs/linux/CMakeFiles/CMakeTmp'
Building C object CMakeFiles/cmTC_0c36d.dir/feature_tests.c.o
/usr/bin/cc   -fPIC    -std=c99 -o CMakeFiles/cmTC_0c36d.dir/feature_tests.c.o   -c /blues/gpfs/home/tshu/project/bebop/MPI_in_MPI/bebop-psm2/korvo-build/build_area/ffs/linux/CMakeFiles/feature_tests.c
Linking C executable cmTC_0c36d
/blues/gpfs/home/software/spack-0.10.1/opt/spack/linux-centos7-x86_64/intel-17.0.4/cmake-3.9.4-3tixtqtbd65zi6w4277fjte3z4vjpv4t/bin/cmake -E cmake_link_script CMakeFiles/cmTC_0c36d.dir/link.txt --verbose=1
/usr/bin/cc -fPIC     -rdynamic CMakeFiles/cmTC_0c36d.dir/feature_tests.c.o  -o cmTC_0c36d 
gmake[1]: Leaving directory `/blues/gpfs/home/tshu/project/bebop/MPI_in_MPI/bebop-psm2/korvo-build/build_area/ffs/linux/CMakeFiles/CMakeTmp'


    Feature record: C_FEATURE:1c_function_prototypes
    Feature record: C_FEATURE:1c_restrict
    Feature record: C_FEATURE:0c_static_assert
    Feature record: C_FEATURE:1c_variadic_macros


Detecting C [-std=c90] compiler features compiled with the following output:
Change Dir: /blues/gpfs/home/tshu/project/bebop/MPI_in_MPI/bebop-psm2/korvo-build/build_area/ffs/linux/CMakeFiles/CMakeTmp

Run Build Command:"/usr/bin/gmake" "cmTC_64db2/fast"
/usr/bin/gmake -f CMakeFiles/cmTC_64db2.dir/build.make CMakeFiles/cmTC_64db2.dir/build
gmake[1]: Entering directory `/blues/gpfs/home/tshu/project/bebop/MPI_in_MPI/bebop-psm2/korvo-build/build_area/ffs/linux/CMakeFiles/CMakeTmp'
Building C object CMakeFiles/cmTC_64db2.dir/feature_tests.c.o
/usr/bin/cc   -fPIC    -std=c90 -o CMakeFiles/cmTC_64db2.dir/feature_tests.c.o   -c /blues/gpfs/home/tshu/project/bebop/MPI_in_MPI/bebop-psm2/korvo-build/build_area/ffs/linux/CMakeFiles/feature_tests.c
Linking C executable cmTC_64db2
/blues/gpfs/home/software/spack-0.10.1/opt/spack/linux-centos7-x86_64/intel-17.0.4/cmake-3.9.4-3tixtqtbd65zi6w4277fjte3z4vjpv4t/bin/cmake -E cmake_link_script CMakeFiles/cmTC_64db2.dir/link.txt --verbose=1
/usr/bin/cc -fPIC     -rdynamic CMakeFiles/cmTC_64db2.dir/feature_tests.c.o  -o cmTC_64db2 
gmake[1]: Leaving directory `/blues/gpfs/home/tshu/project/bebop/MPI_in_MPI/bebop-psm2/korvo-build/build_area/ffs/linux/CMakeFiles/CMakeTmp'


    Feature record: C_FEATURE:1c_function_prototypes
    Feature record: C_FEATURE:0c_restrict
    Feature record: C_FEATURE:0c_static_assert
    Feature record: C_FEATURE:0c_variadic_macros
Determining if the CXX compiler works passed with the following output:
Change Dir: /blues/gpfs/home/tshu/project/bebop/MPI_in_MPI/bebop-psm2/korvo-build/build_area/ffs/linux/CMakeFiles/CMakeTmp

Run Build Command:"/usr/bin/gmake" "cmTC_3abec/fast"
/usr/bin/gmake -f CMakeFiles/cmTC_3abec.dir/build.make CMakeFiles/cmTC_3abec.dir/build
gmake[1]: Entering directory `/blues/gpfs/home/tshu/project/bebop/MPI_in_MPI/bebop-psm2/korvo-build/build_area/ffs/linux/CMakeFiles/CMakeTmp'
Building CXX object CMakeFiles/cmTC_3abec.dir/testCXXCompiler.cxx.o
/usr/bin/c++    -fPIC    -o CMakeFiles/cmTC_3abec.dir/testCXXCompiler.cxx.o -c /blues/gpfs/home/tshu/project/bebop/MPI_in_MPI/bebop-psm2/korvo-build/build_area/ffs/linux/CMakeFiles/CMakeTmp/testCXXCompiler.cxx
Linking CXX executable cmTC_3abec
/blues/gpfs/home/software/spack-0.10.1/opt/spack/linux-centos7-x86_64/intel-17.0.4/cmake-3.9.4-3tixtqtbd65zi6w4277fjte3z4vjpv4t/bin/cmake -E cmake_link_script CMakeFiles/cmTC_3abec.dir/link.txt --verbose=1
/usr/bin/c++  -fPIC     -rdynamic CMakeFiles/cmTC_3abec.dir/testCXXCompiler.cxx.o  -o cmTC_3abec 
gmake[1]: Leaving directory `/blues/gpfs/home/tshu/project/bebop/MPI_in_MPI/bebop-psm2/korvo-build/build_area/ffs/linux/CMakeFiles/CMakeTmp'


Detecting CXX compiler ABI info compiled with the following output:
Change Dir: /blues/gpfs/home/tshu/project/bebop/MPI_in_MPI/bebop-psm2/korvo-build/build_area/ffs/linux/CMakeFiles/CMakeTmp

Run Build Command:"/usr/bin/gmake" "cmTC_b5a23/fast"
/usr/bin/gmake -f CMakeFiles/cmTC_b5a23.dir/build.make CMakeFiles/cmTC_b5a23.dir/build
gmake[1]: Entering directory `/blues/gpfs/home/tshu/project/bebop/MPI_in_MPI/bebop-psm2/korvo-build/build_area/ffs/linux/CMakeFiles/CMakeTmp'
Building CXX object CMakeFiles/cmTC_b5a23.dir/CMakeCXXCompilerABI.cpp.o
/usr/bin/c++    -fPIC    -o CMakeFiles/cmTC_b5a23.dir/CMakeCXXCompilerABI.cpp.o -c /blues/gpfs/home/software/spack-0.10.1/opt/spack/linux-centos7-x86_64/intel-17.0.4/cmake-3.9.4-3tixtqtbd65zi6w4277fjte3z4vjpv4t/share/cmake-3.9/Modules/CMakeCXXCompilerABI.cpp
Linking CXX executable cmTC_b5a23
/blues/gpfs/home/software/spack-0.10.1/opt/spack/linux-centos7-x86_64/intel-17.0.4/cmake-3.9.4-3tixtqtbd65zi6w4277fjte3z4vjpv4t/bin/cmake -E cmake_link_script CMakeFiles/cmTC_b5a23.dir/link.txt --verbose=1
/usr/bin/c++  -fPIC    -v -rdynamic CMakeFiles/cmTC_b5a23.dir/CMakeCXXCompilerABI.cpp.o  -o cmTC_b5a23 
Using built-in specs.
COLLECT_GCC=/usr/bin/c++
COLLECT_LTO_WRAPPER=/usr/libexec/gcc/x86_64-redhat-linux/4.8.5/lto-wrapper
Target: x86_64-redhat-linux
Configured with: ../configure --prefix=/usr --mandir=/usr/share/man --infodir=/usr/share/info --with-bugurl=http://bugzilla.redhat.com/bugzilla --enable-bootstrap --enable-shared --enable-threads=posix --enable-checking=release --with-system-zlib --enable-__cxa_atexit --disable-libunwind-exceptions --enable-gnu-unique-object --enable-linker-build-id --with-linker-hash-style=gnu --enable-languages=c,c++,objc,obj-c++,java,fortran,ada,go,lto --enable-plugin --enable-initfini-array --disable-libgcj --with-isl=/builddir/build/BUILD/gcc-4.8.5-20150702/obj-x86_64-redhat-linux/isl-install --with-cloog=/builddir/build/BUILD/gcc-4.8.5-20150702/obj-x86_64-redhat-linux/cloog-install --enable-gnu-indirect-function --with-tune=generic --with-arch_32=x86-64 --build=x86_64-redhat-linux
Thread model: posix
gcc version 4.8.5 20150623 (Red Hat 4.8.5-16) (GCC) 
COMPILER_PATH=/usr/libexec/gcc/x86_64-redhat-linux/4.8.5/:/usr/libexec/gcc/x86_64-redhat-linux/4.8.5/:/usr/libexec/gcc/x86_64-redhat-linux/:/usr/lib/gcc/x86_64-redhat-linux/4.8.5/:/usr/lib/gcc/x86_64-redhat-linux/
LIBRARY_PATH=/blues/gpfs/home/software/spack-0.10.1/opt/spack/linux-centos7-x86_64/gcc-4.8.5/gcc-7.1.0-4bgguypumyezlt6vfhha3ukntrlrx7fq/lib64/../lib64/:/blues/gpfs/home/software/spack-0.10.1/opt/spack/linux-centos7-x86_64/gcc-4.8.5/gcc-7.1.0-4bgguypumyezlt6vfhha3ukntrlrx7fq/lib/../lib64/:/usr/lib/gcc/x86_64-redhat-linux/4.8.5/:/usr/lib/gcc/x86_64-redhat-linux/4.8.5/../../../../lib64/:/lib/../lib64/:/usr/lib/../lib64/:/blues/gpfs/home/software/spack-0.10.1/opt/spack/linux-centos7-x86_64/gcc-4.8.5/gcc-7.1.0-4bgguypumyezlt6vfhha3ukntrlrx7fq/lib64/:/blues/gpfs/home/software/spack-0.10.1/opt/spack/linux-centos7-x86_64/gcc-4.8.5/gcc-7.1.0-4bgguypumyezlt6vfhha3ukntrlrx7fq/lib/:/blues/gpfs/home/software/spack-0.10.1/opt/spack/linux-centos7-x86_64/gcc-4.8.5/intel-17.0.4-74uvhjiulyqgvsmywifbbuo46v5n42xc/tbb/lib/intel64/gcc4.4/:/blues/gpfs/home/software/spack-0.10.1/opt/spack/linux-centos7-x86_64/gcc-4.8.5/intel-17.0.4-74uvhjiulyqgvsmywifbbuo46v5n42xc/lib/intel64/:/usr/lib/gcc/x86_64-redhat-linux/4.8.5/../../../:/lib/:/usr/lib/
COLLECT_GCC_OPTIONS='-fPIC' '-v' '-rdynamic' '-o' 'cmTC_b5a23' '-shared-libgcc' '-mtune=generic' '-march=x86-64'
 /usr/libexec/gcc/x86_64-redhat-linux/4.8.5/collect2 --build-id --no-add-needed --eh-frame-hdr --hash-style=gnu -m elf_x86_64 -export-dynamic -dynamic-linker /lib64/ld-linux-x86-64.so.2 -o cmTC_b5a23 /usr/lib/gcc/x86_64-redhat-linux/4.8.5/../../../../lib64/crt1.o /usr/lib/gcc/x86_64-redhat-linux/4.8.5/../../../../lib64/crti.o /usr/lib/gcc/x86_64-redhat-linux/4.8.5/crtbegin.o -L/blues/gpfs/home/software/spack-0.10.1/opt/spack/linux-centos7-x86_64/gcc-4.8.5/gcc-7.1.0-4bgguypumyezlt6vfhha3ukntrlrx7fq/lib64/../lib64 -L/blues/gpfs/home/software/spack-0.10.1/opt/spack/linux-centos7-x86_64/gcc-4.8.5/gcc-7.1.0-4bgguypumyezlt6vfhha3ukntrlrx7fq/lib/../lib64 -L/usr/lib/gcc/x86_64-redhat-linux/4.8.5 -L/usr/lib/gcc/x86_64-redhat-linux/4.8.5/../../../../lib64 -L/lib/../lib64 -L/usr/lib/../lib64 -L/blues/gpfs/home/software/spack-0.10.1/opt/spack/linux-centos7-x86_64/gcc-4.8.5/gcc-7.1.0-4bgguypumyezlt6vfhha3ukntrlrx7fq/lib64 -L/blues/gpfs/home/software/spack-0.10.1/opt/spack/linux-centos7-x86_64/gcc-4.8.5/gcc-7.1.0-4bgguypumyezlt6vfhha3ukntrlrx7fq/lib -L/blues/gpfs/home/software/spack-0.10.1/opt/spack/linux-centos7-x86_64/gcc-4.8.5/intel-17.0.4-74uvhjiulyqgvsmywifbbuo46v5n42xc/tbb/lib/intel64/gcc4.4 -L/blues/gpfs/home/software/spack-0.10.1/opt/spack/linux-centos7-x86_64/gcc-4.8.5/intel-17.0.4-74uvhjiulyqgvsmywifbbuo46v5n42xc/lib/intel64 -L/usr/lib/gcc/x86_64-redhat-linux/4.8.5/../../.. CMakeFiles/cmTC_b5a23.dir/CMakeCXXCompilerABI.cpp.o -lstdc++ -lm -lgcc_s -lgcc -lc -lgcc_s -lgcc /usr/lib/gcc/x86_64-redhat-linux/4.8.5/crtend.o /usr/lib/gcc/x86_64-redhat-linux/4.8.5/../../../../lib64/crtn.o
gmake[1]: Leaving directory `/blues/gpfs/home/tshu/project/bebop/MPI_in_MPI/bebop-psm2/korvo-build/build_area/ffs/linux/CMakeFiles/CMakeTmp'


Parsed CXX implicit link information from above output:
  link line regex: [^( *|.*[/\])(ld|CMAKE_LINK_STARTFILE-NOTFOUND|([^/\]+-)?ld|collect2)[^/\]*( |$)]
  ignore line: [Change Dir: /blues/gpfs/home/tshu/project/bebop/MPI_in_MPI/bebop-psm2/korvo-build/build_area/ffs/linux/CMakeFiles/CMakeTmp]
  ignore line: []
  ignore line: [Run Build Command:"/usr/bin/gmake" "cmTC_b5a23/fast"]
  ignore line: [/usr/bin/gmake -f CMakeFiles/cmTC_b5a23.dir/build.make CMakeFiles/cmTC_b5a23.dir/build]
  ignore line: [gmake[1]: Entering directory `/blues/gpfs/home/tshu/project/bebop/MPI_in_MPI/bebop-psm2/korvo-build/build_area/ffs/linux/CMakeFiles/CMakeTmp']
  ignore line: [Building CXX object CMakeFiles/cmTC_b5a23.dir/CMakeCXXCompilerABI.cpp.o]
  ignore line: [/usr/bin/c++    -fPIC    -o CMakeFiles/cmTC_b5a23.dir/CMakeCXXCompilerABI.cpp.o -c /blues/gpfs/home/software/spack-0.10.1/opt/spack/linux-centos7-x86_64/intel-17.0.4/cmake-3.9.4-3tixtqtbd65zi6w4277fjte3z4vjpv4t/share/cmake-3.9/Modules/CMakeCXXCompilerABI.cpp]
  ignore line: [Linking CXX executable cmTC_b5a23]
  ignore line: [/blues/gpfs/home/software/spack-0.10.1/opt/spack/linux-centos7-x86_64/intel-17.0.4/cmake-3.9.4-3tixtqtbd65zi6w4277fjte3z4vjpv4t/bin/cmake -E cmake_link_script CMakeFiles/cmTC_b5a23.dir/link.txt --verbose=1]
  ignore line: [/usr/bin/c++  -fPIC    -v -rdynamic CMakeFiles/cmTC_b5a23.dir/CMakeCXXCompilerABI.cpp.o  -o cmTC_b5a23 ]
  ignore line: [Using built-in specs.]
  ignore line: [COLLECT_GCC=/usr/bin/c++]
  ignore line: [COLLECT_LTO_WRAPPER=/usr/libexec/gcc/x86_64-redhat-linux/4.8.5/lto-wrapper]
  ignore line: [Target: x86_64-redhat-linux]
  ignore line: [Configured with: ../configure --prefix=/usr --mandir=/usr/share/man --infodir=/usr/share/info --with-bugurl=http://bugzilla.redhat.com/bugzilla --enable-bootstrap --enable-shared --enable-threads=posix --enable-checking=release --with-system-zlib --enable-__cxa_atexit --disable-libunwind-exceptions --enable-gnu-unique-object --enable-linker-build-id --with-linker-hash-style=gnu --enable-languages=c,c++,objc,obj-c++,java,fortran,ada,go,lto --enable-plugin --enable-initfini-array --disable-libgcj --with-isl=/builddir/build/BUILD/gcc-4.8.5-20150702/obj-x86_64-redhat-linux/isl-install --with-cloog=/builddir/build/BUILD/gcc-4.8.5-20150702/obj-x86_64-redhat-linux/cloog-install --enable-gnu-indirect-function --with-tune=generic --with-arch_32=x86-64 --build=x86_64-redhat-linux]
  ignore line: [Thread model: posix]
  ignore line: [gcc version 4.8.5 20150623 (Red Hat 4.8.5-16) (GCC) ]
  ignore line: [COMPILER_PATH=/usr/libexec/gcc/x86_64-redhat-linux/4.8.5/:/usr/libexec/gcc/x86_64-redhat-linux/4.8.5/:/usr/libexec/gcc/x86_64-redhat-linux/:/usr/lib/gcc/x86_64-redhat-linux/4.8.5/:/usr/lib/gcc/x86_64-redhat-linux/]
  ignore line: [LIBRARY_PATH=/blues/gpfs/home/software/spack-0.10.1/opt/spack/linux-centos7-x86_64/gcc-4.8.5/gcc-7.1.0-4bgguypumyezlt6vfhha3ukntrlrx7fq/lib64/../lib64/:/blues/gpfs/home/software/spack-0.10.1/opt/spack/linux-centos7-x86_64/gcc-4.8.5/gcc-7.1.0-4bgguypumyezlt6vfhha3ukntrlrx7fq/lib/../lib64/:/usr/lib/gcc/x86_64-redhat-linux/4.8.5/:/usr/lib/gcc/x86_64-redhat-linux/4.8.5/../../../../lib64/:/lib/../lib64/:/usr/lib/../lib64/:/blues/gpfs/home/software/spack-0.10.1/opt/spack/linux-centos7-x86_64/gcc-4.8.5/gcc-7.1.0-4bgguypumyezlt6vfhha3ukntrlrx7fq/lib64/:/blues/gpfs/home/software/spack-0.10.1/opt/spack/linux-centos7-x86_64/gcc-4.8.5/gcc-7.1.0-4bgguypumyezlt6vfhha3ukntrlrx7fq/lib/:/blues/gpfs/home/software/spack-0.10.1/opt/spack/linux-centos7-x86_64/gcc-4.8.5/intel-17.0.4-74uvhjiulyqgvsmywifbbuo46v5n42xc/tbb/lib/intel64/gcc4.4/:/blues/gpfs/home/software/spack-0.10.1/opt/spack/linux-centos7-x86_64/gcc-4.8.5/intel-17.0.4-74uvhjiulyqgvsmywifbbuo46v5n42xc/lib/intel64/:/usr/lib/gcc/x86_64-redhat-linux/4.8.5/../../../:/lib/:/usr/lib/]
  ignore line: [COLLECT_GCC_OPTIONS='-fPIC' '-v' '-rdynamic' '-o' 'cmTC_b5a23' '-shared-libgcc' '-mtune=generic' '-march=x86-64']
  link line: [ /usr/libexec/gcc/x86_64-redhat-linux/4.8.5/collect2 --build-id --no-add-needed --eh-frame-hdr --hash-style=gnu -m elf_x86_64 -export-dynamic -dynamic-linker /lib64/ld-linux-x86-64.so.2 -o cmTC_b5a23 /usr/lib/gcc/x86_64-redhat-linux/4.8.5/../../../../lib64/crt1.o /usr/lib/gcc/x86_64-redhat-linux/4.8.5/../../../../lib64/crti.o /usr/lib/gcc/x86_64-redhat-linux/4.8.5/crtbegin.o -L/blues/gpfs/home/software/spack-0.10.1/opt/spack/linux-centos7-x86_64/gcc-4.8.5/gcc-7.1.0-4bgguypumyezlt6vfhha3ukntrlrx7fq/lib64/../lib64 -L/blues/gpfs/home/software/spack-0.10.1/opt/spack/linux-centos7-x86_64/gcc-4.8.5/gcc-7.1.0-4bgguypumyezlt6vfhha3ukntrlrx7fq/lib/../lib64 -L/usr/lib/gcc/x86_64-redhat-linux/4.8.5 -L/usr/lib/gcc/x86_64-redhat-linux/4.8.5/../../../../lib64 -L/lib/../lib64 -L/usr/lib/../lib64 -L/blues/gpfs/home/software/spack-0.10.1/opt/spack/linux-centos7-x86_64/gcc-4.8.5/gcc-7.1.0-4bgguypumyezlt6vfhha3ukntrlrx7fq/lib64 -L/blues/gpfs/home/software/spack-0.10.1/opt/spack/linux-centos7-x86_64/gcc-4.8.5/gcc-7.1.0-4bgguypumyezlt6vfhha3ukntrlrx7fq/lib -L/blues/gpfs/home/software/spack-0.10.1/opt/spack/linux-centos7-x86_64/gcc-4.8.5/intel-17.0.4-74uvhjiulyqgvsmywifbbuo46v5n42xc/tbb/lib/intel64/gcc4.4 -L/blues/gpfs/home/software/spack-0.10.1/opt/spack/linux-centos7-x86_64/gcc-4.8.5/intel-17.0.4-74uvhjiulyqgvsmywifbbuo46v5n42xc/lib/intel64 -L/usr/lib/gcc/x86_64-redhat-linux/4.8.5/../../.. CMakeFiles/cmTC_b5a23.dir/CMakeCXXCompilerABI.cpp.o -lstdc++ -lm -lgcc_s -lgcc -lc -lgcc_s -lgcc /usr/lib/gcc/x86_64-redhat-linux/4.8.5/crtend.o /usr/lib/gcc/x86_64-redhat-linux/4.8.5/../../../../lib64/crtn.o]
    arg [/usr/libexec/gcc/x86_64-redhat-linux/4.8.5/collect2] ==> ignore
    arg [--build-id] ==> ignore
    arg [--no-add-needed] ==> ignore
    arg [--eh-frame-hdr] ==> ignore
    arg [--hash-style=gnu] ==> ignore
    arg [-m] ==> ignore
    arg [elf_x86_64] ==> ignore
    arg [-export-dynamic] ==> ignore
    arg [-dynamic-linker] ==> ignore
    arg [/lib64/ld-linux-x86-64.so.2] ==> ignore
    arg [-o] ==> ignore
    arg [cmTC_b5a23] ==> ignore
    arg [/usr/lib/gcc/x86_64-redhat-linux/4.8.5/../../../../lib64/crt1.o] ==> ignore
    arg [/usr/lib/gcc/x86_64-redhat-linux/4.8.5/../../../../lib64/crti.o] ==> ignore
    arg [/usr/lib/gcc/x86_64-redhat-linux/4.8.5/crtbegin.o] ==> ignore
    arg [-L/blues/gpfs/home/software/spack-0.10.1/opt/spack/linux-centos7-x86_64/gcc-4.8.5/gcc-7.1.0-4bgguypumyezlt6vfhha3ukntrlrx7fq/lib64/../lib64] ==> dir [/blues/gpfs/home/software/spack-0.10.1/opt/spack/linux-centos7-x86_64/gcc-4.8.5/gcc-7.1.0-4bgguypumyezlt6vfhha3ukntrlrx7fq/lib64/../lib64]
    arg [-L/blues/gpfs/home/software/spack-0.10.1/opt/spack/linux-centos7-x86_64/gcc-4.8.5/gcc-7.1.0-4bgguypumyezlt6vfhha3ukntrlrx7fq/lib/../lib64] ==> dir [/blues/gpfs/home/software/spack-0.10.1/opt/spack/linux-centos7-x86_64/gcc-4.8.5/gcc-7.1.0-4bgguypumyezlt6vfhha3ukntrlrx7fq/lib/../lib64]
    arg [-L/usr/lib/gcc/x86_64-redhat-linux/4.8.5] ==> dir [/usr/lib/gcc/x86_64-redhat-linux/4.8.5]
    arg [-L/usr/lib/gcc/x86_64-redhat-linux/4.8.5/../../../../lib64] ==> dir [/usr/lib/gcc/x86_64-redhat-linux/4.8.5/../../../../lib64]
    arg [-L/lib/../lib64] ==> dir [/lib/../lib64]
    arg [-L/usr/lib/../lib64] ==> dir [/usr/lib/../lib64]
    arg [-L/blues/gpfs/home/software/spack-0.10.1/opt/spack/linux-centos7-x86_64/gcc-4.8.5/gcc-7.1.0-4bgguypumyezlt6vfhha3ukntrlrx7fq/lib64] ==> dir [/blues/gpfs/home/software/spack-0.10.1/opt/spack/linux-centos7-x86_64/gcc-4.8.5/gcc-7.1.0-4bgguypumyezlt6vfhha3ukntrlrx7fq/lib64]
    arg [-L/blues/gpfs/home/software/spack-0.10.1/opt/spack/linux-centos7-x86_64/gcc-4.8.5/gcc-7.1.0-4bgguypumyezlt6vfhha3ukntrlrx7fq/lib] ==> dir [/blues/gpfs/home/software/spack-0.10.1/opt/spack/linux-centos7-x86_64/gcc-4.8.5/gcc-7.1.0-4bgguypumyezlt6vfhha3ukntrlrx7fq/lib]
    arg [-L/blues/gpfs/home/software/spack-0.10.1/opt/spack/linux-centos7-x86_64/gcc-4.8.5/intel-17.0.4-74uvhjiulyqgvsmywifbbuo46v5n42xc/tbb/lib/intel64/gcc4.4] ==> dir [/blues/gpfs/home/software/spack-0.10.1/opt/spack/linux-centos7-x86_64/gcc-4.8.5/intel-17.0.4-74uvhjiulyqgvsmywifbbuo46v5n42xc/tbb/lib/intel64/gcc4.4]
    arg [-L/blues/gpfs/home/software/spack-0.10.1/opt/spack/linux-centos7-x86_64/gcc-4.8.5/intel-17.0.4-74uvhjiulyqgvsmywifbbuo46v5n42xc/lib/intel64] ==> dir [/blues/gpfs/home/software/spack-0.10.1/opt/spack/linux-centos7-x86_64/gcc-4.8.5/intel-17.0.4-74uvhjiulyqgvsmywifbbuo46v5n42xc/lib/intel64]
    arg [-L/usr/lib/gcc/x86_64-redhat-linux/4.8.5/../../..] ==> dir [/usr/lib/gcc/x86_64-redhat-linux/4.8.5/../../..]
    arg [CMakeFiles/cmTC_b5a23.dir/CMakeCXXCompilerABI.cpp.o] ==> ignore
    arg [-lstdc++] ==> lib [stdc++]
    arg [-lm] ==> lib [m]
    arg [-lgcc_s] ==> lib [gcc_s]
    arg [-lgcc] ==> lib [gcc]
    arg [-lc] ==> lib [c]
    arg [-lgcc_s] ==> lib [gcc_s]
    arg [-lgcc] ==> lib [gcc]
    arg [/usr/lib/gcc/x86_64-redhat-linux/4.8.5/crtend.o] ==> ignore
    arg [/usr/lib/gcc/x86_64-redhat-linux/4.8.5/../../../../lib64/crtn.o] ==> ignore
  collapse library dir [/blues/gpfs/home/software/spack-0.10.1/opt/spack/linux-centos7-x86_64/gcc-4.8.5/gcc-7.1.0-4bgguypumyezlt6vfhha3ukntrlrx7fq/lib64/../lib64] ==> [/blues/gpfs/home/software/spack-0.10.1/opt/spack/linux-centos7-x86_64/gcc-4.8.5/gcc-7.1.0-4bgguypumyezlt6vfhha3ukntrlrx7fq/lib64]
  collapse library dir [/blues/gpfs/home/software/spack-0.10.1/opt/spack/linux-centos7-x86_64/gcc-4.8.5/gcc-7.1.0-4bgguypumyezlt6vfhha3ukntrlrx7fq/lib/../lib64] ==> [/blues/gpfs/home/software/spack-0.10.1/opt/spack/linux-centos7-x86_64/gcc-4.8.5/gcc-7.1.0-4bgguypumyezlt6vfhha3ukntrlrx7fq/lib64]
  collapse library dir [/usr/lib/gcc/x86_64-redhat-linux/4.8.5] ==> [/usr/lib/gcc/x86_64-redhat-linux/4.8.5]
  collapse library dir [/usr/lib/gcc/x86_64-redhat-linux/4.8.5/../../../../lib64] ==> [/usr/lib64]
  collapse library dir [/lib/../lib64] ==> [/lib64]
  collapse library dir [/usr/lib/../lib64] ==> [/usr/lib64]
  collapse library dir [/blues/gpfs/home/software/spack-0.10.1/opt/spack/linux-centos7-x86_64/gcc-4.8.5/gcc-7.1.0-4bgguypumyezlt6vfhha3ukntrlrx7fq/lib64] ==> [/blues/gpfs/home/software/spack-0.10.1/opt/spack/linux-centos7-x86_64/gcc-4.8.5/gcc-7.1.0-4bgguypumyezlt6vfhha3ukntrlrx7fq/lib64]
  collapse library dir [/blues/gpfs/home/software/spack-0.10.1/opt/spack/linux-centos7-x86_64/gcc-4.8.5/gcc-7.1.0-4bgguypumyezlt6vfhha3ukntrlrx7fq/lib] ==> [/blues/gpfs/home/software/spack-0.10.1/opt/spack/linux-centos7-x86_64/gcc-4.8.5/gcc-7.1.0-4bgguypumyezlt6vfhha3ukntrlrx7fq/lib]
  collapse library dir [/blues/gpfs/home/software/spack-0.10.1/opt/spack/linux-centos7-x86_64/gcc-4.8.5/intel-17.0.4-74uvhjiulyqgvsmywifbbuo46v5n42xc/tbb/lib/intel64/gcc4.4] ==> [/blues/gpfs/home/software/spack-0.10.1/opt/spack/linux-centos7-x86_64/gcc-4.8.5/intel-17.0.4-74uvhjiulyqgvsmywifbbuo46v5n42xc/tbb/lib/intel64/gcc4.4]
  collapse library dir [/blues/gpfs/home/software/spack-0.10.1/opt/spack/linux-centos7-x86_64/gcc-4.8.5/intel-17.0.4-74uvhjiulyqgvsmywifbbuo46v5n42xc/lib/intel64] ==> [/blues/gpfs/home/software/spack-0.10.1/opt/spack/linux-centos7-x86_64/gcc-4.8.5/intel-17.0.4-74uvhjiulyqgvsmywifbbuo46v5n42xc/lib/intel64]
  collapse library dir [/usr/lib/gcc/x86_64-redhat-linux/4.8.5/../../..] ==> [/usr/lib]
  implicit libs: [stdc++;m;gcc_s;gcc;c;gcc_s;gcc]
  implicit dirs: [/blues/gpfs/home/software/spack-0.10.1/opt/spack/linux-centos7-x86_64/gcc-4.8.5/gcc-7.1.0-4bgguypumyezlt6vfhha3ukntrlrx7fq/lib64;/usr/lib/gcc/x86_64-redhat-linux/4.8.5;/usr/lib64;/lib64;/blues/gpfs/home/software/spack-0.10.1/opt/spack/linux-centos7-x86_64/gcc-4.8.5/gcc-7.1.0-4bgguypumyezlt6vfhha3ukntrlrx7fq/lib;/blues/gpfs/home/software/spack-0.10.1/opt/spack/linux-centos7-x86_64/gcc-4.8.5/intel-17.0.4-74uvhjiulyqgvsmywifbbuo46v5n42xc/tbb/lib/intel64/gcc4.4;/blues/gpfs/home/software/spack-0.10.1/opt/spack/linux-centos7-x86_64/gcc-4.8.5/intel-17.0.4-74uvhjiulyqgvsmywifbbuo46v5n42xc/lib/intel64;/usr/lib]
  implicit fwks: []




Detecting CXX [-std=c++1y] compiler features compiled with the following output:
Change Dir: /blues/gpfs/home/tshu/project/bebop/MPI_in_MPI/bebop-psm2/korvo-build/build_area/ffs/linux/CMakeFiles/CMakeTmp

Run Build Command:"/usr/bin/gmake" "cmTC_37146/fast"
/usr/bin/gmake -f CMakeFiles/cmTC_37146.dir/build.make CMakeFiles/cmTC_37146.dir/build
gmake[1]: Entering directory `/blues/gpfs/home/tshu/project/bebop/MPI_in_MPI/bebop-psm2/korvo-build/build_area/ffs/linux/CMakeFiles/CMakeTmp'
Building CXX object CMakeFiles/cmTC_37146.dir/feature_tests.cxx.o
/usr/bin/c++    -fPIC    -std=c++1y -o CMakeFiles/cmTC_37146.dir/feature_tests.cxx.o -c /blues/gpfs/home/tshu/project/bebop/MPI_in_MPI/bebop-psm2/korvo-build/build_area/ffs/linux/CMakeFiles/feature_tests.cxx
Linking CXX executable cmTC_37146
/blues/gpfs/home/software/spack-0.10.1/opt/spack/linux-centos7-x86_64/intel-17.0.4/cmake-3.9.4-3tixtqtbd65zi6w4277fjte3z4vjpv4t/bin/cmake -E cmake_link_script CMakeFiles/cmTC_37146.dir/link.txt --verbose=1
/usr/bin/c++  -fPIC     -rdynamic CMakeFiles/cmTC_37146.dir/feature_tests.cxx.o  -o cmTC_37146 
gmake[1]: Leaving directory `/blues/gpfs/home/tshu/project/bebop/MPI_in_MPI/bebop-psm2/korvo-build/build_area/ffs/linux/CMakeFiles/CMakeTmp'


    Feature record: CXX_FEATURE:0cxx_aggregate_default_initializers
    Feature record: CXX_FEATURE:1cxx_alias_templates
    Feature record: CXX_FEATURE:1cxx_alignas
    Feature record: CXX_FEATURE:1cxx_alignof
    Feature record: CXX_FEATURE:1cxx_attributes
    Feature record: CXX_FEATURE:0cxx_attribute_deprecated
    Feature record: CXX_FEATURE:1cxx_auto_type
    Feature record: CXX_FEATURE:0cxx_binary_literals
    Feature record: CXX_FEATURE:1cxx_constexpr
    Feature record: CXX_FEATURE:0cxx_contextual_conversions
    Feature record: CXX_FEATURE:1cxx_decltype
    Feature record: CXX_FEATURE:0cxx_decltype_auto
    Feature record: CXX_FEATURE:1cxx_decltype_incomplete_return_types
    Feature record: CXX_FEATURE:1cxx_default_function_template_args
    Feature record: CXX_FEATURE:1cxx_defaulted_functions
    Feature record: CXX_FEATURE:1cxx_defaulted_move_initializers
    Feature record: CXX_FEATURE:1cxx_delegating_constructors
    Feature record: CXX_FEATURE:1cxx_deleted_functions
    Feature record: CXX_FEATURE:0cxx_digit_separators
    Feature record: CXX_FEATURE:1cxx_enum_forward_declarations
    Feature record: CXX_FEATURE:1cxx_explicit_conversions
    Feature record: CXX_FEATURE:1cxx_extended_friend_declarations
    Feature record: CXX_FEATURE:1cxx_extern_templates
    Feature record: CXX_FEATURE:1cxx_final
    Feature record: CXX_FEATURE:1cxx_func_identifier
    Feature record: CXX_FEATURE:1cxx_generalized_initializers
    Feature record: CXX_FEATURE:0cxx_generic_lambdas
    Feature record: CXX_FEATURE:1cxx_inheriting_constructors
    Feature record: CXX_FEATURE:1cxx_inline_namespaces
    Feature record: CXX_FEATURE:1cxx_lambdas
    Feature record: CXX_FEATURE:0cxx_lambda_init_captures
    Feature record: CXX_FEATURE:1cxx_local_type_template_args
    Feature record: CXX_FEATURE:1cxx_long_long_type
    Feature record: CXX_FEATURE:1cxx_noexcept
    Feature record: CXX_FEATURE:1cxx_nonstatic_member_init
    Feature record: CXX_FEATURE:1cxx_nullptr
    Feature record: CXX_FEATURE:1cxx_override
    Feature record: CXX_FEATURE:1cxx_range_for
    Feature record: CXX_FEATURE:1cxx_raw_string_literals
    Feature record: CXX_FEATURE:1cxx_reference_qualified_functions
    Feature record: CXX_FEATURE:0cxx_relaxed_constexpr
    Feature record: CXX_FEATURE:0cxx_return_type_deduction
    Feature record: CXX_FEATURE:1cxx_right_angle_brackets
    Feature record: CXX_FEATURE:1cxx_rvalue_references
    Feature record: CXX_FEATURE:1cxx_sizeof_member
    Feature record: CXX_FEATURE:1cxx_static_assert
    Feature record: CXX_FEATURE:1cxx_strong_enums
    Feature record: CXX_FEATURE:1cxx_template_template_parameters
    Feature record: CXX_FEATURE:1cxx_thread_local
    Feature record: CXX_FEATURE:1cxx_trailing_return_types
    Feature record: CXX_FEATURE:1cxx_unicode_literals
    Feature record: CXX_FEATURE:1cxx_uniform_initialization
    Feature record: CXX_FEATURE:1cxx_unrestricted_unions
    Feature record: CXX_FEATURE:1cxx_user_literals
    Feature record: CXX_FEATURE:0cxx_variable_templates
    Feature record: CXX_FEATURE:1cxx_variadic_macros
    Feature record: CXX_FEATURE:1cxx_variadic_templates


Detecting CXX [-std=c++11] compiler features compiled with the following output:
Change Dir: /blues/gpfs/home/tshu/project/bebop/MPI_in_MPI/bebop-psm2/korvo-build/build_area/ffs/linux/CMakeFiles/CMakeTmp

Run Build Command:"/usr/bin/gmake" "cmTC_cd66d/fast"
/usr/bin/gmake -f CMakeFiles/cmTC_cd66d.dir/build.make CMakeFiles/cmTC_cd66d.dir/build
gmake[1]: Entering directory `/blues/gpfs/home/tshu/project/bebop/MPI_in_MPI/bebop-psm2/korvo-build/build_area/ffs/linux/CMakeFiles/CMakeTmp'
Building CXX object CMakeFiles/cmTC_cd66d.dir/feature_tests.cxx.o
/usr/bin/c++    -fPIC    -std=c++11 -o CMakeFiles/cmTC_cd66d.dir/feature_tests.cxx.o -c /blues/gpfs/home/tshu/project/bebop/MPI_in_MPI/bebop-psm2/korvo-build/build_area/ffs/linux/CMakeFiles/feature_tests.cxx
Linking CXX executable cmTC_cd66d
/blues/gpfs/home/software/spack-0.10.1/opt/spack/linux-centos7-x86_64/intel-17.0.4/cmake-3.9.4-3tixtqtbd65zi6w4277fjte3z4vjpv4t/bin/cmake -E cmake_link_script CMakeFiles/cmTC_cd66d.dir/link.txt --verbose=1
/usr/bin/c++  -fPIC     -rdynamic CMakeFiles/cmTC_cd66d.dir/feature_tests.cxx.o  -o cmTC_cd66d 
gmake[1]: Leaving directory `/blues/gpfs/home/tshu/project/bebop/MPI_in_MPI/bebop-psm2/korvo-build/build_area/ffs/linux/CMakeFiles/CMakeTmp'


    Feature record: CXX_FEATURE:0cxx_aggregate_default_initializers
    Feature record: CXX_FEATURE:1cxx_alias_templates
    Feature record: CXX_FEATURE:1cxx_alignas
    Feature record: CXX_FEATURE:1cxx_alignof
    Feature record: CXX_FEATURE:1cxx_attributes
    Feature record: CXX_FEATURE:0cxx_attribute_deprecated
    Feature record: CXX_FEATURE:1cxx_auto_type
    Feature record: CXX_FEATURE:0cxx_binary_literals
    Feature record: CXX_FEATURE:1cxx_constexpr
    Feature record: CXX_FEATURE:0cxx_contextual_conversions
    Feature record: CXX_FEATURE:1cxx_decltype
    Feature record: CXX_FEATURE:0cxx_decltype_auto
    Feature record: CXX_FEATURE:1cxx_decltype_incomplete_return_types
    Feature record: CXX_FEATURE:1cxx_default_function_template_args
    Feature record: CXX_FEATURE:1cxx_defaulted_functions
    Feature record: CXX_FEATURE:1cxx_defaulted_move_initializers
    Feature record: CXX_FEATURE:1cxx_delegating_constructors
    Feature record: CXX_FEATURE:1cxx_deleted_functions
    Feature record: CXX_FEATURE:0cxx_digit_separators
    Feature record: CXX_FEATURE:1cxx_enum_forward_declarations
    Feature record: CXX_FEATURE:1cxx_explicit_conversions
    Feature record: CXX_FEATURE:1cxx_extended_friend_declarations
    Feature record: CXX_FEATURE:1cxx_extern_templates
    Feature record: CXX_FEATURE:1cxx_final
    Feature record: CXX_FEATURE:1cxx_func_identifier
    Feature record: CXX_FEATURE:1cxx_generalized_initializers
    Feature record: CXX_FEATURE:0cxx_generic_lambdas
    Feature record: CXX_FEATURE:1cxx_inheriting_constructors
    Feature record: CXX_FEATURE:1cxx_inline_namespaces
    Feature record: CXX_FEATURE:1cxx_lambdas
    Feature record: CXX_FEATURE:0cxx_lambda_init_captures
    Feature record: CXX_FEATURE:1cxx_local_type_template_args
    Feature record: CXX_FEATURE:1cxx_long_long_type
    Feature record: CXX_FEATURE:1cxx_noexcept
    Feature record: CXX_FEATURE:1cxx_nonstatic_member_init
    Feature record: CXX_FEATURE:1cxx_nullptr
    Feature record: CXX_FEATURE:1cxx_override
    Feature record: CXX_FEATURE:1cxx_range_for
    Feature record: CXX_FEATURE:1cxx_raw_string_literals
    Feature record: CXX_FEATURE:1cxx_reference_qualified_functions
    Feature record: CXX_FEATURE:0cxx_relaxed_constexpr
    Feature record: CXX_FEATURE:0cxx_return_type_deduction
    Feature record: CXX_FEATURE:1cxx_right_angle_brackets
    Feature record: CXX_FEATURE:1cxx_rvalue_references
    Feature record: CXX_FEATURE:1cxx_sizeof_member
    Feature record: CXX_FEATURE:1cxx_static_assert
    Feature record: CXX_FEATURE:1cxx_strong_enums
    Feature record: CXX_FEATURE:1cxx_template_template_parameters
    Feature record: CXX_FEATURE:1cxx_thread_local
    Feature record: CXX_FEATURE:1cxx_trailing_return_types
    Feature record: CXX_FEATURE:1cxx_unicode_literals
    Feature record: CXX_FEATURE:1cxx_uniform_initialization
    Feature record: CXX_FEATURE:1cxx_unrestricted_unions
    Feature record: CXX_FEATURE:1cxx_user_literals
    Feature record: CXX_FEATURE:0cxx_variable_templates
    Feature record: CXX_FEATURE:1cxx_variadic_macros
    Feature record: CXX_FEATURE:1cxx_variadic_templates


Detecting CXX [-std=c++98] compiler features compiled with the following output:
Change Dir: /blues/gpfs/home/tshu/project/bebop/MPI_in_MPI/bebop-psm2/korvo-build/build_area/ffs/linux/CMakeFiles/CMakeTmp

Run Build Command:"/usr/bin/gmake" "cmTC_ebfc4/fast"
/usr/bin/gmake -f CMakeFiles/cmTC_ebfc4.dir/build.make CMakeFiles/cmTC_ebfc4.dir/build
gmake[1]: Entering directory `/blues/gpfs/home/tshu/project/bebop/MPI_in_MPI/bebop-psm2/korvo-build/build_area/ffs/linux/CMakeFiles/CMakeTmp'
Building CXX object CMakeFiles/cmTC_ebfc4.dir/feature_tests.cxx.o
/usr/bin/c++    -fPIC    -std=c++98 -o CMakeFiles/cmTC_ebfc4.dir/feature_tests.cxx.o -c /blues/gpfs/home/tshu/project/bebop/MPI_in_MPI/bebop-psm2/korvo-build/build_area/ffs/linux/CMakeFiles/feature_tests.cxx
Linking CXX executable cmTC_ebfc4
/blues/gpfs/home/software/spack-0.10.1/opt/spack/linux-centos7-x86_64/intel-17.0.4/cmake-3.9.4-3tixtqtbd65zi6w4277fjte3z4vjpv4t/bin/cmake -E cmake_link_script CMakeFiles/cmTC_ebfc4.dir/link.txt --verbose=1
/usr/bin/c++  -fPIC     -rdynamic CMakeFiles/cmTC_ebfc4.dir/feature_tests.cxx.o  -o cmTC_ebfc4 
gmake[1]: Leaving directory `/blues/gpfs/home/tshu/project/bebop/MPI_in_MPI/bebop-psm2/korvo-build/build_area/ffs/linux/CMakeFiles/CMakeTmp'


    Feature record: CXX_FEATURE:0cxx_aggregate_default_initializers
    Feature record: CXX_FEATURE:0cxx_alias_templates
    Feature record: CXX_FEATURE:0cxx_alignas
    Feature record: CXX_FEATURE:0cxx_alignof
    Feature record: CXX_FEATURE:0cxx_attributes
    Feature record: CXX_FEATURE:0cxx_attribute_deprecated
    Feature record: CXX_FEATURE:0cxx_auto_type
    Feature record: CXX_FEATURE:0cxx_binary_literals
    Feature record: CXX_FEATURE:0cxx_constexpr
    Feature record: CXX_FEATURE:0cxx_contextual_conversions
    Feature record: CXX_FEATURE:0cxx_decltype
    Feature record: CXX_FEATURE:0cxx_decltype_auto
    Feature record: CXX_FEATURE:0cxx_decltype_incomplete_return_types
    Feature record: CXX_FEATURE:0cxx_default_function_template_args
    Feature record: CXX_FEATURE:0cxx_defaulted_functions
    Feature record: CXX_FEATURE:0cxx_defaulted_move_initializers
    Feature record: CXX_FEATURE:0cxx_delegating_constructors
    Feature record: CXX_FEATURE:0cxx_deleted_functions
    Feature record: CXX_FEATURE:0cxx_digit_separators
    Feature record: CXX_FEATURE:0cxx_enum_forward_declarations
    Feature record: CXX_FEATURE:0cxx_explicit_conversions
    Feature record: CXX_FEATURE:0cxx_extended_friend_declarations
    Feature record: CXX_FEATURE:0cxx_extern_templates
    Feature record: CXX_FEATURE:0cxx_final
    Feature record: CXX_FEATURE:0cxx_func_identifier
    Feature record: CXX_FEATURE:0cxx_generalized_initializers
    Feature record: CXX_FEATURE:0cxx_generic_lambdas
    Feature record: CXX_FEATURE:0cxx_inheriting_constructors
    Feature record: CXX_FEATURE:0cxx_inline_namespaces
    Feature record: CXX_FEATURE:0cxx_lambdas
    Feature record: CXX_FEATURE:0cxx_lambda_init_captures
    Feature record: CXX_FEATURE:0cxx_local_type_template_args
    Feature record: CXX_FEATURE:0cxx_long_long_type
    Feature record: CXX_FEATURE:0cxx_noexcept
    Feature record: CXX_FEATURE:0cxx_nonstatic_member_init
    Feature record: CXX_FEATURE:0cxx_nullptr
    Feature record: CXX_FEATURE:0cxx_override
    Feature record: CXX_FEATURE:0cxx_range_for
    Feature record: CXX_FEATURE:0cxx_raw_string_literals
    Feature record: CXX_FEATURE:0cxx_reference_qualified_functions
    Feature record: CXX_FEATURE:0cxx_relaxed_constexpr
    Feature record: CXX_FEATURE:0cxx_return_type_deduction
    Feature record: CXX_FEATURE:0cxx_right_angle_brackets
    Feature record: CXX_FEATURE:0cxx_rvalue_references
    Feature record: CXX_FEATURE:0cxx_sizeof_member
    Feature record: CXX_FEATURE:0cxx_static_assert
    Feature record: CXX_FEATURE:0cxx_strong_enums
    Feature record: CXX_FEATURE:1cxx_template_template_parameters
    Feature record: CXX_FEATURE:0cxx_thread_local
    Feature record: CXX_FEATURE:0cxx_trailing_return_types
    Feature record: CXX_FEATURE:0cxx_unicode_literals
    Feature record: CXX_FEATURE:0cxx_uniform_initialization
    Feature record: CXX_FEATURE:0cxx_unrestricted_unions
    Feature record: CXX_FEATURE:0cxx_user_literals
    Feature record: CXX_FEATURE:0cxx_variable_templates
    Feature record: CXX_FEATURE:0cxx_variadic_macros
    Feature record: CXX_FEATURE:0cxx_variadic_templates
Determining if the include file sys/types.h exists passed with the following output:
Change Dir: /blues/gpfs/home/tshu/project/bebop/MPI_in_MPI/bebop-psm2/korvo-build/build_area/ffs/linux/CMakeFiles/CMakeTmp

Run Build Command:"/usr/bin/gmake" "cmTC_f1596/fast"
/usr/bin/gmake -f CMakeFiles/cmTC_f1596.dir/build.make CMakeFiles/cmTC_f1596.dir/build
gmake[1]: Entering directory `/blues/gpfs/home/tshu/project/bebop/MPI_in_MPI/bebop-psm2/korvo-build/build_area/ffs/linux/CMakeFiles/CMakeTmp'
Building C object CMakeFiles/cmTC_f1596.dir/CheckIncludeFile.c.o
/usr/bin/cc   -fPIC  -fPIE   -o CMakeFiles/cmTC_f1596.dir/CheckIncludeFile.c.o   -c /blues/gpfs/home/tshu/project/bebop/MPI_in_MPI/bebop-psm2/korvo-build/build_area/ffs/linux/CMakeFiles/CMakeTmp/CheckIncludeFile.c
Linking C executable cmTC_f1596
/blues/gpfs/home/software/spack-0.10.1/opt/spack/linux-centos7-x86_64/intel-17.0.4/cmake-3.9.4-3tixtqtbd65zi6w4277fjte3z4vjpv4t/bin/cmake -E cmake_link_script CMakeFiles/cmTC_f1596.dir/link.txt --verbose=1
/usr/bin/cc -fPIC     -rdynamic CMakeFiles/cmTC_f1596.dir/CheckIncludeFile.c.o  -o cmTC_f1596 
gmake[1]: Leaving directory `/blues/gpfs/home/tshu/project/bebop/MPI_in_MPI/bebop-psm2/korvo-build/build_area/ffs/linux/CMakeFiles/CMakeTmp'


Determining if the include file stdint.h exists passed with the following output:
Change Dir: /blues/gpfs/home/tshu/project/bebop/MPI_in_MPI/bebop-psm2/korvo-build/build_area/ffs/linux/CMakeFiles/CMakeTmp

Run Build Command:"/usr/bin/gmake" "cmTC_44001/fast"
/usr/bin/gmake -f CMakeFiles/cmTC_44001.dir/build.make CMakeFiles/cmTC_44001.dir/build
gmake[1]: Entering directory `/blues/gpfs/home/tshu/project/bebop/MPI_in_MPI/bebop-psm2/korvo-build/build_area/ffs/linux/CMakeFiles/CMakeTmp'
Building C object CMakeFiles/cmTC_44001.dir/CheckIncludeFile.c.o
/usr/bin/cc   -fPIC  -fPIE   -o CMakeFiles/cmTC_44001.dir/CheckIncludeFile.c.o   -c /blues/gpfs/home/tshu/project/bebop/MPI_in_MPI/bebop-psm2/korvo-build/build_area/ffs/linux/CMakeFiles/CMakeTmp/CheckIncludeFile.c
Linking C executable cmTC_44001
/blues/gpfs/home/software/spack-0.10.1/opt/spack/linux-centos7-x86_64/intel-17.0.4/cmake-3.9.4-3tixtqtbd65zi6w4277fjte3z4vjpv4t/bin/cmake -E cmake_link_script CMakeFiles/cmTC_44001.dir/link.txt --verbose=1
/usr/bin/cc -fPIC     -rdynamic CMakeFiles/cmTC_44001.dir/CheckIncludeFile.c.o  -o cmTC_44001 
gmake[1]: Leaving directory `/blues/gpfs/home/tshu/project/bebop/MPI_in_MPI/bebop-psm2/korvo-build/build_area/ffs/linux/CMakeFiles/CMakeTmp'


Determining if the include file stddef.h exists passed with the following output:
Change Dir: /blues/gpfs/home/tshu/project/bebop/MPI_in_MPI/bebop-psm2/korvo-build/build_area/ffs/linux/CMakeFiles/CMakeTmp

Run Build Command:"/usr/bin/gmake" "cmTC_6958d/fast"
/usr/bin/gmake -f CMakeFiles/cmTC_6958d.dir/build.make CMakeFiles/cmTC_6958d.dir/build
gmake[1]: Entering directory `/blues/gpfs/home/tshu/project/bebop/MPI_in_MPI/bebop-psm2/korvo-build/build_area/ffs/linux/CMakeFiles/CMakeTmp'
Building C object CMakeFiles/cmTC_6958d.dir/CheckIncludeFile.c.o
/usr/bin/cc   -fPIC  -fPIE   -o CMakeFiles/cmTC_6958d.dir/CheckIncludeFile.c.o   -c /blues/gpfs/home/tshu/project/bebop/MPI_in_MPI/bebop-psm2/korvo-build/build_area/ffs/linux/CMakeFiles/CMakeTmp/CheckIncludeFile.c
Linking C executable cmTC_6958d
/blues/gpfs/home/software/spack-0.10.1/opt/spack/linux-centos7-x86_64/intel-17.0.4/cmake-3.9.4-3tixtqtbd65zi6w4277fjte3z4vjpv4t/bin/cmake -E cmake_link_script CMakeFiles/cmTC_6958d.dir/link.txt --verbose=1
/usr/bin/cc -fPIC     -rdynamic CMakeFiles/cmTC_6958d.dir/CheckIncludeFile.c.o  -o cmTC_6958d 
gmake[1]: Leaving directory `/blues/gpfs/home/tshu/project/bebop/MPI_in_MPI/bebop-psm2/korvo-build/build_area/ffs/linux/CMakeFiles/CMakeTmp'


Determining size of double passed with the following output:
Change Dir: /blues/gpfs/home/tshu/project/bebop/MPI_in_MPI/bebop-psm2/korvo-build/build_area/ffs/linux/CMakeFiles/CMakeTmp

Run Build Command:"/usr/bin/gmake" "cmTC_9887e/fast"
/usr/bin/gmake -f CMakeFiles/cmTC_9887e.dir/build.make CMakeFiles/cmTC_9887e.dir/build
gmake[1]: Entering directory `/blues/gpfs/home/tshu/project/bebop/MPI_in_MPI/bebop-psm2/korvo-build/build_area/ffs/linux/CMakeFiles/CMakeTmp'
Building C object CMakeFiles/cmTC_9887e.dir/SIZEOF_DOUBLE.c.o
/usr/bin/cc   -fPIC  -fPIE   -o CMakeFiles/cmTC_9887e.dir/SIZEOF_DOUBLE.c.o   -c /blues/gpfs/home/tshu/project/bebop/MPI_in_MPI/bebop-psm2/korvo-build/build_area/ffs/linux/CMakeFiles/CheckTypeSize/SIZEOF_DOUBLE.c
Linking C executable cmTC_9887e
/blues/gpfs/home/software/spack-0.10.1/opt/spack/linux-centos7-x86_64/intel-17.0.4/cmake-3.9.4-3tixtqtbd65zi6w4277fjte3z4vjpv4t/bin/cmake -E cmake_link_script CMakeFiles/cmTC_9887e.dir/link.txt --verbose=1
/usr/bin/cc -fPIC     -rdynamic CMakeFiles/cmTC_9887e.dir/SIZEOF_DOUBLE.c.o  -o cmTC_9887e 
gmake[1]: Leaving directory `/blues/gpfs/home/tshu/project/bebop/MPI_in_MPI/bebop-psm2/korvo-build/build_area/ffs/linux/CMakeFiles/CMakeTmp'


Determining size of float passed with the following output:
Change Dir: /blues/gpfs/home/tshu/project/bebop/MPI_in_MPI/bebop-psm2/korvo-build/build_area/ffs/linux/CMakeFiles/CMakeTmp

Run Build Command:"/usr/bin/gmake" "cmTC_fabcc/fast"
/usr/bin/gmake -f CMakeFiles/cmTC_fabcc.dir/build.make CMakeFiles/cmTC_fabcc.dir/build
gmake[1]: Entering directory `/blues/gpfs/home/tshu/project/bebop/MPI_in_MPI/bebop-psm2/korvo-build/build_area/ffs/linux/CMakeFiles/CMakeTmp'
Building C object CMakeFiles/cmTC_fabcc.dir/SIZEOF_FLOAT.c.o
/usr/bin/cc   -fPIC  -fPIE   -o CMakeFiles/cmTC_fabcc.dir/SIZEOF_FLOAT.c.o   -c /blues/gpfs/home/tshu/project/bebop/MPI_in_MPI/bebop-psm2/korvo-build/build_area/ffs/linux/CMakeFiles/CheckTypeSize/SIZEOF_FLOAT.c
Linking C executable cmTC_fabcc
/blues/gpfs/home/software/spack-0.10.1/opt/spack/linux-centos7-x86_64/intel-17.0.4/cmake-3.9.4-3tixtqtbd65zi6w4277fjte3z4vjpv4t/bin/cmake -E cmake_link_script CMakeFiles/cmTC_fabcc.dir/link.txt --verbose=1
/usr/bin/cc -fPIC     -rdynamic CMakeFiles/cmTC_fabcc.dir/SIZEOF_FLOAT.c.o  -o cmTC_fabcc 
gmake[1]: Leaving directory `/blues/gpfs/home/tshu/project/bebop/MPI_in_MPI/bebop-psm2/korvo-build/build_area/ffs/linux/CMakeFiles/CMakeTmp'


Determining size of int passed with the following output:
Change Dir: /blues/gpfs/home/tshu/project/bebop/MPI_in_MPI/bebop-psm2/korvo-build/build_area/ffs/linux/CMakeFiles/CMakeTmp

Run Build Command:"/usr/bin/gmake" "cmTC_bc86e/fast"
/usr/bin/gmake -f CMakeFiles/cmTC_bc86e.dir/build.make CMakeFiles/cmTC_bc86e.dir/build
gmake[1]: Entering directory `/blues/gpfs/home/tshu/project/bebop/MPI_in_MPI/bebop-psm2/korvo-build/build_area/ffs/linux/CMakeFiles/CMakeTmp'
Building C object CMakeFiles/cmTC_bc86e.dir/SIZEOF_INT.c.o
/usr/bin/cc   -fPIC  -fPIE   -o CMakeFiles/cmTC_bc86e.dir/SIZEOF_INT.c.o   -c /blues/gpfs/home/tshu/project/bebop/MPI_in_MPI/bebop-psm2/korvo-build/build_area/ffs/linux/CMakeFiles/CheckTypeSize/SIZEOF_INT.c
Linking C executable cmTC_bc86e
/blues/gpfs/home/software/spack-0.10.1/opt/spack/linux-centos7-x86_64/intel-17.0.4/cmake-3.9.4-3tixtqtbd65zi6w4277fjte3z4vjpv4t/bin/cmake -E cmake_link_script CMakeFiles/cmTC_bc86e.dir/link.txt --verbose=1
/usr/bin/cc -fPIC     -rdynamic CMakeFiles/cmTC_bc86e.dir/SIZEOF_INT.c.o  -o cmTC_bc86e 
gmake[1]: Leaving directory `/blues/gpfs/home/tshu/project/bebop/MPI_in_MPI/bebop-psm2/korvo-build/build_area/ffs/linux/CMakeFiles/CMakeTmp'


Determining size of off_t passed with the following output:
Change Dir: /blues/gpfs/home/tshu/project/bebop/MPI_in_MPI/bebop-psm2/korvo-build/build_area/ffs/linux/CMakeFiles/CMakeTmp

Run Build Command:"/usr/bin/gmake" "cmTC_7f28b/fast"
/usr/bin/gmake -f CMakeFiles/cmTC_7f28b.dir/build.make CMakeFiles/cmTC_7f28b.dir/build
gmake[1]: Entering directory `/blues/gpfs/home/tshu/project/bebop/MPI_in_MPI/bebop-psm2/korvo-build/build_area/ffs/linux/CMakeFiles/CMakeTmp'
Building C object CMakeFiles/cmTC_7f28b.dir/SIZEOF_OFF_T.c.o
/usr/bin/cc   -fPIC  -fPIE   -o CMakeFiles/cmTC_7f28b.dir/SIZEOF_OFF_T.c.o   -c /blues/gpfs/home/tshu/project/bebop/MPI_in_MPI/bebop-psm2/korvo-build/build_area/ffs/linux/CMakeFiles/CheckTypeSize/SIZEOF_OFF_T.c
Linking C executable cmTC_7f28b
/blues/gpfs/home/software/spack-0.10.1/opt/spack/linux-centos7-x86_64/intel-17.0.4/cmake-3.9.4-3tixtqtbd65zi6w4277fjte3z4vjpv4t/bin/cmake -E cmake_link_script CMakeFiles/cmTC_7f28b.dir/link.txt --verbose=1
/usr/bin/cc -fPIC     -rdynamic CMakeFiles/cmTC_7f28b.dir/SIZEOF_OFF_T.c.o  -o cmTC_7f28b 
gmake[1]: Leaving directory `/blues/gpfs/home/tshu/project/bebop/MPI_in_MPI/bebop-psm2/korvo-build/build_area/ffs/linux/CMakeFiles/CMakeTmp'


Determining size of long passed with the following output:
Change Dir: /blues/gpfs/home/tshu/project/bebop/MPI_in_MPI/bebop-psm2/korvo-build/build_area/ffs/linux/CMakeFiles/CMakeTmp

Run Build Command:"/usr/bin/gmake" "cmTC_debfb/fast"
/usr/bin/gmake -f CMakeFiles/cmTC_debfb.dir/build.make CMakeFiles/cmTC_debfb.dir/build
gmake[1]: Entering directory `/blues/gpfs/home/tshu/project/bebop/MPI_in_MPI/bebop-psm2/korvo-build/build_area/ffs/linux/CMakeFiles/CMakeTmp'
Building C object CMakeFiles/cmTC_debfb.dir/SIZEOF_LONG.c.o
/usr/bin/cc   -fPIC  -fPIE   -o CMakeFiles/cmTC_debfb.dir/SIZEOF_LONG.c.o   -c /blues/gpfs/home/tshu/project/bebop/MPI_in_MPI/bebop-psm2/korvo-build/build_area/ffs/linux/CMakeFiles/CheckTypeSize/SIZEOF_LONG.c
Linking C executable cmTC_debfb
/blues/gpfs/home/software/spack-0.10.1/opt/spack/linux-centos7-x86_64/intel-17.0.4/cmake-3.9.4-3tixtqtbd65zi6w4277fjte3z4vjpv4t/bin/cmake -E cmake_link_script CMakeFiles/cmTC_debfb.dir/link.txt --verbose=1
/usr/bin/cc -fPIC     -rdynamic CMakeFiles/cmTC_debfb.dir/SIZEOF_LONG.c.o  -o cmTC_debfb 
gmake[1]: Leaving directory `/blues/gpfs/home/tshu/project/bebop/MPI_in_MPI/bebop-psm2/korvo-build/build_area/ffs/linux/CMakeFiles/CMakeTmp'


Determining size of long double passed with the following output:
Change Dir: /blues/gpfs/home/tshu/project/bebop/MPI_in_MPI/bebop-psm2/korvo-build/build_area/ffs/linux/CMakeFiles/CMakeTmp

Run Build Command:"/usr/bin/gmake" "cmTC_eef98/fast"
/usr/bin/gmake -f CMakeFiles/cmTC_eef98.dir/build.make CMakeFiles/cmTC_eef98.dir/build
gmake[1]: Entering directory `/blues/gpfs/home/tshu/project/bebop/MPI_in_MPI/bebop-psm2/korvo-build/build_area/ffs/linux/CMakeFiles/CMakeTmp'
Building C object CMakeFiles/cmTC_eef98.dir/SIZEOF_LONG_DOUBLE.c.o
/usr/bin/cc   -fPIC  -fPIE   -o CMakeFiles/cmTC_eef98.dir/SIZEOF_LONG_DOUBLE.c.o   -c /blues/gpfs/home/tshu/project/bebop/MPI_in_MPI/bebop-psm2/korvo-build/build_area/ffs/linux/CMakeFiles/CheckTypeSize/SIZEOF_LONG_DOUBLE.c
Linking C executable cmTC_eef98
/blues/gpfs/home/software/spack-0.10.1/opt/spack/linux-centos7-x86_64/intel-17.0.4/cmake-3.9.4-3tixtqtbd65zi6w4277fjte3z4vjpv4t/bin/cmake -E cmake_link_script CMakeFiles/cmTC_eef98.dir/link.txt --verbose=1
/usr/bin/cc -fPIC     -rdynamic CMakeFiles/cmTC_eef98.dir/SIZEOF_LONG_DOUBLE.c.o  -o cmTC_eef98 
gmake[1]: Leaving directory `/blues/gpfs/home/tshu/project/bebop/MPI_in_MPI/bebop-psm2/korvo-build/build_area/ffs/linux/CMakeFiles/CMakeTmp'


Determining size of long long passed with the following output:
Change Dir: /blues/gpfs/home/tshu/project/bebop/MPI_in_MPI/bebop-psm2/korvo-build/build_area/ffs/linux/CMakeFiles/CMakeTmp

Run Build Command:"/usr/bin/gmake" "cmTC_0ba77/fast"
/usr/bin/gmake -f CMakeFiles/cmTC_0ba77.dir/build.make CMakeFiles/cmTC_0ba77.dir/build
gmake[1]: Entering directory `/blues/gpfs/home/tshu/project/bebop/MPI_in_MPI/bebop-psm2/korvo-build/build_area/ffs/linux/CMakeFiles/CMakeTmp'
Building C object CMakeFiles/cmTC_0ba77.dir/SIZEOF_LONG_LONG.c.o
/usr/bin/cc   -fPIC  -fPIE   -o CMakeFiles/cmTC_0ba77.dir/SIZEOF_LONG_LONG.c.o   -c /blues/gpfs/home/tshu/project/bebop/MPI_in_MPI/bebop-psm2/korvo-build/build_area/ffs/linux/CMakeFiles/CheckTypeSize/SIZEOF_LONG_LONG.c
Linking C executable cmTC_0ba77
/blues/gpfs/home/software/spack-0.10.1/opt/spack/linux-centos7-x86_64/intel-17.0.4/cmake-3.9.4-3tixtqtbd65zi6w4277fjte3z4vjpv4t/bin/cmake -E cmake_link_script CMakeFiles/cmTC_0ba77.dir/link.txt --verbose=1
/usr/bin/cc -fPIC     -rdynamic CMakeFiles/cmTC_0ba77.dir/SIZEOF_LONG_LONG.c.o  -o cmTC_0ba77 
gmake[1]: Leaving directory `/blues/gpfs/home/tshu/project/bebop/MPI_in_MPI/bebop-psm2/korvo-build/build_area/ffs/linux/CMakeFiles/CMakeTmp'


Determining size of size_t passed with the following output:
Change Dir: /blues/gpfs/home/tshu/project/bebop/MPI_in_MPI/bebop-psm2/korvo-build/build_area/ffs/linux/CMakeFiles/CMakeTmp

Run Build Command:"/usr/bin/gmake" "cmTC_9906f/fast"
/usr/bin/gmake -f CMakeFiles/cmTC_9906f.dir/build.make CMakeFiles/cmTC_9906f.dir/build
gmake[1]: Entering directory `/blues/gpfs/home/tshu/project/bebop/MPI_in_MPI/bebop-psm2/korvo-build/build_area/ffs/linux/CMakeFiles/CMakeTmp'
Building C object CMakeFiles/cmTC_9906f.dir/SIZEOF_SIZE_T.c.o
/usr/bin/cc   -fPIC  -fPIE   -o CMakeFiles/cmTC_9906f.dir/SIZEOF_SIZE_T.c.o   -c /blues/gpfs/home/tshu/project/bebop/MPI_in_MPI/bebop-psm2/korvo-build/build_area/ffs/linux/CMakeFiles/CheckTypeSize/SIZEOF_SIZE_T.c
Linking C executable cmTC_9906f
/blues/gpfs/home/software/spack-0.10.1/opt/spack/linux-centos7-x86_64/intel-17.0.4/cmake-3.9.4-3tixtqtbd65zi6w4277fjte3z4vjpv4t/bin/cmake -E cmake_link_script CMakeFiles/cmTC_9906f.dir/link.txt --verbose=1
/usr/bin/cc -fPIC     -rdynamic CMakeFiles/cmTC_9906f.dir/SIZEOF_SIZE_T.c.o  -o cmTC_9906f 
gmake[1]: Leaving directory `/blues/gpfs/home/tshu/project/bebop/MPI_in_MPI/bebop-psm2/korvo-build/build_area/ffs/linux/CMakeFiles/CMakeTmp'


Determining if the function socket exists passed with the following output:
Change Dir: /blues/gpfs/home/tshu/project/bebop/MPI_in_MPI/bebop-psm2/korvo-build/build_area/ffs/linux/CMakeFiles/CMakeTmp

Run Build Command:"/usr/bin/gmake" "cmTC_420fd/fast"
/usr/bin/gmake -f CMakeFiles/cmTC_420fd.dir/build.make CMakeFiles/cmTC_420fd.dir/build
gmake[1]: Entering directory `/blues/gpfs/home/tshu/project/bebop/MPI_in_MPI/bebop-psm2/korvo-build/build_area/ffs/linux/CMakeFiles/CMakeTmp'
Building C object CMakeFiles/cmTC_420fd.dir/CheckFunctionExists.c.o
/usr/bin/cc   -fPIC -DCHECK_FUNCTION_EXISTS=socket -fPIE   -o CMakeFiles/cmTC_420fd.dir/CheckFunctionExists.c.o   -c /blues/gpfs/home/software/spack-0.10.1/opt/spack/linux-centos7-x86_64/intel-17.0.4/cmake-3.9.4-3tixtqtbd65zi6w4277fjte3z4vjpv4t/share/cmake-3.9/Modules/CheckFunctionExists.c
Linking C executable cmTC_420fd
/blues/gpfs/home/software/spack-0.10.1/opt/spack/linux-centos7-x86_64/intel-17.0.4/cmake-3.9.4-3tixtqtbd65zi6w4277fjte3z4vjpv4t/bin/cmake -E cmake_link_script CMakeFiles/cmTC_420fd.dir/link.txt --verbose=1
/usr/bin/cc -fPIC -DCHECK_FUNCTION_EXISTS=socket    -rdynamic CMakeFiles/cmTC_420fd.dir/CheckFunctionExists.c.o  -o cmTC_420fd 
gmake[1]: Leaving directory `/blues/gpfs/home/tshu/project/bebop/MPI_in_MPI/bebop-psm2/korvo-build/build_area/ffs/linux/CMakeFiles/CMakeTmp'


Determining if the include file malloc.h exists passed with the following output:
Change Dir: /blues/gpfs/home/tshu/project/bebop/MPI_in_MPI/bebop-psm2/korvo-build/build_area/ffs/linux/CMakeFiles/CMakeTmp

Run Build Command:"/usr/bin/gmake" "cmTC_5bd89/fast"
/usr/bin/gmake -f CMakeFiles/cmTC_5bd89.dir/build.make CMakeFiles/cmTC_5bd89.dir/build
gmake[1]: Entering directory `/blues/gpfs/home/tshu/project/bebop/MPI_in_MPI/bebop-psm2/korvo-build/build_area/ffs/linux/CMakeFiles/CMakeTmp'
Building C object CMakeFiles/cmTC_5bd89.dir/CheckIncludeFile.c.o
/usr/bin/cc   -fPIC  -fPIE   -o CMakeFiles/cmTC_5bd89.dir/CheckIncludeFile.c.o   -c /blues/gpfs/home/tshu/project/bebop/MPI_in_MPI/bebop-psm2/korvo-build/build_area/ffs/linux/CMakeFiles/CMakeTmp/CheckIncludeFile.c
Linking C executable cmTC_5bd89
/blues/gpfs/home/software/spack-0.10.1/opt/spack/linux-centos7-x86_64/intel-17.0.4/cmake-3.9.4-3tixtqtbd65zi6w4277fjte3z4vjpv4t/bin/cmake -E cmake_link_script CMakeFiles/cmTC_5bd89.dir/link.txt --verbose=1
/usr/bin/cc -fPIC     -rdynamic CMakeFiles/cmTC_5bd89.dir/CheckIncludeFile.c.o  -o cmTC_5bd89 
gmake[1]: Leaving directory `/blues/gpfs/home/tshu/project/bebop/MPI_in_MPI/bebop-psm2/korvo-build/build_area/ffs/linux/CMakeFiles/CMakeTmp'


Determining if the include file memory.h exists passed with the following output:
Change Dir: /blues/gpfs/home/tshu/project/bebop/MPI_in_MPI/bebop-psm2/korvo-build/build_area/ffs/linux/CMakeFiles/CMakeTmp

Run Build Command:"/usr/bin/gmake" "cmTC_519ac/fast"
/usr/bin/gmake -f CMakeFiles/cmTC_519ac.dir/build.make CMakeFiles/cmTC_519ac.dir/build
gmake[1]: Entering directory `/blues/gpfs/home/tshu/project/bebop/MPI_in_MPI/bebop-psm2/korvo-build/build_area/ffs/linux/CMakeFiles/CMakeTmp'
Building C object CMakeFiles/cmTC_519ac.dir/CheckIncludeFile.c.o
/usr/bin/cc   -fPIC  -fPIE   -o CMakeFiles/cmTC_519ac.dir/CheckIncludeFile.c.o   -c /blues/gpfs/home/tshu/project/bebop/MPI_in_MPI/bebop-psm2/korvo-build/build_area/ffs/linux/CMakeFiles/CMakeTmp/CheckIncludeFile.c
Linking C executable cmTC_519ac
/blues/gpfs/home/software/spack-0.10.1/opt/spack/linux-centos7-x86_64/intel-17.0.4/cmake-3.9.4-3tixtqtbd65zi6w4277fjte3z4vjpv4t/bin/cmake -E cmake_link_script CMakeFiles/cmTC_519ac.dir/link.txt --verbose=1
/usr/bin/cc -fPIC     -rdynamic CMakeFiles/cmTC_519ac.dir/CheckIncludeFile.c.o  -o cmTC_519ac 
gmake[1]: Leaving directory `/blues/gpfs/home/tshu/project/bebop/MPI_in_MPI/bebop-psm2/korvo-build/build_area/ffs/linux/CMakeFiles/CMakeTmp'


Determining if the include file netdb.h exists passed with the following output:
Change Dir: /blues/gpfs/home/tshu/project/bebop/MPI_in_MPI/bebop-psm2/korvo-build/build_area/ffs/linux/CMakeFiles/CMakeTmp

Run Build Command:"/usr/bin/gmake" "cmTC_ce1c3/fast"
/usr/bin/gmake -f CMakeFiles/cmTC_ce1c3.dir/build.make CMakeFiles/cmTC_ce1c3.dir/build
gmake[1]: Entering directory `/blues/gpfs/home/tshu/project/bebop/MPI_in_MPI/bebop-psm2/korvo-build/build_area/ffs/linux/CMakeFiles/CMakeTmp'
Building C object CMakeFiles/cmTC_ce1c3.dir/CheckIncludeFile.c.o
/usr/bin/cc   -fPIC  -fPIE   -o CMakeFiles/cmTC_ce1c3.dir/CheckIncludeFile.c.o   -c /blues/gpfs/home/tshu/project/bebop/MPI_in_MPI/bebop-psm2/korvo-build/build_area/ffs/linux/CMakeFiles/CMakeTmp/CheckIncludeFile.c
Linking C executable cmTC_ce1c3
/blues/gpfs/home/software/spack-0.10.1/opt/spack/linux-centos7-x86_64/intel-17.0.4/cmake-3.9.4-3tixtqtbd65zi6w4277fjte3z4vjpv4t/bin/cmake -E cmake_link_script CMakeFiles/cmTC_ce1c3.dir/link.txt --verbose=1
/usr/bin/cc -fPIC     -rdynamic CMakeFiles/cmTC_ce1c3.dir/CheckIncludeFile.c.o  -o cmTC_ce1c3 
gmake[1]: Leaving directory `/blues/gpfs/home/tshu/project/bebop/MPI_in_MPI/bebop-psm2/korvo-build/build_area/ffs/linux/CMakeFiles/CMakeTmp'


Determining if the include file stdarg.h exists passed with the following output:
Change Dir: /blues/gpfs/home/tshu/project/bebop/MPI_in_MPI/bebop-psm2/korvo-build/build_area/ffs/linux/CMakeFiles/CMakeTmp

Run Build Command:"/usr/bin/gmake" "cmTC_bff48/fast"
/usr/bin/gmake -f CMakeFiles/cmTC_bff48.dir/build.make CMakeFiles/cmTC_bff48.dir/build
gmake[1]: Entering directory `/blues/gpfs/home/tshu/project/bebop/MPI_in_MPI/bebop-psm2/korvo-build/build_area/ffs/linux/CMakeFiles/CMakeTmp'
Building C object CMakeFiles/cmTC_bff48.dir/CheckIncludeFile.c.o
/usr/bin/cc   -fPIC  -fPIE   -o CMakeFiles/cmTC_bff48.dir/CheckIncludeFile.c.o   -c /blues/gpfs/home/tshu/project/bebop/MPI_in_MPI/bebop-psm2/korvo-build/build_area/ffs/linux/CMakeFiles/CMakeTmp/CheckIncludeFile.c
Linking C executable cmTC_bff48
/blues/gpfs/home/software/spack-0.10.1/opt/spack/linux-centos7-x86_64/intel-17.0.4/cmake-3.9.4-3tixtqtbd65zi6w4277fjte3z4vjpv4t/bin/cmake -E cmake_link_script CMakeFiles/cmTC_bff48.dir/link.txt --verbose=1
/usr/bin/cc -fPIC     -rdynamic CMakeFiles/cmTC_bff48.dir/CheckIncludeFile.c.o  -o cmTC_bff48 
gmake[1]: Leaving directory `/blues/gpfs/home/tshu/project/bebop/MPI_in_MPI/bebop-psm2/korvo-build/build_area/ffs/linux/CMakeFiles/CMakeTmp'


Determining if the include file stdlib.h exists passed with the following output:
Change Dir: /blues/gpfs/home/tshu/project/bebop/MPI_in_MPI/bebop-psm2/korvo-build/build_area/ffs/linux/CMakeFiles/CMakeTmp

Run Build Command:"/usr/bin/gmake" "cmTC_471ea/fast"
/usr/bin/gmake -f CMakeFiles/cmTC_471ea.dir/build.make CMakeFiles/cmTC_471ea.dir/build
gmake[1]: Entering directory `/blues/gpfs/home/tshu/project/bebop/MPI_in_MPI/bebop-psm2/korvo-build/build_area/ffs/linux/CMakeFiles/CMakeTmp'
Building C object CMakeFiles/cmTC_471ea.dir/CheckIncludeFile.c.o
/usr/bin/cc   -fPIC  -fPIE   -o CMakeFiles/cmTC_471ea.dir/CheckIncludeFile.c.o   -c /blues/gpfs/home/tshu/project/bebop/MPI_in_MPI/bebop-psm2/korvo-build/build_area/ffs/linux/CMakeFiles/CMakeTmp/CheckIncludeFile.c
Linking C executable cmTC_471ea
/blues/gpfs/home/software/spack-0.10.1/opt/spack/linux-centos7-x86_64/intel-17.0.4/cmake-3.9.4-3tixtqtbd65zi6w4277fjte3z4vjpv4t/bin/cmake -E cmake_link_script CMakeFiles/cmTC_471ea.dir/link.txt --verbose=1
/usr/bin/cc -fPIC     -rdynamic CMakeFiles/cmTC_471ea.dir/CheckIncludeFile.c.o  -o cmTC_471ea 
gmake[1]: Leaving directory `/blues/gpfs/home/tshu/project/bebop/MPI_in_MPI/bebop-psm2/korvo-build/build_area/ffs/linux/CMakeFiles/CMakeTmp'


Determining if the include file string.h exists passed with the following output:
Change Dir: /blues/gpfs/home/tshu/project/bebop/MPI_in_MPI/bebop-psm2/korvo-build/build_area/ffs/linux/CMakeFiles/CMakeTmp

Run Build Command:"/usr/bin/gmake" "cmTC_710a6/fast"
/usr/bin/gmake -f CMakeFiles/cmTC_710a6.dir/build.make CMakeFiles/cmTC_710a6.dir/build
gmake[1]: Entering directory `/blues/gpfs/home/tshu/project/bebop/MPI_in_MPI/bebop-psm2/korvo-build/build_area/ffs/linux/CMakeFiles/CMakeTmp'
Building C object CMakeFiles/cmTC_710a6.dir/CheckIncludeFile.c.o
/usr/bin/cc   -fPIC  -fPIE   -o CMakeFiles/cmTC_710a6.dir/CheckIncludeFile.c.o   -c /blues/gpfs/home/tshu/project/bebop/MPI_in_MPI/bebop-psm2/korvo-build/build_area/ffs/linux/CMakeFiles/CMakeTmp/CheckIncludeFile.c
Linking C executable cmTC_710a6
/blues/gpfs/home/software/spack-0.10.1/opt/spack/linux-centos7-x86_64/intel-17.0.4/cmake-3.9.4-3tixtqtbd65zi6w4277fjte3z4vjpv4t/bin/cmake -E cmake_link_script CMakeFiles/cmTC_710a6.dir/link.txt --verbose=1
/usr/bin/cc -fPIC     -rdynamic CMakeFiles/cmTC_710a6.dir/CheckIncludeFile.c.o  -o cmTC_710a6 
gmake[1]: Leaving directory `/blues/gpfs/home/tshu/project/bebop/MPI_in_MPI/bebop-psm2/korvo-build/build_area/ffs/linux/CMakeFiles/CMakeTmp'


Determining if the include file sys/select.h exists passed with the following output:
Change Dir: /blues/gpfs/home/tshu/project/bebop/MPI_in_MPI/bebop-psm2/korvo-build/build_area/ffs/linux/CMakeFiles/CMakeTmp

Run Build Command:"/usr/bin/gmake" "cmTC_5b913/fast"
/usr/bin/gmake -f CMakeFiles/cmTC_5b913.dir/build.make CMakeFiles/cmTC_5b913.dir/build
gmake[1]: Entering directory `/blues/gpfs/home/tshu/project/bebop/MPI_in_MPI/bebop-psm2/korvo-build/build_area/ffs/linux/CMakeFiles/CMakeTmp'
Building C object CMakeFiles/cmTC_5b913.dir/CheckIncludeFile.c.o
/usr/bin/cc   -fPIC  -fPIE   -o CMakeFiles/cmTC_5b913.dir/CheckIncludeFile.c.o   -c /blues/gpfs/home/tshu/project/bebop/MPI_in_MPI/bebop-psm2/korvo-build/build_area/ffs/linux/CMakeFiles/CMakeTmp/CheckIncludeFile.c
Linking C executable cmTC_5b913
/blues/gpfs/home/software/spack-0.10.1/opt/spack/linux-centos7-x86_64/intel-17.0.4/cmake-3.9.4-3tixtqtbd65zi6w4277fjte3z4vjpv4t/bin/cmake -E cmake_link_script CMakeFiles/cmTC_5b913.dir/link.txt --verbose=1
/usr/bin/cc -fPIC     -rdynamic CMakeFiles/cmTC_5b913.dir/CheckIncludeFile.c.o  -o cmTC_5b913 
gmake[1]: Leaving directory `/blues/gpfs/home/tshu/project/bebop/MPI_in_MPI/bebop-psm2/korvo-build/build_area/ffs/linux/CMakeFiles/CMakeTmp'


Determining if the include file sys/socket.h exists passed with the following output:
Change Dir: /blues/gpfs/home/tshu/project/bebop/MPI_in_MPI/bebop-psm2/korvo-build/build_area/ffs/linux/CMakeFiles/CMakeTmp

Run Build Command:"/usr/bin/gmake" "cmTC_8e079/fast"
/usr/bin/gmake -f CMakeFiles/cmTC_8e079.dir/build.make CMakeFiles/cmTC_8e079.dir/build
gmake[1]: Entering directory `/blues/gpfs/home/tshu/project/bebop/MPI_in_MPI/bebop-psm2/korvo-build/build_area/ffs/linux/CMakeFiles/CMakeTmp'
Building C object CMakeFiles/cmTC_8e079.dir/CheckIncludeFile.c.o
/usr/bin/cc   -fPIC  -fPIE   -o CMakeFiles/cmTC_8e079.dir/CheckIncludeFile.c.o   -c /blues/gpfs/home/tshu/project/bebop/MPI_in_MPI/bebop-psm2/korvo-build/build_area/ffs/linux/CMakeFiles/CMakeTmp/CheckIncludeFile.c
Linking C executable cmTC_8e079
/blues/gpfs/home/software/spack-0.10.1/opt/spack/linux-centos7-x86_64/intel-17.0.4/cmake-3.9.4-3tixtqtbd65zi6w4277fjte3z4vjpv4t/bin/cmake -E cmake_link_script CMakeFiles/cmTC_8e079.dir/link.txt --verbose=1
/usr/bin/cc -fPIC     -rdynamic CMakeFiles/cmTC_8e079.dir/CheckIncludeFile.c.o  -o cmTC_8e079 
gmake[1]: Leaving directory `/blues/gpfs/home/tshu/project/bebop/MPI_in_MPI/bebop-psm2/korvo-build/build_area/ffs/linux/CMakeFiles/CMakeTmp'


Determining if the include file sys/time.h exists passed with the following output:
Change Dir: /blues/gpfs/home/tshu/project/bebop/MPI_in_MPI/bebop-psm2/korvo-build/build_area/ffs/linux/CMakeFiles/CMakeTmp

Run Build Command:"/usr/bin/gmake" "cmTC_fd19f/fast"
/usr/bin/gmake -f CMakeFiles/cmTC_fd19f.dir/build.make CMakeFiles/cmTC_fd19f.dir/build
gmake[1]: Entering directory `/blues/gpfs/home/tshu/project/bebop/MPI_in_MPI/bebop-psm2/korvo-build/build_area/ffs/linux/CMakeFiles/CMakeTmp'
Building C object CMakeFiles/cmTC_fd19f.dir/CheckIncludeFile.c.o
/usr/bin/cc   -fPIC  -fPIE   -o CMakeFiles/cmTC_fd19f.dir/CheckIncludeFile.c.o   -c /blues/gpfs/home/tshu/project/bebop/MPI_in_MPI/bebop-psm2/korvo-build/build_area/ffs/linux/CMakeFiles/CMakeTmp/CheckIncludeFile.c
Linking C executable cmTC_fd19f
/blues/gpfs/home/software/spack-0.10.1/opt/spack/linux-centos7-x86_64/intel-17.0.4/cmake-3.9.4-3tixtqtbd65zi6w4277fjte3z4vjpv4t/bin/cmake -E cmake_link_script CMakeFiles/cmTC_fd19f.dir/link.txt --verbose=1
/usr/bin/cc -fPIC     -rdynamic CMakeFiles/cmTC_fd19f.dir/CheckIncludeFile.c.o  -o cmTC_fd19f 
gmake[1]: Leaving directory `/blues/gpfs/home/tshu/project/bebop/MPI_in_MPI/bebop-psm2/korvo-build/build_area/ffs/linux/CMakeFiles/CMakeTmp'


Determining if the include file sys/times.h exists passed with the following output:
Change Dir: /blues/gpfs/home/tshu/project/bebop/MPI_in_MPI/bebop-psm2/korvo-build/build_area/ffs/linux/CMakeFiles/CMakeTmp

Run Build Command:"/usr/bin/gmake" "cmTC_4877b/fast"
/usr/bin/gmake -f CMakeFiles/cmTC_4877b.dir/build.make CMakeFiles/cmTC_4877b.dir/build
gmake[1]: Entering directory `/blues/gpfs/home/tshu/project/bebop/MPI_in_MPI/bebop-psm2/korvo-build/build_area/ffs/linux/CMakeFiles/CMakeTmp'
Building C object CMakeFiles/cmTC_4877b.dir/CheckIncludeFile.c.o
/usr/bin/cc   -fPIC  -fPIE   -o CMakeFiles/cmTC_4877b.dir/CheckIncludeFile.c.o   -c /blues/gpfs/home/tshu/project/bebop/MPI_in_MPI/bebop-psm2/korvo-build/build_area/ffs/linux/CMakeFiles/CMakeTmp/CheckIncludeFile.c
Linking C executable cmTC_4877b
/blues/gpfs/home/software/spack-0.10.1/opt/spack/linux-centos7-x86_64/intel-17.0.4/cmake-3.9.4-3tixtqtbd65zi6w4277fjte3z4vjpv4t/bin/cmake -E cmake_link_script CMakeFiles/cmTC_4877b.dir/link.txt --verbose=1
/usr/bin/cc -fPIC     -rdynamic CMakeFiles/cmTC_4877b.dir/CheckIncludeFile.c.o  -o cmTC_4877b 
gmake[1]: Leaving directory `/blues/gpfs/home/tshu/project/bebop/MPI_in_MPI/bebop-psm2/korvo-build/build_area/ffs/linux/CMakeFiles/CMakeTmp'


Determining if the include file sys/uio.h exists passed with the following output:
Change Dir: /blues/gpfs/home/tshu/project/bebop/MPI_in_MPI/bebop-psm2/korvo-build/build_area/ffs/linux/CMakeFiles/CMakeTmp

Run Build Command:"/usr/bin/gmake" "cmTC_958da/fast"
/usr/bin/gmake -f CMakeFiles/cmTC_958da.dir/build.make CMakeFiles/cmTC_958da.dir/build
gmake[1]: Entering directory `/blues/gpfs/home/tshu/project/bebop/MPI_in_MPI/bebop-psm2/korvo-build/build_area/ffs/linux/CMakeFiles/CMakeTmp'
Building C object CMakeFiles/cmTC_958da.dir/CheckIncludeFile.c.o
/usr/bin/cc   -fPIC  -fPIE   -o CMakeFiles/cmTC_958da.dir/CheckIncludeFile.c.o   -c /blues/gpfs/home/tshu/project/bebop/MPI_in_MPI/bebop-psm2/korvo-build/build_area/ffs/linux/CMakeFiles/CMakeTmp/CheckIncludeFile.c
Linking C executable cmTC_958da
/blues/gpfs/home/software/spack-0.10.1/opt/spack/linux-centos7-x86_64/intel-17.0.4/cmake-3.9.4-3tixtqtbd65zi6w4277fjte3z4vjpv4t/bin/cmake -E cmake_link_script CMakeFiles/cmTC_958da.dir/link.txt --verbose=1
/usr/bin/cc -fPIC     -rdynamic CMakeFiles/cmTC_958da.dir/CheckIncludeFile.c.o  -o cmTC_958da 
gmake[1]: Leaving directory `/blues/gpfs/home/tshu/project/bebop/MPI_in_MPI/bebop-psm2/korvo-build/build_area/ffs/linux/CMakeFiles/CMakeTmp'


Determining if the include file sys/un.h exists passed with the following output:
Change Dir: /blues/gpfs/home/tshu/project/bebop/MPI_in_MPI/bebop-psm2/korvo-build/build_area/ffs/linux/CMakeFiles/CMakeTmp

Run Build Command:"/usr/bin/gmake" "cmTC_ea2e3/fast"
/usr/bin/gmake -f CMakeFiles/cmTC_ea2e3.dir/build.make CMakeFiles/cmTC_ea2e3.dir/build
gmake[1]: Entering directory `/blues/gpfs/home/tshu/project/bebop/MPI_in_MPI/bebop-psm2/korvo-build/build_area/ffs/linux/CMakeFiles/CMakeTmp'
Building C object CMakeFiles/cmTC_ea2e3.dir/CheckIncludeFile.c.o
/usr/bin/cc   -fPIC  -fPIE   -o CMakeFiles/cmTC_ea2e3.dir/CheckIncludeFile.c.o   -c /blues/gpfs/home/tshu/project/bebop/MPI_in_MPI/bebop-psm2/korvo-build/build_area/ffs/linux/CMakeFiles/CMakeTmp/CheckIncludeFile.c
Linking C executable cmTC_ea2e3
/blues/gpfs/home/software/spack-0.10.1/opt/spack/linux-centos7-x86_64/intel-17.0.4/cmake-3.9.4-3tixtqtbd65zi6w4277fjte3z4vjpv4t/bin/cmake -E cmake_link_script CMakeFiles/cmTC_ea2e3.dir/link.txt --verbose=1
/usr/bin/cc -fPIC     -rdynamic CMakeFiles/cmTC_ea2e3.dir/CheckIncludeFile.c.o  -o cmTC_ea2e3 
gmake[1]: Leaving directory `/blues/gpfs/home/tshu/project/bebop/MPI_in_MPI/bebop-psm2/korvo-build/build_area/ffs/linux/CMakeFiles/CMakeTmp'


Determining if the include file unistd.h exists passed with the following output:
Change Dir: /blues/gpfs/home/tshu/project/bebop/MPI_in_MPI/bebop-psm2/korvo-build/build_area/ffs/linux/CMakeFiles/CMakeTmp

Run Build Command:"/usr/bin/gmake" "cmTC_640cb/fast"
/usr/bin/gmake -f CMakeFiles/cmTC_640cb.dir/build.make CMakeFiles/cmTC_640cb.dir/build
gmake[1]: Entering directory `/blues/gpfs/home/tshu/project/bebop/MPI_in_MPI/bebop-psm2/korvo-build/build_area/ffs/linux/CMakeFiles/CMakeTmp'
Building C object CMakeFiles/cmTC_640cb.dir/CheckIncludeFile.c.o
/usr/bin/cc   -fPIC  -fPIE   -o CMakeFiles/cmTC_640cb.dir/CheckIncludeFile.c.o   -c /blues/gpfs/home/tshu/project/bebop/MPI_in_MPI/bebop-psm2/korvo-build/build_area/ffs/linux/CMakeFiles/CMakeTmp/CheckIncludeFile.c
Linking C executable cmTC_640cb
/blues/gpfs/home/software/spack-0.10.1/opt/spack/linux-centos7-x86_64/intel-17.0.4/cmake-3.9.4-3tixtqtbd65zi6w4277fjte3z4vjpv4t/bin/cmake -E cmake_link_script CMakeFiles/cmTC_640cb.dir/link.txt --verbose=1
/usr/bin/cc -fPIC     -rdynamic CMakeFiles/cmTC_640cb.dir/CheckIncludeFile.c.o  -o cmTC_640cb 
gmake[1]: Leaving directory `/blues/gpfs/home/tshu/project/bebop/MPI_in_MPI/bebop-psm2/korvo-build/build_area/ffs/linux/CMakeFiles/CMakeTmp'


Determining if the function strtof exists passed with the following output:
Change Dir: /blues/gpfs/home/tshu/project/bebop/MPI_in_MPI/bebop-psm2/korvo-build/build_area/ffs/linux/CMakeFiles/CMakeTmp

Run Build Command:"/usr/bin/gmake" "cmTC_ffa9a/fast"
/usr/bin/gmake -f CMakeFiles/cmTC_ffa9a.dir/build.make CMakeFiles/cmTC_ffa9a.dir/build
gmake[1]: Entering directory `/blues/gpfs/home/tshu/project/bebop/MPI_in_MPI/bebop-psm2/korvo-build/build_area/ffs/linux/CMakeFiles/CMakeTmp'
Building C object CMakeFiles/cmTC_ffa9a.dir/CheckFunctionExists.c.o
/usr/bin/cc   -fPIC -DCHECK_FUNCTION_EXISTS=strtof -fPIE   -o CMakeFiles/cmTC_ffa9a.dir/CheckFunctionExists.c.o   -c /blues/gpfs/home/software/spack-0.10.1/opt/spack/linux-centos7-x86_64/intel-17.0.4/cmake-3.9.4-3tixtqtbd65zi6w4277fjte3z4vjpv4t/share/cmake-3.9/Modules/CheckFunctionExists.c
Linking C executable cmTC_ffa9a
/blues/gpfs/home/software/spack-0.10.1/opt/spack/linux-centos7-x86_64/intel-17.0.4/cmake-3.9.4-3tixtqtbd65zi6w4277fjte3z4vjpv4t/bin/cmake -E cmake_link_script CMakeFiles/cmTC_ffa9a.dir/link.txt --verbose=1
/usr/bin/cc -fPIC -DCHECK_FUNCTION_EXISTS=strtof    -rdynamic CMakeFiles/cmTC_ffa9a.dir/CheckFunctionExists.c.o  -o cmTC_ffa9a 
gmake[1]: Leaving directory `/blues/gpfs/home/tshu/project/bebop/MPI_in_MPI/bebop-psm2/korvo-build/build_area/ffs/linux/CMakeFiles/CMakeTmp'


Determining if the function strtod exists passed with the following output:
Change Dir: /blues/gpfs/home/tshu/project/bebop/MPI_in_MPI/bebop-psm2/korvo-build/build_area/ffs/linux/CMakeFiles/CMakeTmp

Run Build Command:"/usr/bin/gmake" "cmTC_eaf8c/fast"
/usr/bin/gmake -f CMakeFiles/cmTC_eaf8c.dir/build.make CMakeFiles/cmTC_eaf8c.dir/build
gmake[1]: Entering directory `/blues/gpfs/home/tshu/project/bebop/MPI_in_MPI/bebop-psm2/korvo-build/build_area/ffs/linux/CMakeFiles/CMakeTmp'
Building C object CMakeFiles/cmTC_eaf8c.dir/CheckFunctionExists.c.o
/usr/bin/cc   -fPIC -DCHECK_FUNCTION_EXISTS=strtod -fPIE   -o CMakeFiles/cmTC_eaf8c.dir/CheckFunctionExists.c.o   -c /blues/gpfs/home/software/spack-0.10.1/opt/spack/linux-centos7-x86_64/intel-17.0.4/cmake-3.9.4-3tixtqtbd65zi6w4277fjte3z4vjpv4t/share/cmake-3.9/Modules/CheckFunctionExists.c
Linking C executable cmTC_eaf8c
/blues/gpfs/home/software/spack-0.10.1/opt/spack/linux-centos7-x86_64/intel-17.0.4/cmake-3.9.4-3tixtqtbd65zi6w4277fjte3z4vjpv4t/bin/cmake -E cmake_link_script CMakeFiles/cmTC_eaf8c.dir/link.txt --verbose=1
/usr/bin/cc -fPIC -DCHECK_FUNCTION_EXISTS=strtod    -rdynamic CMakeFiles/cmTC_eaf8c.dir/CheckFunctionExists.c.o  -o cmTC_eaf8c 
gmake[1]: Leaving directory `/blues/gpfs/home/tshu/project/bebop/MPI_in_MPI/bebop-psm2/korvo-build/build_area/ffs/linux/CMakeFiles/CMakeTmp'


Determining if the function strtold exists passed with the following output:
Change Dir: /blues/gpfs/home/tshu/project/bebop/MPI_in_MPI/bebop-psm2/korvo-build/build_area/ffs/linux/CMakeFiles/CMakeTmp

Run Build Command:"/usr/bin/gmake" "cmTC_45b5b/fast"
/usr/bin/gmake -f CMakeFiles/cmTC_45b5b.dir/build.make CMakeFiles/cmTC_45b5b.dir/build
gmake[1]: Entering directory `/blues/gpfs/home/tshu/project/bebop/MPI_in_MPI/bebop-psm2/korvo-build/build_area/ffs/linux/CMakeFiles/CMakeTmp'
Building C object CMakeFiles/cmTC_45b5b.dir/CheckFunctionExists.c.o
/usr/bin/cc   -fPIC -DCHECK_FUNCTION_EXISTS=strtold -fPIE   -o CMakeFiles/cmTC_45b5b.dir/CheckFunctionExists.c.o   -c /blues/gpfs/home/software/spack-0.10.1/opt/spack/linux-centos7-x86_64/intel-17.0.4/cmake-3.9.4-3tixtqtbd65zi6w4277fjte3z4vjpv4t/share/cmake-3.9/Modules/CheckFunctionExists.c
Linking C executable cmTC_45b5b
/blues/gpfs/home/software/spack-0.10.1/opt/spack/linux-centos7-x86_64/intel-17.0.4/cmake-3.9.4-3tixtqtbd65zi6w4277fjte3z4vjpv4t/bin/cmake -E cmake_link_script CMakeFiles/cmTC_45b5b.dir/link.txt --verbose=1
/usr/bin/cc -fPIC -DCHECK_FUNCTION_EXISTS=strtold    -rdynamic CMakeFiles/cmTC_45b5b.dir/CheckFunctionExists.c.o  -o cmTC_45b5b 
gmake[1]: Leaving directory `/blues/gpfs/home/tshu/project/bebop/MPI_in_MPI/bebop-psm2/korvo-build/build_area/ffs/linux/CMakeFiles/CMakeTmp'


Determining if the function getdomainname exists passed with the following output:
Change Dir: /blues/gpfs/home/tshu/project/bebop/MPI_in_MPI/bebop-psm2/korvo-build/build_area/ffs/linux/CMakeFiles/CMakeTmp

Run Build Command:"/usr/bin/gmake" "cmTC_fca58/fast"
/usr/bin/gmake -f CMakeFiles/cmTC_fca58.dir/build.make CMakeFiles/cmTC_fca58.dir/build
gmake[1]: Entering directory `/blues/gpfs/home/tshu/project/bebop/MPI_in_MPI/bebop-psm2/korvo-build/build_area/ffs/linux/CMakeFiles/CMakeTmp'
Building C object CMakeFiles/cmTC_fca58.dir/CheckFunctionExists.c.o
/usr/bin/cc   -fPIC -DCHECK_FUNCTION_EXISTS=getdomainname -fPIE   -o CMakeFiles/cmTC_fca58.dir/CheckFunctionExists.c.o   -c /blues/gpfs/home/software/spack-0.10.1/opt/spack/linux-centos7-x86_64/intel-17.0.4/cmake-3.9.4-3tixtqtbd65zi6w4277fjte3z4vjpv4t/share/cmake-3.9/Modules/CheckFunctionExists.c
Linking C executable cmTC_fca58
/blues/gpfs/home/software/spack-0.10.1/opt/spack/linux-centos7-x86_64/intel-17.0.4/cmake-3.9.4-3tixtqtbd65zi6w4277fjte3z4vjpv4t/bin/cmake -E cmake_link_script CMakeFiles/cmTC_fca58.dir/link.txt --verbose=1
/usr/bin/cc -fPIC -DCHECK_FUNCTION_EXISTS=getdomainname    -rdynamic CMakeFiles/cmTC_fca58.dir/CheckFunctionExists.c.o  -o cmTC_fca58 
gmake[1]: Leaving directory `/blues/gpfs/home/tshu/project/bebop/MPI_in_MPI/bebop-psm2/korvo-build/build_area/ffs/linux/CMakeFiles/CMakeTmp'


Determining size of struct iovec passed with the following output:
Change Dir: /blues/gpfs/home/tshu/project/bebop/MPI_in_MPI/bebop-psm2/korvo-build/build_area/ffs/linux/CMakeFiles/CMakeTmp

Run Build Command:"/usr/bin/gmake" "cmTC_3878a/fast"
/usr/bin/gmake -f CMakeFiles/cmTC_3878a.dir/build.make CMakeFiles/cmTC_3878a.dir/build
gmake[1]: Entering directory `/blues/gpfs/home/tshu/project/bebop/MPI_in_MPI/bebop-psm2/korvo-build/build_area/ffs/linux/CMakeFiles/CMakeTmp'
Building C object CMakeFiles/cmTC_3878a.dir/IOVEC_DEFINE.c.o
/usr/bin/cc   -fPIC  -fPIE   -o CMakeFiles/cmTC_3878a.dir/IOVEC_DEFINE.c.o   -c /blues/gpfs/home/tshu/project/bebop/MPI_in_MPI/bebop-psm2/korvo-build/build_area/ffs/linux/CMakeFiles/CheckTypeSize/IOVEC_DEFINE.c
Linking C executable cmTC_3878a
/blues/gpfs/home/software/spack-0.10.1/opt/spack/linux-centos7-x86_64/intel-17.0.4/cmake-3.9.4-3tixtqtbd65zi6w4277fjte3z4vjpv4t/bin/cmake -E cmake_link_script CMakeFiles/cmTC_3878a.dir/link.txt --verbose=1
/usr/bin/cc -fPIC     -rdynamic CMakeFiles/cmTC_3878a.dir/IOVEC_DEFINE.c.o  -o cmTC_3878a 
gmake[1]: Leaving directory `/blues/gpfs/home/tshu/project/bebop/MPI_in_MPI/bebop-psm2/korvo-build/build_area/ffs/linux/CMakeFiles/CMakeTmp'


Performing C SOURCE FILE Test HAS_IOV_BASE_IOVEC succeeded with the following output:
Change Dir: /blues/gpfs/home/tshu/project/bebop/MPI_in_MPI/bebop-psm2/korvo-build/build_area/ffs/linux/CMakeFiles/CMakeTmp

Run Build Command:"/usr/bin/gmake" "cmTC_6a8ff/fast"
/usr/bin/gmake -f CMakeFiles/cmTC_6a8ff.dir/build.make CMakeFiles/cmTC_6a8ff.dir/build
gmake[1]: Entering directory `/blues/gpfs/home/tshu/project/bebop/MPI_in_MPI/bebop-psm2/korvo-build/build_area/ffs/linux/CMakeFiles/CMakeTmp'
Building C object CMakeFiles/cmTC_6a8ff.dir/src.c.o
/usr/bin/cc   -fPIC -DHAS_IOV_BASE_IOVEC -fPIE   -o CMakeFiles/cmTC_6a8ff.dir/src.c.o   -c /blues/gpfs/home/tshu/project/bebop/MPI_in_MPI/bebop-psm2/korvo-build/build_area/ffs/linux/CMakeFiles/CMakeTmp/src.c
Linking C executable cmTC_6a8ff
/blues/gpfs/home/software/spack-0.10.1/opt/spack/linux-centos7-x86_64/intel-17.0.4/cmake-3.9.4-3tixtqtbd65zi6w4277fjte3z4vjpv4t/bin/cmake -E cmake_link_script CMakeFiles/cmTC_6a8ff.dir/link.txt --verbose=1
/usr/bin/cc -fPIC -DHAS_IOV_BASE_IOVEC    -rdynamic CMakeFiles/cmTC_6a8ff.dir/src.c.o  -o cmTC_6a8ff 
gmake[1]: Leaving directory `/blues/gpfs/home/tshu/project/bebop/MPI_in_MPI/bebop-psm2/korvo-build/build_area/ffs/linux/CMakeFiles/CMakeTmp'

Source file was:

#include <sys/uio.h>

int main()
{
   (void)sizeof(((struct iovec *)0)->iov_base);
   return 0;
}

Determining if the include file pthread.h exists passed with the following output:
Change Dir: /blues/gpfs/home/tshu/project/bebop/MPI_in_MPI/bebop-psm2/korvo-build/build_area/ffs/linux/CMakeFiles/CMakeTmp

Run Build Command:"/usr/bin/gmake" "cmTC_9e3b4/fast"
/usr/bin/gmake -f CMakeFiles/cmTC_9e3b4.dir/build.make CMakeFiles/cmTC_9e3b4.dir/build
gmake[1]: Entering directory `/blues/gpfs/home/tshu/project/bebop/MPI_in_MPI/bebop-psm2/korvo-build/build_area/ffs/linux/CMakeFiles/CMakeTmp'
Building C object CMakeFiles/cmTC_9e3b4.dir/CheckIncludeFile.c.o
/usr/bin/cc   -fPIC  -fPIE   -o CMakeFiles/cmTC_9e3b4.dir/CheckIncludeFile.c.o   -c /blues/gpfs/home/tshu/project/bebop/MPI_in_MPI/bebop-psm2/korvo-build/build_area/ffs/linux/CMakeFiles/CMakeTmp/CheckIncludeFile.c
Linking C executable cmTC_9e3b4
/blues/gpfs/home/software/spack-0.10.1/opt/spack/linux-centos7-x86_64/intel-17.0.4/cmake-3.9.4-3tixtqtbd65zi6w4277fjte3z4vjpv4t/bin/cmake -E cmake_link_script CMakeFiles/cmTC_9e3b4.dir/link.txt --verbose=1
/usr/bin/cc -fPIC     -rdynamic CMakeFiles/cmTC_9e3b4.dir/CheckIncludeFile.c.o  -o cmTC_9e3b4 
gmake[1]: Leaving directory `/blues/gpfs/home/tshu/project/bebop/MPI_in_MPI/bebop-psm2/korvo-build/build_area/ffs/linux/CMakeFiles/CMakeTmp'


Determining if the function pthread_create exists in the pthread passed with the following output:
Change Dir: /blues/gpfs/home/tshu/project/bebop/MPI_in_MPI/bebop-psm2/korvo-build/build_area/ffs/linux/CMakeFiles/CMakeTmp

Run Build Command:"/usr/bin/gmake" "cmTC_19699/fast"
/usr/bin/gmake -f CMakeFiles/cmTC_19699.dir/build.make CMakeFiles/cmTC_19699.dir/build
gmake[1]: Entering directory `/blues/gpfs/home/tshu/project/bebop/MPI_in_MPI/bebop-psm2/korvo-build/build_area/ffs/linux/CMakeFiles/CMakeTmp'
Building C object CMakeFiles/cmTC_19699.dir/CheckFunctionExists.c.o
/usr/bin/cc   -fPIC -DCHECK_FUNCTION_EXISTS=pthread_create -fPIE   -o CMakeFiles/cmTC_19699.dir/CheckFunctionExists.c.o   -c /blues/gpfs/home/software/spack-0.10.1/opt/spack/linux-centos7-x86_64/intel-17.0.4/cmake-3.9.4-3tixtqtbd65zi6w4277fjte3z4vjpv4t/share/cmake-3.9/Modules/CheckFunctionExists.c
Linking C executable cmTC_19699
/blues/gpfs/home/software/spack-0.10.1/opt/spack/linux-centos7-x86_64/intel-17.0.4/cmake-3.9.4-3tixtqtbd65zi6w4277fjte3z4vjpv4t/bin/cmake -E cmake_link_script CMakeFiles/cmTC_19699.dir/link.txt --verbose=1
/usr/bin/cc -fPIC -DCHECK_FUNCTION_EXISTS=pthread_create    -rdynamic CMakeFiles/cmTC_19699.dir/CheckFunctionExists.c.o  -o cmTC_19699 -lpthread 
gmake[1]: Leaving directory `/blues/gpfs/home/tshu/project/bebop/MPI_in_MPI/bebop-psm2/korvo-build/build_area/ffs/linux/CMakeFiles/CMakeTmp'


