The system is: Linux - 3.10.0-693.21.1.el7.x86_64 - x86_64
Compiling the C compiler identification source file "CMakeCCompilerId.c" succeeded.
Compiler: /usr/bin/cc 
Build flags: -fPIC
Id flags:  

The output was:
0


Compilation of the C compiler identification source "CMakeCCompilerId.c" produced "a.out"

The C compiler identification is GNU, found in "/blues/gpfs/home/tshu/project/bebop/MPI_in_MPI/bebop-psm2/korvo-build/build_area/dill/linux/CMakeFiles/3.9.4/CompilerIdC/a.out"

Compiling the CXX compiler identification source file "CMakeCXXCompilerId.cpp" succeeded.
Compiler: /usr/bin/c++ 
Build flags: -fPIC
Id flags:  

The output was:
0


Compilation of the CXX compiler identification source "CMakeCXXCompilerId.cpp" produced "a.out"

The CXX compiler identification is GNU, found in "/blues/gpfs/home/tshu/project/bebop/MPI_in_MPI/bebop-psm2/korvo-build/build_area/dill/linux/CMakeFiles/3.9.4/CompilerIdCXX/a.out"

Determining if the C compiler works passed with the following output:
Change Dir: /blues/gpfs/home/tshu/project/bebop/MPI_in_MPI/bebop-psm2/korvo-build/build_area/dill/linux/CMakeFiles/CMakeTmp

Run Build Command:"/usr/bin/gmake" "cmTC_fc583/fast"
/usr/bin/gmake -f CMakeFiles/cmTC_fc583.dir/build.make CMakeFiles/cmTC_fc583.dir/build
gmake[1]: Entering directory `/blues/gpfs/home/tshu/project/bebop/MPI_in_MPI/bebop-psm2/korvo-build/build_area/dill/linux/CMakeFiles/CMakeTmp'
Building C object CMakeFiles/cmTC_fc583.dir/testCCompiler.c.o
/usr/bin/cc   -fPIC    -o CMakeFiles/cmTC_fc583.dir/testCCompiler.c.o   -c /blues/gpfs/home/tshu/project/bebop/MPI_in_MPI/bebop-psm2/korvo-build/build_area/dill/linux/CMakeFiles/CMakeTmp/testCCompiler.c
Linking C executable cmTC_fc583
/blues/gpfs/home/software/spack-0.10.1/opt/spack/linux-centos7-x86_64/intel-17.0.4/cmake-3.9.4-3tixtqtbd65zi6w4277fjte3z4vjpv4t/bin/cmake -E cmake_link_script CMakeFiles/cmTC_fc583.dir/link.txt --verbose=1
/usr/bin/cc -fPIC     -rdynamic CMakeFiles/cmTC_fc583.dir/testCCompiler.c.o  -o cmTC_fc583 
gmake[1]: Leaving directory `/blues/gpfs/home/tshu/project/bebop/MPI_in_MPI/bebop-psm2/korvo-build/build_area/dill/linux/CMakeFiles/CMakeTmp'


Detecting C compiler ABI info compiled with the following output:
Change Dir: /blues/gpfs/home/tshu/project/bebop/MPI_in_MPI/bebop-psm2/korvo-build/build_area/dill/linux/CMakeFiles/CMakeTmp

Run Build Command:"/usr/bin/gmake" "cmTC_17824/fast"
/usr/bin/gmake -f CMakeFiles/cmTC_17824.dir/build.make CMakeFiles/cmTC_17824.dir/build
gmake[1]: Entering directory `/blues/gpfs/home/tshu/project/bebop/MPI_in_MPI/bebop-psm2/korvo-build/build_area/dill/linux/CMakeFiles/CMakeTmp'
Building C object CMakeFiles/cmTC_17824.dir/CMakeCCompilerABI.c.o
/usr/bin/cc   -fPIC    -o CMakeFiles/cmTC_17824.dir/CMakeCCompilerABI.c.o   -c /blues/gpfs/home/software/spack-0.10.1/opt/spack/linux-centos7-x86_64/intel-17.0.4/cmake-3.9.4-3tixtqtbd65zi6w4277fjte3z4vjpv4t/share/cmake-3.9/Modules/CMakeCCompilerABI.c
Linking C executable cmTC_17824
/blues/gpfs/home/software/spack-0.10.1/opt/spack/linux-centos7-x86_64/intel-17.0.4/cmake-3.9.4-3tixtqtbd65zi6w4277fjte3z4vjpv4t/bin/cmake -E cmake_link_script CMakeFiles/cmTC_17824.dir/link.txt --verbose=1
/usr/bin/cc -fPIC    -v -rdynamic CMakeFiles/cmTC_17824.dir/CMakeCCompilerABI.c.o  -o cmTC_17824 
Using built-in specs.
COLLECT_GCC=/usr/bin/cc
COLLECT_LTO_WRAPPER=/usr/libexec/gcc/x86_64-redhat-linux/4.8.5/lto-wrapper
Target: x86_64-redhat-linux
Configured with: ../configure --prefix=/usr --mandir=/usr/share/man --infodir=/usr/share/info --with-bugurl=http://bugzilla.redhat.com/bugzilla --enable-bootstrap --enable-shared --enable-threads=posix --enable-checking=release --with-system-zlib --enable-__cxa_atexit --disable-libunwind-exceptions --enable-gnu-unique-object --enable-linker-build-id --with-linker-hash-style=gnu --enable-languages=c,c++,objc,obj-c++,java,fortran,ada,go,lto --enable-plugin --enable-initfini-array --disable-libgcj --with-isl=/builddir/build/BUILD/gcc-4.8.5-20150702/obj-x86_64-redhat-linux/isl-install --with-cloog=/builddir/build/BUILD/gcc-4.8.5-20150702/obj-x86_64-redhat-linux/cloog-install --enable-gnu-indirect-function --with-tune=generic --with-arch_32=x86-64 --build=x86_64-redhat-linux
Thread model: posix
gcc version 4.8.5 20150623 (Red Hat 4.8.5-16) (GCC) 
COMPILER_PATH=/usr/libexec/gcc/x86_64-redhat-linux/4.8.5/:/usr/libexec/gcc/x86_64-redhat-linux/4.8.5/:/usr/libexec/gcc/x86_64-redhat-linux/:/usr/lib/gcc/x86_64-redhat-linux/4.8.5/:/usr/lib/gcc/x86_64-redhat-linux/
LIBRARY_PATH=/blues/gpfs/home/software/spack-0.10.1/opt/spack/linux-centos7-x86_64/gcc-4.8.5/gcc-7.1.0-4bgguypumyezlt6vfhha3ukntrlrx7fq/lib64/../lib64/:/blues/gpfs/home/software/spack-0.10.1/opt/spack/linux-centos7-x86_64/gcc-4.8.5/gcc-7.1.0-4bgguypumyezlt6vfhha3ukntrlrx7fq/lib/../lib64/:/usr/lib/gcc/x86_64-redhat-linux/4.8.5/:/usr/lib/gcc/x86_64-redhat-linux/4.8.5/../../../../lib64/:/lib/../lib64/:/usr/lib/../lib64/:/blues/gpfs/home/software/spack-0.10.1/opt/spack/linux-centos7-x86_64/gcc-4.8.5/gcc-7.1.0-4bgguypumyezlt6vfhha3ukntrlrx7fq/lib64/:/blues/gpfs/home/software/spack-0.10.1/opt/spack/linux-centos7-x86_64/gcc-4.8.5/gcc-7.1.0-4bgguypumyezlt6vfhha3ukntrlrx7fq/lib/:/blues/gpfs/home/software/spack-0.10.1/opt/spack/linux-centos7-x86_64/gcc-4.8.5/intel-17.0.4-74uvhjiulyqgvsmywifbbuo46v5n42xc/tbb/lib/intel64/gcc4.4/:/blues/gpfs/home/software/spack-0.10.1/opt/spack/linux-centos7-x86_64/gcc-4.8.5/intel-17.0.4-74uvhjiulyqgvsmywifbbuo46v5n42xc/lib/intel64/:/usr/lib/gcc/x86_64-redhat-linux/4.8.5/../../../:/lib/:/usr/lib/
COLLECT_GCC_OPTIONS='-fPIC' '-v' '-rdynamic' '-o' 'cmTC_17824' '-mtune=generic' '-march=x86-64'
 /usr/libexec/gcc/x86_64-redhat-linux/4.8.5/collect2 --build-id --no-add-needed --eh-frame-hdr --hash-style=gnu -m elf_x86_64 -export-dynamic -dynamic-linker /lib64/ld-linux-x86-64.so.2 -o cmTC_17824 /usr/lib/gcc/x86_64-redhat-linux/4.8.5/../../../../lib64/crt1.o /usr/lib/gcc/x86_64-redhat-linux/4.8.5/../../../../lib64/crti.o /usr/lib/gcc/x86_64-redhat-linux/4.8.5/crtbegin.o -L/blues/gpfs/home/software/spack-0.10.1/opt/spack/linux-centos7-x86_64/gcc-4.8.5/gcc-7.1.0-4bgguypumyezlt6vfhha3ukntrlrx7fq/lib64/../lib64 -L/blues/gpfs/home/software/spack-0.10.1/opt/spack/linux-centos7-x86_64/gcc-4.8.5/gcc-7.1.0-4bgguypumyezlt6vfhha3ukntrlrx7fq/lib/../lib64 -L/usr/lib/gcc/x86_64-redhat-linux/4.8.5 -L/usr/lib/gcc/x86_64-redhat-linux/4.8.5/../../../../lib64 -L/lib/../lib64 -L/usr/lib/../lib64 -L/blues/gpfs/home/software/spack-0.10.1/opt/spack/linux-centos7-x86_64/gcc-4.8.5/gcc-7.1.0-4bgguypumyezlt6vfhha3ukntrlrx7fq/lib64 -L/blues/gpfs/home/software/spack-0.10.1/opt/spack/linux-centos7-x86_64/gcc-4.8.5/gcc-7.1.0-4bgguypumyezlt6vfhha3ukntrlrx7fq/lib -L/blues/gpfs/home/software/spack-0.10.1/opt/spack/linux-centos7-x86_64/gcc-4.8.5/intel-17.0.4-74uvhjiulyqgvsmywifbbuo46v5n42xc/tbb/lib/intel64/gcc4.4 -L/blues/gpfs/home/software/spack-0.10.1/opt/spack/linux-centos7-x86_64/gcc-4.8.5/intel-17.0.4-74uvhjiulyqgvsmywifbbuo46v5n42xc/lib/intel64 -L/usr/lib/gcc/x86_64-redhat-linux/4.8.5/../../.. CMakeFiles/cmTC_17824.dir/CMakeCCompilerABI.c.o -lgcc --as-needed -lgcc_s --no-as-needed -lc -lgcc --as-needed -lgcc_s --no-as-needed /usr/lib/gcc/x86_64-redhat-linux/4.8.5/crtend.o /usr/lib/gcc/x86_64-redhat-linux/4.8.5/../../../../lib64/crtn.o
gmake[1]: Leaving directory `/blues/gpfs/home/tshu/project/bebop/MPI_in_MPI/bebop-psm2/korvo-build/build_area/dill/linux/CMakeFiles/CMakeTmp'


Parsed C implicit link information from above output:
  link line regex: [^( *|.*[/\])(ld|CMAKE_LINK_STARTFILE-NOTFOUND|([^/\]+-)?ld|collect2)[^/\]*( |$)]
  ignore line: [Change Dir: /blues/gpfs/home/tshu/project/bebop/MPI_in_MPI/bebop-psm2/korvo-build/build_area/dill/linux/CMakeFiles/CMakeTmp]
  ignore line: []
  ignore line: [Run Build Command:"/usr/bin/gmake" "cmTC_17824/fast"]
  ignore line: [/usr/bin/gmake -f CMakeFiles/cmTC_17824.dir/build.make CMakeFiles/cmTC_17824.dir/build]
  ignore line: [gmake[1]: Entering directory `/blues/gpfs/home/tshu/project/bebop/MPI_in_MPI/bebop-psm2/korvo-build/build_area/dill/linux/CMakeFiles/CMakeTmp']
  ignore line: [Building C object CMakeFiles/cmTC_17824.dir/CMakeCCompilerABI.c.o]
  ignore line: [/usr/bin/cc   -fPIC    -o CMakeFiles/cmTC_17824.dir/CMakeCCompilerABI.c.o   -c /blues/gpfs/home/software/spack-0.10.1/opt/spack/linux-centos7-x86_64/intel-17.0.4/cmake-3.9.4-3tixtqtbd65zi6w4277fjte3z4vjpv4t/share/cmake-3.9/Modules/CMakeCCompilerABI.c]
  ignore line: [Linking C executable cmTC_17824]
  ignore line: [/blues/gpfs/home/software/spack-0.10.1/opt/spack/linux-centos7-x86_64/intel-17.0.4/cmake-3.9.4-3tixtqtbd65zi6w4277fjte3z4vjpv4t/bin/cmake -E cmake_link_script CMakeFiles/cmTC_17824.dir/link.txt --verbose=1]
  ignore line: [/usr/bin/cc -fPIC    -v -rdynamic CMakeFiles/cmTC_17824.dir/CMakeCCompilerABI.c.o  -o cmTC_17824 ]
  ignore line: [Using built-in specs.]
  ignore line: [COLLECT_GCC=/usr/bin/cc]
  ignore line: [COLLECT_LTO_WRAPPER=/usr/libexec/gcc/x86_64-redhat-linux/4.8.5/lto-wrapper]
  ignore line: [Target: x86_64-redhat-linux]
  ignore line: [Configured with: ../configure --prefix=/usr --mandir=/usr/share/man --infodir=/usr/share/info --with-bugurl=http://bugzilla.redhat.com/bugzilla --enable-bootstrap --enable-shared --enable-threads=posix --enable-checking=release --with-system-zlib --enable-__cxa_atexit --disable-libunwind-exceptions --enable-gnu-unique-object --enable-linker-build-id --with-linker-hash-style=gnu --enable-languages=c,c++,objc,obj-c++,java,fortran,ada,go,lto --enable-plugin --enable-initfini-array --disable-libgcj --with-isl=/builddir/build/BUILD/gcc-4.8.5-20150702/obj-x86_64-redhat-linux/isl-install --with-cloog=/builddir/build/BUILD/gcc-4.8.5-20150702/obj-x86_64-redhat-linux/cloog-install --enable-gnu-indirect-function --with-tune=generic --with-arch_32=x86-64 --build=x86_64-redhat-linux]
  ignore line: [Thread model: posix]
  ignore line: [gcc version 4.8.5 20150623 (Red Hat 4.8.5-16) (GCC) ]
  ignore line: [COMPILER_PATH=/usr/libexec/gcc/x86_64-redhat-linux/4.8.5/:/usr/libexec/gcc/x86_64-redhat-linux/4.8.5/:/usr/libexec/gcc/x86_64-redhat-linux/:/usr/lib/gcc/x86_64-redhat-linux/4.8.5/:/usr/lib/gcc/x86_64-redhat-linux/]
  ignore line: [LIBRARY_PATH=/blues/gpfs/home/software/spack-0.10.1/opt/spack/linux-centos7-x86_64/gcc-4.8.5/gcc-7.1.0-4bgguypumyezlt6vfhha3ukntrlrx7fq/lib64/../lib64/:/blues/gpfs/home/software/spack-0.10.1/opt/spack/linux-centos7-x86_64/gcc-4.8.5/gcc-7.1.0-4bgguypumyezlt6vfhha3ukntrlrx7fq/lib/../lib64/:/usr/lib/gcc/x86_64-redhat-linux/4.8.5/:/usr/lib/gcc/x86_64-redhat-linux/4.8.5/../../../../lib64/:/lib/../lib64/:/usr/lib/../lib64/:/blues/gpfs/home/software/spack-0.10.1/opt/spack/linux-centos7-x86_64/gcc-4.8.5/gcc-7.1.0-4bgguypumyezlt6vfhha3ukntrlrx7fq/lib64/:/blues/gpfs/home/software/spack-0.10.1/opt/spack/linux-centos7-x86_64/gcc-4.8.5/gcc-7.1.0-4bgguypumyezlt6vfhha3ukntrlrx7fq/lib/:/blues/gpfs/home/software/spack-0.10.1/opt/spack/linux-centos7-x86_64/gcc-4.8.5/intel-17.0.4-74uvhjiulyqgvsmywifbbuo46v5n42xc/tbb/lib/intel64/gcc4.4/:/blues/gpfs/home/software/spack-0.10.1/opt/spack/linux-centos7-x86_64/gcc-4.8.5/intel-17.0.4-74uvhjiulyqgvsmywifbbuo46v5n42xc/lib/intel64/:/usr/lib/gcc/x86_64-redhat-linux/4.8.5/../../../:/lib/:/usr/lib/]
  ignore line: [COLLECT_GCC_OPTIONS='-fPIC' '-v' '-rdynamic' '-o' 'cmTC_17824' '-mtune=generic' '-march=x86-64']
  link line: [ /usr/libexec/gcc/x86_64-redhat-linux/4.8.5/collect2 --build-id --no-add-needed --eh-frame-hdr --hash-style=gnu -m elf_x86_64 -export-dynamic -dynamic-linker /lib64/ld-linux-x86-64.so.2 -o cmTC_17824 /usr/lib/gcc/x86_64-redhat-linux/4.8.5/../../../../lib64/crt1.o /usr/lib/gcc/x86_64-redhat-linux/4.8.5/../../../../lib64/crti.o /usr/lib/gcc/x86_64-redhat-linux/4.8.5/crtbegin.o -L/blues/gpfs/home/software/spack-0.10.1/opt/spack/linux-centos7-x86_64/gcc-4.8.5/gcc-7.1.0-4bgguypumyezlt6vfhha3ukntrlrx7fq/lib64/../lib64 -L/blues/gpfs/home/software/spack-0.10.1/opt/spack/linux-centos7-x86_64/gcc-4.8.5/gcc-7.1.0-4bgguypumyezlt6vfhha3ukntrlrx7fq/lib/../lib64 -L/usr/lib/gcc/x86_64-redhat-linux/4.8.5 -L/usr/lib/gcc/x86_64-redhat-linux/4.8.5/../../../../lib64 -L/lib/../lib64 -L/usr/lib/../lib64 -L/blues/gpfs/home/software/spack-0.10.1/opt/spack/linux-centos7-x86_64/gcc-4.8.5/gcc-7.1.0-4bgguypumyezlt6vfhha3ukntrlrx7fq/lib64 -L/blues/gpfs/home/software/spack-0.10.1/opt/spack/linux-centos7-x86_64/gcc-4.8.5/gcc-7.1.0-4bgguypumyezlt6vfhha3ukntrlrx7fq/lib -L/blues/gpfs/home/software/spack-0.10.1/opt/spack/linux-centos7-x86_64/gcc-4.8.5/intel-17.0.4-74uvhjiulyqgvsmywifbbuo46v5n42xc/tbb/lib/intel64/gcc4.4 -L/blues/gpfs/home/software/spack-0.10.1/opt/spack/linux-centos7-x86_64/gcc-4.8.5/intel-17.0.4-74uvhjiulyqgvsmywifbbuo46v5n42xc/lib/intel64 -L/usr/lib/gcc/x86_64-redhat-linux/4.8.5/../../.. CMakeFiles/cmTC_17824.dir/CMakeCCompilerABI.c.o -lgcc --as-needed -lgcc_s --no-as-needed -lc -lgcc --as-needed -lgcc_s --no-as-needed /usr/lib/gcc/x86_64-redhat-linux/4.8.5/crtend.o /usr/lib/gcc/x86_64-redhat-linux/4.8.5/../../../../lib64/crtn.o]
    arg [/usr/libexec/gcc/x86_64-redhat-linux/4.8.5/collect2] ==> ignore
    arg [--build-id] ==> ignore
    arg [--no-add-needed] ==> ignore
    arg [--eh-frame-hdr] ==> ignore
    arg [--hash-style=gnu] ==> ignore
    arg [-m] ==> ignore
    arg [elf_x86_64] ==> ignore
    arg [-export-dynamic] ==> ignore
    arg [-dynamic-linker] ==> ignore
    arg [/lib64/ld-linux-x86-64.so.2] ==> ignore
    arg [-o] ==> ignore
    arg [cmTC_17824] ==> ignore
    arg [/usr/lib/gcc/x86_64-redhat-linux/4.8.5/../../../../lib64/crt1.o] ==> ignore
    arg [/usr/lib/gcc/x86_64-redhat-linux/4.8.5/../../../../lib64/crti.o] ==> ignore
    arg [/usr/lib/gcc/x86_64-redhat-linux/4.8.5/crtbegin.o] ==> ignore
    arg [-L/blues/gpfs/home/software/spack-0.10.1/opt/spack/linux-centos7-x86_64/gcc-4.8.5/gcc-7.1.0-4bgguypumyezlt6vfhha3ukntrlrx7fq/lib64/../lib64] ==> dir [/blues/gpfs/home/software/spack-0.10.1/opt/spack/linux-centos7-x86_64/gcc-4.8.5/gcc-7.1.0-4bgguypumyezlt6vfhha3ukntrlrx7fq/lib64/../lib64]
    arg [-L/blues/gpfs/home/software/spack-0.10.1/opt/spack/linux-centos7-x86_64/gcc-4.8.5/gcc-7.1.0-4bgguypumyezlt6vfhha3ukntrlrx7fq/lib/../lib64] ==> dir [/blues/gpfs/home/software/spack-0.10.1/opt/spack/linux-centos7-x86_64/gcc-4.8.5/gcc-7.1.0-4bgguypumyezlt6vfhha3ukntrlrx7fq/lib/../lib64]
    arg [-L/usr/lib/gcc/x86_64-redhat-linux/4.8.5] ==> dir [/usr/lib/gcc/x86_64-redhat-linux/4.8.5]
    arg [-L/usr/lib/gcc/x86_64-redhat-linux/4.8.5/../../../../lib64] ==> dir [/usr/lib/gcc/x86_64-redhat-linux/4.8.5/../../../../lib64]
    arg [-L/lib/../lib64] ==> dir [/lib/../lib64]
    arg [-L/usr/lib/../lib64] ==> dir [/usr/lib/../lib64]
    arg [-L/blues/gpfs/home/software/spack-0.10.1/opt/spack/linux-centos7-x86_64/gcc-4.8.5/gcc-7.1.0-4bgguypumyezlt6vfhha3ukntrlrx7fq/lib64] ==> dir [/blues/gpfs/home/software/spack-0.10.1/opt/spack/linux-centos7-x86_64/gcc-4.8.5/gcc-7.1.0-4bgguypumyezlt6vfhha3ukntrlrx7fq/lib64]
    arg [-L/blues/gpfs/home/software/spack-0.10.1/opt/spack/linux-centos7-x86_64/gcc-4.8.5/gcc-7.1.0-4bgguypumyezlt6vfhha3ukntrlrx7fq/lib] ==> dir [/blues/gpfs/home/software/spack-0.10.1/opt/spack/linux-centos7-x86_64/gcc-4.8.5/gcc-7.1.0-4bgguypumyezlt6vfhha3ukntrlrx7fq/lib]
    arg [-L/blues/gpfs/home/software/spack-0.10.1/opt/spack/linux-centos7-x86_64/gcc-4.8.5/intel-17.0.4-74uvhjiulyqgvsmywifbbuo46v5n42xc/tbb/lib/intel64/gcc4.4] ==> dir [/blues/gpfs/home/software/spack-0.10.1/opt/spack/linux-centos7-x86_64/gcc-4.8.5/intel-17.0.4-74uvhjiulyqgvsmywifbbuo46v5n42xc/tbb/lib/intel64/gcc4.4]
    arg [-L/blues/gpfs/home/software/spack-0.10.1/opt/spack/linux-centos7-x86_64/gcc-4.8.5/intel-17.0.4-74uvhjiulyqgvsmywifbbuo46v5n42xc/lib/intel64] ==> dir [/blues/gpfs/home/software/spack-0.10.1/opt/spack/linux-centos7-x86_64/gcc-4.8.5/intel-17.0.4-74uvhjiulyqgvsmywifbbuo46v5n42xc/lib/intel64]
    arg [-L/usr/lib/gcc/x86_64-redhat-linux/4.8.5/../../..] ==> dir [/usr/lib/gcc/x86_64-redhat-linux/4.8.5/../../..]
    arg [CMakeFiles/cmTC_17824.dir/CMakeCCompilerABI.c.o] ==> ignore
    arg [-lgcc] ==> lib [gcc]
    arg [--as-needed] ==> ignore
    arg [-lgcc_s] ==> lib [gcc_s]
    arg [--no-as-needed] ==> ignore
    arg [-lc] ==> lib [c]
    arg [-lgcc] ==> lib [gcc]
    arg [--as-needed] ==> ignore
    arg [-lgcc_s] ==> lib [gcc_s]
    arg [--no-as-needed] ==> ignore
    arg [/usr/lib/gcc/x86_64-redhat-linux/4.8.5/crtend.o] ==> ignore
    arg [/usr/lib/gcc/x86_64-redhat-linux/4.8.5/../../../../lib64/crtn.o] ==> ignore
  collapse library dir [/blues/gpfs/home/software/spack-0.10.1/opt/spack/linux-centos7-x86_64/gcc-4.8.5/gcc-7.1.0-4bgguypumyezlt6vfhha3ukntrlrx7fq/lib64/../lib64] ==> [/blues/gpfs/home/software/spack-0.10.1/opt/spack/linux-centos7-x86_64/gcc-4.8.5/gcc-7.1.0-4bgguypumyezlt6vfhha3ukntrlrx7fq/lib64]
  collapse library dir [/blues/gpfs/home/software/spack-0.10.1/opt/spack/linux-centos7-x86_64/gcc-4.8.5/gcc-7.1.0-4bgguypumyezlt6vfhha3ukntrlrx7fq/lib/../lib64] ==> [/blues/gpfs/home/software/spack-0.10.1/opt/spack/linux-centos7-x86_64/gcc-4.8.5/gcc-7.1.0-4bgguypumyezlt6vfhha3ukntrlrx7fq/lib64]
  collapse library dir [/usr/lib/gcc/x86_64-redhat-linux/4.8.5] ==> [/usr/lib/gcc/x86_64-redhat-linux/4.8.5]
  collapse library dir [/usr/lib/gcc/x86_64-redhat-linux/4.8.5/../../../../lib64] ==> [/usr/lib64]
  collapse library dir [/lib/../lib64] ==> [/lib64]
  collapse library dir [/usr/lib/../lib64] ==> [/usr/lib64]
  collapse library dir [/blues/gpfs/home/software/spack-0.10.1/opt/spack/linux-centos7-x86_64/gcc-4.8.5/gcc-7.1.0-4bgguypumyezlt6vfhha3ukntrlrx7fq/lib64] ==> [/blues/gpfs/home/software/spack-0.10.1/opt/spack/linux-centos7-x86_64/gcc-4.8.5/gcc-7.1.0-4bgguypumyezlt6vfhha3ukntrlrx7fq/lib64]
  collapse library dir [/blues/gpfs/home/software/spack-0.10.1/opt/spack/linux-centos7-x86_64/gcc-4.8.5/gcc-7.1.0-4bgguypumyezlt6vfhha3ukntrlrx7fq/lib] ==> [/blues/gpfs/home/software/spack-0.10.1/opt/spack/linux-centos7-x86_64/gcc-4.8.5/gcc-7.1.0-4bgguypumyezlt6vfhha3ukntrlrx7fq/lib]
  collapse library dir [/blues/gpfs/home/software/spack-0.10.1/opt/spack/linux-centos7-x86_64/gcc-4.8.5/intel-17.0.4-74uvhjiulyqgvsmywifbbuo46v5n42xc/tbb/lib/intel64/gcc4.4] ==> [/blues/gpfs/home/software/spack-0.10.1/opt/spack/linux-centos7-x86_64/gcc-4.8.5/intel-17.0.4-74uvhjiulyqgvsmywifbbuo46v5n42xc/tbb/lib/intel64/gcc4.4]
  collapse library dir [/blues/gpfs/home/software/spack-0.10.1/opt/spack/linux-centos7-x86_64/gcc-4.8.5/intel-17.0.4-74uvhjiulyqgvsmywifbbuo46v5n42xc/lib/intel64] ==> [/blues/gpfs/home/software/spack-0.10.1/opt/spack/linux-centos7-x86_64/gcc-4.8.5/intel-17.0.4-74uvhjiulyqgvsmywifbbuo46v5n42xc/lib/intel64]
  collapse library dir [/usr/lib/gcc/x86_64-redhat-linux/4.8.5/../../..] ==> [/usr/lib]
  implicit libs: [gcc;gcc_s;c;gcc;gcc_s]
  implicit dirs: [/blues/gpfs/home/software/spack-0.10.1/opt/spack/linux-centos7-x86_64/gcc-4.8.5/gcc-7.1.0-4bgguypumyezlt6vfhha3ukntrlrx7fq/lib64;/usr/lib/gcc/x86_64-redhat-linux/4.8.5;/usr/lib64;/lib64;/blues/gpfs/home/software/spack-0.10.1/opt/spack/linux-centos7-x86_64/gcc-4.8.5/gcc-7.1.0-4bgguypumyezlt6vfhha3ukntrlrx7fq/lib;/blues/gpfs/home/software/spack-0.10.1/opt/spack/linux-centos7-x86_64/gcc-4.8.5/intel-17.0.4-74uvhjiulyqgvsmywifbbuo46v5n42xc/tbb/lib/intel64/gcc4.4;/blues/gpfs/home/software/spack-0.10.1/opt/spack/linux-centos7-x86_64/gcc-4.8.5/intel-17.0.4-74uvhjiulyqgvsmywifbbuo46v5n42xc/lib/intel64;/usr/lib]
  implicit fwks: []




Detecting C [-std=c11] compiler features compiled with the following output:
Change Dir: /blues/gpfs/home/tshu/project/bebop/MPI_in_MPI/bebop-psm2/korvo-build/build_area/dill/linux/CMakeFiles/CMakeTmp

Run Build Command:"/usr/bin/gmake" "cmTC_86606/fast"
/usr/bin/gmake -f CMakeFiles/cmTC_86606.dir/build.make CMakeFiles/cmTC_86606.dir/build
gmake[1]: Entering directory `/blues/gpfs/home/tshu/project/bebop/MPI_in_MPI/bebop-psm2/korvo-build/build_area/dill/linux/CMakeFiles/CMakeTmp'
Building C object CMakeFiles/cmTC_86606.dir/feature_tests.c.o
/usr/bin/cc   -fPIC    -std=c11 -o CMakeFiles/cmTC_86606.dir/feature_tests.c.o   -c /blues/gpfs/home/tshu/project/bebop/MPI_in_MPI/bebop-psm2/korvo-build/build_area/dill/linux/CMakeFiles/feature_tests.c
Linking C executable cmTC_86606
/blues/gpfs/home/software/spack-0.10.1/opt/spack/linux-centos7-x86_64/intel-17.0.4/cmake-3.9.4-3tixtqtbd65zi6w4277fjte3z4vjpv4t/bin/cmake -E cmake_link_script CMakeFiles/cmTC_86606.dir/link.txt --verbose=1
/usr/bin/cc -fPIC     -rdynamic CMakeFiles/cmTC_86606.dir/feature_tests.c.o  -o cmTC_86606 
gmake[1]: Leaving directory `/blues/gpfs/home/tshu/project/bebop/MPI_in_MPI/bebop-psm2/korvo-build/build_area/dill/linux/CMakeFiles/CMakeTmp'


    Feature record: C_FEATURE:1c_function_prototypes
    Feature record: C_FEATURE:1c_restrict
    Feature record: C_FEATURE:1c_static_assert
    Feature record: C_FEATURE:1c_variadic_macros


Detecting C [-std=c99] compiler features compiled with the following output:
Change Dir: /blues/gpfs/home/tshu/project/bebop/MPI_in_MPI/bebop-psm2/korvo-build/build_area/dill/linux/CMakeFiles/CMakeTmp

Run Build Command:"/usr/bin/gmake" "cmTC_54d7f/fast"
/usr/bin/gmake -f CMakeFiles/cmTC_54d7f.dir/build.make CMakeFiles/cmTC_54d7f.dir/build
gmake[1]: Entering directory `/blues/gpfs/home/tshu/project/bebop/MPI_in_MPI/bebop-psm2/korvo-build/build_area/dill/linux/CMakeFiles/CMakeTmp'
Building C object CMakeFiles/cmTC_54d7f.dir/feature_tests.c.o
/usr/bin/cc   -fPIC    -std=c99 -o CMakeFiles/cmTC_54d7f.dir/feature_tests.c.o   -c /blues/gpfs/home/tshu/project/bebop/MPI_in_MPI/bebop-psm2/korvo-build/build_area/dill/linux/CMakeFiles/feature_tests.c
Linking C executable cmTC_54d7f
/blues/gpfs/home/software/spack-0.10.1/opt/spack/linux-centos7-x86_64/intel-17.0.4/cmake-3.9.4-3tixtqtbd65zi6w4277fjte3z4vjpv4t/bin/cmake -E cmake_link_script CMakeFiles/cmTC_54d7f.dir/link.txt --verbose=1
/usr/bin/cc -fPIC     -rdynamic CMakeFiles/cmTC_54d7f.dir/feature_tests.c.o  -o cmTC_54d7f 
gmake[1]: Leaving directory `/blues/gpfs/home/tshu/project/bebop/MPI_in_MPI/bebop-psm2/korvo-build/build_area/dill/linux/CMakeFiles/CMakeTmp'


    Feature record: C_FEATURE:1c_function_prototypes
    Feature record: C_FEATURE:1c_restrict
    Feature record: C_FEATURE:0c_static_assert
    Feature record: C_FEATURE:1c_variadic_macros


Detecting C [-std=c90] compiler features compiled with the following output:
Change Dir: /blues/gpfs/home/tshu/project/bebop/MPI_in_MPI/bebop-psm2/korvo-build/build_area/dill/linux/CMakeFiles/CMakeTmp

Run Build Command:"/usr/bin/gmake" "cmTC_5b984/fast"
/usr/bin/gmake -f CMakeFiles/cmTC_5b984.dir/build.make CMakeFiles/cmTC_5b984.dir/build
gmake[1]: Entering directory `/blues/gpfs/home/tshu/project/bebop/MPI_in_MPI/bebop-psm2/korvo-build/build_area/dill/linux/CMakeFiles/CMakeTmp'
Building C object CMakeFiles/cmTC_5b984.dir/feature_tests.c.o
/usr/bin/cc   -fPIC    -std=c90 -o CMakeFiles/cmTC_5b984.dir/feature_tests.c.o   -c /blues/gpfs/home/tshu/project/bebop/MPI_in_MPI/bebop-psm2/korvo-build/build_area/dill/linux/CMakeFiles/feature_tests.c
Linking C executable cmTC_5b984
/blues/gpfs/home/software/spack-0.10.1/opt/spack/linux-centos7-x86_64/intel-17.0.4/cmake-3.9.4-3tixtqtbd65zi6w4277fjte3z4vjpv4t/bin/cmake -E cmake_link_script CMakeFiles/cmTC_5b984.dir/link.txt --verbose=1
/usr/bin/cc -fPIC     -rdynamic CMakeFiles/cmTC_5b984.dir/feature_tests.c.o  -o cmTC_5b984 
gmake[1]: Leaving directory `/blues/gpfs/home/tshu/project/bebop/MPI_in_MPI/bebop-psm2/korvo-build/build_area/dill/linux/CMakeFiles/CMakeTmp'


    Feature record: C_FEATURE:1c_function_prototypes
    Feature record: C_FEATURE:0c_restrict
    Feature record: C_FEATURE:0c_static_assert
    Feature record: C_FEATURE:0c_variadic_macros
Determining if the CXX compiler works passed with the following output:
Change Dir: /blues/gpfs/home/tshu/project/bebop/MPI_in_MPI/bebop-psm2/korvo-build/build_area/dill/linux/CMakeFiles/CMakeTmp

Run Build Command:"/usr/bin/gmake" "cmTC_f3a03/fast"
/usr/bin/gmake -f CMakeFiles/cmTC_f3a03.dir/build.make CMakeFiles/cmTC_f3a03.dir/build
gmake[1]: Entering directory `/blues/gpfs/home/tshu/project/bebop/MPI_in_MPI/bebop-psm2/korvo-build/build_area/dill/linux/CMakeFiles/CMakeTmp'
Building CXX object CMakeFiles/cmTC_f3a03.dir/testCXXCompiler.cxx.o
/usr/bin/c++    -fPIC    -o CMakeFiles/cmTC_f3a03.dir/testCXXCompiler.cxx.o -c /blues/gpfs/home/tshu/project/bebop/MPI_in_MPI/bebop-psm2/korvo-build/build_area/dill/linux/CMakeFiles/CMakeTmp/testCXXCompiler.cxx
Linking CXX executable cmTC_f3a03
/blues/gpfs/home/software/spack-0.10.1/opt/spack/linux-centos7-x86_64/intel-17.0.4/cmake-3.9.4-3tixtqtbd65zi6w4277fjte3z4vjpv4t/bin/cmake -E cmake_link_script CMakeFiles/cmTC_f3a03.dir/link.txt --verbose=1
/usr/bin/c++  -fPIC     -rdynamic CMakeFiles/cmTC_f3a03.dir/testCXXCompiler.cxx.o  -o cmTC_f3a03 
gmake[1]: Leaving directory `/blues/gpfs/home/tshu/project/bebop/MPI_in_MPI/bebop-psm2/korvo-build/build_area/dill/linux/CMakeFiles/CMakeTmp'


Detecting CXX compiler ABI info compiled with the following output:
Change Dir: /blues/gpfs/home/tshu/project/bebop/MPI_in_MPI/bebop-psm2/korvo-build/build_area/dill/linux/CMakeFiles/CMakeTmp

Run Build Command:"/usr/bin/gmake" "cmTC_db4ba/fast"
/usr/bin/gmake -f CMakeFiles/cmTC_db4ba.dir/build.make CMakeFiles/cmTC_db4ba.dir/build
gmake[1]: Entering directory `/blues/gpfs/home/tshu/project/bebop/MPI_in_MPI/bebop-psm2/korvo-build/build_area/dill/linux/CMakeFiles/CMakeTmp'
Building CXX object CMakeFiles/cmTC_db4ba.dir/CMakeCXXCompilerABI.cpp.o
/usr/bin/c++    -fPIC    -o CMakeFiles/cmTC_db4ba.dir/CMakeCXXCompilerABI.cpp.o -c /blues/gpfs/home/software/spack-0.10.1/opt/spack/linux-centos7-x86_64/intel-17.0.4/cmake-3.9.4-3tixtqtbd65zi6w4277fjte3z4vjpv4t/share/cmake-3.9/Modules/CMakeCXXCompilerABI.cpp
Linking CXX executable cmTC_db4ba
/blues/gpfs/home/software/spack-0.10.1/opt/spack/linux-centos7-x86_64/intel-17.0.4/cmake-3.9.4-3tixtqtbd65zi6w4277fjte3z4vjpv4t/bin/cmake -E cmake_link_script CMakeFiles/cmTC_db4ba.dir/link.txt --verbose=1
/usr/bin/c++  -fPIC    -v -rdynamic CMakeFiles/cmTC_db4ba.dir/CMakeCXXCompilerABI.cpp.o  -o cmTC_db4ba 
Using built-in specs.
COLLECT_GCC=/usr/bin/c++
COLLECT_LTO_WRAPPER=/usr/libexec/gcc/x86_64-redhat-linux/4.8.5/lto-wrapper
Target: x86_64-redhat-linux
Configured with: ../configure --prefix=/usr --mandir=/usr/share/man --infodir=/usr/share/info --with-bugurl=http://bugzilla.redhat.com/bugzilla --enable-bootstrap --enable-shared --enable-threads=posix --enable-checking=release --with-system-zlib --enable-__cxa_atexit --disable-libunwind-exceptions --enable-gnu-unique-object --enable-linker-build-id --with-linker-hash-style=gnu --enable-languages=c,c++,objc,obj-c++,java,fortran,ada,go,lto --enable-plugin --enable-initfini-array --disable-libgcj --with-isl=/builddir/build/BUILD/gcc-4.8.5-20150702/obj-x86_64-redhat-linux/isl-install --with-cloog=/builddir/build/BUILD/gcc-4.8.5-20150702/obj-x86_64-redhat-linux/cloog-install --enable-gnu-indirect-function --with-tune=generic --with-arch_32=x86-64 --build=x86_64-redhat-linux
Thread model: posix
gcc version 4.8.5 20150623 (Red Hat 4.8.5-16) (GCC) 
COMPILER_PATH=/usr/libexec/gcc/x86_64-redhat-linux/4.8.5/:/usr/libexec/gcc/x86_64-redhat-linux/4.8.5/:/usr/libexec/gcc/x86_64-redhat-linux/:/usr/lib/gcc/x86_64-redhat-linux/4.8.5/:/usr/lib/gcc/x86_64-redhat-linux/
LIBRARY_PATH=/blues/gpfs/home/software/spack-0.10.1/opt/spack/linux-centos7-x86_64/gcc-4.8.5/gcc-7.1.0-4bgguypumyezlt6vfhha3ukntrlrx7fq/lib64/../lib64/:/blues/gpfs/home/software/spack-0.10.1/opt/spack/linux-centos7-x86_64/gcc-4.8.5/gcc-7.1.0-4bgguypumyezlt6vfhha3ukntrlrx7fq/lib/../lib64/:/usr/lib/gcc/x86_64-redhat-linux/4.8.5/:/usr/lib/gcc/x86_64-redhat-linux/4.8.5/../../../../lib64/:/lib/../lib64/:/usr/lib/../lib64/:/blues/gpfs/home/software/spack-0.10.1/opt/spack/linux-centos7-x86_64/gcc-4.8.5/gcc-7.1.0-4bgguypumyezlt6vfhha3ukntrlrx7fq/lib64/:/blues/gpfs/home/software/spack-0.10.1/opt/spack/linux-centos7-x86_64/gcc-4.8.5/gcc-7.1.0-4bgguypumyezlt6vfhha3ukntrlrx7fq/lib/:/blues/gpfs/home/software/spack-0.10.1/opt/spack/linux-centos7-x86_64/gcc-4.8.5/intel-17.0.4-74uvhjiulyqgvsmywifbbuo46v5n42xc/tbb/lib/intel64/gcc4.4/:/blues/gpfs/home/software/spack-0.10.1/opt/spack/linux-centos7-x86_64/gcc-4.8.5/intel-17.0.4-74uvhjiulyqgvsmywifbbuo46v5n42xc/lib/intel64/:/usr/lib/gcc/x86_64-redhat-linux/4.8.5/../../../:/lib/:/usr/lib/
COLLECT_GCC_OPTIONS='-fPIC' '-v' '-rdynamic' '-o' 'cmTC_db4ba' '-shared-libgcc' '-mtune=generic' '-march=x86-64'
 /usr/libexec/gcc/x86_64-redhat-linux/4.8.5/collect2 --build-id --no-add-needed --eh-frame-hdr --hash-style=gnu -m elf_x86_64 -export-dynamic -dynamic-linker /lib64/ld-linux-x86-64.so.2 -o cmTC_db4ba /usr/lib/gcc/x86_64-redhat-linux/4.8.5/../../../../lib64/crt1.o /usr/lib/gcc/x86_64-redhat-linux/4.8.5/../../../../lib64/crti.o /usr/lib/gcc/x86_64-redhat-linux/4.8.5/crtbegin.o -L/blues/gpfs/home/software/spack-0.10.1/opt/spack/linux-centos7-x86_64/gcc-4.8.5/gcc-7.1.0-4bgguypumyezlt6vfhha3ukntrlrx7fq/lib64/../lib64 -L/blues/gpfs/home/software/spack-0.10.1/opt/spack/linux-centos7-x86_64/gcc-4.8.5/gcc-7.1.0-4bgguypumyezlt6vfhha3ukntrlrx7fq/lib/../lib64 -L/usr/lib/gcc/x86_64-redhat-linux/4.8.5 -L/usr/lib/gcc/x86_64-redhat-linux/4.8.5/../../../../lib64 -L/lib/../lib64 -L/usr/lib/../lib64 -L/blues/gpfs/home/software/spack-0.10.1/opt/spack/linux-centos7-x86_64/gcc-4.8.5/gcc-7.1.0-4bgguypumyezlt6vfhha3ukntrlrx7fq/lib64 -L/blues/gpfs/home/software/spack-0.10.1/opt/spack/linux-centos7-x86_64/gcc-4.8.5/gcc-7.1.0-4bgguypumyezlt6vfhha3ukntrlrx7fq/lib -L/blues/gpfs/home/software/spack-0.10.1/opt/spack/linux-centos7-x86_64/gcc-4.8.5/intel-17.0.4-74uvhjiulyqgvsmywifbbuo46v5n42xc/tbb/lib/intel64/gcc4.4 -L/blues/gpfs/home/software/spack-0.10.1/opt/spack/linux-centos7-x86_64/gcc-4.8.5/intel-17.0.4-74uvhjiulyqgvsmywifbbuo46v5n42xc/lib/intel64 -L/usr/lib/gcc/x86_64-redhat-linux/4.8.5/../../.. CMakeFiles/cmTC_db4ba.dir/CMakeCXXCompilerABI.cpp.o -lstdc++ -lm -lgcc_s -lgcc -lc -lgcc_s -lgcc /usr/lib/gcc/x86_64-redhat-linux/4.8.5/crtend.o /usr/lib/gcc/x86_64-redhat-linux/4.8.5/../../../../lib64/crtn.o
gmake[1]: Leaving directory `/blues/gpfs/home/tshu/project/bebop/MPI_in_MPI/bebop-psm2/korvo-build/build_area/dill/linux/CMakeFiles/CMakeTmp'


Parsed CXX implicit link information from above output:
  link line regex: [^( *|.*[/\])(ld|CMAKE_LINK_STARTFILE-NOTFOUND|([^/\]+-)?ld|collect2)[^/\]*( |$)]
  ignore line: [Change Dir: /blues/gpfs/home/tshu/project/bebop/MPI_in_MPI/bebop-psm2/korvo-build/build_area/dill/linux/CMakeFiles/CMakeTmp]
  ignore line: []
  ignore line: [Run Build Command:"/usr/bin/gmake" "cmTC_db4ba/fast"]
  ignore line: [/usr/bin/gmake -f CMakeFiles/cmTC_db4ba.dir/build.make CMakeFiles/cmTC_db4ba.dir/build]
  ignore line: [gmake[1]: Entering directory `/blues/gpfs/home/tshu/project/bebop/MPI_in_MPI/bebop-psm2/korvo-build/build_area/dill/linux/CMakeFiles/CMakeTmp']
  ignore line: [Building CXX object CMakeFiles/cmTC_db4ba.dir/CMakeCXXCompilerABI.cpp.o]
  ignore line: [/usr/bin/c++    -fPIC    -o CMakeFiles/cmTC_db4ba.dir/CMakeCXXCompilerABI.cpp.o -c /blues/gpfs/home/software/spack-0.10.1/opt/spack/linux-centos7-x86_64/intel-17.0.4/cmake-3.9.4-3tixtqtbd65zi6w4277fjte3z4vjpv4t/share/cmake-3.9/Modules/CMakeCXXCompilerABI.cpp]
  ignore line: [Linking CXX executable cmTC_db4ba]
  ignore line: [/blues/gpfs/home/software/spack-0.10.1/opt/spack/linux-centos7-x86_64/intel-17.0.4/cmake-3.9.4-3tixtqtbd65zi6w4277fjte3z4vjpv4t/bin/cmake -E cmake_link_script CMakeFiles/cmTC_db4ba.dir/link.txt --verbose=1]
  ignore line: [/usr/bin/c++  -fPIC    -v -rdynamic CMakeFiles/cmTC_db4ba.dir/CMakeCXXCompilerABI.cpp.o  -o cmTC_db4ba ]
  ignore line: [Using built-in specs.]
  ignore line: [COLLECT_GCC=/usr/bin/c++]
  ignore line: [COLLECT_LTO_WRAPPER=/usr/libexec/gcc/x86_64-redhat-linux/4.8.5/lto-wrapper]
  ignore line: [Target: x86_64-redhat-linux]
  ignore line: [Configured with: ../configure --prefix=/usr --mandir=/usr/share/man --infodir=/usr/share/info --with-bugurl=http://bugzilla.redhat.com/bugzilla --enable-bootstrap --enable-shared --enable-threads=posix --enable-checking=release --with-system-zlib --enable-__cxa_atexit --disable-libunwind-exceptions --enable-gnu-unique-object --enable-linker-build-id --with-linker-hash-style=gnu --enable-languages=c,c++,objc,obj-c++,java,fortran,ada,go,lto --enable-plugin --enable-initfini-array --disable-libgcj --with-isl=/builddir/build/BUILD/gcc-4.8.5-20150702/obj-x86_64-redhat-linux/isl-install --with-cloog=/builddir/build/BUILD/gcc-4.8.5-20150702/obj-x86_64-redhat-linux/cloog-install --enable-gnu-indirect-function --with-tune=generic --with-arch_32=x86-64 --build=x86_64-redhat-linux]
  ignore line: [Thread model: posix]
  ignore line: [gcc version 4.8.5 20150623 (Red Hat 4.8.5-16) (GCC) ]
  ignore line: [COMPILER_PATH=/usr/libexec/gcc/x86_64-redhat-linux/4.8.5/:/usr/libexec/gcc/x86_64-redhat-linux/4.8.5/:/usr/libexec/gcc/x86_64-redhat-linux/:/usr/lib/gcc/x86_64-redhat-linux/4.8.5/:/usr/lib/gcc/x86_64-redhat-linux/]
  ignore line: [LIBRARY_PATH=/blues/gpfs/home/software/spack-0.10.1/opt/spack/linux-centos7-x86_64/gcc-4.8.5/gcc-7.1.0-4bgguypumyezlt6vfhha3ukntrlrx7fq/lib64/../lib64/:/blues/gpfs/home/software/spack-0.10.1/opt/spack/linux-centos7-x86_64/gcc-4.8.5/gcc-7.1.0-4bgguypumyezlt6vfhha3ukntrlrx7fq/lib/../lib64/:/usr/lib/gcc/x86_64-redhat-linux/4.8.5/:/usr/lib/gcc/x86_64-redhat-linux/4.8.5/../../../../lib64/:/lib/../lib64/:/usr/lib/../lib64/:/blues/gpfs/home/software/spack-0.10.1/opt/spack/linux-centos7-x86_64/gcc-4.8.5/gcc-7.1.0-4bgguypumyezlt6vfhha3ukntrlrx7fq/lib64/:/blues/gpfs/home/software/spack-0.10.1/opt/spack/linux-centos7-x86_64/gcc-4.8.5/gcc-7.1.0-4bgguypumyezlt6vfhha3ukntrlrx7fq/lib/:/blues/gpfs/home/software/spack-0.10.1/opt/spack/linux-centos7-x86_64/gcc-4.8.5/intel-17.0.4-74uvhjiulyqgvsmywifbbuo46v5n42xc/tbb/lib/intel64/gcc4.4/:/blues/gpfs/home/software/spack-0.10.1/opt/spack/linux-centos7-x86_64/gcc-4.8.5/intel-17.0.4-74uvhjiulyqgvsmywifbbuo46v5n42xc/lib/intel64/:/usr/lib/gcc/x86_64-redhat-linux/4.8.5/../../../:/lib/:/usr/lib/]
  ignore line: [COLLECT_GCC_OPTIONS='-fPIC' '-v' '-rdynamic' '-o' 'cmTC_db4ba' '-shared-libgcc' '-mtune=generic' '-march=x86-64']
  link line: [ /usr/libexec/gcc/x86_64-redhat-linux/4.8.5/collect2 --build-id --no-add-needed --eh-frame-hdr --hash-style=gnu -m elf_x86_64 -export-dynamic -dynamic-linker /lib64/ld-linux-x86-64.so.2 -o cmTC_db4ba /usr/lib/gcc/x86_64-redhat-linux/4.8.5/../../../../lib64/crt1.o /usr/lib/gcc/x86_64-redhat-linux/4.8.5/../../../../lib64/crti.o /usr/lib/gcc/x86_64-redhat-linux/4.8.5/crtbegin.o -L/blues/gpfs/home/software/spack-0.10.1/opt/spack/linux-centos7-x86_64/gcc-4.8.5/gcc-7.1.0-4bgguypumyezlt6vfhha3ukntrlrx7fq/lib64/../lib64 -L/blues/gpfs/home/software/spack-0.10.1/opt/spack/linux-centos7-x86_64/gcc-4.8.5/gcc-7.1.0-4bgguypumyezlt6vfhha3ukntrlrx7fq/lib/../lib64 -L/usr/lib/gcc/x86_64-redhat-linux/4.8.5 -L/usr/lib/gcc/x86_64-redhat-linux/4.8.5/../../../../lib64 -L/lib/../lib64 -L/usr/lib/../lib64 -L/blues/gpfs/home/software/spack-0.10.1/opt/spack/linux-centos7-x86_64/gcc-4.8.5/gcc-7.1.0-4bgguypumyezlt6vfhha3ukntrlrx7fq/lib64 -L/blues/gpfs/home/software/spack-0.10.1/opt/spack/linux-centos7-x86_64/gcc-4.8.5/gcc-7.1.0-4bgguypumyezlt6vfhha3ukntrlrx7fq/lib -L/blues/gpfs/home/software/spack-0.10.1/opt/spack/linux-centos7-x86_64/gcc-4.8.5/intel-17.0.4-74uvhjiulyqgvsmywifbbuo46v5n42xc/tbb/lib/intel64/gcc4.4 -L/blues/gpfs/home/software/spack-0.10.1/opt/spack/linux-centos7-x86_64/gcc-4.8.5/intel-17.0.4-74uvhjiulyqgvsmywifbbuo46v5n42xc/lib/intel64 -L/usr/lib/gcc/x86_64-redhat-linux/4.8.5/../../.. CMakeFiles/cmTC_db4ba.dir/CMakeCXXCompilerABI.cpp.o -lstdc++ -lm -lgcc_s -lgcc -lc -lgcc_s -lgcc /usr/lib/gcc/x86_64-redhat-linux/4.8.5/crtend.o /usr/lib/gcc/x86_64-redhat-linux/4.8.5/../../../../lib64/crtn.o]
    arg [/usr/libexec/gcc/x86_64-redhat-linux/4.8.5/collect2] ==> ignore
    arg [--build-id] ==> ignore
    arg [--no-add-needed] ==> ignore
    arg [--eh-frame-hdr] ==> ignore
    arg [--hash-style=gnu] ==> ignore
    arg [-m] ==> ignore
    arg [elf_x86_64] ==> ignore
    arg [-export-dynamic] ==> ignore
    arg [-dynamic-linker] ==> ignore
    arg [/lib64/ld-linux-x86-64.so.2] ==> ignore
    arg [-o] ==> ignore
    arg [cmTC_db4ba] ==> ignore
    arg [/usr/lib/gcc/x86_64-redhat-linux/4.8.5/../../../../lib64/crt1.o] ==> ignore
    arg [/usr/lib/gcc/x86_64-redhat-linux/4.8.5/../../../../lib64/crti.o] ==> ignore
    arg [/usr/lib/gcc/x86_64-redhat-linux/4.8.5/crtbegin.o] ==> ignore
    arg [-L/blues/gpfs/home/software/spack-0.10.1/opt/spack/linux-centos7-x86_64/gcc-4.8.5/gcc-7.1.0-4bgguypumyezlt6vfhha3ukntrlrx7fq/lib64/../lib64] ==> dir [/blues/gpfs/home/software/spack-0.10.1/opt/spack/linux-centos7-x86_64/gcc-4.8.5/gcc-7.1.0-4bgguypumyezlt6vfhha3ukntrlrx7fq/lib64/../lib64]
    arg [-L/blues/gpfs/home/software/spack-0.10.1/opt/spack/linux-centos7-x86_64/gcc-4.8.5/gcc-7.1.0-4bgguypumyezlt6vfhha3ukntrlrx7fq/lib/../lib64] ==> dir [/blues/gpfs/home/software/spack-0.10.1/opt/spack/linux-centos7-x86_64/gcc-4.8.5/gcc-7.1.0-4bgguypumyezlt6vfhha3ukntrlrx7fq/lib/../lib64]
    arg [-L/usr/lib/gcc/x86_64-redhat-linux/4.8.5] ==> dir [/usr/lib/gcc/x86_64-redhat-linux/4.8.5]
    arg [-L/usr/lib/gcc/x86_64-redhat-linux/4.8.5/../../../../lib64] ==> dir [/usr/lib/gcc/x86_64-redhat-linux/4.8.5/../../../../lib64]
    arg [-L/lib/../lib64] ==> dir [/lib/../lib64]
    arg [-L/usr/lib/../lib64] ==> dir [/usr/lib/../lib64]
    arg [-L/blues/gpfs/home/software/spack-0.10.1/opt/spack/linux-centos7-x86_64/gcc-4.8.5/gcc-7.1.0-4bgguypumyezlt6vfhha3ukntrlrx7fq/lib64] ==> dir [/blues/gpfs/home/software/spack-0.10.1/opt/spack/linux-centos7-x86_64/gcc-4.8.5/gcc-7.1.0-4bgguypumyezlt6vfhha3ukntrlrx7fq/lib64]
    arg [-L/blues/gpfs/home/software/spack-0.10.1/opt/spack/linux-centos7-x86_64/gcc-4.8.5/gcc-7.1.0-4bgguypumyezlt6vfhha3ukntrlrx7fq/lib] ==> dir [/blues/gpfs/home/software/spack-0.10.1/opt/spack/linux-centos7-x86_64/gcc-4.8.5/gcc-7.1.0-4bgguypumyezlt6vfhha3ukntrlrx7fq/lib]
    arg [-L/blues/gpfs/home/software/spack-0.10.1/opt/spack/linux-centos7-x86_64/gcc-4.8.5/intel-17.0.4-74uvhjiulyqgvsmywifbbuo46v5n42xc/tbb/lib/intel64/gcc4.4] ==> dir [/blues/gpfs/home/software/spack-0.10.1/opt/spack/linux-centos7-x86_64/gcc-4.8.5/intel-17.0.4-74uvhjiulyqgvsmywifbbuo46v5n42xc/tbb/lib/intel64/gcc4.4]
    arg [-L/blues/gpfs/home/software/spack-0.10.1/opt/spack/linux-centos7-x86_64/gcc-4.8.5/intel-17.0.4-74uvhjiulyqgvsmywifbbuo46v5n42xc/lib/intel64] ==> dir [/blues/gpfs/home/software/spack-0.10.1/opt/spack/linux-centos7-x86_64/gcc-4.8.5/intel-17.0.4-74uvhjiulyqgvsmywifbbuo46v5n42xc/lib/intel64]
    arg [-L/usr/lib/gcc/x86_64-redhat-linux/4.8.5/../../..] ==> dir [/usr/lib/gcc/x86_64-redhat-linux/4.8.5/../../..]
    arg [CMakeFiles/cmTC_db4ba.dir/CMakeCXXCompilerABI.cpp.o] ==> ignore
    arg [-lstdc++] ==> lib [stdc++]
    arg [-lm] ==> lib [m]
    arg [-lgcc_s] ==> lib [gcc_s]
    arg [-lgcc] ==> lib [gcc]
    arg [-lc] ==> lib [c]
    arg [-lgcc_s] ==> lib [gcc_s]
    arg [-lgcc] ==> lib [gcc]
    arg [/usr/lib/gcc/x86_64-redhat-linux/4.8.5/crtend.o] ==> ignore
    arg [/usr/lib/gcc/x86_64-redhat-linux/4.8.5/../../../../lib64/crtn.o] ==> ignore
  collapse library dir [/blues/gpfs/home/software/spack-0.10.1/opt/spack/linux-centos7-x86_64/gcc-4.8.5/gcc-7.1.0-4bgguypumyezlt6vfhha3ukntrlrx7fq/lib64/../lib64] ==> [/blues/gpfs/home/software/spack-0.10.1/opt/spack/linux-centos7-x86_64/gcc-4.8.5/gcc-7.1.0-4bgguypumyezlt6vfhha3ukntrlrx7fq/lib64]
  collapse library dir [/blues/gpfs/home/software/spack-0.10.1/opt/spack/linux-centos7-x86_64/gcc-4.8.5/gcc-7.1.0-4bgguypumyezlt6vfhha3ukntrlrx7fq/lib/../lib64] ==> [/blues/gpfs/home/software/spack-0.10.1/opt/spack/linux-centos7-x86_64/gcc-4.8.5/gcc-7.1.0-4bgguypumyezlt6vfhha3ukntrlrx7fq/lib64]
  collapse library dir [/usr/lib/gcc/x86_64-redhat-linux/4.8.5] ==> [/usr/lib/gcc/x86_64-redhat-linux/4.8.5]
  collapse library dir [/usr/lib/gcc/x86_64-redhat-linux/4.8.5/../../../../lib64] ==> [/usr/lib64]
  collapse library dir [/lib/../lib64] ==> [/lib64]
  collapse library dir [/usr/lib/../lib64] ==> [/usr/lib64]
  collapse library dir [/blues/gpfs/home/software/spack-0.10.1/opt/spack/linux-centos7-x86_64/gcc-4.8.5/gcc-7.1.0-4bgguypumyezlt6vfhha3ukntrlrx7fq/lib64] ==> [/blues/gpfs/home/software/spack-0.10.1/opt/spack/linux-centos7-x86_64/gcc-4.8.5/gcc-7.1.0-4bgguypumyezlt6vfhha3ukntrlrx7fq/lib64]
  collapse library dir [/blues/gpfs/home/software/spack-0.10.1/opt/spack/linux-centos7-x86_64/gcc-4.8.5/gcc-7.1.0-4bgguypumyezlt6vfhha3ukntrlrx7fq/lib] ==> [/blues/gpfs/home/software/spack-0.10.1/opt/spack/linux-centos7-x86_64/gcc-4.8.5/gcc-7.1.0-4bgguypumyezlt6vfhha3ukntrlrx7fq/lib]
  collapse library dir [/blues/gpfs/home/software/spack-0.10.1/opt/spack/linux-centos7-x86_64/gcc-4.8.5/intel-17.0.4-74uvhjiulyqgvsmywifbbuo46v5n42xc/tbb/lib/intel64/gcc4.4] ==> [/blues/gpfs/home/software/spack-0.10.1/opt/spack/linux-centos7-x86_64/gcc-4.8.5/intel-17.0.4-74uvhjiulyqgvsmywifbbuo46v5n42xc/tbb/lib/intel64/gcc4.4]
  collapse library dir [/blues/gpfs/home/software/spack-0.10.1/opt/spack/linux-centos7-x86_64/gcc-4.8.5/intel-17.0.4-74uvhjiulyqgvsmywifbbuo46v5n42xc/lib/intel64] ==> [/blues/gpfs/home/software/spack-0.10.1/opt/spack/linux-centos7-x86_64/gcc-4.8.5/intel-17.0.4-74uvhjiulyqgvsmywifbbuo46v5n42xc/lib/intel64]
  collapse library dir [/usr/lib/gcc/x86_64-redhat-linux/4.8.5/../../..] ==> [/usr/lib]
  implicit libs: [stdc++;m;gcc_s;gcc;c;gcc_s;gcc]
  implicit dirs: [/blues/gpfs/home/software/spack-0.10.1/opt/spack/linux-centos7-x86_64/gcc-4.8.5/gcc-7.1.0-4bgguypumyezlt6vfhha3ukntrlrx7fq/lib64;/usr/lib/gcc/x86_64-redhat-linux/4.8.5;/usr/lib64;/lib64;/blues/gpfs/home/software/spack-0.10.1/opt/spack/linux-centos7-x86_64/gcc-4.8.5/gcc-7.1.0-4bgguypumyezlt6vfhha3ukntrlrx7fq/lib;/blues/gpfs/home/software/spack-0.10.1/opt/spack/linux-centos7-x86_64/gcc-4.8.5/intel-17.0.4-74uvhjiulyqgvsmywifbbuo46v5n42xc/tbb/lib/intel64/gcc4.4;/blues/gpfs/home/software/spack-0.10.1/opt/spack/linux-centos7-x86_64/gcc-4.8.5/intel-17.0.4-74uvhjiulyqgvsmywifbbuo46v5n42xc/lib/intel64;/usr/lib]
  implicit fwks: []




Detecting CXX [-std=c++1y] compiler features compiled with the following output:
Change Dir: /blues/gpfs/home/tshu/project/bebop/MPI_in_MPI/bebop-psm2/korvo-build/build_area/dill/linux/CMakeFiles/CMakeTmp

Run Build Command:"/usr/bin/gmake" "cmTC_3e3e6/fast"
/usr/bin/gmake -f CMakeFiles/cmTC_3e3e6.dir/build.make CMakeFiles/cmTC_3e3e6.dir/build
gmake[1]: Entering directory `/blues/gpfs/home/tshu/project/bebop/MPI_in_MPI/bebop-psm2/korvo-build/build_area/dill/linux/CMakeFiles/CMakeTmp'
Building CXX object CMakeFiles/cmTC_3e3e6.dir/feature_tests.cxx.o
/usr/bin/c++    -fPIC    -std=c++1y -o CMakeFiles/cmTC_3e3e6.dir/feature_tests.cxx.o -c /blues/gpfs/home/tshu/project/bebop/MPI_in_MPI/bebop-psm2/korvo-build/build_area/dill/linux/CMakeFiles/feature_tests.cxx
Linking CXX executable cmTC_3e3e6
/blues/gpfs/home/software/spack-0.10.1/opt/spack/linux-centos7-x86_64/intel-17.0.4/cmake-3.9.4-3tixtqtbd65zi6w4277fjte3z4vjpv4t/bin/cmake -E cmake_link_script CMakeFiles/cmTC_3e3e6.dir/link.txt --verbose=1
/usr/bin/c++  -fPIC     -rdynamic CMakeFiles/cmTC_3e3e6.dir/feature_tests.cxx.o  -o cmTC_3e3e6 
gmake[1]: Leaving directory `/blues/gpfs/home/tshu/project/bebop/MPI_in_MPI/bebop-psm2/korvo-build/build_area/dill/linux/CMakeFiles/CMakeTmp'


    Feature record: CXX_FEATURE:0cxx_aggregate_default_initializers
    Feature record: CXX_FEATURE:1cxx_alias_templates
    Feature record: CXX_FEATURE:1cxx_alignas
    Feature record: CXX_FEATURE:1cxx_alignof
    Feature record: CXX_FEATURE:1cxx_attributes
    Feature record: CXX_FEATURE:0cxx_attribute_deprecated
    Feature record: CXX_FEATURE:1cxx_auto_type
    Feature record: CXX_FEATURE:0cxx_binary_literals
    Feature record: CXX_FEATURE:1cxx_constexpr
    Feature record: CXX_FEATURE:0cxx_contextual_conversions
    Feature record: CXX_FEATURE:1cxx_decltype
    Feature record: CXX_FEATURE:0cxx_decltype_auto
    Feature record: CXX_FEATURE:1cxx_decltype_incomplete_return_types
    Feature record: CXX_FEATURE:1cxx_default_function_template_args
    Feature record: CXX_FEATURE:1cxx_defaulted_functions
    Feature record: CXX_FEATURE:1cxx_defaulted_move_initializers
    Feature record: CXX_FEATURE:1cxx_delegating_constructors
    Feature record: CXX_FEATURE:1cxx_deleted_functions
    Feature record: CXX_FEATURE:0cxx_digit_separators
    Feature record: CXX_FEATURE:1cxx_enum_forward_declarations
    Feature record: CXX_FEATURE:1cxx_explicit_conversions
    Feature record: CXX_FEATURE:1cxx_extended_friend_declarations
    Feature record: CXX_FEATURE:1cxx_extern_templates
    Feature record: CXX_FEATURE:1cxx_final
    Feature record: CXX_FEATURE:1cxx_func_identifier
    Feature record: CXX_FEATURE:1cxx_generalized_initializers
    Feature record: CXX_FEATURE:0cxx_generic_lambdas
    Feature record: CXX_FEATURE:1cxx_inheriting_constructors
    Feature record: CXX_FEATURE:1cxx_inline_namespaces
    Feature record: CXX_FEATURE:1cxx_lambdas
    Feature record: CXX_FEATURE:0cxx_lambda_init_captures
    Feature record: CXX_FEATURE:1cxx_local_type_template_args
    Feature record: CXX_FEATURE:1cxx_long_long_type
    Feature record: CXX_FEATURE:1cxx_noexcept
    Feature record: CXX_FEATURE:1cxx_nonstatic_member_init
    Feature record: CXX_FEATURE:1cxx_nullptr
    Feature record: CXX_FEATURE:1cxx_override
    Feature record: CXX_FEATURE:1cxx_range_for
    Feature record: CXX_FEATURE:1cxx_raw_string_literals
    Feature record: CXX_FEATURE:1cxx_reference_qualified_functions
    Feature record: CXX_FEATURE:0cxx_relaxed_constexpr
    Feature record: CXX_FEATURE:0cxx_return_type_deduction
    Feature record: CXX_FEATURE:1cxx_right_angle_brackets
    Feature record: CXX_FEATURE:1cxx_rvalue_references
    Feature record: CXX_FEATURE:1cxx_sizeof_member
    Feature record: CXX_FEATURE:1cxx_static_assert
    Feature record: CXX_FEATURE:1cxx_strong_enums
    Feature record: CXX_FEATURE:1cxx_template_template_parameters
    Feature record: CXX_FEATURE:1cxx_thread_local
    Feature record: CXX_FEATURE:1cxx_trailing_return_types
    Feature record: CXX_FEATURE:1cxx_unicode_literals
    Feature record: CXX_FEATURE:1cxx_uniform_initialization
    Feature record: CXX_FEATURE:1cxx_unrestricted_unions
    Feature record: CXX_FEATURE:1cxx_user_literals
    Feature record: CXX_FEATURE:0cxx_variable_templates
    Feature record: CXX_FEATURE:1cxx_variadic_macros
    Feature record: CXX_FEATURE:1cxx_variadic_templates


Detecting CXX [-std=c++11] compiler features compiled with the following output:
Change Dir: /blues/gpfs/home/tshu/project/bebop/MPI_in_MPI/bebop-psm2/korvo-build/build_area/dill/linux/CMakeFiles/CMakeTmp

Run Build Command:"/usr/bin/gmake" "cmTC_c32db/fast"
/usr/bin/gmake -f CMakeFiles/cmTC_c32db.dir/build.make CMakeFiles/cmTC_c32db.dir/build
gmake[1]: Entering directory `/blues/gpfs/home/tshu/project/bebop/MPI_in_MPI/bebop-psm2/korvo-build/build_area/dill/linux/CMakeFiles/CMakeTmp'
Building CXX object CMakeFiles/cmTC_c32db.dir/feature_tests.cxx.o
/usr/bin/c++    -fPIC    -std=c++11 -o CMakeFiles/cmTC_c32db.dir/feature_tests.cxx.o -c /blues/gpfs/home/tshu/project/bebop/MPI_in_MPI/bebop-psm2/korvo-build/build_area/dill/linux/CMakeFiles/feature_tests.cxx
Linking CXX executable cmTC_c32db
/blues/gpfs/home/software/spack-0.10.1/opt/spack/linux-centos7-x86_64/intel-17.0.4/cmake-3.9.4-3tixtqtbd65zi6w4277fjte3z4vjpv4t/bin/cmake -E cmake_link_script CMakeFiles/cmTC_c32db.dir/link.txt --verbose=1
/usr/bin/c++  -fPIC     -rdynamic CMakeFiles/cmTC_c32db.dir/feature_tests.cxx.o  -o cmTC_c32db 
gmake[1]: Leaving directory `/blues/gpfs/home/tshu/project/bebop/MPI_in_MPI/bebop-psm2/korvo-build/build_area/dill/linux/CMakeFiles/CMakeTmp'


    Feature record: CXX_FEATURE:0cxx_aggregate_default_initializers
    Feature record: CXX_FEATURE:1cxx_alias_templates
    Feature record: CXX_FEATURE:1cxx_alignas
    Feature record: CXX_FEATURE:1cxx_alignof
    Feature record: CXX_FEATURE:1cxx_attributes
    Feature record: CXX_FEATURE:0cxx_attribute_deprecated
    Feature record: CXX_FEATURE:1cxx_auto_type
    Feature record: CXX_FEATURE:0cxx_binary_literals
    Feature record: CXX_FEATURE:1cxx_constexpr
    Feature record: CXX_FEATURE:0cxx_contextual_conversions
    Feature record: CXX_FEATURE:1cxx_decltype
    Feature record: CXX_FEATURE:0cxx_decltype_auto
    Feature record: CXX_FEATURE:1cxx_decltype_incomplete_return_types
    Feature record: CXX_FEATURE:1cxx_default_function_template_args
    Feature record: CXX_FEATURE:1cxx_defaulted_functions
    Feature record: CXX_FEATURE:1cxx_defaulted_move_initializers
    Feature record: CXX_FEATURE:1cxx_delegating_constructors
    Feature record: CXX_FEATURE:1cxx_deleted_functions
    Feature record: CXX_FEATURE:0cxx_digit_separators
    Feature record: CXX_FEATURE:1cxx_enum_forward_declarations
    Feature record: CXX_FEATURE:1cxx_explicit_conversions
    Feature record: CXX_FEATURE:1cxx_extended_friend_declarations
    Feature record: CXX_FEATURE:1cxx_extern_templates
    Feature record: CXX_FEATURE:1cxx_final
    Feature record: CXX_FEATURE:1cxx_func_identifier
    Feature record: CXX_FEATURE:1cxx_generalized_initializers
    Feature record: CXX_FEATURE:0cxx_generic_lambdas
    Feature record: CXX_FEATURE:1cxx_inheriting_constructors
    Feature record: CXX_FEATURE:1cxx_inline_namespaces
    Feature record: CXX_FEATURE:1cxx_lambdas
    Feature record: CXX_FEATURE:0cxx_lambda_init_captures
    Feature record: CXX_FEATURE:1cxx_local_type_template_args
    Feature record: CXX_FEATURE:1cxx_long_long_type
    Feature record: CXX_FEATURE:1cxx_noexcept
    Feature record: CXX_FEATURE:1cxx_nonstatic_member_init
    Feature record: CXX_FEATURE:1cxx_nullptr
    Feature record: CXX_FEATURE:1cxx_override
    Feature record: CXX_FEATURE:1cxx_range_for
    Feature record: CXX_FEATURE:1cxx_raw_string_literals
    Feature record: CXX_FEATURE:1cxx_reference_qualified_functions
    Feature record: CXX_FEATURE:0cxx_relaxed_constexpr
    Feature record: CXX_FEATURE:0cxx_return_type_deduction
    Feature record: CXX_FEATURE:1cxx_right_angle_brackets
    Feature record: CXX_FEATURE:1cxx_rvalue_references
    Feature record: CXX_FEATURE:1cxx_sizeof_member
    Feature record: CXX_FEATURE:1cxx_static_assert
    Feature record: CXX_FEATURE:1cxx_strong_enums
    Feature record: CXX_FEATURE:1cxx_template_template_parameters
    Feature record: CXX_FEATURE:1cxx_thread_local
    Feature record: CXX_FEATURE:1cxx_trailing_return_types
    Feature record: CXX_FEATURE:1cxx_unicode_literals
    Feature record: CXX_FEATURE:1cxx_uniform_initialization
    Feature record: CXX_FEATURE:1cxx_unrestricted_unions
    Feature record: CXX_FEATURE:1cxx_user_literals
    Feature record: CXX_FEATURE:0cxx_variable_templates
    Feature record: CXX_FEATURE:1cxx_variadic_macros
    Feature record: CXX_FEATURE:1cxx_variadic_templates


Detecting CXX [-std=c++98] compiler features compiled with the following output:
Change Dir: /blues/gpfs/home/tshu/project/bebop/MPI_in_MPI/bebop-psm2/korvo-build/build_area/dill/linux/CMakeFiles/CMakeTmp

Run Build Command:"/usr/bin/gmake" "cmTC_b9875/fast"
/usr/bin/gmake -f CMakeFiles/cmTC_b9875.dir/build.make CMakeFiles/cmTC_b9875.dir/build
gmake[1]: Entering directory `/blues/gpfs/home/tshu/project/bebop/MPI_in_MPI/bebop-psm2/korvo-build/build_area/dill/linux/CMakeFiles/CMakeTmp'
Building CXX object CMakeFiles/cmTC_b9875.dir/feature_tests.cxx.o
/usr/bin/c++    -fPIC    -std=c++98 -o CMakeFiles/cmTC_b9875.dir/feature_tests.cxx.o -c /blues/gpfs/home/tshu/project/bebop/MPI_in_MPI/bebop-psm2/korvo-build/build_area/dill/linux/CMakeFiles/feature_tests.cxx
Linking CXX executable cmTC_b9875
/blues/gpfs/home/software/spack-0.10.1/opt/spack/linux-centos7-x86_64/intel-17.0.4/cmake-3.9.4-3tixtqtbd65zi6w4277fjte3z4vjpv4t/bin/cmake -E cmake_link_script CMakeFiles/cmTC_b9875.dir/link.txt --verbose=1
/usr/bin/c++  -fPIC     -rdynamic CMakeFiles/cmTC_b9875.dir/feature_tests.cxx.o  -o cmTC_b9875 
gmake[1]: Leaving directory `/blues/gpfs/home/tshu/project/bebop/MPI_in_MPI/bebop-psm2/korvo-build/build_area/dill/linux/CMakeFiles/CMakeTmp'


    Feature record: CXX_FEATURE:0cxx_aggregate_default_initializers
    Feature record: CXX_FEATURE:0cxx_alias_templates
    Feature record: CXX_FEATURE:0cxx_alignas
    Feature record: CXX_FEATURE:0cxx_alignof
    Feature record: CXX_FEATURE:0cxx_attributes
    Feature record: CXX_FEATURE:0cxx_attribute_deprecated
    Feature record: CXX_FEATURE:0cxx_auto_type
    Feature record: CXX_FEATURE:0cxx_binary_literals
    Feature record: CXX_FEATURE:0cxx_constexpr
    Feature record: CXX_FEATURE:0cxx_contextual_conversions
    Feature record: CXX_FEATURE:0cxx_decltype
    Feature record: CXX_FEATURE:0cxx_decltype_auto
    Feature record: CXX_FEATURE:0cxx_decltype_incomplete_return_types
    Feature record: CXX_FEATURE:0cxx_default_function_template_args
    Feature record: CXX_FEATURE:0cxx_defaulted_functions
    Feature record: CXX_FEATURE:0cxx_defaulted_move_initializers
    Feature record: CXX_FEATURE:0cxx_delegating_constructors
    Feature record: CXX_FEATURE:0cxx_deleted_functions
    Feature record: CXX_FEATURE:0cxx_digit_separators
    Feature record: CXX_FEATURE:0cxx_enum_forward_declarations
    Feature record: CXX_FEATURE:0cxx_explicit_conversions
    Feature record: CXX_FEATURE:0cxx_extended_friend_declarations
    Feature record: CXX_FEATURE:0cxx_extern_templates
    Feature record: CXX_FEATURE:0cxx_final
    Feature record: CXX_FEATURE:0cxx_func_identifier
    Feature record: CXX_FEATURE:0cxx_generalized_initializers
    Feature record: CXX_FEATURE:0cxx_generic_lambdas
    Feature record: CXX_FEATURE:0cxx_inheriting_constructors
    Feature record: CXX_FEATURE:0cxx_inline_namespaces
    Feature record: CXX_FEATURE:0cxx_lambdas
    Feature record: CXX_FEATURE:0cxx_lambda_init_captures
    Feature record: CXX_FEATURE:0cxx_local_type_template_args
    Feature record: CXX_FEATURE:0cxx_long_long_type
    Feature record: CXX_FEATURE:0cxx_noexcept
    Feature record: CXX_FEATURE:0cxx_nonstatic_member_init
    Feature record: CXX_FEATURE:0cxx_nullptr
    Feature record: CXX_FEATURE:0cxx_override
    Feature record: CXX_FEATURE:0cxx_range_for
    Feature record: CXX_FEATURE:0cxx_raw_string_literals
    Feature record: CXX_FEATURE:0cxx_reference_qualified_functions
    Feature record: CXX_FEATURE:0cxx_relaxed_constexpr
    Feature record: CXX_FEATURE:0cxx_return_type_deduction
    Feature record: CXX_FEATURE:0cxx_right_angle_brackets
    Feature record: CXX_FEATURE:0cxx_rvalue_references
    Feature record: CXX_FEATURE:0cxx_sizeof_member
    Feature record: CXX_FEATURE:0cxx_static_assert
    Feature record: CXX_FEATURE:0cxx_strong_enums
    Feature record: CXX_FEATURE:1cxx_template_template_parameters
    Feature record: CXX_FEATURE:0cxx_thread_local
    Feature record: CXX_FEATURE:0cxx_trailing_return_types
    Feature record: CXX_FEATURE:0cxx_unicode_literals
    Feature record: CXX_FEATURE:0cxx_uniform_initialization
    Feature record: CXX_FEATURE:0cxx_unrestricted_unions
    Feature record: CXX_FEATURE:0cxx_user_literals
    Feature record: CXX_FEATURE:0cxx_variable_templates
    Feature record: CXX_FEATURE:0cxx_variadic_macros
    Feature record: CXX_FEATURE:0cxx_variadic_templates
Determining if the include file sys/types.h exists passed with the following output:
Change Dir: /blues/gpfs/home/tshu/project/bebop/MPI_in_MPI/bebop-psm2/korvo-build/build_area/dill/linux/CMakeFiles/CMakeTmp

Run Build Command:"/usr/bin/gmake" "cmTC_12c8c/fast"
/usr/bin/gmake -f CMakeFiles/cmTC_12c8c.dir/build.make CMakeFiles/cmTC_12c8c.dir/build
gmake[1]: Entering directory `/blues/gpfs/home/tshu/project/bebop/MPI_in_MPI/bebop-psm2/korvo-build/build_area/dill/linux/CMakeFiles/CMakeTmp'
Building C object CMakeFiles/cmTC_12c8c.dir/CheckIncludeFile.c.o
/usr/bin/cc   -fPIC  -fPIE   -o CMakeFiles/cmTC_12c8c.dir/CheckIncludeFile.c.o   -c /blues/gpfs/home/tshu/project/bebop/MPI_in_MPI/bebop-psm2/korvo-build/build_area/dill/linux/CMakeFiles/CMakeTmp/CheckIncludeFile.c
Linking C executable cmTC_12c8c
/blues/gpfs/home/software/spack-0.10.1/opt/spack/linux-centos7-x86_64/intel-17.0.4/cmake-3.9.4-3tixtqtbd65zi6w4277fjte3z4vjpv4t/bin/cmake -E cmake_link_script CMakeFiles/cmTC_12c8c.dir/link.txt --verbose=1
/usr/bin/cc -fPIC     -rdynamic CMakeFiles/cmTC_12c8c.dir/CheckIncludeFile.c.o  -o cmTC_12c8c 
gmake[1]: Leaving directory `/blues/gpfs/home/tshu/project/bebop/MPI_in_MPI/bebop-psm2/korvo-build/build_area/dill/linux/CMakeFiles/CMakeTmp'


Determining if the include file stdint.h exists passed with the following output:
Change Dir: /blues/gpfs/home/tshu/project/bebop/MPI_in_MPI/bebop-psm2/korvo-build/build_area/dill/linux/CMakeFiles/CMakeTmp

Run Build Command:"/usr/bin/gmake" "cmTC_433b5/fast"
/usr/bin/gmake -f CMakeFiles/cmTC_433b5.dir/build.make CMakeFiles/cmTC_433b5.dir/build
gmake[1]: Entering directory `/blues/gpfs/home/tshu/project/bebop/MPI_in_MPI/bebop-psm2/korvo-build/build_area/dill/linux/CMakeFiles/CMakeTmp'
Building C object CMakeFiles/cmTC_433b5.dir/CheckIncludeFile.c.o
/usr/bin/cc   -fPIC  -fPIE   -o CMakeFiles/cmTC_433b5.dir/CheckIncludeFile.c.o   -c /blues/gpfs/home/tshu/project/bebop/MPI_in_MPI/bebop-psm2/korvo-build/build_area/dill/linux/CMakeFiles/CMakeTmp/CheckIncludeFile.c
Linking C executable cmTC_433b5
/blues/gpfs/home/software/spack-0.10.1/opt/spack/linux-centos7-x86_64/intel-17.0.4/cmake-3.9.4-3tixtqtbd65zi6w4277fjte3z4vjpv4t/bin/cmake -E cmake_link_script CMakeFiles/cmTC_433b5.dir/link.txt --verbose=1
/usr/bin/cc -fPIC     -rdynamic CMakeFiles/cmTC_433b5.dir/CheckIncludeFile.c.o  -o cmTC_433b5 
gmake[1]: Leaving directory `/blues/gpfs/home/tshu/project/bebop/MPI_in_MPI/bebop-psm2/korvo-build/build_area/dill/linux/CMakeFiles/CMakeTmp'


Determining if the include file stddef.h exists passed with the following output:
Change Dir: /blues/gpfs/home/tshu/project/bebop/MPI_in_MPI/bebop-psm2/korvo-build/build_area/dill/linux/CMakeFiles/CMakeTmp

Run Build Command:"/usr/bin/gmake" "cmTC_45acb/fast"
/usr/bin/gmake -f CMakeFiles/cmTC_45acb.dir/build.make CMakeFiles/cmTC_45acb.dir/build
gmake[1]: Entering directory `/blues/gpfs/home/tshu/project/bebop/MPI_in_MPI/bebop-psm2/korvo-build/build_area/dill/linux/CMakeFiles/CMakeTmp'
Building C object CMakeFiles/cmTC_45acb.dir/CheckIncludeFile.c.o
/usr/bin/cc   -fPIC  -fPIE   -o CMakeFiles/cmTC_45acb.dir/CheckIncludeFile.c.o   -c /blues/gpfs/home/tshu/project/bebop/MPI_in_MPI/bebop-psm2/korvo-build/build_area/dill/linux/CMakeFiles/CMakeTmp/CheckIncludeFile.c
Linking C executable cmTC_45acb
/blues/gpfs/home/software/spack-0.10.1/opt/spack/linux-centos7-x86_64/intel-17.0.4/cmake-3.9.4-3tixtqtbd65zi6w4277fjte3z4vjpv4t/bin/cmake -E cmake_link_script CMakeFiles/cmTC_45acb.dir/link.txt --verbose=1
/usr/bin/cc -fPIC     -rdynamic CMakeFiles/cmTC_45acb.dir/CheckIncludeFile.c.o  -o cmTC_45acb 
gmake[1]: Leaving directory `/blues/gpfs/home/tshu/project/bebop/MPI_in_MPI/bebop-psm2/korvo-build/build_area/dill/linux/CMakeFiles/CMakeTmp'


Determining size of void* passed with the following output:
Change Dir: /blues/gpfs/home/tshu/project/bebop/MPI_in_MPI/bebop-psm2/korvo-build/build_area/dill/linux/CMakeFiles/CMakeTmp

Run Build Command:"/usr/bin/gmake" "cmTC_341f7/fast"
/usr/bin/gmake -f CMakeFiles/cmTC_341f7.dir/build.make CMakeFiles/cmTC_341f7.dir/build
gmake[1]: Entering directory `/blues/gpfs/home/tshu/project/bebop/MPI_in_MPI/bebop-psm2/korvo-build/build_area/dill/linux/CMakeFiles/CMakeTmp'
Building C object CMakeFiles/cmTC_341f7.dir/CMAKE_SIZEOF_VOID_P.c.o
/usr/bin/cc   -fPIC  -fPIE   -o CMakeFiles/cmTC_341f7.dir/CMAKE_SIZEOF_VOID_P.c.o   -c /blues/gpfs/home/tshu/project/bebop/MPI_in_MPI/bebop-psm2/korvo-build/build_area/dill/linux/CMakeFiles/CheckTypeSize/CMAKE_SIZEOF_VOID_P.c
Linking C executable cmTC_341f7
/blues/gpfs/home/software/spack-0.10.1/opt/spack/linux-centos7-x86_64/intel-17.0.4/cmake-3.9.4-3tixtqtbd65zi6w4277fjte3z4vjpv4t/bin/cmake -E cmake_link_script CMakeFiles/cmTC_341f7.dir/link.txt --verbose=1
/usr/bin/cc -fPIC     -rdynamic CMakeFiles/cmTC_341f7.dir/CMAKE_SIZEOF_VOID_P.c.o  -o cmTC_341f7 
gmake[1]: Leaving directory `/blues/gpfs/home/tshu/project/bebop/MPI_in_MPI/bebop-psm2/korvo-build/build_area/dill/linux/CMakeFiles/CMakeTmp'


Determining size of long passed with the following output:
Change Dir: /blues/gpfs/home/tshu/project/bebop/MPI_in_MPI/bebop-psm2/korvo-build/build_area/dill/linux/CMakeFiles/CMakeTmp

Run Build Command:"/usr/bin/gmake" "cmTC_97101/fast"
/usr/bin/gmake -f CMakeFiles/cmTC_97101.dir/build.make CMakeFiles/cmTC_97101.dir/build
gmake[1]: Entering directory `/blues/gpfs/home/tshu/project/bebop/MPI_in_MPI/bebop-psm2/korvo-build/build_area/dill/linux/CMakeFiles/CMakeTmp'
Building C object CMakeFiles/cmTC_97101.dir/SIZEOF_LONG.c.o
/usr/bin/cc   -fPIC  -fPIE   -o CMakeFiles/cmTC_97101.dir/SIZEOF_LONG.c.o   -c /blues/gpfs/home/tshu/project/bebop/MPI_in_MPI/bebop-psm2/korvo-build/build_area/dill/linux/CMakeFiles/CheckTypeSize/SIZEOF_LONG.c
Linking C executable cmTC_97101
/blues/gpfs/home/software/spack-0.10.1/opt/spack/linux-centos7-x86_64/intel-17.0.4/cmake-3.9.4-3tixtqtbd65zi6w4277fjte3z4vjpv4t/bin/cmake -E cmake_link_script CMakeFiles/cmTC_97101.dir/link.txt --verbose=1
/usr/bin/cc -fPIC     -rdynamic CMakeFiles/cmTC_97101.dir/SIZEOF_LONG.c.o  -o cmTC_97101 
gmake[1]: Leaving directory `/blues/gpfs/home/tshu/project/bebop/MPI_in_MPI/bebop-psm2/korvo-build/build_area/dill/linux/CMakeFiles/CMakeTmp'


Determining size of unsigned short passed with the following output:
Change Dir: /blues/gpfs/home/tshu/project/bebop/MPI_in_MPI/bebop-psm2/korvo-build/build_area/dill/linux/CMakeFiles/CMakeTmp

Run Build Command:"/usr/bin/gmake" "cmTC_363ea/fast"
/usr/bin/gmake -f CMakeFiles/cmTC_363ea.dir/build.make CMakeFiles/cmTC_363ea.dir/build
gmake[1]: Entering directory `/blues/gpfs/home/tshu/project/bebop/MPI_in_MPI/bebop-psm2/korvo-build/build_area/dill/linux/CMakeFiles/CMakeTmp'
Building C object CMakeFiles/cmTC_363ea.dir/CMAKE_SIZEOF_UNSIGNED_SHORT.c.o
/usr/bin/cc   -fPIC  -fPIE   -o CMakeFiles/cmTC_363ea.dir/CMAKE_SIZEOF_UNSIGNED_SHORT.c.o   -c /blues/gpfs/home/tshu/project/bebop/MPI_in_MPI/bebop-psm2/korvo-build/build_area/dill/linux/CMakeFiles/CheckTypeSize/CMAKE_SIZEOF_UNSIGNED_SHORT.c
Linking C executable cmTC_363ea
/blues/gpfs/home/software/spack-0.10.1/opt/spack/linux-centos7-x86_64/intel-17.0.4/cmake-3.9.4-3tixtqtbd65zi6w4277fjte3z4vjpv4t/bin/cmake -E cmake_link_script CMakeFiles/cmTC_363ea.dir/link.txt --verbose=1
/usr/bin/cc -fPIC     -rdynamic CMakeFiles/cmTC_363ea.dir/CMAKE_SIZEOF_UNSIGNED_SHORT.c.o  -o cmTC_363ea 
gmake[1]: Leaving directory `/blues/gpfs/home/tshu/project/bebop/MPI_in_MPI/bebop-psm2/korvo-build/build_area/dill/linux/CMakeFiles/CMakeTmp'


Determining if the system is big endian passed with the following output:
Change Dir: /blues/gpfs/home/tshu/project/bebop/MPI_in_MPI/bebop-psm2/korvo-build/build_area/dill/linux/CMakeFiles/CMakeTmp

Run Build Command:"/usr/bin/gmake" "cmTC_a4b42/fast"
/usr/bin/gmake -f CMakeFiles/cmTC_a4b42.dir/build.make CMakeFiles/cmTC_a4b42.dir/build
gmake[1]: Entering directory `/blues/gpfs/home/tshu/project/bebop/MPI_in_MPI/bebop-psm2/korvo-build/build_area/dill/linux/CMakeFiles/CMakeTmp'
Building C object CMakeFiles/cmTC_a4b42.dir/TestEndianess.c.o
/usr/bin/cc   -fPIC  -fPIE   -o CMakeFiles/cmTC_a4b42.dir/TestEndianess.c.o   -c /blues/gpfs/home/tshu/project/bebop/MPI_in_MPI/bebop-psm2/korvo-build/build_area/dill/linux/CMakeFiles/CMakeTmp/TestEndianess.c
Linking C executable cmTC_a4b42
/blues/gpfs/home/software/spack-0.10.1/opt/spack/linux-centos7-x86_64/intel-17.0.4/cmake-3.9.4-3tixtqtbd65zi6w4277fjte3z4vjpv4t/bin/cmake -E cmake_link_script CMakeFiles/cmTC_a4b42.dir/link.txt --verbose=1
/usr/bin/cc -fPIC     -rdynamic CMakeFiles/cmTC_a4b42.dir/TestEndianess.c.o  -o cmTC_a4b42 
gmake[1]: Leaving directory `/blues/gpfs/home/tshu/project/bebop/MPI_in_MPI/bebop-psm2/korvo-build/build_area/dill/linux/CMakeFiles/CMakeTmp'

TestEndianess.c:
/* A 16 bit integer is required. */
typedef unsigned short cmakeint16;

/* On a little endian machine, these 16bit ints will give "THIS IS LITTLE ENDIAN."
   On a big endian machine the characters will be exchanged pairwise. */
const cmakeint16 info_little[] =  {0x4854, 0x5349, 0x4920, 0x2053, 0x494c, 0x5454, 0x454c, 0x4520, 0x444e, 0x4149, 0x2e4e, 0x0000};

/* on a big endian machine, these 16bit ints will give "THIS IS BIG ENDIAN."
   On a little endian machine the characters will be exchanged pairwise. */
const cmakeint16 info_big[] =     {0x5448, 0x4953, 0x2049, 0x5320, 0x4249, 0x4720, 0x454e, 0x4449, 0x414e, 0x2e2e, 0x0000};

#ifdef __CLASSIC_C__
int main(argc, argv) int argc; char *argv[];
#else
int main(int argc, char *argv[])
#endif
{
  int require = 0;
  require += info_little[argc];
  require += info_big[argc];
  (void)argv;
  return require;
}


Determining if files unistd.h exist passed with the following output:
Change Dir: /blues/gpfs/home/tshu/project/bebop/MPI_in_MPI/bebop-psm2/korvo-build/build_area/dill/linux/CMakeFiles/CMakeTmp

Run Build Command:"/usr/bin/gmake" "cmTC_6176d/fast"
/usr/bin/gmake -f CMakeFiles/cmTC_6176d.dir/build.make CMakeFiles/cmTC_6176d.dir/build
gmake[1]: Entering directory `/blues/gpfs/home/tshu/project/bebop/MPI_in_MPI/bebop-psm2/korvo-build/build_area/dill/linux/CMakeFiles/CMakeTmp'
Building C object CMakeFiles/cmTC_6176d.dir/CheckIncludeFiles.c.o
/usr/bin/cc   -fPIC  -fPIE   -o CMakeFiles/cmTC_6176d.dir/CheckIncludeFiles.c.o   -c /blues/gpfs/home/tshu/project/bebop/MPI_in_MPI/bebop-psm2/korvo-build/build_area/dill/linux/CMakeFiles/CMakeTmp/CheckIncludeFiles.c
Linking C executable cmTC_6176d
/blues/gpfs/home/software/spack-0.10.1/opt/spack/linux-centos7-x86_64/intel-17.0.4/cmake-3.9.4-3tixtqtbd65zi6w4277fjte3z4vjpv4t/bin/cmake -E cmake_link_script CMakeFiles/cmTC_6176d.dir/link.txt --verbose=1
/usr/bin/cc -fPIC     -rdynamic CMakeFiles/cmTC_6176d.dir/CheckIncludeFiles.c.o  -o cmTC_6176d 
gmake[1]: Leaving directory `/blues/gpfs/home/tshu/project/bebop/MPI_in_MPI/bebop-psm2/korvo-build/build_area/dill/linux/CMakeFiles/CMakeTmp'


Determining if files stdarg.h exist passed with the following output:
Change Dir: /blues/gpfs/home/tshu/project/bebop/MPI_in_MPI/bebop-psm2/korvo-build/build_area/dill/linux/CMakeFiles/CMakeTmp

Run Build Command:"/usr/bin/gmake" "cmTC_cc83e/fast"
/usr/bin/gmake -f CMakeFiles/cmTC_cc83e.dir/build.make CMakeFiles/cmTC_cc83e.dir/build
gmake[1]: Entering directory `/blues/gpfs/home/tshu/project/bebop/MPI_in_MPI/bebop-psm2/korvo-build/build_area/dill/linux/CMakeFiles/CMakeTmp'
Building C object CMakeFiles/cmTC_cc83e.dir/CheckIncludeFiles.c.o
/usr/bin/cc   -fPIC  -fPIE   -o CMakeFiles/cmTC_cc83e.dir/CheckIncludeFiles.c.o   -c /blues/gpfs/home/tshu/project/bebop/MPI_in_MPI/bebop-psm2/korvo-build/build_area/dill/linux/CMakeFiles/CMakeTmp/CheckIncludeFiles.c
Linking C executable cmTC_cc83e
/blues/gpfs/home/software/spack-0.10.1/opt/spack/linux-centos7-x86_64/intel-17.0.4/cmake-3.9.4-3tixtqtbd65zi6w4277fjte3z4vjpv4t/bin/cmake -E cmake_link_script CMakeFiles/cmTC_cc83e.dir/link.txt --verbose=1
/usr/bin/cc -fPIC     -rdynamic CMakeFiles/cmTC_cc83e.dir/CheckIncludeFiles.c.o  -o cmTC_cc83e 
gmake[1]: Leaving directory `/blues/gpfs/home/tshu/project/bebop/MPI_in_MPI/bebop-psm2/korvo-build/build_area/dill/linux/CMakeFiles/CMakeTmp'


Determining if files malloc.h exist passed with the following output:
Change Dir: /blues/gpfs/home/tshu/project/bebop/MPI_in_MPI/bebop-psm2/korvo-build/build_area/dill/linux/CMakeFiles/CMakeTmp

Run Build Command:"/usr/bin/gmake" "cmTC_2a086/fast"
/usr/bin/gmake -f CMakeFiles/cmTC_2a086.dir/build.make CMakeFiles/cmTC_2a086.dir/build
gmake[1]: Entering directory `/blues/gpfs/home/tshu/project/bebop/MPI_in_MPI/bebop-psm2/korvo-build/build_area/dill/linux/CMakeFiles/CMakeTmp'
Building C object CMakeFiles/cmTC_2a086.dir/CheckIncludeFiles.c.o
/usr/bin/cc   -fPIC  -fPIE   -o CMakeFiles/cmTC_2a086.dir/CheckIncludeFiles.c.o   -c /blues/gpfs/home/tshu/project/bebop/MPI_in_MPI/bebop-psm2/korvo-build/build_area/dill/linux/CMakeFiles/CMakeTmp/CheckIncludeFiles.c
Linking C executable cmTC_2a086
/blues/gpfs/home/software/spack-0.10.1/opt/spack/linux-centos7-x86_64/intel-17.0.4/cmake-3.9.4-3tixtqtbd65zi6w4277fjte3z4vjpv4t/bin/cmake -E cmake_link_script CMakeFiles/cmTC_2a086.dir/link.txt --verbose=1
/usr/bin/cc -fPIC     -rdynamic CMakeFiles/cmTC_2a086.dir/CheckIncludeFiles.c.o  -o cmTC_2a086 
gmake[1]: Leaving directory `/blues/gpfs/home/tshu/project/bebop/MPI_in_MPI/bebop-psm2/korvo-build/build_area/dill/linux/CMakeFiles/CMakeTmp'


Determining if files memory.h exist passed with the following output:
Change Dir: /blues/gpfs/home/tshu/project/bebop/MPI_in_MPI/bebop-psm2/korvo-build/build_area/dill/linux/CMakeFiles/CMakeTmp

Run Build Command:"/usr/bin/gmake" "cmTC_ec162/fast"
/usr/bin/gmake -f CMakeFiles/cmTC_ec162.dir/build.make CMakeFiles/cmTC_ec162.dir/build
gmake[1]: Entering directory `/blues/gpfs/home/tshu/project/bebop/MPI_in_MPI/bebop-psm2/korvo-build/build_area/dill/linux/CMakeFiles/CMakeTmp'
Building C object CMakeFiles/cmTC_ec162.dir/CheckIncludeFiles.c.o
/usr/bin/cc   -fPIC  -fPIE   -o CMakeFiles/cmTC_ec162.dir/CheckIncludeFiles.c.o   -c /blues/gpfs/home/tshu/project/bebop/MPI_in_MPI/bebop-psm2/korvo-build/build_area/dill/linux/CMakeFiles/CMakeTmp/CheckIncludeFiles.c
Linking C executable cmTC_ec162
/blues/gpfs/home/software/spack-0.10.1/opt/spack/linux-centos7-x86_64/intel-17.0.4/cmake-3.9.4-3tixtqtbd65zi6w4277fjte3z4vjpv4t/bin/cmake -E cmake_link_script CMakeFiles/cmTC_ec162.dir/link.txt --verbose=1
/usr/bin/cc -fPIC     -rdynamic CMakeFiles/cmTC_ec162.dir/CheckIncludeFiles.c.o  -o cmTC_ec162 
gmake[1]: Leaving directory `/blues/gpfs/home/tshu/project/bebop/MPI_in_MPI/bebop-psm2/korvo-build/build_area/dill/linux/CMakeFiles/CMakeTmp'


